 -----DSS---zsrtsx6:  ERROR;  Unable to store time pattern data in double precision.
 Pathname: //MR_3/FLOW-UNIT GRAPH/TS-PATTERN/1MIN/RUN:UMR_Post-Fire_0.500_Sed/
 -----DSS---zsrtsx6:  ERROR;  Unable to store time pattern data in double precision.
 Pathname: //LC_3/FLOW-UNIT GRAPH/TS-PATTERN/1MIN/RUN:UMR_Post-Fire_0.500_Sed/
 -----DSS---zsrtsx6:  ERROR;  Unable to store time pattern data in double precision.
 Pathname: //LC_5/FLOW-UNIT GRAPH/TS-PATTERN/1MIN/RUN:UMR_Post-Fire_0.500_Sed/
 -----DSS---zsrtsx6:  ERROR;  Unable to store time pattern data in double precision.
 Pathname: //MR_1/FLOW-UNIT GRAPH/TS-PATTERN/1MIN/RUN:UMR_Post-Fire_0.500_Sed/
 -----DSS---zsrtsx6:  ERROR;  Unable to store time pattern data in double precision.
 Pathname: //LC_7/FLOW-UNIT GRAPH/TS-PATTERN/1MIN/RUN:UMR_Post-Fire_0.500_Sed/
 -----DSS---zsrtsx6:  ERROR;  Unable to store time pattern data in double precision.
 Pathname: //LC_1/FLOW-UNIT GRAPH/TS-PATTERN/1MIN/RUN:UMR_Post-Fire_0.500_Sed/
 -----DSS---zsrtsx6:  ERROR;  Unable to store time pattern data in double precision.
 Pathname: //LC_2/FLOW-UNIT GRAPH/TS-PATTERN/1MIN/RUN:UMR_Post-Fire_0.500_Sed/
 -----DSS---zsrtsx6:  ERROR;  Unable to store time pattern data in double precision.
 Pathname: //MR_4/FLOW-UNIT GRAPH/TS-PATTERN/1MIN/RUN:UMR_Post-Fire_0.500_Sed/
 -----DSS---zsrtsx6:  ERROR;  Unable to store time pattern data in double precision.
 Pathname: //LC_6/FLOW-UNIT GRAPH/TS-PATTERN/1MIN/RUN:UMR_Post-Fire_0.500_Sed/
 -----DSS---zsrtsx6:  ERROR;  Unable to store time pattern data in double precision.
 Pathname: //LC_4/FLOW-UNIT GRAPH/TS-PATTERN/1MIN/RUN:UMR_Post-Fire_0.500_Sed/
 -----DSS---zsrtsx6:  ERROR;  Unable to store time pattern data in double precision.
 Pathname: //MR_9/FLOW-UNIT GRAPH/TS-PATTERN/1MIN/RUN:UMR_Post-Fire_0.500_Sed/
 -----DSS---zsrtsx6:  ERROR;  Unable to store time pattern data in double precision.
 Pathname: //MR_5/FLOW-UNIT GRAPH/TS-PATTERN/1MIN/RUN:UMR_Post-Fire_0.500_Sed/
 -----DSS---zsrtsx6:  ERROR;  Unable to store time pattern data in double precision.
 Pathname: //MR_15/FLOW-UNIT GRAPH/TS-PATTERN/1MIN/RUN:UMR_Post-Fire_0.500_Sed/
 -----DSS---zsrtsx6:  ERROR;  Unable to store time pattern data in double precision.
 Pathname: //MR_2/FLOW-UNIT GRAPH/TS-PATTERN/1MIN/RUN:UMR_Post-Fire_0.500_Sed/
 -----DSS---zsrtsx6:  ERROR;  Unable to store time pattern data in double precision.
 Pathname: //MR_6/FLOW-UNIT GRAPH/TS-PATTERN/1MIN/RUN:UMR_Post-Fire_0.500_Sed/
 -----DSS---zsrtsx6:  ERROR;  Unable to store time pattern data in double precision.
 Pathname: //MR_14/FLOW-UNIT GRAPH/TS-PATTERN/1MIN/RUN:UMR_Post-Fire_0.500_Sed/
 -----DSS---zsrtsx6:  ERROR;  Unable to store time pattern data in double precision.
 Pathname: //MR_12/FLOW-UNIT GRAPH/TS-PATTERN/1MIN/RUN:UMR_Post-Fire_0.500_Sed/
 -----DSS---zsrtsx6:  ERROR;  Unable to store time pattern data in double precision.
 Pathname: //MR_7/FLOW-UNIT GRAPH/TS-PATTERN/1MIN/RUN:UMR_Post-Fire_0.500_Sed/
 -----DSS---zsrtsx6:  ERROR;  Unable to store time pattern data in double precision.
 Pathname: //MR_17/FLOW-UNIT GRAPH/TS-PATTERN/1MIN/RUN:UMR_Post-Fire_0.500_Sed/
 -----DSS---zsrtsx6:  ERROR;  Unable to store time pattern data in double precision.
 Pathname: //MR_16/FLOW-UNIT GRAPH/TS-PATTERN/1MIN/RUN:UMR_Post-Fire_0.500_Sed/
 -----DSS---zsrtsx6:  ERROR;  Unable to store time pattern data in double precision.
 Pathname: //MR_10/FLOW-UNIT GRAPH/TS-PATTERN/1MIN/RUN:UMR_Post-Fire_0.500_Sed/
 -----DSS---zsrtsx6:  ERROR;  Unable to store time pattern data in double precision.
 Pathname: //MR_13/FLOW-UNIT GRAPH/TS-PATTERN/1MIN/RUN:UMR_Post-Fire_0.500_Sed/
 -----DSS---zsrtsx6:  ERROR;  Unable to store time pattern data in double precision.
 Pathname: //AC_1/FLOW-UNIT GRAPH/TS-PATTERN/1MIN/RUN:UMR_Post-Fire_0.500_Sed/
 -----DSS---zsrtsx6:  ERROR;  Unable to store time pattern data in double precision.
 Pathname: //MR_21/FLOW-UNIT GRAPH/TS-PATTERN/1MIN/RUN:UMR_Post-Fire_0.500_Sed/
 -----DSS---zsrtsx6:  ERROR;  Unable to store time pattern data in double precision.
 Pathname: //MR_18/FLOW-UNIT GRAPH/TS-PATTERN/1MIN/RUN:UMR_Post-Fire_0.500_Sed/
 -----DSS---zsrtsx6:  ERROR;  Unable to store time pattern data in double precision.
 Pathname: //MR_19/FLOW-UNIT GRAPH/TS-PATTERN/1MIN/RUN:UMR_Post-Fire_0.500_Sed/
 -----DSS---zsrtsx6:  ERROR;  Unable to store time pattern data in double precision.
 Pathname: //MR_8/FLOW-UNIT GRAPH/TS-PATTERN/1MIN/RUN:UMR_Post-Fire_0.500_Sed/
 -----DSS---zsrtsx6:  ERROR;  Unable to store time pattern data in double precision.
 Pathname: //AC_2/FLOW-UNIT GRAPH/TS-PATTERN/1MIN/RUN:UMR_Post-Fire_0.500_Sed/
 -----DSS---zsrtsx6:  ERROR;  Unable to store time pattern data in double precision.
 Pathname: //MR_22/FLOW-UNIT GRAPH/TS-PATTERN/1MIN/RUN:UMR_Post-Fire_0.500_Sed/
 -----DSS---zsrtsx6:  ERROR;  Unable to store time pattern data in double precision.
 Pathname: //MR_11/FLOW-UNIT GRAPH/TS-PATTERN/1MIN/RUN:UMR_Post-Fire_0.500_Sed/
 -----DSS---zsrtsx6:  ERROR;  Unable to store time pattern data in double precision.
 Pathname: //SD_1/FLOW-UNIT GRAPH/TS-PATTERN/1MIN/RUN:UMR_Post-Fire_0.500_Sed/
 -----DSS---zsrtsx6:  ERROR;  Unable to store time pattern data in double precision.
 Pathname: //SD_3/FLOW-UNIT GRAPH/TS-PATTERN/1MIN/RUN:UMR_Post-Fire_0.500_Sed/
 -----DSS---zsrtsx6:  ERROR;  Unable to store time pattern data in double precision.
 Pathname: //MR_20/FLOW-UNIT GRAPH/TS-PATTERN/1MIN/RUN:UMR_Post-Fire_0.500_Sed/
 -----DSS---zsrtsx6:  ERROR;  Unable to store time pattern data in double precision.
 Pathname: //CM_1/FLOW-UNIT GRAPH/TS-PATTERN/1MIN/RUN:UMR_Post-Fire_0.500_Sed/
 -----DSS---zsrtsx6:  ERROR;  Unable to store time pattern data in double precision.
 Pathname: //CC_1/FLOW-UNIT GRAPH/TS-PATTERN/1MIN/RUN:UMR_Post-Fire_0.500_Sed/
 -----DSS---zsrtsx6:  ERROR;  Unable to store time pattern data in double precision.
 Pathname: //MR_24/FLOW-UNIT GRAPH/TS-PATTERN/1MIN/RUN:UMR_Post-Fire_0.500_Sed/
 -----DSS---zsrtsx6:  ERROR;  Unable to store time pattern data in double precision.
 Pathname: //SD_2/FLOW-UNIT GRAPH/TS-PATTERN/1MIN/RUN:UMR_Post-Fire_0.500_Sed/
 -----DSS---zsrtsx6:  ERROR;  Unable to store time pattern data in double precision.
 Pathname: //MR_25/FLOW-UNIT GRAPH/TS-PATTERN/1MIN/RUN:UMR_Post-Fire_0.500_Sed/
 -----DSS---zsrtsx6:  ERROR;  Unable to store time pattern data in double precision.
 Pathname: //MR_23/FLOW-UNIT GRAPH/TS-PATTERN/1MIN/RUN:UMR_Post-Fire_0.500_Sed/
 -----DSS---zsrtsx6:  ERROR;  Unable to store time pattern data in double precision.
 Pathname: //AC_3/FLOW-UNIT GRAPH/TS-PATTERN/1MIN/RUN:UMR_Post-Fire_0.500_Sed/
 -----DSS---zsrtsx6:  ERROR;  Unable to store time pattern data in double precision.
 Pathname: //CM_2/FLOW-UNIT GRAPH/TS-PATTERN/1MIN/RUN:UMR_Post-Fire_0.500_Sed/
 -----DSS---zsrtsx6:  ERROR;  Unable to store time pattern data in double precision.
 Pathname: //CC_2/FLOW-UNIT GRAPH/TS-PATTERN/1MIN/RUN:UMR_Post-Fire_0.500_Sed/
 -----DSS---zsrtsx6:  ERROR;  Unable to store time pattern data in double precision.
 Pathname: //CC_3/FLOW-UNIT GRAPH/TS-PATTERN/1MIN/RUN:UMR_Post-Fire_0.500_Sed/
 -----DSS---zsrtsx6:  ERROR;  Unable to store time pattern data in double precision.
 Pathname: //RLC_1/FLOW-UNIT GRAPH/TS-PATTERN/1MIN/RUN:UMR_Post-Fire_0.500_Sed/
 -----DSS---zsrtsx6:  ERROR;  Unable to store time pattern data in double precision.
 Pathname: //CM_3/FLOW-UNIT GRAPH/TS-PATTERN/1MIN/RUN:UMR_Post-Fire_0.500_Sed/
 -----DSS---zsrtsx6:  ERROR;  Unable to store time pattern data in double precision.
 Pathname: //UA_1/FLOW-UNIT GRAPH/TS-PATTERN/1MIN/RUN:UMR_Post-Fire_0.500_Sed/
 -----DSS---zsrtsx6:  ERROR;  Unable to store time pattern data in double precision.
 Pathname: //MR_26/FLOW-UNIT GRAPH/TS-PATTERN/1MIN/RUN:UMR_Post-Fire_0.500_Sed/
 -----DSS---zsrtsx6:  ERROR;  Unable to store time pattern data in double precision.
 Pathname: //RLC_5/FLOW-UNIT GRAPH/TS-PATTERN/1MIN/RUN:UMR_Post-Fire_0.500_Sed/
 -----DSS---zsrtsx6:  ERROR;  Unable to store time pattern data in double precision.
 Pathname: //UA_3/FLOW-UNIT GRAPH/TS-PATTERN/1MIN/RUN:UMR_Post-Fire_0.500_Sed/
 -----DSS---zsrtsx6:  ERROR;  Unable to store time pattern data in double precision.
 Pathname: //RLC_3/FLOW-UNIT GRAPH/TS-PATTERN/1MIN/RUN:UMR_Post-Fire_0.500_Sed/
 -----DSS---zsrtsx6:  ERROR;  Unable to store time pattern data in double precision.
 Pathname: //UA_4/FLOW-UNIT GRAPH/TS-PATTERN/1MIN/RUN:UMR_Post-Fire_0.500_Sed/
 -----DSS---zsrtsx6:  ERROR;  Unable to store time pattern data in double precision.
 Pathname: //UA_2/FLOW-UNIT GRAPH/TS-PATTERN/1MIN/RUN:UMR_Post-Fire_0.500_Sed/
 -----DSS---zsrtsx6:  ERROR;  Unable to store time pattern data in double precision.
 Pathname: //MR_28/FLOW-UNIT GRAPH/TS-PATTERN/1MIN/RUN:UMR_Post-Fire_0.500_Sed/
 -----DSS---zsrtsx6:  ERROR;  Unable to store time pattern data in double precision.
 Pathname: //RLC_2/FLOW-UNIT GRAPH/TS-PATTERN/1MIN/RUN:UMR_Post-Fire_0.500_Sed/
 -----DSS---zsrtsx6:  ERROR;  Unable to store time pattern data in double precision.
 Pathname: //RLC_4/FLOW-UNIT GRAPH/TS-PATTERN/1MIN/RUN:UMR_Post-Fire_0.500_Sed/
 -----DSS---zsrtsx6:  ERROR;  Unable to store time pattern data in double precision.
 Pathname: //UA_7/FLOW-UNIT GRAPH/TS-PATTERN/1MIN/RUN:UMR_Post-Fire_0.500_Sed/
 -----DSS---zsrtsx6:  ERROR;  Unable to store time pattern data in double precision.
 Pathname: //UA_6/FLOW-UNIT GRAPH/TS-PATTERN/1MIN/RUN:UMR_Post-Fire_0.500_Sed/
 -----DSS---zsrtsx6:  ERROR;  Unable to store time pattern data in double precision.
 Pathname: //UA_5/FLOW-UNIT GRAPH/TS-PATTERN/1MIN/RUN:UMR_Post-Fire_0.500_Sed/
 -----DSS---zsrtsx6:  ERROR;  Unable to store time pattern data in double precision.
 Pathname: //MR_30/FLOW-UNIT GRAPH/TS-PATTERN/1MIN/RUN:UMR_Post-Fire_0.500_Sed/
 -----DSS---zsrtsx6:  ERROR;  Unable to store time pattern data in double precision.
 Pathname: //MR_32/FLOW-UNIT GRAPH/TS-PATTERN/1MIN/RUN:UMR_Post-Fire_0.500_Sed/
 -----DSS---zsrtsx6:  ERROR;  Unable to store time pattern data in double precision.
 Pathname: //MR_27/FLOW-UNIT GRAPH/TS-PATTERN/1MIN/RUN:UMR_Post-Fire_0.500_Sed/
 -----DSS---zsrtsx6:  ERROR;  Unable to store time pattern data in double precision.
 Pathname: //MR_33/FLOW-UNIT GRAPH/TS-PATTERN/1MIN/RUN:UMR_Post-Fire_0.500_Sed/
 -----DSS---zsrtsx6:  ERROR;  Unable to store time pattern data in double precision.
 Pathname: //MR_36/FLOW-UNIT GRAPH/TS-PATTERN/1MIN/RUN:UMR_Post-Fire_0.500_Sed/
 -----DSS---zsrtsx6:  ERROR;  Unable to store time pattern data in double precision.
 Pathname: //MR_37/FLOW-UNIT GRAPH/TS-PATTERN/1MIN/RUN:UMR_Post-Fire_0.500_Sed/
 -----DSS---zsrtsx6:  ERROR;  Unable to store time pattern data in double precision.
 Pathname: //MR_31/FLOW-UNIT GRAPH/TS-PATTERN/1MIN/RUN:UMR_Post-Fire_0.500_Sed/
 -----DSS---zsrtsx6:  ERROR;  Unable to store time pattern data in double precision.
 Pathname: //RM_1/FLOW-UNIT GRAPH/TS-PATTERN/1MIN/RUN:UMR_Post-Fire_0.500_Sed/
 -----DSS---zsrtsx6:  ERROR;  Unable to store time pattern data in double precision.
 Pathname: //MR_35/FLOW-UNIT GRAPH/TS-PATTERN/1MIN/RUN:UMR_Post-Fire_0.500_Sed/
 -----DSS---zsrtsx6:  ERROR;  Unable to store time pattern data in double precision.
 Pathname: //RM_3/FLOW-UNIT GRAPH/TS-PATTERN/1MIN/RUN:UMR_Post-Fire_0.500_Sed/
 -----DSS---zsrtsx6:  ERROR;  Unable to store time pattern data in double precision.
 Pathname: //MR_34/FLOW-UNIT GRAPH/TS-PATTERN/1MIN/RUN:UMR_Post-Fire_0.500_Sed/
 -----DSS---zsrtsx6:  ERROR;  Unable to store time pattern data in double precision.
 Pathname: //RM_2/FLOW-UNIT GRAPH/TS-PATTERN/1MIN/RUN:UMR_Post-Fire_0.500_Sed/
 -----DSS---zsrtsx6:  ERROR;  Unable to store time pattern data in double precision.
 Pathname: //MR_29/FLOW-UNIT GRAPH/TS-PATTERN/1MIN/RUN:UMR_Post-Fire_0.500_Sed/
 -----DSS---zsrtsx6:  ERROR;  Unable to store time pattern data in double precision.
 Pathname: //SC_1/FLOW-UNIT GRAPH/TS-PATTERN/1MIN/RUN:UMR_Post-Fire_0.500_Sed/
 -----DSS---zsrtsx6:  ERROR;  Unable to store time pattern data in double precision.
 Pathname: //MR_38/FLOW-UNIT GRAPH/TS-PATTERN/1MIN/RUN:UMR_Post-Fire_0.500_Sed/
 -----DSS---zsrtsx6:  ERROR;  Unable to store time pattern data in double precision.
 Pathname: //SC_4/FLOW-UNIT GRAPH/TS-PATTERN/1MIN/RUN:UMR_Post-Fire_0.500_Sed/
 -----DSS---zsrtsx6:  ERROR;  Unable to store time pattern data in double precision.
 Pathname: //SC_3/FLOW-UNIT GRAPH/TS-PATTERN/1MIN/RUN:UMR_Post-Fire_0.500_Sed/
 -----DSS---zsrtsx6:  ERROR;  Unable to store time pattern data in double precision.
 Pathname: //RM_4/FLOW-UNIT GRAPH/TS-PATTERN/1MIN/RUN:UMR_Post-Fire_0.500_Sed/
 -----DSS---zsrtsx6:  ERROR;  Unable to store time pattern data in double precision.
 Pathname: //SC_6/FLOW-UNIT GRAPH/TS-PATTERN/1MIN/RUN:UMR_Post-Fire_0.500_Sed/
 -----DSS---zsrtsx6:  ERROR;  Unable to store time pattern data in double precision.
 Pathname: //SC_2/FLOW-UNIT GRAPH/TS-PATTERN/1MIN/RUN:UMR_Post-Fire_0.500_Sed/
 -----DSS---zsrtsx6:  ERROR;  Unable to store time pattern data in double precision.
 Pathname: //SC_7/FLOW-UNIT GRAPH/TS-PATTERN/1MIN/RUN:UMR_Post-Fire_0.500_Sed/
 -----DSS---zsrtsx6:  ERROR;  Unable to store time pattern data in double precision.
 Pathname: //RC_1/FLOW-UNIT GRAPH/TS-PATTERN/1MIN/RUN:UMR_Post-Fire_0.500_Sed/
 -----DSS---zsrtsx6:  ERROR;  Unable to store time pattern data in double precision.
 Pathname: //RC_2/FLOW-UNIT GRAPH/TS-PATTERN/1MIN/RUN:UMR_Post-Fire_0.500_Sed/
 -----DSS---zsrtsx6:  ERROR;  Unable to store time pattern data in double precision.
 Pathname: //SC_5/FLOW-UNIT GRAPH/TS-PATTERN/1MIN/RUN:UMR_Post-Fire_0.500_Sed/
 -----DSS---zsrtsx6:  ERROR;  Unable to store time pattern data in double precision.
 Pathname: //RC_4/FLOW-UNIT GRAPH/TS-PATTERN/1MIN/RUN:UMR_Post-Fire_0.500_Sed/
 -----DSS---zsrtsx6:  ERROR;  Unable to store time pattern data in double precision.
 Pathname: //RC_5/FLOW-UNIT GRAPH/TS-PATTERN/1MIN/RUN:UMR_Post-Fire_0.500_Sed/
 -----DSS---zsrtsx6:  ERROR;  Unable to store time pattern data in double precision.
 Pathname: //UB_3/FLOW-UNIT GRAPH/TS-PATTERN/1MIN/RUN:UMR_Post-Fire_0.500_Sed/
 -----DSS---zsrtsx6:  ERROR;  Unable to store time pattern data in double precision.
 Pathname: //UB_1/FLOW-UNIT GRAPH/TS-PATTERN/1MIN/RUN:UMR_Post-Fire_0.500_Sed/
 -----DSS---zsrtsx6:  ERROR;  Unable to store time pattern data in double precision.
 Pathname: //RC_6/FLOW-UNIT GRAPH/TS-PATTERN/1MIN/RUN:UMR_Post-Fire_0.500_Sed/
 -----DSS---zsrtsx6:  ERROR;  Unable to store time pattern data in double precision.
 Pathname: //RC_8/FLOW-UNIT GRAPH/TS-PATTERN/1MIN/RUN:UMR_Post-Fire_0.500_Sed/
 -----DSS---zsrtsx6:  ERROR;  Unable to store time pattern data in double precision.
 Pathname: //RC_10/FLOW-UNIT GRAPH/TS-PATTERN/1MIN/RUN:UMR_Post-Fire_0.500_Sed/
 -----DSS---zsrtsx6:  ERROR;  Unable to store time pattern data in double precision.
 Pathname: //RC_3/FLOW-UNIT GRAPH/TS-PATTERN/1MIN/RUN:UMR_Post-Fire_0.500_Sed/
 -----DSS---zsrtsx6:  ERROR;  Unable to store time pattern data in double precision.
 Pathname: //RC_11/FLOW-UNIT GRAPH/TS-PATTERN/1MIN/RUN:UMR_Post-Fire_0.500_Sed/
 -----DSS---zsrtsx6:  ERROR;  Unable to store time pattern data in double precision.
 Pathname: //RC_7/FLOW-UNIT GRAPH/TS-PATTERN/1MIN/RUN:UMR_Post-Fire_0.500_Sed/
 -----DSS---zsrtsx6:  ERROR;  Unable to store time pattern data in double precision.
 Pathname: //MR_40/FLOW-UNIT GRAPH/TS-PATTERN/1MIN/RUN:UMR_Post-Fire_0.500_Sed/
 -----DSS---zsrtsx6:  ERROR;  Unable to store time pattern data in double precision.
 Pathname: //UB_2/FLOW-UNIT GRAPH/TS-PATTERN/1MIN/RUN:UMR_Post-Fire_0.500_Sed/
 -----DSS---zsrtsx6:  ERROR;  Unable to store time pattern data in double precision.
 Pathname: //MR_39/FLOW-UNIT GRAPH/TS-PATTERN/1MIN/RUN:UMR_Post-Fire_0.500_Sed/
 -----DSS---zsrtsx6:  ERROR;  Unable to store time pattern data in double precision.
 Pathname: //RC_9/FLOW-UNIT GRAPH/TS-PATTERN/1MIN/RUN:UMR_Post-Fire_0.500_Sed/
 -----DSS---zsrtsx6:  ERROR;  Unable to store time pattern data in double precision.
 Pathname: //UB_4/FLOW-UNIT GRAPH/TS-PATTERN/1MIN/RUN:UMR_Post-Fire_0.500_Sed/
 -----DSS---zsrtsx6:  ERROR;  Unable to store time pattern data in double precision.
 Pathname: //UB_5/FLOW-UNIT GRAPH/TS-PATTERN/1MIN/RUN:UMR_Post-Fire_0.500_Sed/
 -----DSS---zsrtsx6:  ERROR;  Unable to store time pattern data in double precision.
 Pathname: //UC_1/FLOW-UNIT GRAPH/TS-PATTERN/1MIN/RUN:UMR_Post-Fire_0.500_Sed/
 -----DSS---zsrtsx6:  ERROR;  Unable to store time pattern data in double precision.
 Pathname: //MR_41/FLOW-UNIT GRAPH/TS-PATTERN/1MIN/RUN:UMR_Post-Fire_0.500_Sed/
 -----DSS---zsrtsx6:  ERROR;  Unable to store time pattern data in double precision.
 Pathname: //UC_3/FLOW-UNIT GRAPH/TS-PATTERN/1MIN/RUN:UMR_Post-Fire_0.500_Sed/
 -----DSS---zsrtsx6:  ERROR;  Unable to store time pattern data in double precision.
 Pathname: //UC_2/FLOW-UNIT GRAPH/TS-PATTERN/1MIN/RUN:UMR_Post-Fire_0.500_Sed/
