 -----DSS---zsrtsx6:  ERROR;  Unable to store time pattern data in double precision.
 Pathname: //CC_6/FLOW-UNIT GRAPH/TS-PATTERN/1MIN/RUN:CCW_Post-Fire_0.500_LA_2-5/
 -----DSS---zsrtsx6:  ERROR;  Unable to store time pattern data in double precision.
 Pathname: //CC_1/FLOW-UNIT GRAPH/TS-PATTERN/1MIN/RUN:CCW_Post-Fire_0.500_LA_2-5/
 -----DSS---zsrtsx6:  ERROR;  Unable to store time pattern data in double precision.
 Pathname: //LCC_2/FLOW-UNIT GRAPH/TS-PATTERN/1MIN/RUN:CCW_Post-Fire_0.500_LA_2-5/
 -----DSS---zsrtsx6:  ERROR;  Unable to store time pattern data in double precision.
 Pathname: //CC_7/FLOW-UNIT GRAPH/TS-PATTERN/1MIN/RUN:CCW_Post-Fire_0.500_LA_2-5/
 -----DSS---zsrtsx6:  ERROR;  Unable to store time pattern data in double precision.
 Pathname: //CC_3/FLOW-UNIT GRAPH/TS-PATTERN/1MIN/RUN:CCW_Post-Fire_0.500_LA_2-5/
 -----DSS---zsrtsx6:  ERROR;  Unable to store time pattern data in double precision.
 Pathname: //LCC_1/FLOW-UNIT GRAPH/TS-PATTERN/1MIN/RUN:CCW_Post-Fire_0.500_LA_2-5/
 -----DSS---zsrtsx6:  ERROR;  Unable to store time pattern data in double precision.
 Pathname: //CC_5/FLOW-UNIT GRAPH/TS-PATTERN/1MIN/RUN:CCW_Post-Fire_0.500_LA_2-5/
 -----DSS---zsrtsx6:  ERROR;  Unable to store time pattern data in double precision.
 Pathname: //CC_8/FLOW-UNIT GRAPH/TS-PATTERN/1MIN/RUN:CCW_Post-Fire_0.500_LA_2-5/
 -----DSS---zsrtsx6:  ERROR;  Unable to store time pattern data in double precision.
 Pathname: //LCC_3/FLOW-UNIT GRAPH/TS-PATTERN/1MIN/RUN:CCW_Post-Fire_0.500_LA_2-5/
 -----DSS---zsrtsx6:  ERROR;  Unable to store time pattern data in double precision.
 Pathname: //CC_11/FLOW-UNIT GRAPH/TS-PATTERN/1MIN/RUN:CCW_Post-Fire_0.500_LA_2-5/
 -----DSS---zsrtsx6:  ERROR;  Unable to store time pattern data in double precision.
 Pathname: //CC_10/FLOW-UNIT GRAPH/TS-PATTERN/1MIN/RUN:CCW_Post-Fire_0.500_LA_2-5/
 -----DSS---zsrtsx6:  ERROR;  Unable to store time pattern data in double precision.
 Pathname: //CC_2/FLOW-UNIT GRAPH/TS-PATTERN/1MIN/RUN:CCW_Post-Fire_0.500_LA_2-5/
 -----DSS---zsrtsx6:  ERROR;  Unable to store time pattern data in double precision.
 Pathname: //CC_9/FLOW-UNIT GRAPH/TS-PATTERN/1MIN/RUN:CCW_Post-Fire_0.500_LA_2-5/
 -----DSS---zsrtsx6:  ERROR;  Unable to store time pattern data in double precision.
 Pathname: //LCC_4/FLOW-UNIT GRAPH/TS-PATTERN/1MIN/RUN:CCW_Post-Fire_0.500_LA_2-5/
 -----DSS---zsrtsx6:  ERROR;  Unable to store time pattern data in double precision.
 Pathname: //CC_12/FLOW-UNIT GRAPH/TS-PATTERN/1MIN/RUN:CCW_Post-Fire_0.500_LA_2-5/
 -----DSS---zsrtsx6:  ERROR;  Unable to store time pattern data in double precision.
 Pathname: //CC_4/FLOW-UNIT GRAPH/TS-PATTERN/1MIN/RUN:CCW_Post-Fire_0.500_LA_2-5/
 -----DSS---zsrtsx6:  ERROR;  Unable to store time pattern data in double precision.
 Pathname: //CC_16/FLOW-UNIT GRAPH/TS-PATTERN/1MIN/RUN:CCW_Post-Fire_0.500_LA_2-5/
 -----DSS---zsrtsx6:  ERROR;  Unable to store time pattern data in double precision.
 Pathname: //CC_14/FLOW-UNIT GRAPH/TS-PATTERN/1MIN/RUN:CCW_Post-Fire_0.500_LA_2-5/
 -----DSS---zsrtsx6:  ERROR;  Unable to store time pattern data in double precision.
 Pathname: //CC_17/FLOW-UNIT GRAPH/TS-PATTERN/1MIN/RUN:CCW_Post-Fire_0.500_LA_2-5/
 -----DSS---zsrtsx6:  ERROR;  Unable to store time pattern data in double precision.
 Pathname: //CC_19/FLOW-UNIT GRAPH/TS-PATTERN/1MIN/RUN:CCW_Post-Fire_0.500_LA_2-5/
 -----DSS---zsrtsx6:  ERROR;  Unable to store time pattern data in double precision.
 Pathname: //CC_15/FLOW-UNIT GRAPH/TS-PATTERN/1MIN/RUN:CCW_Post-Fire_0.500_LA_2-5/
 -----DSS---zsrtsx6:  ERROR;  Unable to store time pattern data in double precision.
 Pathname: //LCC_6/FLOW-UNIT GRAPH/TS-PATTERN/1MIN/RUN:CCW_Post-Fire_0.500_LA_2-5/
 -----DSS---zsrtsx6:  ERROR;  Unable to store time pattern data in double precision.
 Pathname: //LCC_5/FLOW-UNIT GRAPH/TS-PATTERN/1MIN/RUN:CCW_Post-Fire_0.500_LA_2-5/
 -----DSS---zsrtsx6:  ERROR;  Unable to store time pattern data in double precision.
 Pathname: //CC_13/FLOW-UNIT GRAPH/TS-PATTERN/1MIN/RUN:CCW_Post-Fire_0.500_LA_2-5/
 -----DSS---zsrtsx6:  ERROR;  Unable to store time pattern data in double precision.
 Pathname: //WC_1/FLOW-UNIT GRAPH/TS-PATTERN/1MIN/RUN:CCW_Post-Fire_0.500_LA_2-5/
 -----DSS---zsrtsx6:  ERROR;  Unable to store time pattern data in double precision.
 Pathname: //CC_18/FLOW-UNIT GRAPH/TS-PATTERN/1MIN/RUN:CCW_Post-Fire_0.500_LA_2-5/
 -----DSS---zsrtsx6:  ERROR;  Unable to store time pattern data in double precision.
 Pathname: //CDC_1/FLOW-UNIT GRAPH/TS-PATTERN/1MIN/RUN:CCW_Post-Fire_0.500_LA_2-5/
 -----DSS---zsrtsx6:  ERROR;  Unable to store time pattern data in double precision.
 Pathname: //CC_21/FLOW-UNIT GRAPH/TS-PATTERN/1MIN/RUN:CCW_Post-Fire_0.500_LA_2-5/
 -----DSS---zsrtsx6:  ERROR;  Unable to store time pattern data in double precision.
 Pathname: //WC_3/FLOW-UNIT GRAPH/TS-PATTERN/1MIN/RUN:CCW_Post-Fire_0.500_LA_2-5/
 -----DSS---zsrtsx6:  ERROR;  Unable to store time pattern data in double precision.
 Pathname: //CC_22/FLOW-UNIT GRAPH/TS-PATTERN/1MIN/RUN:CCW_Post-Fire_0.500_LA_2-5/
 -----DSS---zsrtsx6:  ERROR;  Unable to store time pattern data in double precision.
 Pathname: //CC_23/FLOW-UNIT GRAPH/TS-PATTERN/1MIN/RUN:CCW_Post-Fire_0.500_LA_2-5/
 -----DSS---zsrtsx6:  ERROR;  Unable to store time pattern data in double precision.
 Pathname: //WC_2/FLOW-UNIT GRAPH/TS-PATTERN/1MIN/RUN:CCW_Post-Fire_0.500_LA_2-5/
 -----DSS---zsrtsx6:  ERROR;  Unable to store time pattern data in double precision.
 Pathname: //CDC_2/FLOW-UNIT GRAPH/TS-PATTERN/1MIN/RUN:CCW_Post-Fire_0.500_LA_2-5/
 -----DSS---zsrtsx6:  ERROR;  Unable to store time pattern data in double precision.
 Pathname: //CDC_3/FLOW-UNIT GRAPH/TS-PATTERN/1MIN/RUN:CCW_Post-Fire_0.500_LA_2-5/
 -----DSS---zsrtsx6:  ERROR;  Unable to store time pattern data in double precision.
 Pathname: //TC_3/FLOW-UNIT GRAPH/TS-PATTERN/1MIN/RUN:CCW_Post-Fire_0.500_LA_2-5/
 -----DSS---zsrtsx6:  ERROR;  Unable to store time pattern data in double precision.
 Pathname: //TC_1/FLOW-UNIT GRAPH/TS-PATTERN/1MIN/RUN:CCW_Post-Fire_0.500_LA_2-5/
 -----DSS---zsrtsx6:  ERROR;  Unable to store time pattern data in double precision.
 Pathname: //CC_20/FLOW-UNIT GRAPH/TS-PATTERN/1MIN/RUN:CCW_Post-Fire_0.500_LA_2-5/
 -----DSS---zsrtsx6:  ERROR;  Unable to store time pattern data in double precision.
 Pathname: //CC_24/FLOW-UNIT GRAPH/TS-PATTERN/1MIN/RUN:CCW_Post-Fire_0.500_LA_2-5/
 -----DSS---zsrtsx6:  ERROR;  Unable to store time pattern data in double precision.
 Pathname: //CDC_5/FLOW-UNIT GRAPH/TS-PATTERN/1MIN/RUN:CCW_Post-Fire_0.500_LA_2-5/
 -----DSS---zsrtsx6:  ERROR;  Unable to store time pattern data in double precision.
 Pathname: //SIC_1/FLOW-UNIT GRAPH/TS-PATTERN/1MIN/RUN:CCW_Post-Fire_0.500_LA_2-5/
 -----DSS---zsrtsx6:  ERROR;  Unable to store time pattern data in double precision.
 Pathname: //TC_4/FLOW-UNIT GRAPH/TS-PATTERN/1MIN/RUN:CCW_Post-Fire_0.500_LA_2-5/
 -----DSS---zsrtsx6:  ERROR;  Unable to store time pattern data in double precision.
 Pathname: //TC_2/FLOW-UNIT GRAPH/TS-PATTERN/1MIN/RUN:CCW_Post-Fire_0.500_LA_2-5/
 -----DSS---zsrtsx6:  ERROR;  Unable to store time pattern data in double precision.
 Pathname: //CDC_4/FLOW-UNIT GRAPH/TS-PATTERN/1MIN/RUN:CCW_Post-Fire_0.500_LA_2-5/
 -----DSS---zsrtsx6:  ERROR;  Unable to store time pattern data in double precision.
 Pathname: //SIC_4/FLOW-UNIT GRAPH/TS-PATTERN/1MIN/RUN:CCW_Post-Fire_0.500_LA_2-5/
 -----DSS---zsrtsx6:  ERROR;  Unable to store time pattern data in double precision.
 Pathname: //SIC_2/FLOW-UNIT GRAPH/TS-PATTERN/1MIN/RUN:CCW_Post-Fire_0.500_LA_2-5/
 -----DSS---zsrtsx6:  ERROR;  Unable to store time pattern data in double precision.
 Pathname: //SOC_1/FLOW-UNIT GRAPH/TS-PATTERN/1MIN/RUN:CCW_Post-Fire_0.500_LA_2-5/
 -----DSS---zsrtsx6:  ERROR;  Unable to store time pattern data in double precision.
 Pathname: //CC_25/FLOW-UNIT GRAPH/TS-PATTERN/1MIN/RUN:CCW_Post-Fire_0.500_LA_2-5/
 -----DSS---zsrtsx6:  ERROR;  Unable to store time pattern data in double precision.
 Pathname: //UA_1/FLOW-UNIT GRAPH/TS-PATTERN/1MIN/RUN:CCW_Post-Fire_0.500_LA_2-5/
 -----DSS---zsrtsx6:  ERROR;  Unable to store time pattern data in double precision.
 Pathname: //SIC_3/FLOW-UNIT GRAPH/TS-PATTERN/1MIN/RUN:CCW_Post-Fire_0.500_LA_2-5/
 -----DSS---zsrtsx6:  ERROR;  Unable to store time pattern data in double precision.
 Pathname: //SIC_5/FLOW-UNIT GRAPH/TS-PATTERN/1MIN/RUN:CCW_Post-Fire_0.500_LA_2-5/
 -----DSS---zsrtsx6:  ERROR;  Unable to store time pattern data in double precision.
 Pathname: //CC_26/FLOW-UNIT GRAPH/TS-PATTERN/1MIN/RUN:CCW_Post-Fire_0.500_LA_2-5/
 -----DSS---zsrtsx6:  ERROR;  Unable to store time pattern data in double precision.
 Pathname: //TC_5/FLOW-UNIT GRAPH/TS-PATTERN/1MIN/RUN:CCW_Post-Fire_0.500_LA_2-5/
 -----DSS---zsrtsx6:  ERROR;  Unable to store time pattern data in double precision.
 Pathname: //CC_27/FLOW-UNIT GRAPH/TS-PATTERN/1MIN/RUN:CCW_Post-Fire_0.500_LA_2-5/
 -----DSS---zsrtsx6:  ERROR;  Unable to store time pattern data in double precision.
 Pathname: //CC_28/FLOW-UNIT GRAPH/TS-PATTERN/1MIN/RUN:CCW_Post-Fire_0.500_LA_2-5/
 -----DSS---zsrtsx6:  ERROR;  Unable to store time pattern data in double precision.
 Pathname: //CC_29/FLOW-UNIT GRAPH/TS-PATTERN/1MIN/RUN:CCW_Post-Fire_0.500_LA_2-5/
 -----DSS---zsrtsx6:  ERROR;  Unable to store time pattern data in double precision.
 Pathname: //CDC_7/FLOW-UNIT GRAPH/TS-PATTERN/1MIN/RUN:CCW_Post-Fire_0.500_LA_2-5/
 -----DSS---zsrtsx6:  ERROR;  Unable to store time pattern data in double precision.
 Pathname: //CDC_6/FLOW-UNIT GRAPH/TS-PATTERN/1MIN/RUN:CCW_Post-Fire_0.500_LA_2-5/
 -----DSS---zsrtsx6:  ERROR;  Unable to store time pattern data in double precision.
 Pathname: //JC_2/FLOW-UNIT GRAPH/TS-PATTERN/1MIN/RUN:CCW_Post-Fire_0.500_LA_2-5/
 -----DSS---zsrtsx6:  ERROR;  Unable to store time pattern data in double precision.
 Pathname: //JC_1/FLOW-UNIT GRAPH/TS-PATTERN/1MIN/RUN:CCW_Post-Fire_0.500_LA_2-5/
 -----DSS---zsrtsx6:  ERROR;  Unable to store time pattern data in double precision.
 Pathname: //JC_4/FLOW-UNIT GRAPH/TS-PATTERN/1MIN/RUN:CCW_Post-Fire_0.500_LA_2-5/
 -----DSS---zsrtsx6:  ERROR;  Unable to store time pattern data in double precision.
 Pathname: //UA_2/FLOW-UNIT GRAPH/TS-PATTERN/1MIN/RUN:CCW_Post-Fire_0.500_LA_2-5/
 -----DSS---zsrtsx6:  ERROR;  Unable to store time pattern data in double precision.
 Pathname: //JC_5/FLOW-UNIT GRAPH/TS-PATTERN/1MIN/RUN:CCW_Post-Fire_0.500_LA_2-5/
 -----DSS---zsrtsx6:  ERROR;  Unable to store time pattern data in double precision.
 Pathname: //JC_7/FLOW-UNIT GRAPH/TS-PATTERN/1MIN/RUN:CCW_Post-Fire_0.500_LA_2-5/
 -----DSS---zsrtsx6:  ERROR;  Unable to store time pattern data in double precision.
 Pathname: //JC_6/FLOW-UNIT GRAPH/TS-PATTERN/1MIN/RUN:CCW_Post-Fire_0.500_LA_2-5/
 -----DSS---zsrtsx6:  ERROR;  Unable to store time pattern data in double precision.
 Pathname: //JC_3/FLOW-UNIT GRAPH/TS-PATTERN/1MIN/RUN:CCW_Post-Fire_0.500_LA_2-5/
 -----DSS---zsrtsx6:  ERROR;  Unable to store time pattern data in double precision.
 Pathname: //JC_8/FLOW-UNIT GRAPH/TS-PATTERN/1MIN/RUN:CCW_Post-Fire_0.500_LA_2-5/
 -----DSS---zsrtsx6:  ERROR;  Unable to store time pattern data in double precision.
 Pathname: //UB_3/FLOW-UNIT GRAPH/TS-PATTERN/1MIN/RUN:CCW_Post-Fire_0.500_LA_2-5/
 -----DSS---zsrtsx6:  ERROR;  Unable to store time pattern data in double precision.
 Pathname: //JC_9/FLOW-UNIT GRAPH/TS-PATTERN/1MIN/RUN:CCW_Post-Fire_0.500_LA_2-5/
 -----DSS---zsrtsx6:  ERROR;  Unable to store time pattern data in double precision.
 Pathname: //UB_1/FLOW-UNIT GRAPH/TS-PATTERN/1MIN/RUN:CCW_Post-Fire_0.500_LA_2-5/
 -----DSS---zsrtsx6:  ERROR;  Unable to store time pattern data in double precision.
 Pathname: //JC_10/FLOW-UNIT GRAPH/TS-PATTERN/1MIN/RUN:CCW_Post-Fire_0.500_LA_2-5/
 -----DSS---zsrtsx6:  ERROR;  Unable to store time pattern data in double precision.
 Pathname: //UB_2/FLOW-UNIT GRAPH/TS-PATTERN/1MIN/RUN:CCW_Post-Fire_0.500_LA_2-5/
 -----DSS---zsrtsx6:  ERROR;  Unable to store time pattern data in double precision.
 Pathname: //CC_30/FLOW-UNIT GRAPH/TS-PATTERN/1MIN/RUN:CCW_Post-Fire_0.500_LA_2-5/
 -----DSS---zsrtsx6:  ERROR;  Unable to store time pattern data in double precision.
 Pathname: //JC_11/FLOW-UNIT GRAPH/TS-PATTERN/1MIN/RUN:CCW_Post-Fire_0.500_LA_2-5/
 -----DSS---zsrtsx6:  ERROR;  Unable to store time pattern data in double precision.
 Pathname: //UB_4/FLOW-UNIT GRAPH/TS-PATTERN/1MIN/RUN:CCW_Post-Fire_0.500_LA_2-5/
 -----DSS---zsrtsx6:  ERROR;  Unable to store time pattern data in double precision.
 Pathname: //UC_1/FLOW-UNIT GRAPH/TS-PATTERN/1MIN/RUN:CCW_Post-Fire_0.500_LA_2-5/
 -----DSS---zsrtsx6:  ERROR;  Unable to store time pattern data in double precision.
 Pathname: //CC_32/FLOW-UNIT GRAPH/TS-PATTERN/1MIN/RUN:CCW_Post-Fire_0.500_LA_2-5/
 -----DSS---zsrtsx6:  ERROR;  Unable to store time pattern data in double precision.
 Pathname: //UC_3/FLOW-UNIT GRAPH/TS-PATTERN/1MIN/RUN:CCW_Post-Fire_0.500_LA_2-5/
 -----DSS---zsrtsx6:  ERROR;  Unable to store time pattern data in double precision.
 Pathname: //CC_33/FLOW-UNIT GRAPH/TS-PATTERN/1MIN/RUN:CCW_Post-Fire_0.500_LA_2-5/
 -----DSS---zsrtsx6:  ERROR;  Unable to store time pattern data in double precision.
 Pathname: //CC_34/FLOW-UNIT GRAPH/TS-PATTERN/1MIN/RUN:CCW_Post-Fire_0.500_LA_2-5/
 -----DSS---zsrtsx6:  ERROR;  Unable to store time pattern data in double precision.
 Pathname: //UB_5/FLOW-UNIT GRAPH/TS-PATTERN/1MIN/RUN:CCW_Post-Fire_0.500_LA_2-5/
 -----DSS---zsrtsx6:  ERROR;  Unable to store time pattern data in double precision.
 Pathname: //JC_12/FLOW-UNIT GRAPH/TS-PATTERN/1MIN/RUN:CCW_Post-Fire_0.500_LA_2-5/
 -----DSS---zsrtsx6:  ERROR;  Unable to store time pattern data in double precision.
 Pathname: //CC_36/FLOW-UNIT GRAPH/TS-PATTERN/1MIN/RUN:CCW_Post-Fire_0.500_LA_2-5/
 -----DSS---zsrtsx6:  ERROR;  Unable to store time pattern data in double precision.
 Pathname: //UC_2/FLOW-UNIT GRAPH/TS-PATTERN/1MIN/RUN:CCW_Post-Fire_0.500_LA_2-5/
 -----DSS---zsrtsx6:  ERROR;  Unable to store time pattern data in double precision.
 Pathname: //CC_31/FLOW-UNIT GRAPH/TS-PATTERN/1MIN/RUN:CCW_Post-Fire_0.500_LA_2-5/
 -----DSS---zsrtsx6:  ERROR;  Unable to store time pattern data in double precision.
 Pathname: //CC_35/FLOW-UNIT GRAPH/TS-PATTERN/1MIN/RUN:CCW_Post-Fire_0.500_LA_2-5/
