NOTE 15301:  Began computing simulation run "CCW_Post-Fire_0.100_LA_2-5" at time 08Jul2022, 11:39:10.
NOTE 20364:  Found no parameter problems in meteorologic model "0.100_PFE_CCW_Sed".
NOTE 40040:  The basin model contains 61 outlets: J_62, J_52, J_44, J_54, J_39, J_38, J_63, J_35, J_33, J_29, J_27, J_26, J_24, J_22, J_20, J_19, J_18, J_16, J_57, J_48, J_15, J_14, J_13, J_11, J_64, J_58, J_53, J_42, J_61, J_50, J_30, J_51, J_47, J_40, J_28, J_9, J_8, J_66, J_7, J_6, J_5, J_69, J_49, J_32, J_25, J_23, J_21, J_17, J_65, J_46, J_36, J_12, J_10, J_4, J_41, J_3, J_70, Coyote_C_N_Golondrinas_NM, J_2, J_1, Outlet
WARNING 43652:  Sediment transport method has not been set for basin "CCW_Post-Fire_0.100_LA_2-5".
ERROR 46551:  Los Angeles Debris Flow Method EQ 2-5 is valid for areas of 3.0 to 200.0 square miles.
      Subbasin "CC_2" area is 1.89 square miles.
ERROR 46551:  Los Angeles Debris Flow Method EQ 2-5 is valid for areas of 3.0 to 200.0 square miles.
      Subbasin "CC_4" area is 1.99 square miles.
ERROR 46551:  Los Angeles Debris Flow Method EQ 2-5 is valid for areas of 3.0 to 200.0 square miles.
      Subbasin "CC_5" area is 2.9 square miles.
ERROR 46551:  Los Angeles Debris Flow Method EQ 2-5 is valid for areas of 3.0 to 200.0 square miles.
      Subbasin "CC_7" area is 2.12 square miles.
ERROR 46551:  Los Angeles Debris Flow Method EQ 2-5 is valid for areas of 3.0 to 200.0 square miles.
      Subbasin "LCC_4" area is 2.18 square miles.
ERROR 46551:  Los Angeles Debris Flow Method EQ 2-5 is valid for areas of 3.0 to 200.0 square miles.
      Subbasin "LCC_5" area is 2.99 square miles.
ERROR 46551:  Los Angeles Debris Flow Method EQ 2-5 is valid for areas of 3.0 to 200.0 square miles.
      Subbasin "CC_9" area is 1.27 square miles.
ERROR 46551:  Los Angeles Debris Flow Method EQ 2-5 is valid for areas of 3.0 to 200.0 square miles.
      Subbasin "LCC_6" area is 0.72 square miles.
ERROR 46551:  Los Angeles Debris Flow Method EQ 2-5 is valid for areas of 3.0 to 200.0 square miles.
      Subbasin "CC_13" area is 1.76 square miles.
ERROR 46551:  Los Angeles Debris Flow Method EQ 2-5 is valid for areas of 3.0 to 200.0 square miles.
      Subbasin "CC_15" area is 1.82 square miles.
ERROR 46551:  Los Angeles Debris Flow Method EQ 2-5 is valid for areas of 3.0 to 200.0 square miles.
      Subbasin "CC_18" area is 2.24 square miles.
ERROR 46551:  Los Angeles Debris Flow Method EQ 2-5 is valid for areas of 3.0 to 200.0 square miles.
      Subbasin "CC_19" area is 2.95 square miles.
ERROR 46551:  Los Angeles Debris Flow Method EQ 2-5 is valid for areas of 3.0 to 200.0 square miles.
      Subbasin "WC_2" area is 1.22 square miles.
ERROR 46551:  Los Angeles Debris Flow Method EQ 2-5 is valid for areas of 3.0 to 200.0 square miles.
      Subbasin "WC_3" area is 2.55 square miles.
ERROR 46551:  Los Angeles Debris Flow Method EQ 2-5 is valid for areas of 3.0 to 200.0 square miles.
      Subbasin "CC_20" area is 1.77 square miles.
ERROR 46551:  Los Angeles Debris Flow Method EQ 2-5 is valid for areas of 3.0 to 200.0 square miles.
      Subbasin "CC_22" area is 2.63 square miles.
ERROR 46551:  Los Angeles Debris Flow Method EQ 2-5 is valid for areas of 3.0 to 200.0 square miles.
      Subbasin "CC_23" area is 2.7 square miles.
ERROR 46551:  Los Angeles Debris Flow Method EQ 2-5 is valid for areas of 3.0 to 200.0 square miles.
      Subbasin "CC_24" area is 1.82 square miles.
ERROR 46551:  Los Angeles Debris Flow Method EQ 2-5 is valid for areas of 3.0 to 200.0 square miles.
      Subbasin "CDC_1" area is 2.95 square miles.
ERROR 46551:  Los Angeles Debris Flow Method EQ 2-5 is valid for areas of 3.0 to 200.0 square miles.
      Subbasin "CDC_2" area is 2.21 square miles.
ERROR 46551:  Los Angeles Debris Flow Method EQ 2-5 is valid for areas of 3.0 to 200.0 square miles.
      Subbasin "CDC_4" area is 2.84 square miles.
ERROR 46551:  Los Angeles Debris Flow Method EQ 2-5 is valid for areas of 3.0 to 200.0 square miles.
      Subbasin "CDC_5" area is 2.28 square miles.
ERROR 46551:  Los Angeles Debris Flow Method EQ 2-5 is valid for areas of 3.0 to 200.0 square miles.
      Subbasin "TC_1" area is 2.56 square miles.
ERROR 46551:  Los Angeles Debris Flow Method EQ 2-5 is valid for areas of 3.0 to 200.0 square miles.
      Subbasin "TC_2" area is 1.01 square miles.
ERROR 46551:  Los Angeles Debris Flow Method EQ 2-5 is valid for areas of 3.0 to 200.0 square miles.
      Subbasin "TC_3" area is 2.88 square miles.
ERROR 46551:  Los Angeles Debris Flow Method EQ 2-5 is valid for areas of 3.0 to 200.0 square miles.
      Subbasin "TC_4" area is 1.65 square miles.
ERROR 46551:  Los Angeles Debris Flow Method EQ 2-5 is valid for areas of 3.0 to 200.0 square miles.
      Subbasin "SOC_1" area is 1.75 square miles.
ERROR 46551:  Los Angeles Debris Flow Method EQ 2-5 is valid for areas of 3.0 to 200.0 square miles.
      Subbasin "TC_5" area is 0.76 square miles.
ERROR 46551:  Los Angeles Debris Flow Method EQ 2-5 is valid for areas of 3.0 to 200.0 square miles.
      Subbasin "SIC_1" area is 2.79 square miles.
ERROR 46551:  Los Angeles Debris Flow Method EQ 2-5 is valid for areas of 3.0 to 200.0 square miles.
      Subbasin "SIC_2" area is 1.29 square miles.
ERROR 46551:  Los Angeles Debris Flow Method EQ 2-5 is valid for areas of 3.0 to 200.0 square miles.
      Subbasin "SIC_3" area is 1.38 square miles.
ERROR 46551:  Los Angeles Debris Flow Method EQ 2-5 is valid for areas of 3.0 to 200.0 square miles.
      Subbasin "SIC_4" area is 2.91 square miles.
ERROR 46551:  Los Angeles Debris Flow Method EQ 2-5 is valid for areas of 3.0 to 200.0 square miles.
      Subbasin "SIC_5" area is 2.05 square miles.
ERROR 46551:  Los Angeles Debris Flow Method EQ 2-5 is valid for areas of 3.0 to 200.0 square miles.
      Subbasin "CDC_6" area is 0.68 square miles.
ERROR 46551:  Los Angeles Debris Flow Method EQ 2-5 is valid for areas of 3.0 to 200.0 square miles.
      Subbasin "CDC_7" area is 0.48 square miles.
ERROR 46551:  Los Angeles Debris Flow Method EQ 2-5 is valid for areas of 3.0 to 200.0 square miles.
      Subbasin "CC_26" area is 2.74 square miles.
ERROR 46551:  Los Angeles Debris Flow Method EQ 2-5 is valid for areas of 3.0 to 200.0 square miles.
      Subbasin "UA_1" area is 2.65 square miles.
ERROR 46551:  Los Angeles Debris Flow Method EQ 2-5 is valid for areas of 3.0 to 200.0 square miles.
      Subbasin "CC_27" area is 2.36 square miles.
ERROR 46551:  Los Angeles Debris Flow Method EQ 2-5 is valid for areas of 3.0 to 200.0 square miles.
      Subbasin "UA_2" area is 1.38 square miles.
ERROR 46551:  Los Angeles Debris Flow Method EQ 2-5 is valid for areas of 3.0 to 200.0 square miles.
      Subbasin "CC_28" area is 1.17 square miles.
ERROR 46551:  Los Angeles Debris Flow Method EQ 2-5 is valid for areas of 3.0 to 200.0 square miles.
      Subbasin "JC_1" area is 2.24 square miles.
ERROR 46551:  Los Angeles Debris Flow Method EQ 2-5 is valid for areas of 3.0 to 200.0 square miles.
      Subbasin "JC_3" area is 1.46 square miles.
ERROR 46551:  Los Angeles Debris Flow Method EQ 2-5 is valid for areas of 3.0 to 200.0 square miles.
      Subbasin "UB_4" area is 2.9 square miles.
ERROR 46551:  Los Angeles Debris Flow Method EQ 2-5 is valid for areas of 3.0 to 200.0 square miles.
      Subbasin "JC_11" area is 2.53 square miles.
ERROR 46551:  Los Angeles Debris Flow Method EQ 2-5 is valid for areas of 3.0 to 200.0 square miles.
      Subbasin "JC_12" area is 1.24 square miles.
ERROR 46551:  Los Angeles Debris Flow Method EQ 2-5 is valid for areas of 3.0 to 200.0 square miles.
      Subbasin "UC_2" area is 1.15 square miles.
ERROR 46551:  Los Angeles Debris Flow Method EQ 2-5 is valid for areas of 3.0 to 200.0 square miles.
      Subbasin "UC_3" area is 1.54 square miles.
ERROR 46551:  Los Angeles Debris Flow Method EQ 2-5 is valid for areas of 3.0 to 200.0 square miles.
      Subbasin "CC_31" area is 1.06 square miles.
ERROR 46551:  Los Angeles Debris Flow Method EQ 2-5 is valid for areas of 3.0 to 200.0 square miles.
      Subbasin "CC_32" area is 1.95 square miles.
ERROR 46551:  Los Angeles Debris Flow Method EQ 2-5 is valid for areas of 3.0 to 200.0 square miles.
      Subbasin "CC_33" area is 1.93 square miles.
ERROR 46551:  Los Angeles Debris Flow Method EQ 2-5 is valid for areas of 3.0 to 200.0 square miles.
      Subbasin "CC_36" area is 0.5 square miles.
NOTE 40049:  Found no parameter problems in basin model "CCW_Post-Fire_0.100_LA_2-5".
NOTE 23406:  Hypothetical storm depth: 2.145 IN.
NOTE 23413:  Area upstream of computation point: 1.932 MI2.
NOTE 23407:  Hypothetical storm area: 1.932 MI2.
NOTE 23409:  Area-reduced hypothetical storm depth: 2.145 in.
NOTE 42413:  Unit hydrograph volume for subbasin "CC_5" is 1.0000 in.
NOTE 42413:  Unit hydrograph volume for subbasin "CC_8" is 1.0000 in.
NOTE 42413:  Unit hydrograph volume for subbasin "CC_9" is 1.0000 in.
NOTE 42413:  Unit hydrograph volume for subbasin "LCC_2" is 1.0000 in.
NOTE 42413:  Unit hydrograph volume for subbasin "LCC_1" is 1.0000 in.
NOTE 42413:  Unit hydrograph volume for subbasin "CC_11" is 1.0000 in.
NOTE 42413:  Unit hydrograph volume for subbasin "CC_6" is 1.0000 in.
NOTE 42413:  Unit hydrograph volume for subbasin "CC_10" is 1.0000 in.
NOTE 42413:  Unit hydrograph volume for subbasin "CC_3" is 1.0000 in.
NOTE 42413:  Unit hydrograph volume for subbasin "CC_1" is 1.0000 in.
NOTE 42413:  Unit hydrograph volume for subbasin "CC_12" is 1.0000 in.
NOTE 42413:  Unit hydrograph volume for subbasin "LCC_3" is 1.0000 in.
NOTE 42413:  Unit hydrograph volume for subbasin "CC_2" is 1.0000 in.
NOTE 42413:  Unit hydrograph volume for subbasin "LCC_4" is 1.0000 in.
NOTE 42413:  Unit hydrograph volume for subbasin "LCC_6" is 1.0000 in.
NOTE 42413:  Unit hydrograph volume for subbasin "CC_14" is 1.0000 in.
NOTE 42413:  Unit hydrograph volume for subbasin "CC_7" is 1.0000 in.
NOTE 42413:  Unit hydrograph volume for subbasin "CC_4" is 1.0000 in.
NOTE 42413:  Unit hydrograph volume for subbasin "CC_13" is 1.0000 in.
NOTE 42413:  Unit hydrograph volume for subbasin "CC_15" is 1.0000 in.
NOTE 42413:  Unit hydrograph volume for subbasin "CC_19" is 1.0000 in.
NOTE 42413:  Unit hydrograph volume for subbasin "CC_17" is 1.0000 in.
NOTE 42413:  Unit hydrograph volume for subbasin "CC_16" is 1.0000 in.
NOTE 42413:  Unit hydrograph volume for subbasin "LCC_5" is 1.0000 in.
NOTE 42413:  Unit hydrograph volume for subbasin "CC_21" is 1.0000 in.
NOTE 42413:  Unit hydrograph volume for subbasin "WC_3" is 1.0000 in.
NOTE 42413:  Unit hydrograph volume for subbasin "WC_1" is 1.0000 in.
NOTE 42413:  Unit hydrograph volume for subbasin "CC_22" is 1.0000 in.
NOTE 42413:  Unit hydrograph volume for subbasin "CC_23" is 1.0000 in.
NOTE 42413:  Unit hydrograph volume for subbasin "CC_18" is 1.0000 in.
NOTE 42413:  Unit hydrograph volume for subbasin "CDC_1" is 1.0000 in.
NOTE 42413:  Unit hydrograph volume for subbasin "CDC_2" is 1.0000 in.
NOTE 42413:  Unit hydrograph volume for subbasin "CC_20" is 1.0000 in.
NOTE 42413:  Unit hydrograph volume for subbasin "CDC_3" is 1.0000 in.
NOTE 42413:  Unit hydrograph volume for subbasin "WC_2" is 1.0000 in.
NOTE 42413:  Unit hydrograph volume for subbasin "TC_1" is 1.0000 in.
NOTE 42413:  Unit hydrograph volume for subbasin "TC_3" is 1.0000 in.
NOTE 42413:  Unit hydrograph volume for subbasin "CC_24" is 1.0000 in.
NOTE 42413:  Unit hydrograph volume for subbasin "CDC_5" is 1.0000 in.
NOTE 42413:  Unit hydrograph volume for subbasin "SIC_1" is 1.0000 in.
NOTE 42413:  Unit hydrograph volume for subbasin "SIC_3" is 1.0000 in.
NOTE 42413:  Unit hydrograph volume for subbasin "TC_2" is 1.0000 in.
NOTE 42413:  Unit hydrograph volume for subbasin "TC_4" is 1.0000 in.
NOTE 42413:  Unit hydrograph volume for subbasin "SIC_4" is 1.0000 in.
NOTE 42413:  Unit hydrograph volume for subbasin "CDC_4" is 1.0000 in.
NOTE 42413:  Unit hydrograph volume for subbasin "SIC_5" is 1.0000 in.
NOTE 42413:  Unit hydrograph volume for subbasin "SIC_2" is 1.0000 in.
NOTE 42413:  Unit hydrograph volume for subbasin "SOC_1" is 1.0000 in.
NOTE 42413:  Unit hydrograph volume for subbasin "CC_26" is 1.0000 in.
NOTE 42413:  Unit hydrograph volume for subbasin "CC_27" is 1.0000 in.
NOTE 42413:  Unit hydrograph volume for subbasin "CDC_6" is 1.0000 in.
NOTE 42413:  Unit hydrograph volume for subbasin "CC_25" is 1.0000 in.
NOTE 42413:  Unit hydrograph volume for subbasin "UA_1" is 1.0000 in.
NOTE 42413:  Unit hydrograph volume for subbasin "CC_28" is 1.0000 in.
NOTE 42413:  Unit hydrograph volume for subbasin "TC_5" is 1.0000 in.
NOTE 42413:  Unit hydrograph volume for subbasin "UA_2" is 1.0000 in.
NOTE 42413:  Unit hydrograph volume for subbasin "CC_29" is 1.0000 in.
NOTE 42413:  Unit hydrograph volume for subbasin "JC_1" is 1.0000 in.
NOTE 42413:  Unit hydrograph volume for subbasin "JC_5" is 1.0000 in.
NOTE 42413:  Unit hydrograph volume for subbasin "CDC_7" is 1.0000 in.
NOTE 42413:  Unit hydrograph volume for subbasin "JC_2" is 1.0000 in.
NOTE 42413:  Unit hydrograph volume for subbasin "JC_4" is 1.0000 in.
NOTE 42413:  Unit hydrograph volume for subbasin "JC_9" is 1.0000 in.
NOTE 42413:  Unit hydrograph volume for subbasin "UB_1" is 1.0000 in.
NOTE 42413:  Unit hydrograph volume for subbasin "JC_6" is 1.0000 in.
NOTE 42413:  Unit hydrograph volume for subbasin "JC_7" is 1.0000 in.
NOTE 42413:  Unit hydrograph volume for subbasin "UB_2" is 1.0000 in.
NOTE 42413:  Unit hydrograph volume for subbasin "JC_8" is 1.0000 in.
NOTE 42413:  Unit hydrograph volume for subbasin "JC_3" is 1.0000 in.
NOTE 42413:  Unit hydrograph volume for subbasin "UB_3" is 1.0000 in.
NOTE 42413:  Unit hydrograph volume for subbasin "CC_30" is 1.0000 in.
NOTE 42413:  Unit hydrograph volume for subbasin "UC_3" is 1.0000 in.
NOTE 42413:  Unit hydrograph volume for subbasin "JC_11" is 1.0000 in.
NOTE 42413:  Unit hydrograph volume for subbasin "JC_10" is 1.0000 in.
NOTE 42413:  Unit hydrograph volume for subbasin "CC_32" is 1.0000 in.
NOTE 42413:  Unit hydrograph volume for subbasin "UB_4" is 1.0000 in.
NOTE 42413:  Unit hydrograph volume for subbasin "UC_1" is 1.0000 in.
NOTE 42413:  Unit hydrograph volume for subbasin "CC_34" is 1.0000 in.
NOTE 42413:  Unit hydrograph volume for subbasin "JC_12" is 1.0000 in.
NOTE 42413:  Unit hydrograph volume for subbasin "CC_36" is 1.0000 in.
NOTE 42413:  Unit hydrograph volume for subbasin "CC_33" is 1.0000 in.
NOTE 42413:  Unit hydrograph volume for subbasin "CC_31" is 1.0000 in.
NOTE 42413:  Unit hydrograph volume for subbasin "UB_5" is 1.0000 in.
NOTE 42413:  Unit hydrograph volume for subbasin "UC_2" is 1.0000 in.
NOTE 42413:  Unit hydrograph volume for subbasin "CC_35" is 1.0000 in.
NOTE 15302:  Finished computing simulation run "CCW_Post-Fire_0.100_LA_2-5" at time 08Jul2022, 11:39:31.
NOTE 15312:  The total runtime for this simulation is 00:21.
