 -----DSS---zsrtsx6:  ERROR;  Unable to store time pattern data in double precision.
 Pathname: //MAC_3/FLOW-UNIT GRAPH/TS-PATTERN/1MIN/RUN:SRW_Post-Fire_0.200_MSDPM/
 -----DSS---zsrtsx6:  ERROR;  Unable to store time pattern data in double precision.
 Pathname: //MAC_6/FLOW-UNIT GRAPH/TS-PATTERN/1MIN/RUN:SRW_Post-Fire_0.200_MSDPM/
 -----DSS---zsrtsx6:  ERROR;  Unable to store time pattern data in double precision.
 Pathname: //DAC_1/FLOW-UNIT GRAPH/TS-PATTERN/1MIN/RUN:SRW_Post-Fire_0.200_MSDPM/
 -----DSS---zsrtsx6:  ERROR;  Unable to store time pattern data in double precision.
 Pathname: //MAC_4/FLOW-UNIT GRAPH/TS-PATTERN/1MIN/RUN:SRW_Post-Fire_0.200_MSDPM/
 -----DSS---zsrtsx6:  ERROR;  Unable to store time pattern data in double precision.
 Pathname: //MC_1/FLOW-UNIT GRAPH/TS-PATTERN/1MIN/RUN:SRW_Post-Fire_0.200_MSDPM/
 -----DSS---zsrtsx6:  ERROR;  Unable to store time pattern data in double precision.
 Pathname: //MAC_1/FLOW-UNIT GRAPH/TS-PATTERN/1MIN/RUN:SRW_Post-Fire_0.200_MSDPM/
 -----DSS---zsrtsx6:  ERROR;  Unable to store time pattern data in double precision.
 Pathname: //SPC_1/FLOW-UNIT GRAPH/TS-PATTERN/1MIN/RUN:SRW_Post-Fire_0.200_MSDPM/
 -----DSS---zsrtsx6:  ERROR;  Unable to store time pattern data in double precision.
 Pathname: //DAC_4/FLOW-UNIT GRAPH/TS-PATTERN/1MIN/RUN:SRW_Post-Fire_0.200_MSDPM/
 -----DSS---zsrtsx6:  ERROR;  Unable to store time pattern data in double precision.
 Pathname: //SPC_2/FLOW-UNIT GRAPH/TS-PATTERN/1MIN/RUN:SRW_Post-Fire_0.200_MSDPM/
 -----DSS---zsrtsx6:  ERROR;  Unable to store time pattern data in double precision.
 Pathname: //MAC_5/FLOW-UNIT GRAPH/TS-PATTERN/1MIN/RUN:SRW_Post-Fire_0.200_MSDPM/
 -----DSS---zsrtsx6:  ERROR;  Unable to store time pattern data in double precision.
 Pathname: //SPC_3/FLOW-UNIT GRAPH/TS-PATTERN/1MIN/RUN:SRW_Post-Fire_0.200_MSDPM/
 -----DSS---zsrtsx6:  ERROR;  Unable to store time pattern data in double precision.
 Pathname: //MC_2/FLOW-UNIT GRAPH/TS-PATTERN/1MIN/RUN:SRW_Post-Fire_0.200_MSDPM/
 -----DSS---zsrtsx6:  ERROR;  Unable to store time pattern data in double precision.
 Pathname: //DAC_2/FLOW-UNIT GRAPH/TS-PATTERN/1MIN/RUN:SRW_Post-Fire_0.200_MSDPM/
 -----DSS---zsrtsx6:  ERROR;  Unable to store time pattern data in double precision.
 Pathname: //DAC_6/FLOW-UNIT GRAPH/TS-PATTERN/1MIN/RUN:SRW_Post-Fire_0.200_MSDPM/
 -----DSS---zsrtsx6:  ERROR;  Unable to store time pattern data in double precision.
 Pathname: //MAC_2/FLOW-UNIT GRAPH/TS-PATTERN/1MIN/RUN:SRW_Post-Fire_0.200_MSDPM/
 -----DSS---zsrtsx6:  ERROR;  Unable to store time pattern data in double precision.
 Pathname: //DAC_5/FLOW-UNIT GRAPH/TS-PATTERN/1MIN/RUN:SRW_Post-Fire_0.200_MSDPM/
 -----DSS---zsrtsx6:  ERROR;  Unable to store time pattern data in double precision.
 Pathname: //MC_4/FLOW-UNIT GRAPH/TS-PATTERN/1MIN/RUN:SRW_Post-Fire_0.200_MSDPM/
 -----DSS---zsrtsx6:  ERROR;  Unable to store time pattern data in double precision.
 Pathname: //MC_5/FLOW-UNIT GRAPH/TS-PATTERN/1MIN/RUN:SRW_Post-Fire_0.200_MSDPM/
 -----DSS---zsrtsx6:  ERROR;  Unable to store time pattern data in double precision.
 Pathname: //MC_3/FLOW-UNIT GRAPH/TS-PATTERN/1MIN/RUN:SRW_Post-Fire_0.200_MSDPM/
 -----DSS---zsrtsx6:  ERROR;  Unable to store time pattern data in double precision.
 Pathname: //RSJ_1/FLOW-UNIT GRAPH/TS-PATTERN/1MIN/RUN:SRW_Post-Fire_0.200_MSDPM/
 -----DSS---zsrtsx6:  ERROR;  Unable to store time pattern data in double precision.
 Pathname: //MC_6/FLOW-UNIT GRAPH/TS-PATTERN/1MIN/RUN:SRW_Post-Fire_0.200_MSDPM/
 -----DSS---zsrtsx6:  ERROR;  Unable to store time pattern data in double precision.
 Pathname: //RSJ_6/FLOW-UNIT GRAPH/TS-PATTERN/1MIN/RUN:SRW_Post-Fire_0.200_MSDPM/
 -----DSS---zsrtsx6:  ERROR;  Unable to store time pattern data in double precision.
 Pathname: //DAC_3/FLOW-UNIT GRAPH/TS-PATTERN/1MIN/RUN:SRW_Post-Fire_0.200_MSDPM/
 -----DSS---zsrtsx6:  ERROR;  Unable to store time pattern data in double precision.
 Pathname: //MC_9/FLOW-UNIT GRAPH/TS-PATTERN/1MIN/RUN:SRW_Post-Fire_0.200_MSDPM/
 -----DSS---zsrtsx6:  ERROR;  Unable to store time pattern data in double precision.
 Pathname: //RSJ_3/FLOW-UNIT GRAPH/TS-PATTERN/1MIN/RUN:SRW_Post-Fire_0.200_MSDPM/
 -----DSS---zsrtsx6:  ERROR;  Unable to store time pattern data in double precision.
 Pathname: //RSJ_7/FLOW-UNIT GRAPH/TS-PATTERN/1MIN/RUN:SRW_Post-Fire_0.200_MSDPM/
 -----DSS---zsrtsx6:  ERROR;  Unable to store time pattern data in double precision.
 Pathname: //RSJ_2/FLOW-UNIT GRAPH/TS-PATTERN/1MIN/RUN:SRW_Post-Fire_0.200_MSDPM/
 -----DSS---zsrtsx6:  ERROR;  Unable to store time pattern data in double precision.
 Pathname: //SR_1/FLOW-UNIT GRAPH/TS-PATTERN/1MIN/RUN:SRW_Post-Fire_0.200_MSDPM/
 -----DSS---zsrtsx6:  ERROR;  Unable to store time pattern data in double precision.
 Pathname: //MC_7/FLOW-UNIT GRAPH/TS-PATTERN/1MIN/RUN:SRW_Post-Fire_0.200_MSDPM/
 -----DSS---zsrtsx6:  ERROR;  Unable to store time pattern data in double precision.
 Pathname: //RSJ_8/FLOW-UNIT GRAPH/TS-PATTERN/1MIN/RUN:SRW_Post-Fire_0.200_MSDPM/
 -----DSS---zsrtsx6:  ERROR;  Unable to store time pattern data in double precision.
 Pathname: //MC_10/FLOW-UNIT GRAPH/TS-PATTERN/1MIN/RUN:SRW_Post-Fire_0.200_MSDPM/
 -----DSS---zsrtsx6:  ERROR;  Unable to store time pattern data in double precision.
 Pathname: //RSJ_4/FLOW-UNIT GRAPH/TS-PATTERN/1MIN/RUN:SRW_Post-Fire_0.200_MSDPM/
 -----DSS---zsrtsx6:  ERROR;  Unable to store time pattern data in double precision.
 Pathname: //SR_3/FLOW-UNIT GRAPH/TS-PATTERN/1MIN/RUN:SRW_Post-Fire_0.200_MSDPM/
 -----DSS---zsrtsx6:  ERROR;  Unable to store time pattern data in double precision.
 Pathname: //SR_2/FLOW-UNIT GRAPH/TS-PATTERN/1MIN/RUN:SRW_Post-Fire_0.200_MSDPM/
 -----DSS---zsrtsx6:  ERROR;  Unable to store time pattern data in double precision.
 Pathname: //DC_1/FLOW-UNIT GRAPH/TS-PATTERN/1MIN/RUN:SRW_Post-Fire_0.200_MSDPM/
 -----DSS---zsrtsx6:  ERROR;  Unable to store time pattern data in double precision.
 Pathname: //RSJ_5/FLOW-UNIT GRAPH/TS-PATTERN/1MIN/RUN:SRW_Post-Fire_0.200_MSDPM/
 -----DSS---zsrtsx6:  ERROR;  Unable to store time pattern data in double precision.
 Pathname: //MC_8/FLOW-UNIT GRAPH/TS-PATTERN/1MIN/RUN:SRW_Post-Fire_0.200_MSDPM/
 -----DSS---zsrtsx6:  ERROR;  Unable to store time pattern data in double precision.
 Pathname: //SR_7/FLOW-UNIT GRAPH/TS-PATTERN/1MIN/RUN:SRW_Post-Fire_0.200_MSDPM/
 -----DSS---zsrtsx6:  ERROR;  Unable to store time pattern data in double precision.
 Pathname: //SR_4/FLOW-UNIT GRAPH/TS-PATTERN/1MIN/RUN:SRW_Post-Fire_0.200_MSDPM/
 -----DSS---zsrtsx6:  ERROR;  Unable to store time pattern data in double precision.
 Pathname: //SR_5/FLOW-UNIT GRAPH/TS-PATTERN/1MIN/RUN:SRW_Post-Fire_0.200_MSDPM/
 -----DSS---zsrtsx6:  ERROR;  Unable to store time pattern data in double precision.
 Pathname: //MC_11/FLOW-UNIT GRAPH/TS-PATTERN/1MIN/RUN:SRW_Post-Fire_0.200_MSDPM/
 -----DSS---zsrtsx6:  ERROR;  Unable to store time pattern data in double precision.
 Pathname: //SR_9/FLOW-UNIT GRAPH/TS-PATTERN/1MIN/RUN:SRW_Post-Fire_0.200_MSDPM/
 -----DSS---zsrtsx6:  ERROR;  Unable to store time pattern data in double precision.
 Pathname: //SR_11/FLOW-UNIT GRAPH/TS-PATTERN/1MIN/RUN:SRW_Post-Fire_0.200_MSDPM/
 -----DSS---zsrtsx6:  ERROR;  Unable to store time pattern data in double precision.
 Pathname: //DC_2/FLOW-UNIT GRAPH/TS-PATTERN/1MIN/RUN:SRW_Post-Fire_0.200_MSDPM/
 -----DSS---zsrtsx6:  ERROR;  Unable to store time pattern data in double precision.
 Pathname: //MC_12/FLOW-UNIT GRAPH/TS-PATTERN/1MIN/RUN:SRW_Post-Fire_0.200_MSDPM/
 -----DSS---zsrtsx6:  ERROR;  Unable to store time pattern data in double precision.
 Pathname: //SR_10/FLOW-UNIT GRAPH/TS-PATTERN/1MIN/RUN:SRW_Post-Fire_0.200_MSDPM/
 -----DSS---zsrtsx6:  ERROR;  Unable to store time pattern data in double precision.
 Pathname: //SR_14/FLOW-UNIT GRAPH/TS-PATTERN/1MIN/RUN:SRW_Post-Fire_0.200_MSDPM/
 -----DSS---zsrtsx6:  ERROR;  Unable to store time pattern data in double precision.
 Pathname: //SR_8/FLOW-UNIT GRAPH/TS-PATTERN/1MIN/RUN:SRW_Post-Fire_0.200_MSDPM/
 -----DSS---zsrtsx6:  ERROR;  Unable to store time pattern data in double precision.
 Pathname: //DC_3/FLOW-UNIT GRAPH/TS-PATTERN/1MIN/RUN:SRW_Post-Fire_0.200_MSDPM/
 -----DSS---zsrtsx6:  ERROR;  Unable to store time pattern data in double precision.
 Pathname: //SR_16/FLOW-UNIT GRAPH/TS-PATTERN/1MIN/RUN:SRW_Post-Fire_0.200_MSDPM/
 -----DSS---zsrtsx6:  ERROR;  Unable to store time pattern data in double precision.
 Pathname: //SR_18/FLOW-UNIT GRAPH/TS-PATTERN/1MIN/RUN:SRW_Post-Fire_0.200_MSDPM/
 -----DSS---zsrtsx6:  ERROR;  Unable to store time pattern data in double precision.
 Pathname: //SR_12/FLOW-UNIT GRAPH/TS-PATTERN/1MIN/RUN:SRW_Post-Fire_0.200_MSDPM/
 -----DSS---zsrtsx6:  ERROR;  Unable to store time pattern data in double precision.
 Pathname: //SR_21/FLOW-UNIT GRAPH/TS-PATTERN/1MIN/RUN:SRW_Post-Fire_0.200_MSDPM/
 -----DSS---zsrtsx6:  ERROR;  Unable to store time pattern data in double precision.
 Pathname: //SR_13/FLOW-UNIT GRAPH/TS-PATTERN/1MIN/RUN:SRW_Post-Fire_0.200_MSDPM/
 -----DSS---zsrtsx6:  ERROR;  Unable to store time pattern data in double precision.
 Pathname: //SR_19/FLOW-UNIT GRAPH/TS-PATTERN/1MIN/RUN:SRW_Post-Fire_0.200_MSDPM/
 -----DSS---zsrtsx6:  ERROR;  Unable to store time pattern data in double precision.
 Pathname: //SR_20/FLOW-UNIT GRAPH/TS-PATTERN/1MIN/RUN:SRW_Post-Fire_0.200_MSDPM/
 -----DSS---zsrtsx6:  ERROR;  Unable to store time pattern data in double precision.
 Pathname: //SR_17/FLOW-UNIT GRAPH/TS-PATTERN/1MIN/RUN:SRW_Post-Fire_0.200_MSDPM/
 -----DSS---zsrtsx6:  ERROR;  Unable to store time pattern data in double precision.
 Pathname: //UN_2/FLOW-UNIT GRAPH/TS-PATTERN/1MIN/RUN:SRW_Post-Fire_0.200_MSDPM/
 -----DSS---zsrtsx6:  ERROR;  Unable to store time pattern data in double precision.
 Pathname: //SR_15/FLOW-UNIT GRAPH/TS-PATTERN/1MIN/RUN:SRW_Post-Fire_0.200_MSDPM/
 -----DSS---zsrtsx6:  ERROR;  Unable to store time pattern data in double precision.
 Pathname: //UN_1/FLOW-UNIT GRAPH/TS-PATTERN/1MIN/RUN:SRW_Post-Fire_0.200_MSDPM/
 -----DSS---zsrtsx6:  ERROR;  Unable to store time pattern data in double precision.
 Pathname: //SR_25/FLOW-UNIT GRAPH/TS-PATTERN/1MIN/RUN:SRW_Post-Fire_0.200_MSDPM/
 -----DSS---zsrtsx6:  ERROR;  Unable to store time pattern data in double precision.
 Pathname: //UN_3/FLOW-UNIT GRAPH/TS-PATTERN/1MIN/RUN:SRW_Post-Fire_0.200_MSDPM/
 -----DSS---zsrtsx6:  ERROR;  Unable to store time pattern data in double precision.
 Pathname: //UN_4/FLOW-UNIT GRAPH/TS-PATTERN/1MIN/RUN:SRW_Post-Fire_0.200_MSDPM/
 -----DSS---zsrtsx6:  ERROR;  Unable to store time pattern data in double precision.
 Pathname: //SR_22/FLOW-UNIT GRAPH/TS-PATTERN/1MIN/RUN:SRW_Post-Fire_0.200_MSDPM/
 -----DSS---zsrtsx6:  ERROR;  Unable to store time pattern data in double precision.
 Pathname: //SR_27/FLOW-UNIT GRAPH/TS-PATTERN/1MIN/RUN:SRW_Post-Fire_0.200_MSDPM/
 -----DSS---zsrtsx6:  ERROR;  Unable to store time pattern data in double precision.
 Pathname: //SR_26/FLOW-UNIT GRAPH/TS-PATTERN/1MIN/RUN:SRW_Post-Fire_0.200_MSDPM/
 -----DSS---zsrtsx6:  ERROR;  Unable to store time pattern data in double precision.
 Pathname: //UN_5/FLOW-UNIT GRAPH/TS-PATTERN/1MIN/RUN:SRW_Post-Fire_0.200_MSDPM/
 -----DSS---zsrtsx6:  ERROR;  Unable to store time pattern data in double precision.
 Pathname: //SR_24/FLOW-UNIT GRAPH/TS-PATTERN/1MIN/RUN:SRW_Post-Fire_0.200_MSDPM/
