NOTE 15301:  Began computing simulation run "UMR_Post-Fire_0.040_LA_2-5" at time 12Jul2022, 07:58:19.
NOTE 20364:  Found no parameter problems in meteorologic model "0.040_PFE_UMR_Sed".
NOTE 40040:  The basin model contains 65 outlets: J_65, J_68, J_53, J_50, J_44, J_40, J_51, J_33, J_31, J_29, J_24, J_23, J_22, J_21, J_20, J_19, J_59, J_16, J_14, J_67, J_13, J_12, J_61, J_11, J_45, J_35, J_10, J_9, J_47, J_39, J_8, J_58, J_64, J_63, J_46, J_43, J_41, J_7, J_6, J_5, J_69, Mora_R_A_La_Cueva_NM, J_4, J_3, J_54, J_37, J_56, J_49, J_62, J_38, J_36, J_34, J_32, J_30, J_28, J_27, J_55, J_48, J_25, J_18, J_17, J_2, J_57, J_1, Mora_R_N_Golondrinas_NM
WARNING 43652:  Sediment transport method has not been set for basin "UMR_Post-Fire_0.010-0.040_25".
ERROR 46551:  Los Angeles Debris Flow Method EQ 2-5 is valid for areas of 3.0 to 200.0 square miles.
      Subbasin "LC_1" area is 2.65 square miles.
ERROR 46551:  Los Angeles Debris Flow Method EQ 2-5 is valid for areas of 3.0 to 200.0 square miles.
      Subbasin "LC_2" area is 2.04 square miles.
ERROR 46551:  Los Angeles Debris Flow Method EQ 2-5 is valid for areas of 3.0 to 200.0 square miles.
      Subbasin "LC_4" area is 2.42 square miles.
ERROR 46551:  Los Angeles Debris Flow Method EQ 2-5 is valid for areas of 3.0 to 200.0 square miles.
      Subbasin "LC_5" area is 2.88 square miles.
ERROR 46551:  Los Angeles Debris Flow Method EQ 2-5 is valid for areas of 3.0 to 200.0 square miles.
      Subbasin "LC_6" area is 1.1 square miles.
ERROR 46551:  Los Angeles Debris Flow Method EQ 2-5 is valid for areas of 3.0 to 200.0 square miles.
      Subbasin "LC_7" area is 2.46 square miles.
ERROR 46551:  Los Angeles Debris Flow Method EQ 2-5 is valid for areas of 3.0 to 200.0 square miles.
      Subbasin "MR_2" area is 2.82 square miles.
ERROR 46551:  Los Angeles Debris Flow Method EQ 2-5 is valid for areas of 3.0 to 200.0 square miles.
      Subbasin "MR_4" area is 2.51 square miles.
ERROR 46551:  Los Angeles Debris Flow Method EQ 2-5 is valid for areas of 3.0 to 200.0 square miles.
      Subbasin "MR_5" area is 1.8 square miles.
ERROR 46551:  Los Angeles Debris Flow Method EQ 2-5 is valid for areas of 3.0 to 200.0 square miles.
      Subbasin "MR_6" area is 1.24 square miles.
ERROR 46551:  Los Angeles Debris Flow Method EQ 2-5 is valid for areas of 3.0 to 200.0 square miles.
      Subbasin "MR_7" area is 1.83 square miles.
ERROR 46551:  Los Angeles Debris Flow Method EQ 2-5 is valid for areas of 3.0 to 200.0 square miles.
      Subbasin "MR_8" area is 0.69 square miles.
ERROR 46551:  Los Angeles Debris Flow Method EQ 2-5 is valid for areas of 3.0 to 200.0 square miles.
      Subbasin "MR_10" area is 2.06 square miles.
ERROR 46551:  Los Angeles Debris Flow Method EQ 2-5 is valid for areas of 3.0 to 200.0 square miles.
      Subbasin "MR_11" area is 1.3 square miles.
ERROR 46551:  Los Angeles Debris Flow Method EQ 2-5 is valid for areas of 3.0 to 200.0 square miles.
      Subbasin "MR_12" area is 2.45 square miles.
ERROR 46551:  Los Angeles Debris Flow Method EQ 2-5 is valid for areas of 3.0 to 200.0 square miles.
      Subbasin "MR_13" area is 1.17 square miles.
ERROR 46551:  Los Angeles Debris Flow Method EQ 2-5 is valid for areas of 3.0 to 200.0 square miles.
      Subbasin "MR_14" area is 2.1 square miles.
ERROR 46551:  Los Angeles Debris Flow Method EQ 2-5 is valid for areas of 3.0 to 200.0 square miles.
      Subbasin "MR_16" area is 0.83 square miles.
ERROR 46551:  Los Angeles Debris Flow Method EQ 2-5 is valid for areas of 3.0 to 200.0 square miles.
      Subbasin "MR_18" area is 0.44 square miles.
ERROR 46551:  Los Angeles Debris Flow Method EQ 2-5 is valid for areas of 3.0 to 200.0 square miles.
      Subbasin "AC_2" area is 1.03 square miles.
ERROR 46551:  Los Angeles Debris Flow Method EQ 2-5 is valid for areas of 3.0 to 200.0 square miles.
      Subbasin "MR_20" area is 1.09 square miles.
ERROR 46551:  Los Angeles Debris Flow Method EQ 2-5 is valid for areas of 3.0 to 200.0 square miles.
      Subbasin "AC_3" area is 0.72 square miles.
ERROR 46551:  Los Angeles Debris Flow Method EQ 2-5 is valid for areas of 3.0 to 200.0 square miles.
      Subbasin "MR_22" area is 1.29 square miles.
ERROR 46551:  Los Angeles Debris Flow Method EQ 2-5 is valid for areas of 3.0 to 200.0 square miles.
      Subbasin "SD_1" area is 1.22 square miles.
ERROR 46551:  Los Angeles Debris Flow Method EQ 2-5 is valid for areas of 3.0 to 200.0 square miles.
      Subbasin "SD_2" area is 1.05 square miles.
ERROR 46551:  Los Angeles Debris Flow Method EQ 2-5 is valid for areas of 3.0 to 200.0 square miles.
      Subbasin "MR_23" area is 2.74 square miles.
ERROR 46551:  Los Angeles Debris Flow Method EQ 2-5 is valid for areas of 3.0 to 200.0 square miles.
      Subbasin "CM_1" area is 2.8 square miles.
ERROR 46551:  Los Angeles Debris Flow Method EQ 2-5 is valid for areas of 3.0 to 200.0 square miles.
      Subbasin "CM_2" area is 2.34 square miles.
ERROR 46551:  Los Angeles Debris Flow Method EQ 2-5 is valid for areas of 3.0 to 200.0 square miles.
      Subbasin "MR_24" area is 2.24 square miles.
ERROR 46551:  Los Angeles Debris Flow Method EQ 2-5 is valid for areas of 3.0 to 200.0 square miles.
      Subbasin "CM_3" area is 1.23 square miles.
ERROR 46551:  Los Angeles Debris Flow Method EQ 2-5 is valid for areas of 3.0 to 200.0 square miles.
      Subbasin "CC_2" area is 2.67 square miles.
ERROR 46551:  Los Angeles Debris Flow Method EQ 2-5 is valid for areas of 3.0 to 200.0 square miles.
      Subbasin "CC_3" area is 2.15 square miles.
ERROR 46551:  Los Angeles Debris Flow Method EQ 2-5 is valid for areas of 3.0 to 200.0 square miles.
      Subbasin "MR_26" area is 1.57 square miles.
ERROR 46551:  Los Angeles Debris Flow Method EQ 2-5 is valid for areas of 3.0 to 200.0 square miles.
      Subbasin "MR_27" area is 0.68 square miles.
ERROR 46551:  Los Angeles Debris Flow Method EQ 2-5 is valid for areas of 3.0 to 200.0 square miles.
      Subbasin "RLC_4" area is 0.47 square miles.
ERROR 46551:  Los Angeles Debris Flow Method EQ 2-5 is valid for areas of 3.0 to 200.0 square miles.
      Subbasin "UA_2" area is 2.49 square miles.
ERROR 46551:  Los Angeles Debris Flow Method EQ 2-5 is valid for areas of 3.0 to 200.0 square miles.
      Subbasin "UA_3" area is 1.57 square miles.
ERROR 46551:  Los Angeles Debris Flow Method EQ 2-5 is valid for areas of 3.0 to 200.0 square miles.
      Subbasin "UA_4" area is 1.2 square miles.
ERROR 46551:  Los Angeles Debris Flow Method EQ 2-5 is valid for areas of 3.0 to 200.0 square miles.
      Subbasin "UA_5" area is 1.08 square miles.
ERROR 46551:  Los Angeles Debris Flow Method EQ 2-5 is valid for areas of 3.0 to 200.0 square miles.
      Subbasin "UA_6" area is 2.03 square miles.
ERROR 46551:  Los Angeles Debris Flow Method EQ 2-5 is valid for areas of 3.0 to 200.0 square miles.
      Subbasin "MR_31" area is 1.75 square miles.
ERROR 46551:  Los Angeles Debris Flow Method EQ 2-5 is valid for areas of 3.0 to 200.0 square miles.
      Subbasin "MR_29" area is 0.96 square miles.
ERROR 46551:  Los Angeles Debris Flow Method EQ 2-5 is valid for areas of 3.0 to 200.0 square miles.
      Subbasin "MR_34" area is 2.65 square miles.
ERROR 46551:  Los Angeles Debris Flow Method EQ 2-5 is valid for areas of 3.0 to 200.0 square miles.
      Subbasin "MR_35" area is 0.17 square miles.
ERROR 46551:  Los Angeles Debris Flow Method EQ 2-5 is valid for areas of 3.0 to 200.0 square miles.
      Subbasin "MR_38" area is 1.24 square miles.
ERROR 46551:  Los Angeles Debris Flow Method EQ 2-5 is valid for areas of 3.0 to 200.0 square miles.
      Subbasin "RM_4" area is 2.44 square miles.
ERROR 46551:  Los Angeles Debris Flow Method EQ 2-5 is valid for areas of 3.0 to 200.0 square miles.
      Subbasin "SC_1" area is 2.64 square miles.
ERROR 46551:  Los Angeles Debris Flow Method EQ 2-5 is valid for areas of 3.0 to 200.0 square miles.
      Subbasin "SC_2" area is 1.2 square miles.
ERROR 46551:  Los Angeles Debris Flow Method EQ 2-5 is valid for areas of 3.0 to 200.0 square miles.
      Subbasin "SC_3" area is 1.86 square miles.
ERROR 46551:  Los Angeles Debris Flow Method EQ 2-5 is valid for areas of 3.0 to 200.0 square miles.
      Subbasin "SC_4" area is 1.82 square miles.
ERROR 46551:  Los Angeles Debris Flow Method EQ 2-5 is valid for areas of 3.0 to 200.0 square miles.
      Subbasin "SC_5" area is 1.63 square miles.
ERROR 46551:  Los Angeles Debris Flow Method EQ 2-5 is valid for areas of 3.0 to 200.0 square miles.
      Subbasin "SC_6" area is 1.88 square miles.
ERROR 46551:  Los Angeles Debris Flow Method EQ 2-5 is valid for areas of 3.0 to 200.0 square miles.
      Subbasin "RC_1" area is 2.06 square miles.
ERROR 46551:  Los Angeles Debris Flow Method EQ 2-5 is valid for areas of 3.0 to 200.0 square miles.
      Subbasin "RC_2" area is 2.31 square miles.
ERROR 46551:  Los Angeles Debris Flow Method EQ 2-5 is valid for areas of 3.0 to 200.0 square miles.
      Subbasin "RC_3" area is 1.02 square miles.
ERROR 46551:  Los Angeles Debris Flow Method EQ 2-5 is valid for areas of 3.0 to 200.0 square miles.
      Subbasin "RC_4" area is 1.22 square miles.
ERROR 46551:  Los Angeles Debris Flow Method EQ 2-5 is valid for areas of 3.0 to 200.0 square miles.
      Subbasin "RC_5" area is 1.07 square miles.
ERROR 46551:  Los Angeles Debris Flow Method EQ 2-5 is valid for areas of 3.0 to 200.0 square miles.
      Subbasin "UB_2" area is 2.03 square miles.
ERROR 46551:  Los Angeles Debris Flow Method EQ 2-5 is valid for areas of 3.0 to 200.0 square miles.
      Subbasin "UB_3" area is 2.22 square miles.
ERROR 46551:  Los Angeles Debris Flow Method EQ 2-5 is valid for areas of 3.0 to 200.0 square miles.
      Subbasin "UB_4" area is 1.06 square miles.
ERROR 46551:  Los Angeles Debris Flow Method EQ 2-5 is valid for areas of 3.0 to 200.0 square miles.
      Subbasin "RC_6" area is 1.26 square miles.
ERROR 46551:  Los Angeles Debris Flow Method EQ 2-5 is valid for areas of 3.0 to 200.0 square miles.
      Subbasin "RC_7" area is 0.49 square miles.
ERROR 46551:  Los Angeles Debris Flow Method EQ 2-5 is valid for areas of 3.0 to 200.0 square miles.
      Subbasin "UB_5" area is 0.4 square miles.
ERROR 46551:  Los Angeles Debris Flow Method EQ 2-5 is valid for areas of 3.0 to 200.0 square miles.
      Subbasin "RC_10" area is 1.44 square miles.
ERROR 46551:  Los Angeles Debris Flow Method EQ 2-5 is valid for areas of 3.0 to 200.0 square miles.
      Subbasin "MR_39" area is 2.94 square miles.
ERROR 46551:  Los Angeles Debris Flow Method EQ 2-5 is valid for areas of 3.0 to 200.0 square miles.
      Subbasin "UC_2" area is 1.04 square miles.
ERROR 46551:  Los Angeles Debris Flow Method EQ 2-5 is valid for areas of 3.0 to 200.0 square miles.
      Subbasin "UC_3" area is 2.22 square miles.
ERROR 46551:  Los Angeles Debris Flow Method EQ 2-5 is valid for areas of 3.0 to 200.0 square miles.
      Subbasin "MR_41" area is 2.14 square miles.
NOTE 40049:  Found no parameter problems in basin model "UMR_Post-Fire_0.010-0.040_25".
NOTE 23406:  Hypothetical storm depth: 2.735 IN.
NOTE 23413:  Area upstream of computation point: 2.139 MI2.
NOTE 23407:  Hypothetical storm area: 2.139 MI2.
NOTE 23409:  Area-reduced hypothetical storm depth: 2.735 in.
NOTE 42413:  Unit hydrograph volume for subbasin "MR_1" is 1.0000 in.
NOTE 42413:  Unit hydrograph volume for subbasin "LC_5" is 1.0000 in.
NOTE 42413:  Unit hydrograph volume for subbasin "MR_3" is 1.0000 in.
NOTE 42413:  Unit hydrograph volume for subbasin "LC_2" is 1.0000 in.
NOTE 42413:  Unit hydrograph volume for subbasin "LC_3" is 1.0000 in.
NOTE 42413:  Unit hydrograph volume for subbasin "LC_1" is 1.0000 in.
NOTE 42413:  Unit hydrograph volume for subbasin "LC_7" is 1.0000 in.
NOTE 42413:  Unit hydrograph volume for subbasin "LC_6" is 1.0000 in.
NOTE 42413:  Unit hydrograph volume for subbasin "MR_4" is 1.0000 in.
NOTE 42413:  Unit hydrograph volume for subbasin "LC_4" is 1.0000 in.
NOTE 42413:  Unit hydrograph volume for subbasin "MR_5" is 1.0000 in.
NOTE 42413:  Unit hydrograph volume for subbasin "MR_2" is 1.0000 in.
NOTE 42413:  Unit hydrograph volume for subbasin "MR_9" is 1.0000 in.
NOTE 42413:  Unit hydrograph volume for subbasin "MR_7" is 1.0000 in.
NOTE 42413:  Unit hydrograph volume for subbasin "MR_12" is 1.0000 in.
NOTE 42413:  Unit hydrograph volume for subbasin "MR_14" is 1.0000 in.
NOTE 42413:  Unit hydrograph volume for subbasin "MR_17" is 1.0000 in.
NOTE 42413:  Unit hydrograph volume for subbasin "MR_15" is 1.0000 in.
NOTE 42413:  Unit hydrograph volume for subbasin "MR_10" is 1.0000 in.
NOTE 42413:  Unit hydrograph volume for subbasin "MR_13" is 1.0000 in.
NOTE 42413:  Unit hydrograph volume for subbasin "MR_6" is 1.0000 in.
NOTE 42413:  Unit hydrograph volume for subbasin "MR_8" is 1.0000 in.
NOTE 42413:  Unit hydrograph volume for subbasin "MR_11" is 1.0000 in.
NOTE 42413:  Unit hydrograph volume for subbasin "MR_19" is 1.0000 in.
NOTE 42413:  Unit hydrograph volume for subbasin "AC_1" is 1.0000 in.
NOTE 42413:  Unit hydrograph volume for subbasin "MR_18" is 1.0000 in.
NOTE 42413:  Unit hydrograph volume for subbasin "SD_1" is 1.0000 in.
NOTE 42413:  Unit hydrograph volume for subbasin "MR_16" is 1.0000 in.
NOTE 42413:  Unit hydrograph volume for subbasin "SD_3" is 1.0000 in.
NOTE 42413:  Unit hydrograph volume for subbasin "SD_2" is 1.0000 in.
NOTE 42413:  Unit hydrograph volume for subbasin "CM_1" is 1.0000 in.
NOTE 42413:  Unit hydrograph volume for subbasin "MR_20" is 1.0000 in.
NOTE 42413:  Unit hydrograph volume for subbasin "AC_2" is 1.0000 in.
NOTE 42413:  Unit hydrograph volume for subbasin "MR_24" is 1.0000 in.
NOTE 42413:  Unit hydrograph volume for subbasin "MR_21" is 1.0000 in.
NOTE 42413:  Unit hydrograph volume for subbasin "CC_1" is 1.0000 in.
NOTE 42413:  Unit hydrograph volume for subbasin "CM_2" is 1.0000 in.
NOTE 42413:  Unit hydrograph volume for subbasin "MR_23" is 1.0000 in.
NOTE 42413:  Unit hydrograph volume for subbasin "AC_3" is 1.0000 in.
NOTE 42413:  Unit hydrograph volume for subbasin "CM_3" is 1.0000 in.
NOTE 42413:  Unit hydrograph volume for subbasin "MR_25" is 1.0000 in.
NOTE 42413:  Unit hydrograph volume for subbasin "CC_2" is 1.0000 in.
NOTE 42413:  Unit hydrograph volume for subbasin "RLC_3" is 1.0000 in.
NOTE 42413:  Unit hydrograph volume for subbasin "MR_26" is 1.0000 in.
NOTE 42413:  Unit hydrograph volume for subbasin "RLC_5" is 1.0000 in.
NOTE 42413:  Unit hydrograph volume for subbasin "RLC_1" is 1.0000 in.
NOTE 42413:  Unit hydrograph volume for subbasin "MR_22" is 1.0000 in.
NOTE 42413:  Unit hydrograph volume for subbasin "CC_3" is 1.0000 in.
NOTE 42413:  Unit hydrograph volume for subbasin "RLC_4" is 1.0000 in.
NOTE 42413:  Unit hydrograph volume for subbasin "UA_1" is 1.0000 in.
NOTE 42413:  Unit hydrograph volume for subbasin "MR_27" is 1.0000 in.
NOTE 42413:  Unit hydrograph volume for subbasin "MR_28" is 1.0000 in.
NOTE 42413:  Unit hydrograph volume for subbasin "UA_4" is 1.0000 in.
NOTE 42413:  Unit hydrograph volume for subbasin "RLC_2" is 1.0000 in.
NOTE 42413:  Unit hydrograph volume for subbasin "UA_6" is 1.0000 in.
NOTE 42413:  Unit hydrograph volume for subbasin "UA_3" is 1.0000 in.
NOTE 42413:  Unit hydrograph volume for subbasin "UA_7" is 1.0000 in.
NOTE 42413:  Unit hydrograph volume for subbasin "MR_32" is 1.0000 in.
NOTE 42413:  Unit hydrograph volume for subbasin "MR_30" is 1.0000 in.
NOTE 42413:  Unit hydrograph volume for subbasin "UA_2" is 1.0000 in.
NOTE 42413:  Unit hydrograph volume for subbasin "MR_35" is 1.0000 in.
NOTE 42413:  Unit hydrograph volume for subbasin "UA_5" is 1.0000 in.
NOTE 42413:  Unit hydrograph volume for subbasin "MR_37" is 1.0000 in.
NOTE 42413:  Unit hydrograph volume for subbasin "MR_33" is 1.0000 in.
NOTE 42413:  Unit hydrograph volume for subbasin "MR_36" is 1.0000 in.
NOTE 42413:  Unit hydrograph volume for subbasin "MR_31" is 1.0000 in.
NOTE 42413:  Unit hydrograph volume for subbasin "RM_1" is 1.0000 in.
NOTE 42413:  Unit hydrograph volume for subbasin "MR_38" is 1.0000 in.
NOTE 42413:  Unit hydrograph volume for subbasin "SC_1" is 1.0000 in.
NOTE 42413:  Unit hydrograph volume for subbasin "SC_3" is 1.0000 in.
NOTE 42413:  Unit hydrograph volume for subbasin "MR_29" is 1.0000 in.
NOTE 42413:  Unit hydrograph volume for subbasin "SC_4" is 1.0000 in.
NOTE 42413:  Unit hydrograph volume for subbasin "MR_34" is 1.0000 in.
NOTE 42413:  Unit hydrograph volume for subbasin "RM_3" is 1.0000 in.
NOTE 42413:  Unit hydrograph volume for subbasin "SC_2" is 1.0000 in.
NOTE 42413:  Unit hydrograph volume for subbasin "RM_2" is 1.0000 in.
NOTE 42413:  Unit hydrograph volume for subbasin "RC_1" is 1.0000 in.
NOTE 42413:  Unit hydrograph volume for subbasin "SC_5" is 1.0000 in.
NOTE 42413:  Unit hydrograph volume for subbasin "RM_4" is 1.0000 in.
NOTE 42413:  Unit hydrograph volume for subbasin "SC_6" is 1.0000 in.
NOTE 42413:  Unit hydrograph volume for subbasin "SC_7" is 1.0000 in.
NOTE 42413:  Unit hydrograph volume for subbasin "RC_2" is 1.0000 in.
NOTE 42413:  Unit hydrograph volume for subbasin "RC_4" is 1.0000 in.
NOTE 42413:  Unit hydrograph volume for subbasin "RC_5" is 1.0000 in.
NOTE 42413:  Unit hydrograph volume for subbasin "RC_3" is 1.0000 in.
NOTE 42413:  Unit hydrograph volume for subbasin "UB_3" is 1.0000 in.
NOTE 42413:  Unit hydrograph volume for subbasin "UB_1" is 1.0000 in.
NOTE 42413:  Unit hydrograph volume for subbasin "RC_11" is 1.0000 in.
NOTE 42413:  Unit hydrograph volume for subbasin "RC_6" is 1.0000 in.
NOTE 42413:  Unit hydrograph volume for subbasin "UC_1" is 1.0000 in.
NOTE 42413:  Unit hydrograph volume for subbasin "RC_8" is 1.0000 in.
NOTE 42413:  Unit hydrograph volume for subbasin "RC_10" is 1.0000 in.
NOTE 42413:  Unit hydrograph volume for subbasin "UB_2" is 1.0000 in.
NOTE 42413:  Unit hydrograph volume for subbasin "UB_4" is 1.0000 in.
NOTE 42413:  Unit hydrograph volume for subbasin "MR_39" is 1.0000 in.
NOTE 42413:  Unit hydrograph volume for subbasin "RC_7" is 1.0000 in.
NOTE 42413:  Unit hydrograph volume for subbasin "UC_2" is 1.0000 in.
NOTE 42413:  Unit hydrograph volume for subbasin "MR_41" is 1.0000 in.
NOTE 42413:  Unit hydrograph volume for subbasin "RC_9" is 1.0000 in.
NOTE 42413:  Unit hydrograph volume for subbasin "MR_40" is 1.0000 in.
NOTE 42413:  Unit hydrograph volume for subbasin "UB_5" is 1.0000 in.
NOTE 42413:  Unit hydrograph volume for subbasin "UC_3" is 1.0000 in.
NOTE 15302:  Finished computing simulation run "UMR_Post-Fire_0.040_LA_2-5" at time 12Jul2022, 07:58:43.
NOTE 15312:  The total runtime for this simulation is 00:24.
