    -----DSS---ZOPEN:  Existing File Opened,  File: M:\01 Fires\02 NM Fires\Hermits Peak Fire 2022\Delivery\to Others\20220804 Las Vegas\Gallinas_Creek_08July\Gallinas_Creek.dss
                       Unit:    4;  DSS Versions - Software: 6-YN, File: 6-YN,  Library 7-IG
 -----DSS---zsrtsx6:  ERROR;  Unable to store time pattern data in double precision.
 Pathname: //PC50_Sub/FLOW-UNIT GRAPH/TS-PATTERN/15MIN/RUN:LA2-5_PostFire 002 Sediment/
 -----DSS---zsrtsx6:  ERROR;  Unable to store time pattern data in double precision.
 Pathname: //PC40_Sub/FLOW-UNIT GRAPH/TS-PATTERN/15MIN/RUN:LA2-5_PostFire 002 Sediment/
 -----DSS---zsrtsx6:  ERROR;  Unable to store time pattern data in double precision.
 Pathname: //PC20_Sub/FLOW-UNIT GRAPH/TS-PATTERN/15MIN/RUN:LA2-5_PostFire 002 Sediment/
 -----DSS---zsrtsx6:  ERROR;  Unable to store time pattern data in double precision.
 Pathname: //PC60_Sub/FLOW-UNIT GRAPH/TS-PATTERN/15MIN/RUN:LA2-5_PostFire 002 Sediment/
 -----DSS---zsrtsx6:  ERROR;  Unable to store time pattern data in double precision.
 Pathname: //PC10_Sub/FLOW-UNIT GRAPH/TS-PATTERN/15MIN/RUN:LA2-5_PostFire 002 Sediment/
 -----DSS---zsrtsx6:  ERROR;  Unable to store time pattern data in double precision.
 Pathname: //PC90_Sub/FLOW-UNIT GRAPH/TS-PATTERN/15MIN/RUN:LA2-5_PostFire 002 Sediment/
 -----DSS---zsrtsx6:  ERROR;  Unable to store time pattern data in double precision.
 Pathname: //PC110_Sub/FLOW-UNIT GRAPH/TS-PATTERN/15MIN/RUN:LA2-5_PostFire 002 Sediment/
 -----DSS---zsrtsx6:  ERROR;  Unable to store time pattern data in double precision.
 Pathname: //PC80_Sub/FLOW-UNIT GRAPH/TS-PATTERN/15MIN/RUN:LA2-5_PostFire 002 Sediment/
 -----DSS---zsrtsx6:  ERROR;  Unable to store time pattern data in double precision.
 Pathname: //PC70_Sub/FLOW-UNIT GRAPH/TS-PATTERN/15MIN/RUN:LA2-5_PostFire 002 Sediment/
 -----DSS---zsrtsx6:  ERROR;  Unable to store time pattern data in double precision.
 Pathname: //PC100_Sub/FLOW-UNIT GRAPH/TS-PATTERN/15MIN/RUN:LA2-5_PostFire 002 Sediment/
 -----DSS---zsrtsx6:  ERROR;  Unable to store time pattern data in double precision.
 Pathname: //PC30_Sub/FLOW-UNIT GRAPH/TS-PATTERN/15MIN/RUN:LA2-5_PostFire 002 Sediment/
 -----DSS---zsrtsx6:  ERROR;  Unable to store time pattern data in double precision.
 Pathname: //PC130_Sub/FLOW-UNIT GRAPH/TS-PATTERN/15MIN/RUN:LA2-5_PostFire 002 Sediment/
 -----DSS---zsrtsx6:  ERROR;  Unable to store time pattern data in double precision.
 Pathname: //PC120_Sub/FLOW-UNIT GRAPH/TS-PATTERN/15MIN/RUN:LA2-5_PostFire 002 Sediment/
 -----DSS---zsrtsx6:  ERROR;  Unable to store time pattern data in double precision.
 Pathname: //CC30_Sub/FLOW-UNIT GRAPH/TS-PATTERN/15MIN/RUN:LA2-5_PostFire 002 Sediment/
 -----DSS---zsrtsx6:  ERROR;  Unable to store time pattern data in double precision.
 Pathname: //CC40_Sub/FLOW-UNIT GRAPH/TS-PATTERN/15MIN/RUN:LA2-5_PostFire 002 Sediment/
 -----DSS---zsrtsx6:  ERROR;  Unable to store time pattern data in double precision.
 Pathname: //CC20_Sub/FLOW-UNIT GRAPH/TS-PATTERN/15MIN/RUN:LA2-5_PostFire 002 Sediment/
 -----DSS---zsrtsx6:  ERROR;  Unable to store time pattern data in double precision.
 Pathname: //CC50_Sub/FLOW-UNIT GRAPH/TS-PATTERN/15MIN/RUN:LA2-5_PostFire 002 Sediment/
 -----DSS---zsrtsx6:  ERROR;  Unable to store time pattern data in double precision.
 Pathname: //CC10_Sub/FLOW-UNIT GRAPH/TS-PATTERN/15MIN/RUN:LA2-5_PostFire 002 Sediment/
 -----DSS---zsrtsx6:  ERROR;  Unable to store time pattern data in double precision.
 Pathname: //CC60_Sub/FLOW-UNIT GRAPH/TS-PATTERN/15MIN/RUN:LA2-5_PostFire 002 Sediment/
 -----DSS---zsrtsx6:  ERROR;  Unable to store time pattern data in double precision.
 Pathname: //CC70_Sub/FLOW-UNIT GRAPH/TS-PATTERN/15MIN/RUN:LA2-5_PostFire 002 Sediment/
 -----DSS---zsrtsx6:  ERROR;  Unable to store time pattern data in double precision.
 Pathname: //CC90_Sub/FLOW-UNIT GRAPH/TS-PATTERN/15MIN/RUN:LA2-5_PostFire 002 Sediment/
 -----DSS---zsrtsx6:  ERROR;  Unable to store time pattern data in double precision.
 Pathname: //CC80_Sub/FLOW-UNIT GRAPH/TS-PATTERN/15MIN/RUN:LA2-5_PostFire 002 Sediment/
 -----DSS---zsrtsx6:  ERROR;  Unable to store time pattern data in double precision.
 Pathname: //CC100_Sub/FLOW-UNIT GRAPH/TS-PATTERN/15MIN/RUN:LA2-5_PostFire 002 Sediment/
 -----DSS---zsrtsx6:  ERROR;  Unable to store time pattern data in double precision.
 Pathname: //CC110_Sub/FLOW-UNIT GRAPH/TS-PATTERN/15MIN/RUN:LA2-5_PostFire 002 Sediment/
 -----DSS---zsrtsx6:  ERROR;  Unable to store time pattern data in double precision.
 Pathname: //CC120_Sub/FLOW-UNIT GRAPH/TS-PATTERN/15MIN/RUN:LA2-5_PostFire 002 Sediment/
 -----DSS---zsrtsx6:  ERROR;  Unable to store time pattern data in double precision.
 Pathname: //PC140_Sub/FLOW-UNIT GRAPH/TS-PATTERN/15MIN/RUN:LA2-5_PostFire 002 Sediment/
 -----DSS---zsrtsx6:  ERROR;  Unable to store time pattern data in double precision.
 Pathname: //GC10_Sub/FLOW-UNIT GRAPH/TS-PATTERN/15MIN/RUN:LA2-5_PostFire 002 Sediment/
 -----DSS---zsrtsx6:  ERROR;  Unable to store time pattern data in double precision.
 Pathname: //GC20_Sub/FLOW-UNIT GRAPH/TS-PATTERN/15MIN/RUN:LA2-5_PostFire 002 Sediment/
 -----DSS---zsrtsx6:  ERROR;  Unable to store time pattern data in double precision.
 Pathname: //GC40_Sub/FLOW-UNIT GRAPH/TS-PATTERN/15MIN/RUN:LA2-5_PostFire 002 Sediment/
 -----DSS---zsrtsx6:  ERROR;  Unable to store time pattern data in double precision.
 Pathname: //GC30_Sub/FLOW-UNIT GRAPH/TS-PATTERN/15MIN/RUN:LA2-5_PostFire 002 Sediment/
 -----DSS---zsrtsx6:  ERROR;  Unable to store time pattern data in double precision.
 Pathname: //GC60_Sub/FLOW-UNIT GRAPH/TS-PATTERN/15MIN/RUN:LA2-5_PostFire 002 Sediment/
 -----DSS---zsrtsx6:  ERROR;  Unable to store time pattern data in double precision.
 Pathname: //GC50_Sub/FLOW-UNIT GRAPH/TS-PATTERN/15MIN/RUN:LA2-5_PostFire 002 Sediment/
 -----DSS---zsrtsx6:  ERROR;  Unable to store time pattern data in double precision.
 Pathname: //GC100_Sub/FLOW-UNIT GRAPH/TS-PATTERN/15MIN/RUN:LA2-5_PostFire 002 Sediment/
 -----DSS---zsrtsx6:  ERROR;  Unable to store time pattern data in double precision.
 Pathname: //GC110_Sub/FLOW-UNIT GRAPH/TS-PATTERN/15MIN/RUN:LA2-5_PostFire 002 Sediment/
 -----DSS---zsrtsx6:  ERROR;  Unable to store time pattern data in double precision.
 Pathname: //GC80_Sub/FLOW-UNIT GRAPH/TS-PATTERN/15MIN/RUN:LA2-5_PostFire 002 Sediment/
 -----DSS---zsrtsx6:  ERROR;  Unable to store time pattern data in double precision.
 Pathname: //GC90_Sub/FLOW-UNIT GRAPH/TS-PATTERN/15MIN/RUN:LA2-5_PostFire 002 Sediment/
 -----DSS---zsrtsx6:  ERROR;  Unable to store time pattern data in double precision.
 Pathname: //GC120_Sub/FLOW-UNIT GRAPH/TS-PATTERN/15MIN/RUN:LA2-5_PostFire 002 Sediment/
 -----DSS---zsrtsx6:  ERROR;  Unable to store time pattern data in double precision.
 Pathname: //GC70_Sub/FLOW-UNIT GRAPH/TS-PATTERN/15MIN/RUN:LA2-5_PostFire 002 Sediment/
 -----DSS---zsrtsx6:  ERROR;  Unable to store time pattern data in double precision.
 Pathname: //GC130_Sub/FLOW-UNIT GRAPH/TS-PATTERN/15MIN/RUN:LA2-5_PostFire 002 Sediment/
 -----DSS---zsrtsx6:  ERROR;  Unable to store time pattern data in double precision.
 Pathname: //GC140_Sub/FLOW-UNIT GRAPH/TS-PATTERN/15MIN/RUN:LA2-5_PostFire 002 Sediment/
 -----DSS---zsrtsx6:  ERROR;  Unable to store time pattern data in double precision.
 Pathname: //GC150_Sub/FLOW-UNIT GRAPH/TS-PATTERN/15MIN/RUN:LA2-5_PostFire 002 Sediment/
 -----DSS---zsrtsx6:  ERROR;  Unable to store time pattern data in double precision.
 Pathname: //GC170_Sub/FLOW-UNIT GRAPH/TS-PATTERN/15MIN/RUN:LA2-5_PostFire 002 Sediment/
 -----DSS---zsrtsx6:  ERROR;  Unable to store time pattern data in double precision.
 Pathname: //GC230_Sub/FLOW-UNIT GRAPH/TS-PATTERN/15MIN/RUN:LA2-5_PostFire 002 Sediment/
 -----DSS---zsrtsx6:  ERROR;  Unable to store time pattern data in double precision.
 Pathname: //GC240_Sub/FLOW-UNIT GRAPH/TS-PATTERN/15MIN/RUN:LA2-5_PostFire 002 Sediment/
 -----DSS---zsrtsx6:  ERROR;  Unable to store time pattern data in double precision.
 Pathname: //GC180_Sub/FLOW-UNIT GRAPH/TS-PATTERN/15MIN/RUN:LA2-5_PostFire 002 Sediment/
 -----DSS---zsrtsx6:  ERROR;  Unable to store time pattern data in double precision.
 Pathname: //GC190_Sub/FLOW-UNIT GRAPH/TS-PATTERN/15MIN/RUN:LA2-5_PostFire 002 Sediment/
 -----DSS---zsrtsx6:  ERROR;  Unable to store time pattern data in double precision.
 Pathname: //GC160_Sub/FLOW-UNIT GRAPH/TS-PATTERN/15MIN/RUN:LA2-5_PostFire 002 Sediment/
 -----DSS---zsrtsx6:  ERROR;  Unable to store time pattern data in double precision.
 Pathname: //GC210_Sub/FLOW-UNIT GRAPH/TS-PATTERN/15MIN/RUN:LA2-5_PostFire 002 Sediment/
 -----DSS---zsrtsx6:  ERROR;  Unable to store time pattern data in double precision.
 Pathname: //GC220_Sub/FLOW-UNIT GRAPH/TS-PATTERN/15MIN/RUN:LA2-5_PostFire 002 Sediment/
 -----DSS---zsrtsx6:  ERROR;  Unable to store time pattern data in double precision.
 Pathname: //GC250_Sub/FLOW-UNIT GRAPH/TS-PATTERN/15MIN/RUN:LA2-5_PostFire 002 Sediment/
 -----DSS---zsrtsx6:  ERROR;  Unable to store time pattern data in double precision.
 Pathname: //GC260_Sub/FLOW-UNIT GRAPH/TS-PATTERN/15MIN/RUN:LA2-5_PostFire 002 Sediment/
 -----DSS---zsrtsx6:  ERROR;  Unable to store time pattern data in double precision.
 Pathname: //GC270_Sub/FLOW-UNIT GRAPH/TS-PATTERN/15MIN/RUN:LA2-5_PostFire 002 Sediment/
 -----DSS---zsrtsx6:  ERROR;  Unable to store time pattern data in double precision.
 Pathname: //GC200_Sub/FLOW-UNIT GRAPH/TS-PATTERN/15MIN/RUN:LA2-5_PostFire 002 Sediment/
