NOTE 45723:  Began computing frequency analysis "CCW_Post-Fire_Calib" at time 08Jul2022, 10:08:41.
NOTE 45724:  Began computing ordinate #1 in frequency analysis simulation "CCW_Post-Fire_Calib" at time 08Jul2022, 10:08:42.
NOTE 15407:  Computing analysis point "Coyote_C_N_Golondrinas_NM".
NOTE 41088:  Routing parameters based on index celerity 5.00 ft/s for reach "R_62": Delta t (sec) 60.0  Delta x (ft) 296.6303
NOTE 41088:  Routing parameters based on index celerity 5.00 ft/s for reach "R_52": Delta t (sec) 60.0  Delta x (ft) 298.9828
NOTE 41088:  Routing parameters based on index celerity 5.00 ft/s for reach "R_44": Delta t (sec) 60.0  Delta x (ft) 286.0545
NOTE 41088:  Routing parameters based on index celerity 5.00 ft/s for reach "R_54": Delta t (sec) 60.0  Delta x (ft) 285.5740
NOTE 41088:  Routing parameters based on index celerity 5.00 ft/s for reach "R_39": Delta t (sec) 60.0  Delta x (ft) 252.0275
NOTE 41088:  Routing parameters based on index celerity 5.00 ft/s for reach "R_38": Delta t (sec) 60.0  Delta x (ft) 295.5115
NOTE 41088:  Routing parameters based on index celerity 5.00 ft/s for reach "R_63": Delta t (sec) 60.0  Delta x (ft) 298.2606
NOTE 41088:  Routing parameters based on index celerity 5.00 ft/s for reach "R_35": Delta t (sec) 60.0  Delta x (ft) 291.7873
NOTE 41088:  Routing parameters based on index celerity 5.00 ft/s for reach "R_33": Delta t (sec) 60.0  Delta x (ft) 295.6234
NOTE 41088:  Routing parameters based on index celerity 5.00 ft/s for reach "R_29": Delta t (sec) 60.0  Delta x (ft) 269.8083
NOTE 41088:  Routing parameters based on index celerity 5.00 ft/s for reach "R_27": Delta t (sec) 60.0  Delta x (ft) 297.5456
NOTE 41088:  Routing parameters based on index celerity 5.00 ft/s for reach "R_26": Delta t (sec) 60.0  Delta x (ft) 294.0843
NOTE 41088:  Routing parameters based on index celerity 5.00 ft/s for reach "R_24": Delta t (sec) 60.0  Delta x (ft) 289.7428
NOTE 41088:  Routing parameters based on index celerity 5.00 ft/s for reach "R_22": Delta t (sec) 60.0  Delta x (ft) 294.7650
NOTE 41088:  Routing parameters based on index celerity 5.00 ft/s for reach "R_20": Delta t (sec) 60.0  Delta x (ft) 290.9472
NOTE 41088:  Routing parameters based on index celerity 5.00 ft/s for reach "R_19": Delta t (sec) 60.0  Delta x (ft) 276.6725
NOTE 41088:  Routing parameters based on index celerity 5.00 ft/s for reach "R_18": Delta t (sec) 60.0  Delta x (ft) 295.2411
NOTE 41088:  Routing parameters based on index celerity 5.00 ft/s for reach "R_16": Delta t (sec) 60.0  Delta x (ft) 296.3147
NOTE 41088:  Routing parameters based on index celerity 5.00 ft/s for reach "R_57": Delta t (sec) 60.0  Delta x (ft) 297.4239
NOTE 41088:  Routing parameters based on index celerity 5.00 ft/s for reach "R_48": Delta t (sec) 60.0  Delta x (ft) 296.1364
NOTE 41088:  Routing parameters based on index celerity 5.00 ft/s for reach "R_15": Delta t (sec) 60.0  Delta x (ft) 279.5750
NOTE 41088:  Routing parameters based on index celerity 5.00 ft/s for reach "R_14": Delta t (sec) 60.0  Delta x (ft) 289.9703
NOTE 41088:  Routing parameters based on index celerity 5.00 ft/s for reach "R_13": Delta t (sec) 60.0  Delta x (ft) 289.4563
NOTE 41088:  Routing parameters based on index celerity 5.00 ft/s for reach "R_11": Delta t (sec) 60.0  Delta x (ft) 299.9089
NOTE 41088:  Routing parameters based on index celerity 5.00 ft/s for reach "R_64": Delta t (sec) 60.0  Delta x (ft) 279.7536
NOTE 41088:  Routing parameters based on index celerity 5.00 ft/s for reach "R_58": Delta t (sec) 60.0  Delta x (ft) 293.1896
NOTE 41088:  Routing parameters based on index celerity 5.00 ft/s for reach "R_53": Delta t (sec) 60.0  Delta x (ft) 293.1896
NOTE 41088:  Routing parameters based on index celerity 5.00 ft/s for reach "R_42": Delta t (sec) 60.0  Delta x (ft) 298.3923
NOTE 41088:  Routing parameters based on index celerity 5.00 ft/s for reach "R_61": Delta t (sec) 60.0  Delta x (ft) 295.3027
NOTE 41088:  Routing parameters based on index celerity 5.00 ft/s for reach "R_50": Delta t (sec) 60.0  Delta x (ft) 298.7660
NOTE 41088:  Routing parameters based on index celerity 5.00 ft/s for reach "R_30": Delta t (sec) 60.0  Delta x (ft) 293.6178
NOTE 41088:  Routing parameters based on index celerity 5.00 ft/s for reach "R_51": Delta t (sec) 60.0  Delta x (ft) 298.7282
NOTE 41088:  Routing parameters based on index celerity 5.00 ft/s for reach "R_47": Delta t (sec) 60.0  Delta x (ft) 287.3153
NOTE 41088:  Routing parameters based on index celerity 5.00 ft/s for reach "R_40": Delta t (sec) 60.0  Delta x (ft) 291.1062
NOTE 41088:  Routing parameters based on index celerity 5.00 ft/s for reach "R_28": Delta t (sec) 60.0  Delta x (ft) 294.9282
NOTE 41088:  Routing parameters based on index celerity 5.00 ft/s for reach "R_9": Delta t (sec) 60.0  Delta x (ft) 299.7192
NOTE 41088:  Routing parameters based on index celerity 5.00 ft/s for reach "R_8": Delta t (sec) 60.0  Delta x (ft) 293.3373
NOTE 41088:  Routing parameters based on index celerity 5.00 ft/s for reach "R_66": Delta t (sec) 60.0  Delta x (ft) 298.7952
NOTE 41088:  Routing parameters based on index celerity 5.00 ft/s for reach "R_7": Delta t (sec) 60.0  Delta x (ft) 269.6820
NOTE 41088:  Routing parameters based on index celerity 5.00 ft/s for reach "R_6": Delta t (sec) 60.0  Delta x (ft) 299.2570
NOTE 41088:  Routing parameters based on index celerity 5.00 ft/s for reach "R_5": Delta t (sec) 60.0  Delta x (ft) 295.5472
NOTE 41088:  Routing parameters based on index celerity 5.00 ft/s for reach "R_69": Delta t (sec) 60.0  Delta x (ft) 295.8268
NOTE 41088:  Routing parameters based on index celerity 5.00 ft/s for reach "R_49": Delta t (sec) 60.0  Delta x (ft) 296.0267
NOTE 41088:  Routing parameters based on index celerity 5.00 ft/s for reach "R_32": Delta t (sec) 60.0  Delta x (ft) 299.8450
NOTE 41088:  Routing parameters based on index celerity 5.00 ft/s for reach "R_25": Delta t (sec) 60.0  Delta x (ft) 291.7297
NOTE 41088:  Routing parameters based on index celerity 5.00 ft/s for reach "R_23": Delta t (sec) 60.0  Delta x (ft) 283.9900
NOTE 41088:  Routing parameters based on index celerity 5.00 ft/s for reach "R_21": Delta t (sec) 60.0  Delta x (ft) 298.3021
NOTE 41088:  Routing parameters based on index celerity 5.00 ft/s for reach "R_17": Delta t (sec) 60.0  Delta x (ft) 298.9618
NOTE 41088:  Routing parameters based on index celerity 5.00 ft/s for reach "R_65": Delta t (sec) 60.0  Delta x (ft) 298.7434
NOTE 41088:  Routing parameters based on index celerity 5.00 ft/s for reach "R_31": Delta t (sec) 60.0  Delta x (ft) 284.6844
NOTE 41088:  Routing parameters based on index celerity 5.00 ft/s for reach "R_36": Delta t (sec) 60.0  Delta x (ft) 299.1303
NOTE 41088:  Routing parameters based on index celerity 5.00 ft/s for reach "R_12": Delta t (sec) 60.0  Delta x (ft) 289.6506
NOTE 41088:  Routing parameters based on index celerity 5.00 ft/s for reach "R_10": Delta t (sec) 60.0  Delta x (ft) 296.5247
NOTE 41088:  Routing parameters based on index celerity 5.00 ft/s for reach "R_4": Delta t (sec) 60.0  Delta x (ft) 276.5800
NOTE 41088:  Routing parameters based on index celerity 5.00 ft/s for reach "R_41": Delta t (sec) 60.0  Delta x (ft) 294.2321
NOTE 41088:  Routing parameters based on index celerity 5.00 ft/s for reach "R_3": Delta t (sec) 60.0  Delta x (ft) 297.2927
NOTE 41088:  Routing parameters based on index celerity 5.00 ft/s for reach "R_70": Delta t (sec) 60.0  Delta x (ft) 293.1867
NOTE 23406:  Hypothetical storm depth: 1.324 IN.
NOTE 23413:  Area upstream of computation point: 236.454 MI2.
NOTE 23407:  Hypothetical storm area: 236.455 MI2.
NOTE 23409:  Area-reduced hypothetical storm depth: 1.105 in.
NOTE 42413:  Unit hydrograph volume for subbasin "CC_1" is 1.0000 in.
NOTE 42413:  Unit hydrograph volume for subbasin "CC_2" is 1.0000 in.
NOTE 42413:  Unit hydrograph volume for subbasin "CC_3" is 1.0000 in.
NOTE 42413:  Unit hydrograph volume for subbasin "CC_4" is 1.0000 in.
NOTE 42413:  Unit hydrograph volume for subbasin "CC_5" is 1.0000 in.
NOTE 42413:  Unit hydrograph volume for subbasin "CC_6" is 1.0000 in.
NOTE 42413:  Unit hydrograph volume for subbasin "CC_7" is 1.0000 in.
NOTE 42413:  Unit hydrograph volume for subbasin "CC_8" is 1.0000 in.
NOTE 42413:  Unit hydrograph volume for subbasin "LCC_1" is 1.0000 in.
NOTE 42413:  Unit hydrograph volume for subbasin "LCC_2" is 1.0000 in.
NOTE 42413:  Unit hydrograph volume for subbasin "LCC_3" is 1.0000 in.
NOTE 42413:  Unit hydrograph volume for subbasin "LCC_4" is 1.0000 in.
NOTE 42413:  Unit hydrograph volume for subbasin "LCC_5" is 1.0000 in.
NOTE 42413:  Unit hydrograph volume for subbasin "CC_9" is 1.0000 in.
NOTE 42413:  Unit hydrograph volume for subbasin "LCC_6" is 1.0000 in.
NOTE 42413:  Unit hydrograph volume for subbasin "CC_10" is 1.0000 in.
NOTE 42413:  Unit hydrograph volume for subbasin "CC_11" is 1.0000 in.
NOTE 42413:  Unit hydrograph volume for subbasin "CC_12" is 1.0000 in.
NOTE 42413:  Unit hydrograph volume for subbasin "CC_13" is 1.0000 in.
NOTE 42413:  Unit hydrograph volume for subbasin "CC_14" is 1.0000 in.
NOTE 42413:  Unit hydrograph volume for subbasin "CC_15" is 1.0000 in.
NOTE 42413:  Unit hydrograph volume for subbasin "CC_16" is 1.0000 in.
NOTE 42413:  Unit hydrograph volume for subbasin "CC_17" is 1.0000 in.
NOTE 42413:  Unit hydrograph volume for subbasin "CC_18" is 1.0000 in.
NOTE 42413:  Unit hydrograph volume for subbasin "CC_19" is 1.0000 in.
NOTE 42413:  Unit hydrograph volume for subbasin "WC_1" is 1.0000 in.
NOTE 42413:  Unit hydrograph volume for subbasin "WC_2" is 1.0000 in.
NOTE 42413:  Unit hydrograph volume for subbasin "WC_3" is 1.0000 in.
NOTE 42413:  Unit hydrograph volume for subbasin "CC_20" is 1.0000 in.
NOTE 42413:  Unit hydrograph volume for subbasin "CC_21" is 1.0000 in.
NOTE 42413:  Unit hydrograph volume for subbasin "CC_22" is 1.0000 in.
NOTE 42413:  Unit hydrograph volume for subbasin "CC_23" is 1.0000 in.
NOTE 42413:  Unit hydrograph volume for subbasin "CC_24" is 1.0000 in.
NOTE 42413:  Unit hydrograph volume for subbasin "CDC_1" is 1.0000 in.
NOTE 42413:  Unit hydrograph volume for subbasin "CDC_2" is 1.0000 in.
NOTE 42413:  Unit hydrograph volume for subbasin "CDC_3" is 1.0000 in.
NOTE 42413:  Unit hydrograph volume for subbasin "CDC_4" is 1.0000 in.
NOTE 42413:  Unit hydrograph volume for subbasin "CDC_5" is 1.0000 in.
NOTE 42413:  Unit hydrograph volume for subbasin "TC_1" is 1.0000 in.
NOTE 42413:  Unit hydrograph volume for subbasin "TC_2" is 1.0000 in.
NOTE 42413:  Unit hydrograph volume for subbasin "TC_3" is 1.0000 in.
NOTE 42413:  Unit hydrograph volume for subbasin "TC_4" is 1.0000 in.
NOTE 42413:  Unit hydrograph volume for subbasin "SOC_1" is 1.0000 in.
NOTE 42413:  Unit hydrograph volume for subbasin "TC_5" is 1.0000 in.
NOTE 42413:  Unit hydrograph volume for subbasin "SIC_1" is 1.0000 in.
NOTE 42413:  Unit hydrograph volume for subbasin "SIC_2" is 1.0000 in.
NOTE 42413:  Unit hydrograph volume for subbasin "SIC_3" is 1.0000 in.
NOTE 42413:  Unit hydrograph volume for subbasin "SIC_4" is 1.0000 in.
NOTE 42413:  Unit hydrograph volume for subbasin "SIC_5" is 1.0000 in.
NOTE 42413:  Unit hydrograph volume for subbasin "CDC_6" is 1.0000 in.
NOTE 42413:  Unit hydrograph volume for subbasin "CC_25" is 1.0000 in.
NOTE 42413:  Unit hydrograph volume for subbasin "CDC_7" is 1.0000 in.
NOTE 42413:  Unit hydrograph volume for subbasin "CC_26" is 1.0000 in.
NOTE 42413:  Unit hydrograph volume for subbasin "UA_1" is 1.0000 in.
NOTE 42413:  Unit hydrograph volume for subbasin "CC_27" is 1.0000 in.
NOTE 42413:  Unit hydrograph volume for subbasin "UA_2" is 1.0000 in.
NOTE 42413:  Unit hydrograph volume for subbasin "CC_28" is 1.0000 in.
NOTE 42413:  Unit hydrograph volume for subbasin "CC_29" is 1.0000 in.
NOTE 42413:  Unit hydrograph volume for subbasin "JC_1" is 1.0000 in.
NOTE 42413:  Unit hydrograph volume for subbasin "JC_2" is 1.0000 in.
NOTE 42413:  Unit hydrograph volume for subbasin "JC_3" is 1.0000 in.
NOTE 42413:  Unit hydrograph volume for subbasin "JC_4" is 1.0000 in.
NOTE 42413:  Unit hydrograph volume for subbasin "JC_5" is 1.0000 in.
NOTE 42413:  Unit hydrograph volume for subbasin "JC_6" is 1.0000 in.
NOTE 42413:  Unit hydrograph volume for subbasin "JC_7" is 1.0000 in.
NOTE 42413:  Unit hydrograph volume for subbasin "JC_8" is 1.0000 in.
NOTE 42413:  Unit hydrograph volume for subbasin "JC_9" is 1.0000 in.
NOTE 42413:  Unit hydrograph volume for subbasin "UB_1" is 1.0000 in.
NOTE 42413:  Unit hydrograph volume for subbasin "UB_2" is 1.0000 in.
NOTE 42413:  Unit hydrograph volume for subbasin "UB_3" is 1.0000 in.
NOTE 42413:  Unit hydrograph volume for subbasin "UB_4" is 1.0000 in.
NOTE 42413:  Unit hydrograph volume for subbasin "JC_10" is 1.0000 in.
NOTE 42413:  Unit hydrograph volume for subbasin "UB_5" is 1.0000 in.
NOTE 42413:  Unit hydrograph volume for subbasin "JC_11" is 1.0000 in.
NOTE 42413:  Unit hydrograph volume for subbasin "CC_30" is 1.0000 in.
NOTE 42413:  Unit hydrograph volume for subbasin "JC_12" is 1.0000 in.
NOTE 42413:  Unit hydrograph volume for subbasin "UC_1" is 1.0000 in.
NOTE 42413:  Unit hydrograph volume for subbasin "UC_2" is 1.0000 in.
NOTE 42413:  Unit hydrograph volume for subbasin "UC_3" is 1.0000 in.
NOTE 42413:  Unit hydrograph volume for subbasin "CC_31" is 1.0000 in.
NOTE 42413:  Unit hydrograph volume for subbasin "CC_32" is 1.0000 in.
NOTE 42413:  Unit hydrograph volume for subbasin "CC_33" is 1.0000 in.
NOTE 45725:  Finished computing ordinate #1 in frequency analysis simulation "CCW_Post-Fire_Calib" at time 08Jul2022, 10:09:04.
NOTE 45724:  Began computing ordinate #2 in frequency analysis simulation "CCW_Post-Fire_Calib" at time 08Jul2022, 10:09:05.
NOTE 15407:  Computing analysis point "Coyote_C_N_Golondrinas_NM".
NOTE 41088:  Routing parameters based on index celerity 5.00 ft/s for reach "R_62": Delta t (sec) 60.0  Delta x (ft) 296.6303
NOTE 41088:  Routing parameters based on index celerity 5.00 ft/s for reach "R_52": Delta t (sec) 60.0  Delta x (ft) 298.9828
NOTE 41088:  Routing parameters based on index celerity 5.00 ft/s for reach "R_44": Delta t (sec) 60.0  Delta x (ft) 286.0545
NOTE 41088:  Routing parameters based on index celerity 5.00 ft/s for reach "R_54": Delta t (sec) 60.0  Delta x (ft) 285.5740
NOTE 41088:  Routing parameters based on index celerity 5.00 ft/s for reach "R_39": Delta t (sec) 60.0  Delta x (ft) 252.0275
NOTE 41088:  Routing parameters based on index celerity 5.00 ft/s for reach "R_38": Delta t (sec) 60.0  Delta x (ft) 295.5115
NOTE 41088:  Routing parameters based on index celerity 5.00 ft/s for reach "R_63": Delta t (sec) 60.0  Delta x (ft) 298.2606
NOTE 41088:  Routing parameters based on index celerity 5.00 ft/s for reach "R_35": Delta t (sec) 60.0  Delta x (ft) 291.7873
NOTE 41088:  Routing parameters based on index celerity 5.00 ft/s for reach "R_33": Delta t (sec) 60.0  Delta x (ft) 295.6234
NOTE 41088:  Routing parameters based on index celerity 5.00 ft/s for reach "R_29": Delta t (sec) 60.0  Delta x (ft) 269.8083
NOTE 41088:  Routing parameters based on index celerity 5.00 ft/s for reach "R_27": Delta t (sec) 60.0  Delta x (ft) 297.5456
NOTE 41088:  Routing parameters based on index celerity 5.00 ft/s for reach "R_26": Delta t (sec) 60.0  Delta x (ft) 294.0843
NOTE 41088:  Routing parameters based on index celerity 5.00 ft/s for reach "R_24": Delta t (sec) 60.0  Delta x (ft) 289.7428
NOTE 41088:  Routing parameters based on index celerity 5.00 ft/s for reach "R_22": Delta t (sec) 60.0  Delta x (ft) 294.7650
NOTE 41088:  Routing parameters based on index celerity 5.00 ft/s for reach "R_20": Delta t (sec) 60.0  Delta x (ft) 290.9472
NOTE 41088:  Routing parameters based on index celerity 5.00 ft/s for reach "R_19": Delta t (sec) 60.0  Delta x (ft) 276.6725
NOTE 41088:  Routing parameters based on index celerity 5.00 ft/s for reach "R_18": Delta t (sec) 60.0  Delta x (ft) 295.2411
NOTE 41088:  Routing parameters based on index celerity 5.00 ft/s for reach "R_16": Delta t (sec) 60.0  Delta x (ft) 296.3147
NOTE 41088:  Routing parameters based on index celerity 5.00 ft/s for reach "R_57": Delta t (sec) 60.0  Delta x (ft) 297.4239
NOTE 41088:  Routing parameters based on index celerity 5.00 ft/s for reach "R_48": Delta t (sec) 60.0  Delta x (ft) 296.1364
NOTE 41088:  Routing parameters based on index celerity 5.00 ft/s for reach "R_15": Delta t (sec) 60.0  Delta x (ft) 279.5750
NOTE 41088:  Routing parameters based on index celerity 5.00 ft/s for reach "R_14": Delta t (sec) 60.0  Delta x (ft) 289.9703
NOTE 41088:  Routing parameters based on index celerity 5.00 ft/s for reach "R_13": Delta t (sec) 60.0  Delta x (ft) 289.4563
NOTE 41088:  Routing parameters based on index celerity 5.00 ft/s for reach "R_11": Delta t (sec) 60.0  Delta x (ft) 299.9089
NOTE 41088:  Routing parameters based on index celerity 5.00 ft/s for reach "R_64": Delta t (sec) 60.0  Delta x (ft) 279.7536
NOTE 41088:  Routing parameters based on index celerity 5.00 ft/s for reach "R_58": Delta t (sec) 60.0  Delta x (ft) 293.1896
NOTE 41088:  Routing parameters based on index celerity 5.00 ft/s for reach "R_53": Delta t (sec) 60.0  Delta x (ft) 293.1896
NOTE 41088:  Routing parameters based on index celerity 5.00 ft/s for reach "R_42": Delta t (sec) 60.0  Delta x (ft) 298.3923
NOTE 41088:  Routing parameters based on index celerity 5.00 ft/s for reach "R_61": Delta t (sec) 60.0  Delta x (ft) 295.3027
NOTE 41088:  Routing parameters based on index celerity 5.00 ft/s for reach "R_50": Delta t (sec) 60.0  Delta x (ft) 298.7660
NOTE 41088:  Routing parameters based on index celerity 5.00 ft/s for reach "R_30": Delta t (sec) 60.0  Delta x (ft) 293.6178
NOTE 41088:  Routing parameters based on index celerity 5.00 ft/s for reach "R_51": Delta t (sec) 60.0  Delta x (ft) 298.7282
NOTE 41088:  Routing parameters based on index celerity 5.00 ft/s for reach "R_47": Delta t (sec) 60.0  Delta x (ft) 287.3153
NOTE 41088:  Routing parameters based on index celerity 5.00 ft/s for reach "R_40": Delta t (sec) 60.0  Delta x (ft) 291.1062
NOTE 41088:  Routing parameters based on index celerity 5.00 ft/s for reach "R_28": Delta t (sec) 60.0  Delta x (ft) 294.9282
NOTE 41088:  Routing parameters based on index celerity 5.00 ft/s for reach "R_9": Delta t (sec) 60.0  Delta x (ft) 299.7192
NOTE 41088:  Routing parameters based on index celerity 5.00 ft/s for reach "R_8": Delta t (sec) 60.0  Delta x (ft) 293.3373
NOTE 41088:  Routing parameters based on index celerity 5.00 ft/s for reach "R_66": Delta t (sec) 60.0  Delta x (ft) 298.7952
NOTE 41088:  Routing parameters based on index celerity 5.00 ft/s for reach "R_7": Delta t (sec) 60.0  Delta x (ft) 269.6820
NOTE 41088:  Routing parameters based on index celerity 5.00 ft/s for reach "R_6": Delta t (sec) 60.0  Delta x (ft) 299.2570
NOTE 41088:  Routing parameters based on index celerity 5.00 ft/s for reach "R_5": Delta t (sec) 60.0  Delta x (ft) 295.5472
NOTE 41088:  Routing parameters based on index celerity 5.00 ft/s for reach "R_69": Delta t (sec) 60.0  Delta x (ft) 295.8268
NOTE 41088:  Routing parameters based on index celerity 5.00 ft/s for reach "R_49": Delta t (sec) 60.0  Delta x (ft) 296.0267
NOTE 41088:  Routing parameters based on index celerity 5.00 ft/s for reach "R_32": Delta t (sec) 60.0  Delta x (ft) 299.8450
NOTE 41088:  Routing parameters based on index celerity 5.00 ft/s for reach "R_25": Delta t (sec) 60.0  Delta x (ft) 291.7297
NOTE 41088:  Routing parameters based on index celerity 5.00 ft/s for reach "R_23": Delta t (sec) 60.0  Delta x (ft) 283.9900
NOTE 41088:  Routing parameters based on index celerity 5.00 ft/s for reach "R_21": Delta t (sec) 60.0  Delta x (ft) 298.3021
NOTE 41088:  Routing parameters based on index celerity 5.00 ft/s for reach "R_17": Delta t (sec) 60.0  Delta x (ft) 298.9618
NOTE 41088:  Routing parameters based on index celerity 5.00 ft/s for reach "R_65": Delta t (sec) 60.0  Delta x (ft) 298.7434
NOTE 41088:  Routing parameters based on index celerity 5.00 ft/s for reach "R_31": Delta t (sec) 60.0  Delta x (ft) 284.6844
NOTE 41088:  Routing parameters based on index celerity 5.00 ft/s for reach "R_36": Delta t (sec) 60.0  Delta x (ft) 299.1303
NOTE 41088:  Routing parameters based on index celerity 5.00 ft/s for reach "R_12": Delta t (sec) 60.0  Delta x (ft) 289.6506
NOTE 41088:  Routing parameters based on index celerity 5.00 ft/s for reach "R_10": Delta t (sec) 60.0  Delta x (ft) 296.5247
NOTE 41088:  Routing parameters based on index celerity 5.00 ft/s for reach "R_4": Delta t (sec) 60.0  Delta x (ft) 276.5800
NOTE 41088:  Routing parameters based on index celerity 5.00 ft/s for reach "R_41": Delta t (sec) 60.0  Delta x (ft) 294.2321
NOTE 41088:  Routing parameters based on index celerity 5.00 ft/s for reach "R_3": Delta t (sec) 60.0  Delta x (ft) 297.2927
NOTE 41088:  Routing parameters based on index celerity 5.00 ft/s for reach "R_70": Delta t (sec) 60.0  Delta x (ft) 293.1867
NOTE 23406:  Hypothetical storm depth: 1.836 IN.
NOTE 23413:  Area upstream of computation point: 236.454 MI2.
NOTE 23407:  Hypothetical storm area: 236.455 MI2.
NOTE 23409:  Area-reduced hypothetical storm depth: 1.533 in.
NOTE 42413:  Unit hydrograph volume for subbasin "CC_1" is 1.0000 in.
NOTE 42413:  Unit hydrograph volume for subbasin "CC_2" is 1.0000 in.
NOTE 42413:  Unit hydrograph volume for subbasin "CC_3" is 1.0000 in.
NOTE 42413:  Unit hydrograph volume for subbasin "CC_4" is 1.0000 in.
NOTE 42413:  Unit hydrograph volume for subbasin "CC_5" is 1.0000 in.
NOTE 42413:  Unit hydrograph volume for subbasin "CC_6" is 1.0000 in.
NOTE 42413:  Unit hydrograph volume for subbasin "CC_7" is 1.0000 in.
NOTE 42413:  Unit hydrograph volume for subbasin "CC_8" is 1.0000 in.
NOTE 42413:  Unit hydrograph volume for subbasin "LCC_1" is 1.0000 in.
NOTE 42413:  Unit hydrograph volume for subbasin "LCC_2" is 1.0000 in.
NOTE 42413:  Unit hydrograph volume for subbasin "LCC_3" is 1.0000 in.
NOTE 42413:  Unit hydrograph volume for subbasin "LCC_4" is 1.0000 in.
NOTE 42413:  Unit hydrograph volume for subbasin "LCC_5" is 1.0000 in.
NOTE 42413:  Unit hydrograph volume for subbasin "CC_9" is 1.0000 in.
NOTE 42413:  Unit hydrograph volume for subbasin "LCC_6" is 1.0000 in.
NOTE 42413:  Unit hydrograph volume for subbasin "CC_10" is 1.0000 in.
NOTE 42413:  Unit hydrograph volume for subbasin "CC_11" is 1.0000 in.
NOTE 42413:  Unit hydrograph volume for subbasin "CC_12" is 1.0000 in.
NOTE 42413:  Unit hydrograph volume for subbasin "CC_13" is 1.0000 in.
NOTE 42413:  Unit hydrograph volume for subbasin "CC_14" is 1.0000 in.
NOTE 42413:  Unit hydrograph volume for subbasin "CC_15" is 1.0000 in.
NOTE 42413:  Unit hydrograph volume for subbasin "CC_16" is 1.0000 in.
NOTE 42413:  Unit hydrograph volume for subbasin "CC_17" is 1.0000 in.
NOTE 42413:  Unit hydrograph volume for subbasin "CC_18" is 1.0000 in.
NOTE 42413:  Unit hydrograph volume for subbasin "CC_19" is 1.0000 in.
NOTE 42413:  Unit hydrograph volume for subbasin "WC_1" is 1.0000 in.
NOTE 42413:  Unit hydrograph volume for subbasin "WC_2" is 1.0000 in.
NOTE 42413:  Unit hydrograph volume for subbasin "WC_3" is 1.0000 in.
NOTE 42413:  Unit hydrograph volume for subbasin "CC_20" is 1.0000 in.
NOTE 42413:  Unit hydrograph volume for subbasin "CC_21" is 1.0000 in.
NOTE 42413:  Unit hydrograph volume for subbasin "CC_22" is 1.0000 in.
NOTE 42413:  Unit hydrograph volume for subbasin "CC_23" is 1.0000 in.
NOTE 42413:  Unit hydrograph volume for subbasin "CC_24" is 1.0000 in.
NOTE 42413:  Unit hydrograph volume for subbasin "CDC_1" is 1.0000 in.
NOTE 42413:  Unit hydrograph volume for subbasin "CDC_2" is 1.0000 in.
NOTE 42413:  Unit hydrograph volume for subbasin "CDC_3" is 1.0000 in.
NOTE 42413:  Unit hydrograph volume for subbasin "CDC_4" is 1.0000 in.
NOTE 42413:  Unit hydrograph volume for subbasin "CDC_5" is 1.0000 in.
NOTE 42413:  Unit hydrograph volume for subbasin "TC_1" is 1.0000 in.
NOTE 42413:  Unit hydrograph volume for subbasin "TC_2" is 1.0000 in.
NOTE 42413:  Unit hydrograph volume for subbasin "TC_3" is 1.0000 in.
NOTE 42413:  Unit hydrograph volume for subbasin "TC_4" is 1.0000 in.
NOTE 42413:  Unit hydrograph volume for subbasin "SOC_1" is 1.0000 in.
NOTE 42413:  Unit hydrograph volume for subbasin "TC_5" is 1.0000 in.
NOTE 42413:  Unit hydrograph volume for subbasin "SIC_1" is 1.0000 in.
NOTE 42413:  Unit hydrograph volume for subbasin "SIC_2" is 1.0000 in.
NOTE 42413:  Unit hydrograph volume for subbasin "SIC_3" is 1.0000 in.
NOTE 42413:  Unit hydrograph volume for subbasin "SIC_4" is 1.0000 in.
NOTE 42413:  Unit hydrograph volume for subbasin "SIC_5" is 1.0000 in.
NOTE 42413:  Unit hydrograph volume for subbasin "CDC_6" is 1.0000 in.
NOTE 42413:  Unit hydrograph volume for subbasin "CC_25" is 1.0000 in.
NOTE 42413:  Unit hydrograph volume for subbasin "CDC_7" is 1.0000 in.
NOTE 42413:  Unit hydrograph volume for subbasin "CC_26" is 1.0000 in.
NOTE 42413:  Unit hydrograph volume for subbasin "UA_1" is 1.0000 in.
NOTE 42413:  Unit hydrograph volume for subbasin "CC_27" is 1.0000 in.
NOTE 42413:  Unit hydrograph volume for subbasin "UA_2" is 1.0000 in.
NOTE 42413:  Unit hydrograph volume for subbasin "CC_28" is 1.0000 in.
NOTE 42413:  Unit hydrograph volume for subbasin "CC_29" is 1.0000 in.
NOTE 42413:  Unit hydrograph volume for subbasin "JC_1" is 1.0000 in.
NOTE 42413:  Unit hydrograph volume for subbasin "JC_2" is 1.0000 in.
NOTE 42413:  Unit hydrograph volume for subbasin "JC_3" is 1.0000 in.
NOTE 42413:  Unit hydrograph volume for subbasin "JC_4" is 1.0000 in.
NOTE 42413:  Unit hydrograph volume for subbasin "JC_5" is 1.0000 in.
NOTE 42413:  Unit hydrograph volume for subbasin "JC_6" is 1.0000 in.
NOTE 42413:  Unit hydrograph volume for subbasin "JC_7" is 1.0000 in.
NOTE 42413:  Unit hydrograph volume for subbasin "JC_8" is 1.0000 in.
NOTE 42413:  Unit hydrograph volume for subbasin "JC_9" is 1.0000 in.
NOTE 42413:  Unit hydrograph volume for subbasin "UB_1" is 1.0000 in.
NOTE 42413:  Unit hydrograph volume for subbasin "UB_2" is 1.0000 in.
NOTE 42413:  Unit hydrograph volume for subbasin "UB_3" is 1.0000 in.
NOTE 42413:  Unit hydrograph volume for subbasin "UB_4" is 1.0000 in.
NOTE 42413:  Unit hydrograph volume for subbasin "JC_10" is 1.0000 in.
NOTE 42413:  Unit hydrograph volume for subbasin "UB_5" is 1.0000 in.
NOTE 42413:  Unit hydrograph volume for subbasin "JC_11" is 1.0000 in.
NOTE 42413:  Unit hydrograph volume for subbasin "CC_30" is 1.0000 in.
NOTE 42413:  Unit hydrograph volume for subbasin "JC_12" is 1.0000 in.
NOTE 42413:  Unit hydrograph volume for subbasin "UC_1" is 1.0000 in.
NOTE 42413:  Unit hydrograph volume for subbasin "UC_2" is 1.0000 in.
NOTE 42413:  Unit hydrograph volume for subbasin "UC_3" is 1.0000 in.
NOTE 42413:  Unit hydrograph volume for subbasin "CC_31" is 1.0000 in.
NOTE 42413:  Unit hydrograph volume for subbasin "CC_32" is 1.0000 in.
NOTE 42413:  Unit hydrograph volume for subbasin "CC_33" is 1.0000 in.
NOTE 45725:  Finished computing ordinate #2 in frequency analysis simulation "CCW_Post-Fire_Calib" at time 08Jul2022, 10:09:27.
NOTE 45724:  Began computing ordinate #3 in frequency analysis simulation "CCW_Post-Fire_Calib" at time 08Jul2022, 10:09:28.
NOTE 15407:  Computing analysis point "Coyote_C_N_Golondrinas_NM".
NOTE 41088:  Routing parameters based on index celerity 5.00 ft/s for reach "R_62": Delta t (sec) 60.0  Delta x (ft) 296.6303
NOTE 41088:  Routing parameters based on index celerity 5.00 ft/s for reach "R_52": Delta t (sec) 60.0  Delta x (ft) 298.9828
NOTE 41088:  Routing parameters based on index celerity 5.00 ft/s for reach "R_44": Delta t (sec) 60.0  Delta x (ft) 286.0545
NOTE 41088:  Routing parameters based on index celerity 5.00 ft/s for reach "R_54": Delta t (sec) 60.0  Delta x (ft) 285.5740
NOTE 41088:  Routing parameters based on index celerity 5.00 ft/s for reach "R_39": Delta t (sec) 60.0  Delta x (ft) 252.0275
NOTE 41088:  Routing parameters based on index celerity 5.00 ft/s for reach "R_38": Delta t (sec) 60.0  Delta x (ft) 295.5115
NOTE 41088:  Routing parameters based on index celerity 5.00 ft/s for reach "R_63": Delta t (sec) 60.0  Delta x (ft) 298.2606
NOTE 41088:  Routing parameters based on index celerity 5.00 ft/s for reach "R_35": Delta t (sec) 60.0  Delta x (ft) 291.7873
NOTE 41088:  Routing parameters based on index celerity 5.00 ft/s for reach "R_33": Delta t (sec) 60.0  Delta x (ft) 295.6234
NOTE 41088:  Routing parameters based on index celerity 5.00 ft/s for reach "R_29": Delta t (sec) 60.0  Delta x (ft) 269.8083
NOTE 41088:  Routing parameters based on index celerity 5.00 ft/s for reach "R_27": Delta t (sec) 60.0  Delta x (ft) 297.5456
NOTE 41088:  Routing parameters based on index celerity 5.00 ft/s for reach "R_26": Delta t (sec) 60.0  Delta x (ft) 294.0843
NOTE 41088:  Routing parameters based on index celerity 5.00 ft/s for reach "R_24": Delta t (sec) 60.0  Delta x (ft) 289.7428
NOTE 41088:  Routing parameters based on index celerity 5.00 ft/s for reach "R_22": Delta t (sec) 60.0  Delta x (ft) 294.7650
NOTE 41088:  Routing parameters based on index celerity 5.00 ft/s for reach "R_20": Delta t (sec) 60.0  Delta x (ft) 290.9472
NOTE 41088:  Routing parameters based on index celerity 5.00 ft/s for reach "R_19": Delta t (sec) 60.0  Delta x (ft) 276.6725
NOTE 41088:  Routing parameters based on index celerity 5.00 ft/s for reach "R_18": Delta t (sec) 60.0  Delta x (ft) 295.2411
NOTE 41088:  Routing parameters based on index celerity 5.00 ft/s for reach "R_16": Delta t (sec) 60.0  Delta x (ft) 296.3147
NOTE 41088:  Routing parameters based on index celerity 5.00 ft/s for reach "R_57": Delta t (sec) 60.0  Delta x (ft) 297.4239
NOTE 41088:  Routing parameters based on index celerity 5.00 ft/s for reach "R_48": Delta t (sec) 60.0  Delta x (ft) 296.1364
NOTE 41088:  Routing parameters based on index celerity 5.00 ft/s for reach "R_15": Delta t (sec) 60.0  Delta x (ft) 279.5750
NOTE 41088:  Routing parameters based on index celerity 5.00 ft/s for reach "R_14": Delta t (sec) 60.0  Delta x (ft) 289.9703
NOTE 41088:  Routing parameters based on index celerity 5.00 ft/s for reach "R_13": Delta t (sec) 60.0  Delta x (ft) 289.4563
NOTE 41088:  Routing parameters based on index celerity 5.00 ft/s for reach "R_11": Delta t (sec) 60.0  Delta x (ft) 299.9089
NOTE 41088:  Routing parameters based on index celerity 5.00 ft/s for reach "R_64": Delta t (sec) 60.0  Delta x (ft) 279.7536
NOTE 41088:  Routing parameters based on index celerity 5.00 ft/s for reach "R_58": Delta t (sec) 60.0  Delta x (ft) 293.1896
NOTE 41088:  Routing parameters based on index celerity 5.00 ft/s for reach "R_53": Delta t (sec) 60.0  Delta x (ft) 293.1896
NOTE 41088:  Routing parameters based on index celerity 5.00 ft/s for reach "R_42": Delta t (sec) 60.0  Delta x (ft) 298.3923
NOTE 41088:  Routing parameters based on index celerity 5.00 ft/s for reach "R_61": Delta t (sec) 60.0  Delta x (ft) 295.3027
NOTE 41088:  Routing parameters based on index celerity 5.00 ft/s for reach "R_50": Delta t (sec) 60.0  Delta x (ft) 298.7660
NOTE 41088:  Routing parameters based on index celerity 5.00 ft/s for reach "R_30": Delta t (sec) 60.0  Delta x (ft) 293.6178
NOTE 41088:  Routing parameters based on index celerity 5.00 ft/s for reach "R_51": Delta t (sec) 60.0  Delta x (ft) 298.7282
NOTE 41088:  Routing parameters based on index celerity 5.00 ft/s for reach "R_47": Delta t (sec) 60.0  Delta x (ft) 287.3153
NOTE 41088:  Routing parameters based on index celerity 5.00 ft/s for reach "R_40": Delta t (sec) 60.0  Delta x (ft) 291.1062
NOTE 41088:  Routing parameters based on index celerity 5.00 ft/s for reach "R_28": Delta t (sec) 60.0  Delta x (ft) 294.9282
NOTE 41088:  Routing parameters based on index celerity 5.00 ft/s for reach "R_9": Delta t (sec) 60.0  Delta x (ft) 299.7192
NOTE 41088:  Routing parameters based on index celerity 5.00 ft/s for reach "R_8": Delta t (sec) 60.0  Delta x (ft) 293.3373
NOTE 41088:  Routing parameters based on index celerity 5.00 ft/s for reach "R_66": Delta t (sec) 60.0  Delta x (ft) 298.7952
NOTE 41088:  Routing parameters based on index celerity 5.00 ft/s for reach "R_7": Delta t (sec) 60.0  Delta x (ft) 269.6820
NOTE 41088:  Routing parameters based on index celerity 5.00 ft/s for reach "R_6": Delta t (sec) 60.0  Delta x (ft) 299.2570
NOTE 41088:  Routing parameters based on index celerity 5.00 ft/s for reach "R_5": Delta t (sec) 60.0  Delta x (ft) 295.5472
NOTE 41088:  Routing parameters based on index celerity 5.00 ft/s for reach "R_69": Delta t (sec) 60.0  Delta x (ft) 295.8268
NOTE 41088:  Routing parameters based on index celerity 5.00 ft/s for reach "R_49": Delta t (sec) 60.0  Delta x (ft) 296.0267
NOTE 41088:  Routing parameters based on index celerity 5.00 ft/s for reach "R_32": Delta t (sec) 60.0  Delta x (ft) 299.8450
NOTE 41088:  Routing parameters based on index celerity 5.00 ft/s for reach "R_25": Delta t (sec) 60.0  Delta x (ft) 291.7297
NOTE 41088:  Routing parameters based on index celerity 5.00 ft/s for reach "R_23": Delta t (sec) 60.0  Delta x (ft) 283.9900
NOTE 41088:  Routing parameters based on index celerity 5.00 ft/s for reach "R_21": Delta t (sec) 60.0  Delta x (ft) 298.3021
NOTE 41088:  Routing parameters based on index celerity 5.00 ft/s for reach "R_17": Delta t (sec) 60.0  Delta x (ft) 298.9618
NOTE 41088:  Routing parameters based on index celerity 5.00 ft/s for reach "R_65": Delta t (sec) 60.0  Delta x (ft) 298.7434
NOTE 41088:  Routing parameters based on index celerity 5.00 ft/s for reach "R_31": Delta t (sec) 60.0  Delta x (ft) 284.6844
NOTE 41088:  Routing parameters based on index celerity 5.00 ft/s for reach "R_36": Delta t (sec) 60.0  Delta x (ft) 299.1303
NOTE 41088:  Routing parameters based on index celerity 5.00 ft/s for reach "R_12": Delta t (sec) 60.0  Delta x (ft) 289.6506
NOTE 41088:  Routing parameters based on index celerity 5.00 ft/s for reach "R_10": Delta t (sec) 60.0  Delta x (ft) 296.5247
NOTE 41088:  Routing parameters based on index celerity 5.00 ft/s for reach "R_4": Delta t (sec) 60.0  Delta x (ft) 276.5800
NOTE 41088:  Routing parameters based on index celerity 5.00 ft/s for reach "R_41": Delta t (sec) 60.0  Delta x (ft) 294.2321
NOTE 41088:  Routing parameters based on index celerity 5.00 ft/s for reach "R_3": Delta t (sec) 60.0  Delta x (ft) 297.2927
NOTE 41088:  Routing parameters based on index celerity 5.00 ft/s for reach "R_70": Delta t (sec) 60.0  Delta x (ft) 293.1867
NOTE 23406:  Hypothetical storm depth: 2.203 IN.
NOTE 23413:  Area upstream of computation point: 236.454 MI2.
NOTE 23407:  Hypothetical storm area: 236.455 MI2.
NOTE 23409:  Area-reduced hypothetical storm depth: 1.839 in.
NOTE 42413:  Unit hydrograph volume for subbasin "CC_1" is 1.0000 in.
NOTE 42413:  Unit hydrograph volume for subbasin "CC_2" is 1.0000 in.
NOTE 42413:  Unit hydrograph volume for subbasin "CC_3" is 1.0000 in.
NOTE 42413:  Unit hydrograph volume for subbasin "CC_4" is 1.0000 in.
NOTE 42413:  Unit hydrograph volume for subbasin "CC_5" is 1.0000 in.
NOTE 42413:  Unit hydrograph volume for subbasin "CC_6" is 1.0000 in.
NOTE 42413:  Unit hydrograph volume for subbasin "CC_7" is 1.0000 in.
NOTE 42413:  Unit hydrograph volume for subbasin "CC_8" is 1.0000 in.
NOTE 42413:  Unit hydrograph volume for subbasin "LCC_1" is 1.0000 in.
NOTE 42413:  Unit hydrograph volume for subbasin "LCC_2" is 1.0000 in.
NOTE 42413:  Unit hydrograph volume for subbasin "LCC_3" is 1.0000 in.
NOTE 42413:  Unit hydrograph volume for subbasin "LCC_4" is 1.0000 in.
NOTE 42413:  Unit hydrograph volume for subbasin "LCC_5" is 1.0000 in.
NOTE 42413:  Unit hydrograph volume for subbasin "CC_9" is 1.0000 in.
NOTE 42413:  Unit hydrograph volume for subbasin "LCC_6" is 1.0000 in.
NOTE 42413:  Unit hydrograph volume for subbasin "CC_10" is 1.0000 in.
NOTE 42413:  Unit hydrograph volume for subbasin "CC_11" is 1.0000 in.
NOTE 42413:  Unit hydrograph volume for subbasin "CC_12" is 1.0000 in.
NOTE 42413:  Unit hydrograph volume for subbasin "CC_13" is 1.0000 in.
NOTE 42413:  Unit hydrograph volume for subbasin "CC_14" is 1.0000 in.
NOTE 42413:  Unit hydrograph volume for subbasin "CC_15" is 1.0000 in.
NOTE 42413:  Unit hydrograph volume for subbasin "CC_16" is 1.0000 in.
NOTE 42413:  Unit hydrograph volume for subbasin "CC_17" is 1.0000 in.
NOTE 42413:  Unit hydrograph volume for subbasin "CC_18" is 1.0000 in.
NOTE 42413:  Unit hydrograph volume for subbasin "CC_19" is 1.0000 in.
NOTE 42413:  Unit hydrograph volume for subbasin "WC_1" is 1.0000 in.
NOTE 42413:  Unit hydrograph volume for subbasin "WC_2" is 1.0000 in.
NOTE 42413:  Unit hydrograph volume for subbasin "WC_3" is 1.0000 in.
NOTE 42413:  Unit hydrograph volume for subbasin "CC_20" is 1.0000 in.
NOTE 42413:  Unit hydrograph volume for subbasin "CC_21" is 1.0000 in.
NOTE 42413:  Unit hydrograph volume for subbasin "CC_22" is 1.0000 in.
NOTE 42413:  Unit hydrograph volume for subbasin "CC_23" is 1.0000 in.
NOTE 42413:  Unit hydrograph volume for subbasin "CC_24" is 1.0000 in.
NOTE 42413:  Unit hydrograph volume for subbasin "CDC_1" is 1.0000 in.
NOTE 42413:  Unit hydrograph volume for subbasin "CDC_2" is 1.0000 in.
NOTE 42413:  Unit hydrograph volume for subbasin "CDC_3" is 1.0000 in.
NOTE 42413:  Unit hydrograph volume for subbasin "CDC_4" is 1.0000 in.
NOTE 42413:  Unit hydrograph volume for subbasin "CDC_5" is 1.0000 in.
NOTE 42413:  Unit hydrograph volume for subbasin "TC_1" is 1.0000 in.
NOTE 42413:  Unit hydrograph volume for subbasin "TC_2" is 1.0000 in.
NOTE 42413:  Unit hydrograph volume for subbasin "TC_3" is 1.0000 in.
NOTE 42413:  Unit hydrograph volume for subbasin "TC_4" is 1.0000 in.
NOTE 42413:  Unit hydrograph volume for subbasin "SOC_1" is 1.0000 in.
NOTE 42413:  Unit hydrograph volume for subbasin "TC_5" is 1.0000 in.
NOTE 42413:  Unit hydrograph volume for subbasin "SIC_1" is 1.0000 in.
NOTE 42413:  Unit hydrograph volume for subbasin "SIC_2" is 1.0000 in.
NOTE 42413:  Unit hydrograph volume for subbasin "SIC_3" is 1.0000 in.
NOTE 42413:  Unit hydrograph volume for subbasin "SIC_4" is 1.0000 in.
NOTE 42413:  Unit hydrograph volume for subbasin "SIC_5" is 1.0000 in.
NOTE 42413:  Unit hydrograph volume for subbasin "CDC_6" is 1.0000 in.
NOTE 42413:  Unit hydrograph volume for subbasin "CC_25" is 1.0000 in.
NOTE 42413:  Unit hydrograph volume for subbasin "CDC_7" is 1.0000 in.
NOTE 42413:  Unit hydrograph volume for subbasin "CC_26" is 1.0000 in.
NOTE 42413:  Unit hydrograph volume for subbasin "UA_1" is 1.0000 in.
NOTE 42413:  Unit hydrograph volume for subbasin "CC_27" is 1.0000 in.
NOTE 42413:  Unit hydrograph volume for subbasin "UA_2" is 1.0000 in.
NOTE 42413:  Unit hydrograph volume for subbasin "CC_28" is 1.0000 in.
NOTE 42413:  Unit hydrograph volume for subbasin "CC_29" is 1.0000 in.
NOTE 42413:  Unit hydrograph volume for subbasin "JC_1" is 1.0000 in.
NOTE 42413:  Unit hydrograph volume for subbasin "JC_2" is 1.0000 in.
NOTE 42413:  Unit hydrograph volume for subbasin "JC_3" is 1.0000 in.
NOTE 42413:  Unit hydrograph volume for subbasin "JC_4" is 1.0000 in.
NOTE 42413:  Unit hydrograph volume for subbasin "JC_5" is 1.0000 in.
NOTE 42413:  Unit hydrograph volume for subbasin "JC_6" is 1.0000 in.
NOTE 42413:  Unit hydrograph volume for subbasin "JC_7" is 1.0000 in.
NOTE 42413:  Unit hydrograph volume for subbasin "JC_8" is 1.0000 in.
NOTE 42413:  Unit hydrograph volume for subbasin "JC_9" is 1.0000 in.
NOTE 42413:  Unit hydrograph volume for subbasin "UB_1" is 1.0000 in.
NOTE 42413:  Unit hydrograph volume for subbasin "UB_2" is 1.0000 in.
NOTE 42413:  Unit hydrograph volume for subbasin "UB_3" is 1.0000 in.
NOTE 42413:  Unit hydrograph volume for subbasin "UB_4" is 1.0000 in.
NOTE 42413:  Unit hydrograph volume for subbasin "JC_10" is 1.0000 in.
NOTE 42413:  Unit hydrograph volume for subbasin "UB_5" is 1.0000 in.
NOTE 42413:  Unit hydrograph volume for subbasin "JC_11" is 1.0000 in.
NOTE 42413:  Unit hydrograph volume for subbasin "CC_30" is 1.0000 in.
NOTE 42413:  Unit hydrograph volume for subbasin "JC_12" is 1.0000 in.
NOTE 42413:  Unit hydrograph volume for subbasin "UC_1" is 1.0000 in.
NOTE 42413:  Unit hydrograph volume for subbasin "UC_2" is 1.0000 in.
NOTE 42413:  Unit hydrograph volume for subbasin "UC_3" is 1.0000 in.
NOTE 42413:  Unit hydrograph volume for subbasin "CC_31" is 1.0000 in.
NOTE 42413:  Unit hydrograph volume for subbasin "CC_32" is 1.0000 in.
NOTE 42413:  Unit hydrograph volume for subbasin "CC_33" is 1.0000 in.
NOTE 45725:  Finished computing ordinate #3 in frequency analysis simulation "CCW_Post-Fire_Calib" at time 08Jul2022, 10:09:51.
NOTE 45724:  Began computing ordinate #4 in frequency analysis simulation "CCW_Post-Fire_Calib" at time 08Jul2022, 10:09:52.
NOTE 15407:  Computing analysis point "Coyote_C_N_Golondrinas_NM".
NOTE 41088:  Routing parameters based on index celerity 5.00 ft/s for reach "R_62": Delta t (sec) 60.0  Delta x (ft) 296.6303
NOTE 41088:  Routing parameters based on index celerity 5.00 ft/s for reach "R_52": Delta t (sec) 60.0  Delta x (ft) 298.9828
NOTE 41088:  Routing parameters based on index celerity 5.00 ft/s for reach "R_44": Delta t (sec) 60.0  Delta x (ft) 286.0545
NOTE 41088:  Routing parameters based on index celerity 5.00 ft/s for reach "R_54": Delta t (sec) 60.0  Delta x (ft) 285.5740
NOTE 41088:  Routing parameters based on index celerity 5.00 ft/s for reach "R_39": Delta t (sec) 60.0  Delta x (ft) 252.0275
NOTE 41088:  Routing parameters based on index celerity 5.00 ft/s for reach "R_38": Delta t (sec) 60.0  Delta x (ft) 295.5115
NOTE 41088:  Routing parameters based on index celerity 5.00 ft/s for reach "R_63": Delta t (sec) 60.0  Delta x (ft) 298.2606
NOTE 41088:  Routing parameters based on index celerity 5.00 ft/s for reach "R_35": Delta t (sec) 60.0  Delta x (ft) 291.7873
NOTE 41088:  Routing parameters based on index celerity 5.00 ft/s for reach "R_33": Delta t (sec) 60.0  Delta x (ft) 295.6234
NOTE 41088:  Routing parameters based on index celerity 5.00 ft/s for reach "R_29": Delta t (sec) 60.0  Delta x (ft) 269.8083
NOTE 41088:  Routing parameters based on index celerity 5.00 ft/s for reach "R_27": Delta t (sec) 60.0  Delta x (ft) 297.5456
NOTE 41088:  Routing parameters based on index celerity 5.00 ft/s for reach "R_26": Delta t (sec) 60.0  Delta x (ft) 294.0843
NOTE 41088:  Routing parameters based on index celerity 5.00 ft/s for reach "R_24": Delta t (sec) 60.0  Delta x (ft) 289.7428
NOTE 41088:  Routing parameters based on index celerity 5.00 ft/s for reach "R_22": Delta t (sec) 60.0  Delta x (ft) 294.7650
NOTE 41088:  Routing parameters based on index celerity 5.00 ft/s for reach "R_20": Delta t (sec) 60.0  Delta x (ft) 290.9472
NOTE 41088:  Routing parameters based on index celerity 5.00 ft/s for reach "R_19": Delta t (sec) 60.0  Delta x (ft) 276.6725
NOTE 41088:  Routing parameters based on index celerity 5.00 ft/s for reach "R_18": Delta t (sec) 60.0  Delta x (ft) 295.2411
NOTE 41088:  Routing parameters based on index celerity 5.00 ft/s for reach "R_16": Delta t (sec) 60.0  Delta x (ft) 296.3147
NOTE 41088:  Routing parameters based on index celerity 5.00 ft/s for reach "R_57": Delta t (sec) 60.0  Delta x (ft) 297.4239
NOTE 41088:  Routing parameters based on index celerity 5.00 ft/s for reach "R_48": Delta t (sec) 60.0  Delta x (ft) 296.1364
NOTE 41088:  Routing parameters based on index celerity 5.00 ft/s for reach "R_15": Delta t (sec) 60.0  Delta x (ft) 279.5750
NOTE 41088:  Routing parameters based on index celerity 5.00 ft/s for reach "R_14": Delta t (sec) 60.0  Delta x (ft) 289.9703
NOTE 41088:  Routing parameters based on index celerity 5.00 ft/s for reach "R_13": Delta t (sec) 60.0  Delta x (ft) 289.4563
NOTE 41088:  Routing parameters based on index celerity 5.00 ft/s for reach "R_11": Delta t (sec) 60.0  Delta x (ft) 299.9089
NOTE 41088:  Routing parameters based on index celerity 5.00 ft/s for reach "R_64": Delta t (sec) 60.0  Delta x (ft) 279.7536
NOTE 41088:  Routing parameters based on index celerity 5.00 ft/s for reach "R_58": Delta t (sec) 60.0  Delta x (ft) 293.1896
NOTE 41088:  Routing parameters based on index celerity 5.00 ft/s for reach "R_53": Delta t (sec) 60.0  Delta x (ft) 293.1896
NOTE 41088:  Routing parameters based on index celerity 5.00 ft/s for reach "R_42": Delta t (sec) 60.0  Delta x (ft) 298.3923
NOTE 41088:  Routing parameters based on index celerity 5.00 ft/s for reach "R_61": Delta t (sec) 60.0  Delta x (ft) 295.3027
NOTE 41088:  Routing parameters based on index celerity 5.00 ft/s for reach "R_50": Delta t (sec) 60.0  Delta x (ft) 298.7660
NOTE 41088:  Routing parameters based on index celerity 5.00 ft/s for reach "R_30": Delta t (sec) 60.0  Delta x (ft) 293.6178
NOTE 41088:  Routing parameters based on index celerity 5.00 ft/s for reach "R_51": Delta t (sec) 60.0  Delta x (ft) 298.7282
NOTE 41088:  Routing parameters based on index celerity 5.00 ft/s for reach "R_47": Delta t (sec) 60.0  Delta x (ft) 287.3153
NOTE 41088:  Routing parameters based on index celerity 5.00 ft/s for reach "R_40": Delta t (sec) 60.0  Delta x (ft) 291.1062
NOTE 41088:  Routing parameters based on index celerity 5.00 ft/s for reach "R_28": Delta t (sec) 60.0  Delta x (ft) 294.9282
NOTE 41088:  Routing parameters based on index celerity 5.00 ft/s for reach "R_9": Delta t (sec) 60.0  Delta x (ft) 299.7192
NOTE 41088:  Routing parameters based on index celerity 5.00 ft/s for reach "R_8": Delta t (sec) 60.0  Delta x (ft) 293.3373
NOTE 41088:  Routing parameters based on index celerity 5.00 ft/s for reach "R_66": Delta t (sec) 60.0  Delta x (ft) 298.7952
NOTE 41088:  Routing parameters based on index celerity 5.00 ft/s for reach "R_7": Delta t (sec) 60.0  Delta x (ft) 269.6820
NOTE 41088:  Routing parameters based on index celerity 5.00 ft/s for reach "R_6": Delta t (sec) 60.0  Delta x (ft) 299.2570
NOTE 41088:  Routing parameters based on index celerity 5.00 ft/s for reach "R_5": Delta t (sec) 60.0  Delta x (ft) 295.5472
NOTE 41088:  Routing parameters based on index celerity 5.00 ft/s for reach "R_69": Delta t (sec) 60.0  Delta x (ft) 295.8268
NOTE 41088:  Routing parameters based on index celerity 5.00 ft/s for reach "R_49": Delta t (sec) 60.0  Delta x (ft) 296.0267
NOTE 41088:  Routing parameters based on index celerity 5.00 ft/s for reach "R_32": Delta t (sec) 60.0  Delta x (ft) 299.8450
NOTE 41088:  Routing parameters based on index celerity 5.00 ft/s for reach "R_25": Delta t (sec) 60.0  Delta x (ft) 291.7297
NOTE 41088:  Routing parameters based on index celerity 5.00 ft/s for reach "R_23": Delta t (sec) 60.0  Delta x (ft) 283.9900
NOTE 41088:  Routing parameters based on index celerity 5.00 ft/s for reach "R_21": Delta t (sec) 60.0  Delta x (ft) 298.3021
NOTE 41088:  Routing parameters based on index celerity 5.00 ft/s for reach "R_17": Delta t (sec) 60.0  Delta x (ft) 298.9618
NOTE 41088:  Routing parameters based on index celerity 5.00 ft/s for reach "R_65": Delta t (sec) 60.0  Delta x (ft) 298.7434
NOTE 41088:  Routing parameters based on index celerity 5.00 ft/s for reach "R_31": Delta t (sec) 60.0  Delta x (ft) 284.6844
NOTE 41088:  Routing parameters based on index celerity 5.00 ft/s for reach "R_36": Delta t (sec) 60.0  Delta x (ft) 299.1303
NOTE 41088:  Routing parameters based on index celerity 5.00 ft/s for reach "R_12": Delta t (sec) 60.0  Delta x (ft) 289.6506
NOTE 41088:  Routing parameters based on index celerity 5.00 ft/s for reach "R_10": Delta t (sec) 60.0  Delta x (ft) 296.5247
NOTE 41088:  Routing parameters based on index celerity 5.00 ft/s for reach "R_4": Delta t (sec) 60.0  Delta x (ft) 276.5800
NOTE 41088:  Routing parameters based on index celerity 5.00 ft/s for reach "R_41": Delta t (sec) 60.0  Delta x (ft) 294.2321
NOTE 41088:  Routing parameters based on index celerity 5.00 ft/s for reach "R_3": Delta t (sec) 60.0  Delta x (ft) 297.2927
NOTE 41088:  Routing parameters based on index celerity 5.00 ft/s for reach "R_70": Delta t (sec) 60.0  Delta x (ft) 293.1867
NOTE 23406:  Hypothetical storm depth: 2.713 IN.
NOTE 23413:  Area upstream of computation point: 236.454 MI2.
NOTE 23407:  Hypothetical storm area: 236.455 MI2.
NOTE 23409:  Area-reduced hypothetical storm depth: 2.265 in.
NOTE 42413:  Unit hydrograph volume for subbasin "CC_1" is 1.0000 in.
NOTE 42413:  Unit hydrograph volume for subbasin "CC_2" is 1.0000 in.
NOTE 42413:  Unit hydrograph volume for subbasin "CC_3" is 1.0000 in.
NOTE 42413:  Unit hydrograph volume for subbasin "CC_4" is 1.0000 in.
NOTE 42413:  Unit hydrograph volume for subbasin "CC_5" is 1.0000 in.
NOTE 42413:  Unit hydrograph volume for subbasin "CC_6" is 1.0000 in.
NOTE 42413:  Unit hydrograph volume for subbasin "CC_7" is 1.0000 in.
NOTE 42413:  Unit hydrograph volume for subbasin "CC_8" is 1.0000 in.
NOTE 42413:  Unit hydrograph volume for subbasin "LCC_1" is 1.0000 in.
NOTE 42413:  Unit hydrograph volume for subbasin "LCC_2" is 1.0000 in.
NOTE 42413:  Unit hydrograph volume for subbasin "LCC_3" is 1.0000 in.
NOTE 42413:  Unit hydrograph volume for subbasin "LCC_4" is 1.0000 in.
NOTE 42413:  Unit hydrograph volume for subbasin "LCC_5" is 1.0000 in.
NOTE 42413:  Unit hydrograph volume for subbasin "CC_9" is 1.0000 in.
NOTE 42413:  Unit hydrograph volume for subbasin "LCC_6" is 1.0000 in.
NOTE 42413:  Unit hydrograph volume for subbasin "CC_10" is 1.0000 in.
NOTE 42413:  Unit hydrograph volume for subbasin "CC_11" is 1.0000 in.
NOTE 42413:  Unit hydrograph volume for subbasin "CC_12" is 1.0000 in.
NOTE 42413:  Unit hydrograph volume for subbasin "CC_13" is 1.0000 in.
NOTE 42413:  Unit hydrograph volume for subbasin "CC_14" is 1.0000 in.
NOTE 42413:  Unit hydrograph volume for subbasin "CC_15" is 1.0000 in.
NOTE 42413:  Unit hydrograph volume for subbasin "CC_16" is 1.0000 in.
NOTE 42413:  Unit hydrograph volume for subbasin "CC_17" is 1.0000 in.
NOTE 42413:  Unit hydrograph volume for subbasin "CC_18" is 1.0000 in.
NOTE 42413:  Unit hydrograph volume for subbasin "CC_19" is 1.0000 in.
NOTE 42413:  Unit hydrograph volume for subbasin "WC_1" is 1.0000 in.
NOTE 42413:  Unit hydrograph volume for subbasin "WC_2" is 1.0000 in.
NOTE 42413:  Unit hydrograph volume for subbasin "WC_3" is 1.0000 in.
NOTE 42413:  Unit hydrograph volume for subbasin "CC_20" is 1.0000 in.
NOTE 42413:  Unit hydrograph volume for subbasin "CC_21" is 1.0000 in.
NOTE 42413:  Unit hydrograph volume for subbasin "CC_22" is 1.0000 in.
NOTE 42413:  Unit hydrograph volume for subbasin "CC_23" is 1.0000 in.
NOTE 42413:  Unit hydrograph volume for subbasin "CC_24" is 1.0000 in.
NOTE 42413:  Unit hydrograph volume for subbasin "CDC_1" is 1.0000 in.
NOTE 42413:  Unit hydrograph volume for subbasin "CDC_2" is 1.0000 in.
NOTE 42413:  Unit hydrograph volume for subbasin "CDC_3" is 1.0000 in.
NOTE 42413:  Unit hydrograph volume for subbasin "CDC_4" is 1.0000 in.
NOTE 42413:  Unit hydrograph volume for subbasin "CDC_5" is 1.0000 in.
NOTE 42413:  Unit hydrograph volume for subbasin "TC_1" is 1.0000 in.
NOTE 42413:  Unit hydrograph volume for subbasin "TC_2" is 1.0000 in.
NOTE 42413:  Unit hydrograph volume for subbasin "TC_3" is 1.0000 in.
NOTE 42413:  Unit hydrograph volume for subbasin "TC_4" is 1.0000 in.
NOTE 42413:  Unit hydrograph volume for subbasin "SOC_1" is 1.0000 in.
NOTE 42413:  Unit hydrograph volume for subbasin "TC_5" is 1.0000 in.
NOTE 42413:  Unit hydrograph volume for subbasin "SIC_1" is 1.0000 in.
NOTE 42413:  Unit hydrograph volume for subbasin "SIC_2" is 1.0000 in.
NOTE 42413:  Unit hydrograph volume for subbasin "SIC_3" is 1.0000 in.
NOTE 42413:  Unit hydrograph volume for subbasin "SIC_4" is 1.0000 in.
NOTE 42413:  Unit hydrograph volume for subbasin "SIC_5" is 1.0000 in.
NOTE 42413:  Unit hydrograph volume for subbasin "CDC_6" is 1.0000 in.
NOTE 42413:  Unit hydrograph volume for subbasin "CC_25" is 1.0000 in.
NOTE 42413:  Unit hydrograph volume for subbasin "CDC_7" is 1.0000 in.
NOTE 42413:  Unit hydrograph volume for subbasin "CC_26" is 1.0000 in.
NOTE 42413:  Unit hydrograph volume for subbasin "UA_1" is 1.0000 in.
NOTE 42413:  Unit hydrograph volume for subbasin "CC_27" is 1.0000 in.
NOTE 42413:  Unit hydrograph volume for subbasin "UA_2" is 1.0000 in.
NOTE 42413:  Unit hydrograph volume for subbasin "CC_28" is 1.0000 in.
NOTE 42413:  Unit hydrograph volume for subbasin "CC_29" is 1.0000 in.
NOTE 42413:  Unit hydrograph volume for subbasin "JC_1" is 1.0000 in.
NOTE 42413:  Unit hydrograph volume for subbasin "JC_2" is 1.0000 in.
NOTE 42413:  Unit hydrograph volume for subbasin "JC_3" is 1.0000 in.
NOTE 42413:  Unit hydrograph volume for subbasin "JC_4" is 1.0000 in.
NOTE 42413:  Unit hydrograph volume for subbasin "JC_5" is 1.0000 in.
NOTE 42413:  Unit hydrograph volume for subbasin "JC_6" is 1.0000 in.
NOTE 42413:  Unit hydrograph volume for subbasin "JC_7" is 1.0000 in.
NOTE 42413:  Unit hydrograph volume for subbasin "JC_8" is 1.0000 in.
NOTE 42413:  Unit hydrograph volume for subbasin "JC_9" is 1.0000 in.
NOTE 42413:  Unit hydrograph volume for subbasin "UB_1" is 1.0000 in.
NOTE 42413:  Unit hydrograph volume for subbasin "UB_2" is 1.0000 in.
NOTE 42413:  Unit hydrograph volume for subbasin "UB_3" is 1.0000 in.
NOTE 42413:  Unit hydrograph volume for subbasin "UB_4" is 1.0000 in.
NOTE 42413:  Unit hydrograph volume for subbasin "JC_10" is 1.0000 in.
NOTE 42413:  Unit hydrograph volume for subbasin "UB_5" is 1.0000 in.
NOTE 42413:  Unit hydrograph volume for subbasin "JC_11" is 1.0000 in.
NOTE 42413:  Unit hydrograph volume for subbasin "CC_30" is 1.0000 in.
NOTE 42413:  Unit hydrograph volume for subbasin "JC_12" is 1.0000 in.
NOTE 42413:  Unit hydrograph volume for subbasin "UC_1" is 1.0000 in.
NOTE 42413:  Unit hydrograph volume for subbasin "UC_2" is 1.0000 in.
NOTE 42413:  Unit hydrograph volume for subbasin "UC_3" is 1.0000 in.
NOTE 42413:  Unit hydrograph volume for subbasin "CC_31" is 1.0000 in.
NOTE 42413:  Unit hydrograph volume for subbasin "CC_32" is 1.0000 in.
NOTE 42413:  Unit hydrograph volume for subbasin "CC_33" is 1.0000 in.
NOTE 45725:  Finished computing ordinate #4 in frequency analysis simulation "CCW_Post-Fire_Calib" at time 08Jul2022, 10:10:20.
NOTE 45724:  Began computing ordinate #5 in frequency analysis simulation "CCW_Post-Fire_Calib" at time 08Jul2022, 10:10:21.
NOTE 15407:  Computing analysis point "Coyote_C_N_Golondrinas_NM".
NOTE 41088:  Routing parameters based on index celerity 5.00 ft/s for reach "R_62": Delta t (sec) 60.0  Delta x (ft) 296.6303
NOTE 41088:  Routing parameters based on index celerity 5.00 ft/s for reach "R_52": Delta t (sec) 60.0  Delta x (ft) 298.9828
NOTE 41088:  Routing parameters based on index celerity 5.00 ft/s for reach "R_44": Delta t (sec) 60.0  Delta x (ft) 286.0545
NOTE 41088:  Routing parameters based on index celerity 5.00 ft/s for reach "R_54": Delta t (sec) 60.0  Delta x (ft) 285.5740
NOTE 41088:  Routing parameters based on index celerity 5.00 ft/s for reach "R_39": Delta t (sec) 60.0  Delta x (ft) 252.0275
NOTE 41088:  Routing parameters based on index celerity 5.00 ft/s for reach "R_38": Delta t (sec) 60.0  Delta x (ft) 295.5115
NOTE 41088:  Routing parameters based on index celerity 5.00 ft/s for reach "R_63": Delta t (sec) 60.0  Delta x (ft) 298.2606
NOTE 41088:  Routing parameters based on index celerity 5.00 ft/s for reach "R_35": Delta t (sec) 60.0  Delta x (ft) 291.7873
NOTE 41088:  Routing parameters based on index celerity 5.00 ft/s for reach "R_33": Delta t (sec) 60.0  Delta x (ft) 295.6234
NOTE 41088:  Routing parameters based on index celerity 5.00 ft/s for reach "R_29": Delta t (sec) 60.0  Delta x (ft) 269.8083
NOTE 41088:  Routing parameters based on index celerity 5.00 ft/s for reach "R_27": Delta t (sec) 60.0  Delta x (ft) 297.5456
NOTE 41088:  Routing parameters based on index celerity 5.00 ft/s for reach "R_26": Delta t (sec) 60.0  Delta x (ft) 294.0843
NOTE 41088:  Routing parameters based on index celerity 5.00 ft/s for reach "R_24": Delta t (sec) 60.0  Delta x (ft) 289.7428
NOTE 41088:  Routing parameters based on index celerity 5.00 ft/s for reach "R_22": Delta t (sec) 60.0  Delta x (ft) 294.7650
NOTE 41088:  Routing parameters based on index celerity 5.00 ft/s for reach "R_20": Delta t (sec) 60.0  Delta x (ft) 290.9472
NOTE 41088:  Routing parameters based on index celerity 5.00 ft/s for reach "R_19": Delta t (sec) 60.0  Delta x (ft) 276.6725
NOTE 41088:  Routing parameters based on index celerity 5.00 ft/s for reach "R_18": Delta t (sec) 60.0  Delta x (ft) 295.2411
NOTE 41088:  Routing parameters based on index celerity 5.00 ft/s for reach "R_16": Delta t (sec) 60.0  Delta x (ft) 296.3147
NOTE 41088:  Routing parameters based on index celerity 5.00 ft/s for reach "R_57": Delta t (sec) 60.0  Delta x (ft) 297.4239
NOTE 41088:  Routing parameters based on index celerity 5.00 ft/s for reach "R_48": Delta t (sec) 60.0  Delta x (ft) 296.1364
NOTE 41088:  Routing parameters based on index celerity 5.00 ft/s for reach "R_15": Delta t (sec) 60.0  Delta x (ft) 279.5750
NOTE 41088:  Routing parameters based on index celerity 5.00 ft/s for reach "R_14": Delta t (sec) 60.0  Delta x (ft) 289.9703
NOTE 41088:  Routing parameters based on index celerity 5.00 ft/s for reach "R_13": Delta t (sec) 60.0  Delta x (ft) 289.4563
NOTE 41088:  Routing parameters based on index celerity 5.00 ft/s for reach "R_11": Delta t (sec) 60.0  Delta x (ft) 299.9089
NOTE 41088:  Routing parameters based on index celerity 5.00 ft/s for reach "R_64": Delta t (sec) 60.0  Delta x (ft) 279.7536
NOTE 41088:  Routing parameters based on index celerity 5.00 ft/s for reach "R_58": Delta t (sec) 60.0  Delta x (ft) 293.1896
NOTE 41088:  Routing parameters based on index celerity 5.00 ft/s for reach "R_53": Delta t (sec) 60.0  Delta x (ft) 293.1896
NOTE 41088:  Routing parameters based on index celerity 5.00 ft/s for reach "R_42": Delta t (sec) 60.0  Delta x (ft) 298.3923
NOTE 41088:  Routing parameters based on index celerity 5.00 ft/s for reach "R_61": Delta t (sec) 60.0  Delta x (ft) 295.3027
NOTE 41088:  Routing parameters based on index celerity 5.00 ft/s for reach "R_50": Delta t (sec) 60.0  Delta x (ft) 298.7660
NOTE 41088:  Routing parameters based on index celerity 5.00 ft/s for reach "R_30": Delta t (sec) 60.0  Delta x (ft) 293.6178
NOTE 41088:  Routing parameters based on index celerity 5.00 ft/s for reach "R_51": Delta t (sec) 60.0  Delta x (ft) 298.7282
NOTE 41088:  Routing parameters based on index celerity 5.00 ft/s for reach "R_47": Delta t (sec) 60.0  Delta x (ft) 287.3153
NOTE 41088:  Routing parameters based on index celerity 5.00 ft/s for reach "R_40": Delta t (sec) 60.0  Delta x (ft) 291.1062
NOTE 41088:  Routing parameters based on index celerity 5.00 ft/s for reach "R_28": Delta t (sec) 60.0  Delta x (ft) 294.9282
NOTE 41088:  Routing parameters based on index celerity 5.00 ft/s for reach "R_9": Delta t (sec) 60.0  Delta x (ft) 299.7192
NOTE 41088:  Routing parameters based on index celerity 5.00 ft/s for reach "R_8": Delta t (sec) 60.0  Delta x (ft) 293.3373
NOTE 41088:  Routing parameters based on index celerity 5.00 ft/s for reach "R_66": Delta t (sec) 60.0  Delta x (ft) 298.7952
NOTE 41088:  Routing parameters based on index celerity 5.00 ft/s for reach "R_7": Delta t (sec) 60.0  Delta x (ft) 269.6820
NOTE 41088:  Routing parameters based on index celerity 5.00 ft/s for reach "R_6": Delta t (sec) 60.0  Delta x (ft) 299.2570
NOTE 41088:  Routing parameters based on index celerity 5.00 ft/s for reach "R_5": Delta t (sec) 60.0  Delta x (ft) 295.5472
NOTE 41088:  Routing parameters based on index celerity 5.00 ft/s for reach "R_69": Delta t (sec) 60.0  Delta x (ft) 295.8268
NOTE 41088:  Routing parameters based on index celerity 5.00 ft/s for reach "R_49": Delta t (sec) 60.0  Delta x (ft) 296.0267
NOTE 41088:  Routing parameters based on index celerity 5.00 ft/s for reach "R_32": Delta t (sec) 60.0  Delta x (ft) 299.8450
NOTE 41088:  Routing parameters based on index celerity 5.00 ft/s for reach "R_25": Delta t (sec) 60.0  Delta x (ft) 291.7297
NOTE 41088:  Routing parameters based on index celerity 5.00 ft/s for reach "R_23": Delta t (sec) 60.0  Delta x (ft) 283.9900
NOTE 41088:  Routing parameters based on index celerity 5.00 ft/s for reach "R_21": Delta t (sec) 60.0  Delta x (ft) 298.3021
NOTE 41088:  Routing parameters based on index celerity 5.00 ft/s for reach "R_17": Delta t (sec) 60.0  Delta x (ft) 298.9618
NOTE 41088:  Routing parameters based on index celerity 5.00 ft/s for reach "R_65": Delta t (sec) 60.0  Delta x (ft) 298.7434
NOTE 41088:  Routing parameters based on index celerity 5.00 ft/s for reach "R_31": Delta t (sec) 60.0  Delta x (ft) 284.6844
NOTE 41088:  Routing parameters based on index celerity 5.00 ft/s for reach "R_36": Delta t (sec) 60.0  Delta x (ft) 299.1303
NOTE 41088:  Routing parameters based on index celerity 5.00 ft/s for reach "R_12": Delta t (sec) 60.0  Delta x (ft) 289.6506
NOTE 41088:  Routing parameters based on index celerity 5.00 ft/s for reach "R_10": Delta t (sec) 60.0  Delta x (ft) 296.5247
NOTE 41088:  Routing parameters based on index celerity 5.00 ft/s for reach "R_4": Delta t (sec) 60.0  Delta x (ft) 276.5800
NOTE 41088:  Routing parameters based on index celerity 5.00 ft/s for reach "R_41": Delta t (sec) 60.0  Delta x (ft) 294.2321
NOTE 41088:  Routing parameters based on index celerity 5.00 ft/s for reach "R_3": Delta t (sec) 60.0  Delta x (ft) 297.2927
NOTE 41088:  Routing parameters based on index celerity 5.00 ft/s for reach "R_70": Delta t (sec) 60.0  Delta x (ft) 293.1867
NOTE 23406:  Hypothetical storm depth: 3.121 IN.
NOTE 23413:  Area upstream of computation point: 236.454 MI2.
NOTE 23407:  Hypothetical storm area: 236.455 MI2.
NOTE 23409:  Area-reduced hypothetical storm depth: 2.606 in.
NOTE 42413:  Unit hydrograph volume for subbasin "CC_1" is 1.0000 in.
NOTE 42413:  Unit hydrograph volume for subbasin "CC_2" is 1.0000 in.
NOTE 42413:  Unit hydrograph volume for subbasin "CC_3" is 1.0000 in.
NOTE 42413:  Unit hydrograph volume for subbasin "CC_4" is 1.0000 in.
NOTE 42413:  Unit hydrograph volume for subbasin "CC_5" is 1.0000 in.
NOTE 42413:  Unit hydrograph volume for subbasin "CC_6" is 1.0000 in.
NOTE 42413:  Unit hydrograph volume for subbasin "CC_7" is 1.0000 in.
NOTE 42413:  Unit hydrograph volume for subbasin "CC_8" is 1.0000 in.
NOTE 42413:  Unit hydrograph volume for subbasin "LCC_1" is 1.0000 in.
NOTE 42413:  Unit hydrograph volume for subbasin "LCC_2" is 1.0000 in.
NOTE 42413:  Unit hydrograph volume for subbasin "LCC_3" is 1.0000 in.
NOTE 42413:  Unit hydrograph volume for subbasin "LCC_4" is 1.0000 in.
NOTE 42413:  Unit hydrograph volume for subbasin "LCC_5" is 1.0000 in.
NOTE 42413:  Unit hydrograph volume for subbasin "CC_9" is 1.0000 in.
NOTE 42413:  Unit hydrograph volume for subbasin "LCC_6" is 1.0000 in.
NOTE 42413:  Unit hydrograph volume for subbasin "CC_10" is 1.0000 in.
NOTE 42413:  Unit hydrograph volume for subbasin "CC_11" is 1.0000 in.
NOTE 42413:  Unit hydrograph volume for subbasin "CC_12" is 1.0000 in.
NOTE 42413:  Unit hydrograph volume for subbasin "CC_13" is 1.0000 in.
NOTE 42413:  Unit hydrograph volume for subbasin "CC_14" is 1.0000 in.
NOTE 42413:  Unit hydrograph volume for subbasin "CC_15" is 1.0000 in.
NOTE 42413:  Unit hydrograph volume for subbasin "CC_16" is 1.0000 in.
NOTE 42413:  Unit hydrograph volume for subbasin "CC_17" is 1.0000 in.
NOTE 42413:  Unit hydrograph volume for subbasin "CC_18" is 1.0000 in.
NOTE 42413:  Unit hydrograph volume for subbasin "CC_19" is 1.0000 in.
NOTE 42413:  Unit hydrograph volume for subbasin "WC_1" is 1.0000 in.
NOTE 42413:  Unit hydrograph volume for subbasin "WC_2" is 1.0000 in.
NOTE 42413:  Unit hydrograph volume for subbasin "WC_3" is 1.0000 in.
NOTE 42413:  Unit hydrograph volume for subbasin "CC_20" is 1.0000 in.
NOTE 42413:  Unit hydrograph volume for subbasin "CC_21" is 1.0000 in.
NOTE 42413:  Unit hydrograph volume for subbasin "CC_22" is 1.0000 in.
NOTE 42413:  Unit hydrograph volume for subbasin "CC_23" is 1.0000 in.
NOTE 42413:  Unit hydrograph volume for subbasin "CC_24" is 1.0000 in.
NOTE 42413:  Unit hydrograph volume for subbasin "CDC_1" is 1.0000 in.
NOTE 42413:  Unit hydrograph volume for subbasin "CDC_2" is 1.0000 in.
NOTE 42413:  Unit hydrograph volume for subbasin "CDC_3" is 1.0000 in.
NOTE 42413:  Unit hydrograph volume for subbasin "CDC_4" is 1.0000 in.
NOTE 42413:  Unit hydrograph volume for subbasin "CDC_5" is 1.0000 in.
NOTE 42413:  Unit hydrograph volume for subbasin "TC_1" is 1.0000 in.
NOTE 42413:  Unit hydrograph volume for subbasin "TC_2" is 1.0000 in.
NOTE 42413:  Unit hydrograph volume for subbasin "TC_3" is 1.0000 in.
NOTE 42413:  Unit hydrograph volume for subbasin "TC_4" is 1.0000 in.
NOTE 42413:  Unit hydrograph volume for subbasin "SOC_1" is 1.0000 in.
NOTE 42413:  Unit hydrograph volume for subbasin "TC_5" is 1.0000 in.
NOTE 42413:  Unit hydrograph volume for subbasin "SIC_1" is 1.0000 in.
NOTE 42413:  Unit hydrograph volume for subbasin "SIC_2" is 1.0000 in.
NOTE 42413:  Unit hydrograph volume for subbasin "SIC_3" is 1.0000 in.
NOTE 42413:  Unit hydrograph volume for subbasin "SIC_4" is 1.0000 in.
NOTE 42413:  Unit hydrograph volume for subbasin "SIC_5" is 1.0000 in.
NOTE 42413:  Unit hydrograph volume for subbasin "CDC_6" is 1.0000 in.
NOTE 42413:  Unit hydrograph volume for subbasin "CC_25" is 1.0000 in.
NOTE 42413:  Unit hydrograph volume for subbasin "CDC_7" is 1.0000 in.
NOTE 42413:  Unit hydrograph volume for subbasin "CC_26" is 1.0000 in.
NOTE 42413:  Unit hydrograph volume for subbasin "UA_1" is 1.0000 in.
NOTE 42413:  Unit hydrograph volume for subbasin "CC_27" is 1.0000 in.
NOTE 42413:  Unit hydrograph volume for subbasin "UA_2" is 1.0000 in.
NOTE 42413:  Unit hydrograph volume for subbasin "CC_28" is 1.0000 in.
NOTE 42413:  Unit hydrograph volume for subbasin "CC_29" is 1.0000 in.
NOTE 42413:  Unit hydrograph volume for subbasin "JC_1" is 1.0000 in.
NOTE 42413:  Unit hydrograph volume for subbasin "JC_2" is 1.0000 in.
NOTE 42413:  Unit hydrograph volume for subbasin "JC_3" is 1.0000 in.
NOTE 42413:  Unit hydrograph volume for subbasin "JC_4" is 1.0000 in.
NOTE 42413:  Unit hydrograph volume for subbasin "JC_5" is 1.0000 in.
NOTE 42413:  Unit hydrograph volume for subbasin "JC_6" is 1.0000 in.
NOTE 42413:  Unit hydrograph volume for subbasin "JC_7" is 1.0000 in.
NOTE 42413:  Unit hydrograph volume for subbasin "JC_8" is 1.0000 in.
NOTE 42413:  Unit hydrograph volume for subbasin "JC_9" is 1.0000 in.
NOTE 42413:  Unit hydrograph volume for subbasin "UB_1" is 1.0000 in.
NOTE 42413:  Unit hydrograph volume for subbasin "UB_2" is 1.0000 in.
NOTE 42413:  Unit hydrograph volume for subbasin "UB_3" is 1.0000 in.
NOTE 42413:  Unit hydrograph volume for subbasin "UB_4" is 1.0000 in.
NOTE 42413:  Unit hydrograph volume for subbasin "JC_10" is 1.0000 in.
NOTE 42413:  Unit hydrograph volume for subbasin "UB_5" is 1.0000 in.
NOTE 42413:  Unit hydrograph volume for subbasin "JC_11" is 1.0000 in.
NOTE 42413:  Unit hydrograph volume for subbasin "CC_30" is 1.0000 in.
NOTE 42413:  Unit hydrograph volume for subbasin "JC_12" is 1.0000 in.
NOTE 42413:  Unit hydrograph volume for subbasin "UC_1" is 1.0000 in.
NOTE 42413:  Unit hydrograph volume for subbasin "UC_2" is 1.0000 in.
NOTE 42413:  Unit hydrograph volume for subbasin "UC_3" is 1.0000 in.
NOTE 42413:  Unit hydrograph volume for subbasin "CC_31" is 1.0000 in.
NOTE 42413:  Unit hydrograph volume for subbasin "CC_32" is 1.0000 in.
NOTE 42413:  Unit hydrograph volume for subbasin "CC_33" is 1.0000 in.
NOTE 45725:  Finished computing ordinate #5 in frequency analysis simulation "CCW_Post-Fire_Calib" at time 08Jul2022, 10:10:49.
NOTE 45724:  Began computing ordinate #6 in frequency analysis simulation "CCW_Post-Fire_Calib" at time 08Jul2022, 10:10:50.
NOTE 15407:  Computing analysis point "Coyote_C_N_Golondrinas_NM".
NOTE 41088:  Routing parameters based on index celerity 5.00 ft/s for reach "R_62": Delta t (sec) 60.0  Delta x (ft) 296.6303
NOTE 41088:  Routing parameters based on index celerity 5.00 ft/s for reach "R_52": Delta t (sec) 60.0  Delta x (ft) 298.9828
NOTE 41088:  Routing parameters based on index celerity 5.00 ft/s for reach "R_44": Delta t (sec) 60.0  Delta x (ft) 286.0545
NOTE 41088:  Routing parameters based on index celerity 5.00 ft/s for reach "R_54": Delta t (sec) 60.0  Delta x (ft) 285.5740
NOTE 41088:  Routing parameters based on index celerity 5.00 ft/s for reach "R_39": Delta t (sec) 60.0  Delta x (ft) 252.0275
NOTE 41088:  Routing parameters based on index celerity 5.00 ft/s for reach "R_38": Delta t (sec) 60.0  Delta x (ft) 295.5115
NOTE 41088:  Routing parameters based on index celerity 5.00 ft/s for reach "R_63": Delta t (sec) 60.0  Delta x (ft) 298.2606
NOTE 41088:  Routing parameters based on index celerity 5.00 ft/s for reach "R_35": Delta t (sec) 60.0  Delta x (ft) 291.7873
NOTE 41088:  Routing parameters based on index celerity 5.00 ft/s for reach "R_33": Delta t (sec) 60.0  Delta x (ft) 295.6234
NOTE 41088:  Routing parameters based on index celerity 5.00 ft/s for reach "R_29": Delta t (sec) 60.0  Delta x (ft) 269.8083
NOTE 41088:  Routing parameters based on index celerity 5.00 ft/s for reach "R_27": Delta t (sec) 60.0  Delta x (ft) 297.5456
NOTE 41088:  Routing parameters based on index celerity 5.00 ft/s for reach "R_26": Delta t (sec) 60.0  Delta x (ft) 294.0843
NOTE 41088:  Routing parameters based on index celerity 5.00 ft/s for reach "R_24": Delta t (sec) 60.0  Delta x (ft) 289.7428
NOTE 41088:  Routing parameters based on index celerity 5.00 ft/s for reach "R_22": Delta t (sec) 60.0  Delta x (ft) 294.7650
NOTE 41088:  Routing parameters based on index celerity 5.00 ft/s for reach "R_20": Delta t (sec) 60.0  Delta x (ft) 290.9472
NOTE 41088:  Routing parameters based on index celerity 5.00 ft/s for reach "R_19": Delta t (sec) 60.0  Delta x (ft) 276.6725
NOTE 41088:  Routing parameters based on index celerity 5.00 ft/s for reach "R_18": Delta t (sec) 60.0  Delta x (ft) 295.2411
NOTE 41088:  Routing parameters based on index celerity 5.00 ft/s for reach "R_16": Delta t (sec) 60.0  Delta x (ft) 296.3147
NOTE 41088:  Routing parameters based on index celerity 5.00 ft/s for reach "R_57": Delta t (sec) 60.0  Delta x (ft) 297.4239
NOTE 41088:  Routing parameters based on index celerity 5.00 ft/s for reach "R_48": Delta t (sec) 60.0  Delta x (ft) 296.1364
NOTE 41088:  Routing parameters based on index celerity 5.00 ft/s for reach "R_15": Delta t (sec) 60.0  Delta x (ft) 279.5750
NOTE 41088:  Routing parameters based on index celerity 5.00 ft/s for reach "R_14": Delta t (sec) 60.0  Delta x (ft) 289.9703
NOTE 41088:  Routing parameters based on index celerity 5.00 ft/s for reach "R_13": Delta t (sec) 60.0  Delta x (ft) 289.4563
NOTE 41088:  Routing parameters based on index celerity 5.00 ft/s for reach "R_11": Delta t (sec) 60.0  Delta x (ft) 299.9089
NOTE 41088:  Routing parameters based on index celerity 5.00 ft/s for reach "R_64": Delta t (sec) 60.0  Delta x (ft) 279.7536
NOTE 41088:  Routing parameters based on index celerity 5.00 ft/s for reach "R_58": Delta t (sec) 60.0  Delta x (ft) 293.1896
NOTE 41088:  Routing parameters based on index celerity 5.00 ft/s for reach "R_53": Delta t (sec) 60.0  Delta x (ft) 293.1896
NOTE 41088:  Routing parameters based on index celerity 5.00 ft/s for reach "R_42": Delta t (sec) 60.0  Delta x (ft) 298.3923
NOTE 41088:  Routing parameters based on index celerity 5.00 ft/s for reach "R_61": Delta t (sec) 60.0  Delta x (ft) 295.3027
NOTE 41088:  Routing parameters based on index celerity 5.00 ft/s for reach "R_50": Delta t (sec) 60.0  Delta x (ft) 298.7660
NOTE 41088:  Routing parameters based on index celerity 5.00 ft/s for reach "R_30": Delta t (sec) 60.0  Delta x (ft) 293.6178
NOTE 41088:  Routing parameters based on index celerity 5.00 ft/s for reach "R_51": Delta t (sec) 60.0  Delta x (ft) 298.7282
NOTE 41088:  Routing parameters based on index celerity 5.00 ft/s for reach "R_47": Delta t (sec) 60.0  Delta x (ft) 287.3153
NOTE 41088:  Routing parameters based on index celerity 5.00 ft/s for reach "R_40": Delta t (sec) 60.0  Delta x (ft) 291.1062
NOTE 41088:  Routing parameters based on index celerity 5.00 ft/s for reach "R_28": Delta t (sec) 60.0  Delta x (ft) 294.9282
NOTE 41088:  Routing parameters based on index celerity 5.00 ft/s for reach "R_9": Delta t (sec) 60.0  Delta x (ft) 299.7192
NOTE 41088:  Routing parameters based on index celerity 5.00 ft/s for reach "R_8": Delta t (sec) 60.0  Delta x (ft) 293.3373
NOTE 41088:  Routing parameters based on index celerity 5.00 ft/s for reach "R_66": Delta t (sec) 60.0  Delta x (ft) 298.7952
NOTE 41088:  Routing parameters based on index celerity 5.00 ft/s for reach "R_7": Delta t (sec) 60.0  Delta x (ft) 269.6820
NOTE 41088:  Routing parameters based on index celerity 5.00 ft/s for reach "R_6": Delta t (sec) 60.0  Delta x (ft) 299.2570
NOTE 41088:  Routing parameters based on index celerity 5.00 ft/s for reach "R_5": Delta t (sec) 60.0  Delta x (ft) 295.5472
NOTE 41088:  Routing parameters based on index celerity 5.00 ft/s for reach "R_69": Delta t (sec) 60.0  Delta x (ft) 295.8268
NOTE 41088:  Routing parameters based on index celerity 5.00 ft/s for reach "R_49": Delta t (sec) 60.0  Delta x (ft) 296.0267
NOTE 41088:  Routing parameters based on index celerity 5.00 ft/s for reach "R_32": Delta t (sec) 60.0  Delta x (ft) 299.8450
NOTE 41088:  Routing parameters based on index celerity 5.00 ft/s for reach "R_25": Delta t (sec) 60.0  Delta x (ft) 291.7297
NOTE 41088:  Routing parameters based on index celerity 5.00 ft/s for reach "R_23": Delta t (sec) 60.0  Delta x (ft) 283.9900
NOTE 41088:  Routing parameters based on index celerity 5.00 ft/s for reach "R_21": Delta t (sec) 60.0  Delta x (ft) 298.3021
NOTE 41088:  Routing parameters based on index celerity 5.00 ft/s for reach "R_17": Delta t (sec) 60.0  Delta x (ft) 298.9618
NOTE 41088:  Routing parameters based on index celerity 5.00 ft/s for reach "R_65": Delta t (sec) 60.0  Delta x (ft) 298.7434
NOTE 41088:  Routing parameters based on index celerity 5.00 ft/s for reach "R_31": Delta t (sec) 60.0  Delta x (ft) 284.6844
NOTE 41088:  Routing parameters based on index celerity 5.00 ft/s for reach "R_36": Delta t (sec) 60.0  Delta x (ft) 299.1303
NOTE 41088:  Routing parameters based on index celerity 5.00 ft/s for reach "R_12": Delta t (sec) 60.0  Delta x (ft) 289.6506
NOTE 41088:  Routing parameters based on index celerity 5.00 ft/s for reach "R_10": Delta t (sec) 60.0  Delta x (ft) 296.5247
NOTE 41088:  Routing parameters based on index celerity 5.00 ft/s for reach "R_4": Delta t (sec) 60.0  Delta x (ft) 276.5800
NOTE 41088:  Routing parameters based on index celerity 5.00 ft/s for reach "R_41": Delta t (sec) 60.0  Delta x (ft) 294.2321
NOTE 41088:  Routing parameters based on index celerity 5.00 ft/s for reach "R_3": Delta t (sec) 60.0  Delta x (ft) 297.2927
NOTE 41088:  Routing parameters based on index celerity 5.00 ft/s for reach "R_70": Delta t (sec) 60.0  Delta x (ft) 293.1867
NOTE 23406:  Hypothetical storm depth: 3.57 IN.
NOTE 23413:  Area upstream of computation point: 236.454 MI2.
NOTE 23407:  Hypothetical storm area: 236.455 MI2.
NOTE 23409:  Area-reduced hypothetical storm depth: 2.98 in.
NOTE 42413:  Unit hydrograph volume for subbasin "CC_1" is 1.0000 in.
NOTE 42413:  Unit hydrograph volume for subbasin "CC_2" is 1.0000 in.
NOTE 42413:  Unit hydrograph volume for subbasin "CC_3" is 1.0000 in.
NOTE 42413:  Unit hydrograph volume for subbasin "CC_4" is 1.0000 in.
NOTE 42413:  Unit hydrograph volume for subbasin "CC_5" is 1.0000 in.
NOTE 42413:  Unit hydrograph volume for subbasin "CC_6" is 1.0000 in.
NOTE 42413:  Unit hydrograph volume for subbasin "CC_7" is 1.0000 in.
NOTE 42413:  Unit hydrograph volume for subbasin "CC_8" is 1.0000 in.
NOTE 42413:  Unit hydrograph volume for subbasin "LCC_1" is 1.0000 in.
NOTE 42413:  Unit hydrograph volume for subbasin "LCC_2" is 1.0000 in.
NOTE 42413:  Unit hydrograph volume for subbasin "LCC_3" is 1.0000 in.
NOTE 42413:  Unit hydrograph volume for subbasin "LCC_4" is 1.0000 in.
NOTE 42413:  Unit hydrograph volume for subbasin "LCC_5" is 1.0000 in.
NOTE 42413:  Unit hydrograph volume for subbasin "CC_9" is 1.0000 in.
NOTE 42413:  Unit hydrograph volume for subbasin "LCC_6" is 1.0000 in.
NOTE 42413:  Unit hydrograph volume for subbasin "CC_10" is 1.0000 in.
NOTE 42413:  Unit hydrograph volume for subbasin "CC_11" is 1.0000 in.
NOTE 42413:  Unit hydrograph volume for subbasin "CC_12" is 1.0000 in.
NOTE 42413:  Unit hydrograph volume for subbasin "CC_13" is 1.0000 in.
NOTE 42413:  Unit hydrograph volume for subbasin "CC_14" is 1.0000 in.
NOTE 42413:  Unit hydrograph volume for subbasin "CC_15" is 1.0000 in.
NOTE 42413:  Unit hydrograph volume for subbasin "CC_16" is 1.0000 in.
NOTE 42413:  Unit hydrograph volume for subbasin "CC_17" is 1.0000 in.
NOTE 42413:  Unit hydrograph volume for subbasin "CC_18" is 1.0000 in.
NOTE 42413:  Unit hydrograph volume for subbasin "CC_19" is 1.0000 in.
NOTE 42413:  Unit hydrograph volume for subbasin "WC_1" is 1.0000 in.
NOTE 42413:  Unit hydrograph volume for subbasin "WC_2" is 1.0000 in.
NOTE 42413:  Unit hydrograph volume for subbasin "WC_3" is 1.0000 in.
NOTE 42413:  Unit hydrograph volume for subbasin "CC_20" is 1.0000 in.
NOTE 42413:  Unit hydrograph volume for subbasin "CC_21" is 1.0000 in.
NOTE 42413:  Unit hydrograph volume for subbasin "CC_22" is 1.0000 in.
NOTE 42413:  Unit hydrograph volume for subbasin "CC_23" is 1.0000 in.
NOTE 42413:  Unit hydrograph volume for subbasin "CC_24" is 1.0000 in.
NOTE 42413:  Unit hydrograph volume for subbasin "CDC_1" is 1.0000 in.
NOTE 42413:  Unit hydrograph volume for subbasin "CDC_2" is 1.0000 in.
NOTE 42413:  Unit hydrograph volume for subbasin "CDC_3" is 1.0000 in.
NOTE 42413:  Unit hydrograph volume for subbasin "CDC_4" is 1.0000 in.
NOTE 42413:  Unit hydrograph volume for subbasin "CDC_5" is 1.0000 in.
NOTE 42413:  Unit hydrograph volume for subbasin "TC_1" is 1.0000 in.
NOTE 42413:  Unit hydrograph volume for subbasin "TC_2" is 1.0000 in.
NOTE 42413:  Unit hydrograph volume for subbasin "TC_3" is 1.0000 in.
NOTE 42413:  Unit hydrograph volume for subbasin "TC_4" is 1.0000 in.
NOTE 42413:  Unit hydrograph volume for subbasin "SOC_1" is 1.0000 in.
NOTE 42413:  Unit hydrograph volume for subbasin "TC_5" is 1.0000 in.
NOTE 42413:  Unit hydrograph volume for subbasin "SIC_1" is 1.0000 in.
NOTE 42413:  Unit hydrograph volume for subbasin "SIC_2" is 1.0000 in.
NOTE 42413:  Unit hydrograph volume for subbasin "SIC_3" is 1.0000 in.
NOTE 42413:  Unit hydrograph volume for subbasin "SIC_4" is 1.0000 in.
NOTE 42413:  Unit hydrograph volume for subbasin "SIC_5" is 1.0000 in.
NOTE 42413:  Unit hydrograph volume for subbasin "CDC_6" is 1.0000 in.
NOTE 42413:  Unit hydrograph volume for subbasin "CC_25" is 1.0000 in.
NOTE 42413:  Unit hydrograph volume for subbasin "CDC_7" is 1.0000 in.
NOTE 42413:  Unit hydrograph volume for subbasin "CC_26" is 1.0000 in.
NOTE 42413:  Unit hydrograph volume for subbasin "UA_1" is 1.0000 in.
NOTE 42413:  Unit hydrograph volume for subbasin "CC_27" is 1.0000 in.
NOTE 42413:  Unit hydrograph volume for subbasin "UA_2" is 1.0000 in.
NOTE 42413:  Unit hydrograph volume for subbasin "CC_28" is 1.0000 in.
NOTE 42413:  Unit hydrograph volume for subbasin "CC_29" is 1.0000 in.
NOTE 42413:  Unit hydrograph volume for subbasin "JC_1" is 1.0000 in.
NOTE 42413:  Unit hydrograph volume for subbasin "JC_2" is 1.0000 in.
NOTE 42413:  Unit hydrograph volume for subbasin "JC_3" is 1.0000 in.
NOTE 42413:  Unit hydrograph volume for subbasin "JC_4" is 1.0000 in.
NOTE 42413:  Unit hydrograph volume for subbasin "JC_5" is 1.0000 in.
NOTE 42413:  Unit hydrograph volume for subbasin "JC_6" is 1.0000 in.
NOTE 42413:  Unit hydrograph volume for subbasin "JC_7" is 1.0000 in.
NOTE 42413:  Unit hydrograph volume for subbasin "JC_8" is 1.0000 in.
NOTE 42413:  Unit hydrograph volume for subbasin "JC_9" is 1.0000 in.
NOTE 42413:  Unit hydrograph volume for subbasin "UB_1" is 1.0000 in.
NOTE 42413:  Unit hydrograph volume for subbasin "UB_2" is 1.0000 in.
NOTE 42413:  Unit hydrograph volume for subbasin "UB_3" is 1.0000 in.
NOTE 42413:  Unit hydrograph volume for subbasin "UB_4" is 1.0000 in.
NOTE 42413:  Unit hydrograph volume for subbasin "JC_10" is 1.0000 in.
NOTE 42413:  Unit hydrograph volume for subbasin "UB_5" is 1.0000 in.
NOTE 42413:  Unit hydrograph volume for subbasin "JC_11" is 1.0000 in.
NOTE 42413:  Unit hydrograph volume for subbasin "CC_30" is 1.0000 in.
NOTE 42413:  Unit hydrograph volume for subbasin "JC_12" is 1.0000 in.
NOTE 42413:  Unit hydrograph volume for subbasin "UC_1" is 1.0000 in.
NOTE 42413:  Unit hydrograph volume for subbasin "UC_2" is 1.0000 in.
NOTE 42413:  Unit hydrograph volume for subbasin "UC_3" is 1.0000 in.
NOTE 42413:  Unit hydrograph volume for subbasin "CC_31" is 1.0000 in.
NOTE 42413:  Unit hydrograph volume for subbasin "CC_32" is 1.0000 in.
NOTE 42413:  Unit hydrograph volume for subbasin "CC_33" is 1.0000 in.
NOTE 45725:  Finished computing ordinate #6 in frequency analysis simulation "CCW_Post-Fire_Calib" at time 08Jul2022, 10:11:20.
NOTE 45702:  Finished computing frequency analysis "CCW_Post-Fire_Calib" at time 08Jul2022, 10:11:21.
NOTE 15312:  The total runtime for this simulation is 02:40.
