NOTE 45723:  Began computing frequency analysis "SRW_Post-Fire" at time 22Jun2022, 12:18:45.
NOTE 45724:  Began computing ordinate #1 in frequency analysis simulation "SRW_Post-Fire" at time 22Jun2022, 12:18:46.
NOTE 15407:  Computing analysis point "Outlet".
NOTE 41088:  Routing parameters based on index celerity 5.00 ft/s for reach "R_39": Delta t (sec) 60.0  Delta x (ft) 298.4125
NOTE 41088:  Routing parameters based on index celerity 5.00 ft/s for reach "R_36": Delta t (sec) 60.0  Delta x (ft) 266.1913
NOTE 41088:  Routing parameters based on index celerity 5.00 ft/s for reach "R_34": Delta t (sec) 60.0  Delta x (ft) 278.9067
NOTE 41088:  Routing parameters based on index celerity 5.00 ft/s for reach "R_33": Delta t (sec) 60.0  Delta x (ft) 294.0614
NOTE 41088:  Routing parameters based on index celerity 5.00 ft/s for reach "R_40": Delta t (sec) 60.0  Delta x (ft) 299.6900
NOTE 41088:  Routing parameters based on index celerity 5.00 ft/s for reach "R_24": Delta t (sec) 60.0  Delta x (ft) 295.6462
NOTE 41088:  Routing parameters based on index celerity 5.00 ft/s for reach "R_29": Delta t (sec) 60.0  Delta x (ft) 290.2707
NOTE 41088:  Routing parameters based on index celerity 5.00 ft/s for reach "R_27": Delta t (sec) 60.0  Delta x (ft) 298.8642
NOTE 41088:  Routing parameters based on index celerity 5.00 ft/s for reach "R_23": Delta t (sec) 60.0  Delta x (ft) 257.5850
NOTE 41088:  Routing parameters based on index celerity 5.00 ft/s for reach "R_22": Delta t (sec) 60.0  Delta x (ft) 261.8367
NOTE 41088:  Routing parameters based on index celerity 5.00 ft/s for reach "R_21": Delta t (sec) 60.0  Delta x (ft) 257.5933
NOTE 41088:  Routing parameters based on index celerity 5.00 ft/s for reach "R_20": Delta t (sec) 60.0  Delta x (ft) 298.1078
NOTE 41088:  Routing parameters based on index celerity 5.00 ft/s for reach "R_15": Delta t (sec) 60.0  Delta x (ft) 269.3725
NOTE 41088:  Routing parameters based on index celerity 5.00 ft/s for reach "R_41": Delta t (sec) 60.0  Delta x (ft) 299.0290
NOTE 41088:  Routing parameters based on index celerity 5.00 ft/s for reach "R_37": Delta t (sec) 60.0  Delta x (ft) 296.3967
NOTE 41088:  Routing parameters based on index celerity 5.00 ft/s for reach "R_32": Delta t (sec) 60.0  Delta x (ft) 290.3328
NOTE 41088:  Routing parameters based on index celerity 5.00 ft/s for reach "R_14": Delta t (sec) 60.0  Delta x (ft) 291.2975
NOTE 41088:  Routing parameters based on index celerity 5.00 ft/s for reach "R_13": Delta t (sec) 60.0  Delta x (ft) 299.4116
NOTE 41088:  Routing parameters based on index celerity 5.00 ft/s for reach "R_11": Delta t (sec) 60.0  Delta x (ft) 293.1286
NOTE 41088:  Routing parameters based on index celerity 5.00 ft/s for reach "R_10": Delta t (sec) 60.0  Delta x (ft) 259.5571
NOTE 41088:  Routing parameters based on index celerity 5.00 ft/s for reach "R_35": Delta t (sec) 60.0  Delta x (ft) 298.2462
NOTE 41088:  Routing parameters based on index celerity 5.00 ft/s for reach "R_25": Delta t (sec) 60.0  Delta x (ft) 298.6510
NOTE 41088:  Routing parameters based on index celerity 5.00 ft/s for reach "R_43": Delta t (sec) 60.0  Delta x (ft) 298.3728
NOTE 41088:  Routing parameters based on index celerity 5.00 ft/s for reach "R_19": Delta t (sec) 60.0  Delta x (ft) 297.9022
NOTE 41088:  Routing parameters based on index celerity 5.00 ft/s for reach "R_18": Delta t (sec) 60.0  Delta x (ft) 299.4903
NOTE 41088:  Routing parameters based on index celerity 5.00 ft/s for reach "R_17": Delta t (sec) 60.0  Delta x (ft) 296.5724
NOTE 41088:  Routing parameters based on index celerity 5.00 ft/s for reach "R_16": Delta t (sec) 60.0  Delta x (ft) 281.9094
NOTE 41088:  Routing parameters based on index celerity 5.00 ft/s for reach "R_9": Delta t (sec) 60.0  Delta x (ft) 295.8396
NOTE 41088:  Routing parameters based on index celerity 5.00 ft/s for reach "R_8": Delta t (sec) 60.0  Delta x (ft) 296.4571
NOTE 41088:  Routing parameters based on index celerity 5.00 ft/s for reach "R_7": Delta t (sec) 60.0  Delta x (ft) 298.8300
NOTE 41088:  Routing parameters based on index celerity 5.00 ft/s for reach "R_6": Delta t (sec) 60.0  Delta x (ft) 294.5290
NOTE 41088:  Routing parameters based on index celerity 5.00 ft/s for reach "R_5": Delta t (sec) 60.0  Delta x (ft) 299.6886
NOTE 41088:  Routing parameters based on index celerity 5.00 ft/s for reach "R_4": Delta t (sec) 60.0  Delta x (ft) 297.7419
NOTE 41088:  Routing parameters based on index celerity 5.00 ft/s for reach "R_42": Delta t (sec) 60.0  Delta x (ft) 296.0425
NOTE 41088:  Routing parameters based on index celerity 5.00 ft/s for reach "R_31": Delta t (sec) 60.0  Delta x (ft) 299.9320
NOTE 41088:  Routing parameters based on index celerity 5.00 ft/s for reach "R_2": Delta t (sec) 60.0  Delta x (ft) 295.5684
NOTE 41088:  Routing parameters based on index celerity 5.00 ft/s for reach "R_1": Delta t (sec) 60.0  Delta x (ft) 293.9955
NOTE 23406:  Hypothetical storm depth: 1.502 IN.
NOTE 23413:  Area upstream of computation point: 180.266 MI2.
NOTE 23407:  Hypothetical storm area: 180.266 MI2.
NOTE 23409:  Area-reduced hypothetical storm depth: 1.264 in.
NOTE 42413:  Unit hydrograph volume for subbasin "MAC_1" is 1.0000 in.
NOTE 42413:  Unit hydrograph volume for subbasin "MAC_2" is 1.0000 in.
NOTE 42413:  Unit hydrograph volume for subbasin "MAC_3" is 1.0000 in.
NOTE 42413:  Unit hydrograph volume for subbasin "MAC_4" is 1.0000 in.
NOTE 42413:  Unit hydrograph volume for subbasin "MAC_5" is 1.0000 in.
NOTE 42413:  Unit hydrograph volume for subbasin "SPC_1" is 1.0000 in.
NOTE 42413:  Unit hydrograph volume for subbasin "SPC_2" is 1.0000 in.
NOTE 42413:  Unit hydrograph volume for subbasin "MAC_6" is 1.0000 in.
NOTE 42413:  Unit hydrograph volume for subbasin "SPC_3" is 1.0000 in.
NOTE 42413:  Unit hydrograph volume for subbasin "DAC_1" is 1.0000 in.
NOTE 42413:  Unit hydrograph volume for subbasin "DAC_2" is 1.0000 in.
NOTE 42413:  Unit hydrograph volume for subbasin "DAC_3" is 1.0000 in.
NOTE 42413:  Unit hydrograph volume for subbasin "DAC_4" is 1.0000 in.
NOTE 42413:  Unit hydrograph volume for subbasin "DAC_5" is 1.0000 in.
NOTE 42413:  Unit hydrograph volume for subbasin "MC_1" is 1.0000 in.
NOTE 42413:  Unit hydrograph volume for subbasin "DAC_6" is 1.0000 in.
NOTE 42413:  Unit hydrograph volume for subbasin "MC_2" is 1.0000 in.
NOTE 42413:  Unit hydrograph volume for subbasin "MC_3" is 1.0000 in.
NOTE 42413:  Unit hydrograph volume for subbasin "MC_4" is 1.0000 in.
NOTE 42413:  Unit hydrograph volume for subbasin "MC_5" is 1.0000 in.
NOTE 42413:  Unit hydrograph volume for subbasin "RSJ_1" is 1.0000 in.
NOTE 42413:  Unit hydrograph volume for subbasin "RSJ_2" is 1.0000 in.
NOTE 42413:  Unit hydrograph volume for subbasin "RSJ_3" is 1.0000 in.
NOTE 42413:  Unit hydrograph volume for subbasin "RSJ_4" is 1.0000 in.
NOTE 42413:  Unit hydrograph volume for subbasin "RSJ_5" is 1.0000 in.
NOTE 42413:  Unit hydrograph volume for subbasin "RSJ_6" is 1.0000 in.
NOTE 42413:  Unit hydrograph volume for subbasin "RSJ_7" is 1.0000 in.
NOTE 42413:  Unit hydrograph volume for subbasin "MC_6" is 1.0000 in.
NOTE 42413:  Unit hydrograph volume for subbasin "RSJ_8" is 1.0000 in.
NOTE 42413:  Unit hydrograph volume for subbasin "MC_7" is 1.0000 in.
NOTE 42413:  Unit hydrograph volume for subbasin "MC_8" is 1.0000 in.
NOTE 42413:  Unit hydrograph volume for subbasin "MC_9" is 1.0000 in.
NOTE 42413:  Unit hydrograph volume for subbasin "MC_10" is 1.0000 in.
NOTE 42413:  Unit hydrograph volume for subbasin "MC_11" is 1.0000 in.
NOTE 42413:  Unit hydrograph volume for subbasin "SR_1" is 1.0000 in.
NOTE 42413:  Unit hydrograph volume for subbasin "SR_2" is 1.0000 in.
NOTE 42413:  Unit hydrograph volume for subbasin "SR_3" is 1.0000 in.
NOTE 42413:  Unit hydrograph volume for subbasin "SR_4" is 1.0000 in.
NOTE 42413:  Unit hydrograph volume for subbasin "DC_1" is 1.0000 in.
NOTE 42413:  Unit hydrograph volume for subbasin "DC_2" is 1.0000 in.
NOTE 42413:  Unit hydrograph volume for subbasin "SR_5" is 1.0000 in.
NOTE 42413:  Unit hydrograph volume for subbasin "DC_3" is 1.0000 in.
NOTE 42413:  Unit hydrograph volume for subbasin "SR_7" is 1.0000 in.
NOTE 42413:  Unit hydrograph volume for subbasin "SR_8" is 1.0000 in.
NOTE 42413:  Unit hydrograph volume for subbasin "SR_9" is 1.0000 in.
NOTE 42413:  Unit hydrograph volume for subbasin "SR_10" is 1.0000 in.
NOTE 42413:  Unit hydrograph volume for subbasin "SR_11" is 1.0000 in.
NOTE 42413:  Unit hydrograph volume for subbasin "SR_12" is 1.0000 in.
NOTE 42413:  Unit hydrograph volume for subbasin "MC_12" is 1.0000 in.
NOTE 42413:  Unit hydrograph volume for subbasin "SR_13" is 1.0000 in.
NOTE 42413:  Unit hydrograph volume for subbasin "SR_14" is 1.0000 in.
NOTE 42413:  Unit hydrograph volume for subbasin "SR_15" is 1.0000 in.
NOTE 42413:  Unit hydrograph volume for subbasin "SR_16" is 1.0000 in.
NOTE 42413:  Unit hydrograph volume for subbasin "SR_17" is 1.0000 in.
NOTE 42413:  Unit hydrograph volume for subbasin "SR_18" is 1.0000 in.
NOTE 42413:  Unit hydrograph volume for subbasin "SR_19" is 1.0000 in.
NOTE 42413:  Unit hydrograph volume for subbasin "SR_20" is 1.0000 in.
NOTE 42413:  Unit hydrograph volume for subbasin "SR_21" is 1.0000 in.
NOTE 42413:  Unit hydrograph volume for subbasin "SR_22" is 1.0000 in.
NOTE 42413:  Unit hydrograph volume for subbasin "UN_1" is 1.0000 in.
NOTE 42413:  Unit hydrograph volume for subbasin "UN_2" is 1.0000 in.
NOTE 42413:  Unit hydrograph volume for subbasin "UN_3" is 1.0000 in.
NOTE 42413:  Unit hydrograph volume for subbasin "UN_4" is 1.0000 in.
NOTE 42413:  Unit hydrograph volume for subbasin "UN_5" is 1.0000 in.
NOTE 42413:  Unit hydrograph volume for subbasin "SR_24" is 1.0000 in.
NOTE 42413:  Unit hydrograph volume for subbasin "SR_25" is 1.0000 in.
NOTE 42413:  Unit hydrograph volume for subbasin "SR_26" is 1.0000 in.
NOTE 42413:  Unit hydrograph volume for subbasin "SR_27" is 1.0000 in.
NOTE 45725:  Finished computing ordinate #1 in frequency analysis simulation "SRW_Post-Fire" at time 22Jun2022, 12:19:08.
NOTE 45724:  Began computing ordinate #2 in frequency analysis simulation "SRW_Post-Fire" at time 22Jun2022, 12:19:09.
NOTE 15407:  Computing analysis point "Outlet".
NOTE 41088:  Routing parameters based on index celerity 5.00 ft/s for reach "R_39": Delta t (sec) 60.0  Delta x (ft) 298.4125
NOTE 41088:  Routing parameters based on index celerity 5.00 ft/s for reach "R_36": Delta t (sec) 60.0  Delta x (ft) 266.1913
NOTE 41088:  Routing parameters based on index celerity 5.00 ft/s for reach "R_34": Delta t (sec) 60.0  Delta x (ft) 278.9067
NOTE 41088:  Routing parameters based on index celerity 5.00 ft/s for reach "R_33": Delta t (sec) 60.0  Delta x (ft) 294.0614
NOTE 41088:  Routing parameters based on index celerity 5.00 ft/s for reach "R_40": Delta t (sec) 60.0  Delta x (ft) 299.6900
NOTE 41088:  Routing parameters based on index celerity 5.00 ft/s for reach "R_24": Delta t (sec) 60.0  Delta x (ft) 295.6462
NOTE 41088:  Routing parameters based on index celerity 5.00 ft/s for reach "R_29": Delta t (sec) 60.0  Delta x (ft) 290.2707
NOTE 41088:  Routing parameters based on index celerity 5.00 ft/s for reach "R_27": Delta t (sec) 60.0  Delta x (ft) 298.8642
NOTE 41088:  Routing parameters based on index celerity 5.00 ft/s for reach "R_23": Delta t (sec) 60.0  Delta x (ft) 257.5850
NOTE 41088:  Routing parameters based on index celerity 5.00 ft/s for reach "R_22": Delta t (sec) 60.0  Delta x (ft) 261.8367
NOTE 41088:  Routing parameters based on index celerity 5.00 ft/s for reach "R_21": Delta t (sec) 60.0  Delta x (ft) 257.5933
NOTE 41088:  Routing parameters based on index celerity 5.00 ft/s for reach "R_20": Delta t (sec) 60.0  Delta x (ft) 298.1078
NOTE 41088:  Routing parameters based on index celerity 5.00 ft/s for reach "R_15": Delta t (sec) 60.0  Delta x (ft) 269.3725
NOTE 41088:  Routing parameters based on index celerity 5.00 ft/s for reach "R_41": Delta t (sec) 60.0  Delta x (ft) 299.0290
NOTE 41088:  Routing parameters based on index celerity 5.00 ft/s for reach "R_37": Delta t (sec) 60.0  Delta x (ft) 296.3967
NOTE 41088:  Routing parameters based on index celerity 5.00 ft/s for reach "R_32": Delta t (sec) 60.0  Delta x (ft) 290.3328
NOTE 41088:  Routing parameters based on index celerity 5.00 ft/s for reach "R_14": Delta t (sec) 60.0  Delta x (ft) 291.2975
NOTE 41088:  Routing parameters based on index celerity 5.00 ft/s for reach "R_13": Delta t (sec) 60.0  Delta x (ft) 299.4116
NOTE 41088:  Routing parameters based on index celerity 5.00 ft/s for reach "R_11": Delta t (sec) 60.0  Delta x (ft) 293.1286
NOTE 41088:  Routing parameters based on index celerity 5.00 ft/s for reach "R_10": Delta t (sec) 60.0  Delta x (ft) 259.5571
NOTE 41088:  Routing parameters based on index celerity 5.00 ft/s for reach "R_35": Delta t (sec) 60.0  Delta x (ft) 298.2462
NOTE 41088:  Routing parameters based on index celerity 5.00 ft/s for reach "R_25": Delta t (sec) 60.0  Delta x (ft) 298.6510
NOTE 41088:  Routing parameters based on index celerity 5.00 ft/s for reach "R_43": Delta t (sec) 60.0  Delta x (ft) 298.3728
NOTE 41088:  Routing parameters based on index celerity 5.00 ft/s for reach "R_19": Delta t (sec) 60.0  Delta x (ft) 297.9022
NOTE 41088:  Routing parameters based on index celerity 5.00 ft/s for reach "R_18": Delta t (sec) 60.0  Delta x (ft) 299.4903
NOTE 41088:  Routing parameters based on index celerity 5.00 ft/s for reach "R_17": Delta t (sec) 60.0  Delta x (ft) 296.5724
NOTE 41088:  Routing parameters based on index celerity 5.00 ft/s for reach "R_16": Delta t (sec) 60.0  Delta x (ft) 281.9094
NOTE 41088:  Routing parameters based on index celerity 5.00 ft/s for reach "R_9": Delta t (sec) 60.0  Delta x (ft) 295.8396
NOTE 41088:  Routing parameters based on index celerity 5.00 ft/s for reach "R_8": Delta t (sec) 60.0  Delta x (ft) 296.4571
NOTE 41088:  Routing parameters based on index celerity 5.00 ft/s for reach "R_7": Delta t (sec) 60.0  Delta x (ft) 298.8300
NOTE 41088:  Routing parameters based on index celerity 5.00 ft/s for reach "R_6": Delta t (sec) 60.0  Delta x (ft) 294.5290
NOTE 41088:  Routing parameters based on index celerity 5.00 ft/s for reach "R_5": Delta t (sec) 60.0  Delta x (ft) 299.6886
NOTE 41088:  Routing parameters based on index celerity 5.00 ft/s for reach "R_4": Delta t (sec) 60.0  Delta x (ft) 297.7419
NOTE 41088:  Routing parameters based on index celerity 5.00 ft/s for reach "R_42": Delta t (sec) 60.0  Delta x (ft) 296.0425
NOTE 41088:  Routing parameters based on index celerity 5.00 ft/s for reach "R_31": Delta t (sec) 60.0  Delta x (ft) 299.9320
NOTE 41088:  Routing parameters based on index celerity 5.00 ft/s for reach "R_2": Delta t (sec) 60.0  Delta x (ft) 295.5684
NOTE 41088:  Routing parameters based on index celerity 5.00 ft/s for reach "R_1": Delta t (sec) 60.0  Delta x (ft) 293.9955
NOTE 23406:  Hypothetical storm depth: 2.073 IN.
NOTE 23413:  Area upstream of computation point: 180.266 MI2.
NOTE 23407:  Hypothetical storm area: 180.266 MI2.
NOTE 23409:  Area-reduced hypothetical storm depth: 1.744 in.
NOTE 42413:  Unit hydrograph volume for subbasin "MAC_1" is 1.0000 in.
NOTE 42413:  Unit hydrograph volume for subbasin "MAC_2" is 1.0000 in.
NOTE 42413:  Unit hydrograph volume for subbasin "MAC_3" is 1.0000 in.
NOTE 42413:  Unit hydrograph volume for subbasin "MAC_4" is 1.0000 in.
NOTE 42413:  Unit hydrograph volume for subbasin "MAC_5" is 1.0000 in.
NOTE 42413:  Unit hydrograph volume for subbasin "SPC_1" is 1.0000 in.
NOTE 42413:  Unit hydrograph volume for subbasin "SPC_2" is 1.0000 in.
NOTE 42413:  Unit hydrograph volume for subbasin "MAC_6" is 1.0000 in.
NOTE 42413:  Unit hydrograph volume for subbasin "SPC_3" is 1.0000 in.
NOTE 42413:  Unit hydrograph volume for subbasin "DAC_1" is 1.0000 in.
NOTE 42413:  Unit hydrograph volume for subbasin "DAC_2" is 1.0000 in.
NOTE 42413:  Unit hydrograph volume for subbasin "DAC_3" is 1.0000 in.
NOTE 42413:  Unit hydrograph volume for subbasin "DAC_4" is 1.0000 in.
NOTE 42413:  Unit hydrograph volume for subbasin "DAC_5" is 1.0000 in.
NOTE 42413:  Unit hydrograph volume for subbasin "MC_1" is 1.0000 in.
NOTE 42413:  Unit hydrograph volume for subbasin "DAC_6" is 1.0000 in.
NOTE 42413:  Unit hydrograph volume for subbasin "MC_2" is 1.0000 in.
NOTE 42413:  Unit hydrograph volume for subbasin "MC_3" is 1.0000 in.
NOTE 42413:  Unit hydrograph volume for subbasin "MC_4" is 1.0000 in.
NOTE 42413:  Unit hydrograph volume for subbasin "MC_5" is 1.0000 in.
NOTE 42413:  Unit hydrograph volume for subbasin "RSJ_1" is 1.0000 in.
NOTE 42413:  Unit hydrograph volume for subbasin "RSJ_2" is 1.0000 in.
NOTE 42413:  Unit hydrograph volume for subbasin "RSJ_3" is 1.0000 in.
NOTE 42413:  Unit hydrograph volume for subbasin "RSJ_4" is 1.0000 in.
NOTE 42413:  Unit hydrograph volume for subbasin "RSJ_5" is 1.0000 in.
NOTE 42413:  Unit hydrograph volume for subbasin "RSJ_6" is 1.0000 in.
NOTE 42413:  Unit hydrograph volume for subbasin "RSJ_7" is 1.0000 in.
NOTE 42413:  Unit hydrograph volume for subbasin "MC_6" is 1.0000 in.
NOTE 42413:  Unit hydrograph volume for subbasin "RSJ_8" is 1.0000 in.
NOTE 42413:  Unit hydrograph volume for subbasin "MC_7" is 1.0000 in.
NOTE 42413:  Unit hydrograph volume for subbasin "MC_8" is 1.0000 in.
NOTE 42413:  Unit hydrograph volume for subbasin "MC_9" is 1.0000 in.
NOTE 42413:  Unit hydrograph volume for subbasin "MC_10" is 1.0000 in.
NOTE 42413:  Unit hydrograph volume for subbasin "MC_11" is 1.0000 in.
NOTE 42413:  Unit hydrograph volume for subbasin "SR_1" is 1.0000 in.
NOTE 42413:  Unit hydrograph volume for subbasin "SR_2" is 1.0000 in.
NOTE 42413:  Unit hydrograph volume for subbasin "SR_3" is 1.0000 in.
NOTE 42413:  Unit hydrograph volume for subbasin "SR_4" is 1.0000 in.
NOTE 42413:  Unit hydrograph volume for subbasin "DC_1" is 1.0000 in.
NOTE 42413:  Unit hydrograph volume for subbasin "DC_2" is 1.0000 in.
NOTE 42413:  Unit hydrograph volume for subbasin "SR_5" is 1.0000 in.
NOTE 42413:  Unit hydrograph volume for subbasin "DC_3" is 1.0000 in.
NOTE 42413:  Unit hydrograph volume for subbasin "SR_7" is 1.0000 in.
NOTE 42413:  Unit hydrograph volume for subbasin "SR_8" is 1.0000 in.
NOTE 42413:  Unit hydrograph volume for subbasin "SR_9" is 1.0000 in.
NOTE 42413:  Unit hydrograph volume for subbasin "SR_10" is 1.0000 in.
NOTE 42413:  Unit hydrograph volume for subbasin "SR_11" is 1.0000 in.
NOTE 42413:  Unit hydrograph volume for subbasin "SR_12" is 1.0000 in.
NOTE 42413:  Unit hydrograph volume for subbasin "MC_12" is 1.0000 in.
NOTE 42413:  Unit hydrograph volume for subbasin "SR_13" is 1.0000 in.
NOTE 42413:  Unit hydrograph volume for subbasin "SR_14" is 1.0000 in.
NOTE 42413:  Unit hydrograph volume for subbasin "SR_15" is 1.0000 in.
NOTE 42413:  Unit hydrograph volume for subbasin "SR_16" is 1.0000 in.
NOTE 42413:  Unit hydrograph volume for subbasin "SR_17" is 1.0000 in.
NOTE 42413:  Unit hydrograph volume for subbasin "SR_18" is 1.0000 in.
NOTE 42413:  Unit hydrograph volume for subbasin "SR_19" is 1.0000 in.
NOTE 42413:  Unit hydrograph volume for subbasin "SR_20" is 1.0000 in.
NOTE 42413:  Unit hydrograph volume for subbasin "SR_21" is 1.0000 in.
NOTE 42413:  Unit hydrograph volume for subbasin "SR_22" is 1.0000 in.
NOTE 42413:  Unit hydrograph volume for subbasin "UN_1" is 1.0000 in.
NOTE 42413:  Unit hydrograph volume for subbasin "UN_2" is 1.0000 in.
NOTE 42413:  Unit hydrograph volume for subbasin "UN_3" is 1.0000 in.
NOTE 42413:  Unit hydrograph volume for subbasin "UN_4" is 1.0000 in.
NOTE 42413:  Unit hydrograph volume for subbasin "UN_5" is 1.0000 in.
NOTE 42413:  Unit hydrograph volume for subbasin "SR_24" is 1.0000 in.
NOTE 42413:  Unit hydrograph volume for subbasin "SR_25" is 1.0000 in.
NOTE 42413:  Unit hydrograph volume for subbasin "SR_26" is 1.0000 in.
NOTE 42413:  Unit hydrograph volume for subbasin "SR_27" is 1.0000 in.
NOTE 45725:  Finished computing ordinate #2 in frequency analysis simulation "SRW_Post-Fire" at time 22Jun2022, 12:19:31.
NOTE 45724:  Began computing ordinate #3 in frequency analysis simulation "SRW_Post-Fire" at time 22Jun2022, 12:19:32.
NOTE 15407:  Computing analysis point "Outlet".
NOTE 41088:  Routing parameters based on index celerity 5.00 ft/s for reach "R_39": Delta t (sec) 60.0  Delta x (ft) 298.4125
NOTE 41088:  Routing parameters based on index celerity 5.00 ft/s for reach "R_36": Delta t (sec) 60.0  Delta x (ft) 266.1913
NOTE 41088:  Routing parameters based on index celerity 5.00 ft/s for reach "R_34": Delta t (sec) 60.0  Delta x (ft) 278.9067
NOTE 41088:  Routing parameters based on index celerity 5.00 ft/s for reach "R_33": Delta t (sec) 60.0  Delta x (ft) 294.0614
NOTE 41088:  Routing parameters based on index celerity 5.00 ft/s for reach "R_40": Delta t (sec) 60.0  Delta x (ft) 299.6900
NOTE 41088:  Routing parameters based on index celerity 5.00 ft/s for reach "R_24": Delta t (sec) 60.0  Delta x (ft) 295.6462
NOTE 41088:  Routing parameters based on index celerity 5.00 ft/s for reach "R_29": Delta t (sec) 60.0  Delta x (ft) 290.2707
NOTE 41088:  Routing parameters based on index celerity 5.00 ft/s for reach "R_27": Delta t (sec) 60.0  Delta x (ft) 298.8642
NOTE 41088:  Routing parameters based on index celerity 5.00 ft/s for reach "R_23": Delta t (sec) 60.0  Delta x (ft) 257.5850
NOTE 41088:  Routing parameters based on index celerity 5.00 ft/s for reach "R_22": Delta t (sec) 60.0  Delta x (ft) 261.8367
NOTE 41088:  Routing parameters based on index celerity 5.00 ft/s for reach "R_21": Delta t (sec) 60.0  Delta x (ft) 257.5933
NOTE 41088:  Routing parameters based on index celerity 5.00 ft/s for reach "R_20": Delta t (sec) 60.0  Delta x (ft) 298.1078
NOTE 41088:  Routing parameters based on index celerity 5.00 ft/s for reach "R_15": Delta t (sec) 60.0  Delta x (ft) 269.3725
NOTE 41088:  Routing parameters based on index celerity 5.00 ft/s for reach "R_41": Delta t (sec) 60.0  Delta x (ft) 299.0290
NOTE 41088:  Routing parameters based on index celerity 5.00 ft/s for reach "R_37": Delta t (sec) 60.0  Delta x (ft) 296.3967
NOTE 41088:  Routing parameters based on index celerity 5.00 ft/s for reach "R_32": Delta t (sec) 60.0  Delta x (ft) 290.3328
NOTE 41088:  Routing parameters based on index celerity 5.00 ft/s for reach "R_14": Delta t (sec) 60.0  Delta x (ft) 291.2975
NOTE 41088:  Routing parameters based on index celerity 5.00 ft/s for reach "R_13": Delta t (sec) 60.0  Delta x (ft) 299.4116
NOTE 41088:  Routing parameters based on index celerity 5.00 ft/s for reach "R_11": Delta t (sec) 60.0  Delta x (ft) 293.1286
NOTE 41088:  Routing parameters based on index celerity 5.00 ft/s for reach "R_10": Delta t (sec) 60.0  Delta x (ft) 259.5571
NOTE 41088:  Routing parameters based on index celerity 5.00 ft/s for reach "R_35": Delta t (sec) 60.0  Delta x (ft) 298.2462
NOTE 41088:  Routing parameters based on index celerity 5.00 ft/s for reach "R_25": Delta t (sec) 60.0  Delta x (ft) 298.6510
NOTE 41088:  Routing parameters based on index celerity 5.00 ft/s for reach "R_43": Delta t (sec) 60.0  Delta x (ft) 298.3728
NOTE 41088:  Routing parameters based on index celerity 5.00 ft/s for reach "R_19": Delta t (sec) 60.0  Delta x (ft) 297.9022
NOTE 41088:  Routing parameters based on index celerity 5.00 ft/s for reach "R_18": Delta t (sec) 60.0  Delta x (ft) 299.4903
NOTE 41088:  Routing parameters based on index celerity 5.00 ft/s for reach "R_17": Delta t (sec) 60.0  Delta x (ft) 296.5724
NOTE 41088:  Routing parameters based on index celerity 5.00 ft/s for reach "R_16": Delta t (sec) 60.0  Delta x (ft) 281.9094
NOTE 41088:  Routing parameters based on index celerity 5.00 ft/s for reach "R_9": Delta t (sec) 60.0  Delta x (ft) 295.8396
NOTE 41088:  Routing parameters based on index celerity 5.00 ft/s for reach "R_8": Delta t (sec) 60.0  Delta x (ft) 296.4571
NOTE 41088:  Routing parameters based on index celerity 5.00 ft/s for reach "R_7": Delta t (sec) 60.0  Delta x (ft) 298.8300
NOTE 41088:  Routing parameters based on index celerity 5.00 ft/s for reach "R_6": Delta t (sec) 60.0  Delta x (ft) 294.5290
NOTE 41088:  Routing parameters based on index celerity 5.00 ft/s for reach "R_5": Delta t (sec) 60.0  Delta x (ft) 299.6886
NOTE 41088:  Routing parameters based on index celerity 5.00 ft/s for reach "R_4": Delta t (sec) 60.0  Delta x (ft) 297.7419
NOTE 41088:  Routing parameters based on index celerity 5.00 ft/s for reach "R_42": Delta t (sec) 60.0  Delta x (ft) 296.0425
NOTE 41088:  Routing parameters based on index celerity 5.00 ft/s for reach "R_31": Delta t (sec) 60.0  Delta x (ft) 299.9320
NOTE 41088:  Routing parameters based on index celerity 5.00 ft/s for reach "R_2": Delta t (sec) 60.0  Delta x (ft) 295.5684
NOTE 41088:  Routing parameters based on index celerity 5.00 ft/s for reach "R_1": Delta t (sec) 60.0  Delta x (ft) 293.9955
NOTE 23406:  Hypothetical storm depth: 2.472 IN.
NOTE 23413:  Area upstream of computation point: 180.266 MI2.
NOTE 23407:  Hypothetical storm area: 180.266 MI2.
NOTE 23409:  Area-reduced hypothetical storm depth: 2.08 in.
NOTE 42413:  Unit hydrograph volume for subbasin "MAC_1" is 1.0000 in.
NOTE 42413:  Unit hydrograph volume for subbasin "MAC_2" is 1.0000 in.
NOTE 42413:  Unit hydrograph volume for subbasin "MAC_3" is 1.0000 in.
NOTE 42413:  Unit hydrograph volume for subbasin "MAC_4" is 1.0000 in.
NOTE 42413:  Unit hydrograph volume for subbasin "MAC_5" is 1.0000 in.
NOTE 42413:  Unit hydrograph volume for subbasin "SPC_1" is 1.0000 in.
NOTE 42413:  Unit hydrograph volume for subbasin "SPC_2" is 1.0000 in.
NOTE 42413:  Unit hydrograph volume for subbasin "MAC_6" is 1.0000 in.
NOTE 42413:  Unit hydrograph volume for subbasin "SPC_3" is 1.0000 in.
NOTE 42413:  Unit hydrograph volume for subbasin "DAC_1" is 1.0000 in.
NOTE 42413:  Unit hydrograph volume for subbasin "DAC_2" is 1.0000 in.
NOTE 42413:  Unit hydrograph volume for subbasin "DAC_3" is 1.0000 in.
NOTE 42413:  Unit hydrograph volume for subbasin "DAC_4" is 1.0000 in.
NOTE 42413:  Unit hydrograph volume for subbasin "DAC_5" is 1.0000 in.
NOTE 42413:  Unit hydrograph volume for subbasin "MC_1" is 1.0000 in.
NOTE 42413:  Unit hydrograph volume for subbasin "DAC_6" is 1.0000 in.
NOTE 42413:  Unit hydrograph volume for subbasin "MC_2" is 1.0000 in.
NOTE 42413:  Unit hydrograph volume for subbasin "MC_3" is 1.0000 in.
NOTE 42413:  Unit hydrograph volume for subbasin "MC_4" is 1.0000 in.
NOTE 42413:  Unit hydrograph volume for subbasin "MC_5" is 1.0000 in.
NOTE 42413:  Unit hydrograph volume for subbasin "RSJ_1" is 1.0000 in.
NOTE 42413:  Unit hydrograph volume for subbasin "RSJ_2" is 1.0000 in.
NOTE 42413:  Unit hydrograph volume for subbasin "RSJ_3" is 1.0000 in.
NOTE 42413:  Unit hydrograph volume for subbasin "RSJ_4" is 1.0000 in.
NOTE 42413:  Unit hydrograph volume for subbasin "RSJ_5" is 1.0000 in.
NOTE 42413:  Unit hydrograph volume for subbasin "RSJ_6" is 1.0000 in.
NOTE 42413:  Unit hydrograph volume for subbasin "RSJ_7" is 1.0000 in.
NOTE 42413:  Unit hydrograph volume for subbasin "MC_6" is 1.0000 in.
NOTE 42413:  Unit hydrograph volume for subbasin "RSJ_8" is 1.0000 in.
NOTE 42413:  Unit hydrograph volume for subbasin "MC_7" is 1.0000 in.
NOTE 42413:  Unit hydrograph volume for subbasin "MC_8" is 1.0000 in.
NOTE 42413:  Unit hydrograph volume for subbasin "MC_9" is 1.0000 in.
NOTE 42413:  Unit hydrograph volume for subbasin "MC_10" is 1.0000 in.
NOTE 42413:  Unit hydrograph volume for subbasin "MC_11" is 1.0000 in.
NOTE 42413:  Unit hydrograph volume for subbasin "SR_1" is 1.0000 in.
NOTE 42413:  Unit hydrograph volume for subbasin "SR_2" is 1.0000 in.
NOTE 42413:  Unit hydrograph volume for subbasin "SR_3" is 1.0000 in.
NOTE 42413:  Unit hydrograph volume for subbasin "SR_4" is 1.0000 in.
NOTE 42413:  Unit hydrograph volume for subbasin "DC_1" is 1.0000 in.
NOTE 42413:  Unit hydrograph volume for subbasin "DC_2" is 1.0000 in.
NOTE 42413:  Unit hydrograph volume for subbasin "SR_5" is 1.0000 in.
NOTE 42413:  Unit hydrograph volume for subbasin "DC_3" is 1.0000 in.
NOTE 42413:  Unit hydrograph volume for subbasin "SR_7" is 1.0000 in.
NOTE 42413:  Unit hydrograph volume for subbasin "SR_8" is 1.0000 in.
NOTE 42413:  Unit hydrograph volume for subbasin "SR_9" is 1.0000 in.
NOTE 42413:  Unit hydrograph volume for subbasin "SR_10" is 1.0000 in.
NOTE 42413:  Unit hydrograph volume for subbasin "SR_11" is 1.0000 in.
NOTE 42413:  Unit hydrograph volume for subbasin "SR_12" is 1.0000 in.
NOTE 42413:  Unit hydrograph volume for subbasin "MC_12" is 1.0000 in.
NOTE 42413:  Unit hydrograph volume for subbasin "SR_13" is 1.0000 in.
NOTE 42413:  Unit hydrograph volume for subbasin "SR_14" is 1.0000 in.
NOTE 42413:  Unit hydrograph volume for subbasin "SR_15" is 1.0000 in.
NOTE 42413:  Unit hydrograph volume for subbasin "SR_16" is 1.0000 in.
NOTE 42413:  Unit hydrograph volume for subbasin "SR_17" is 1.0000 in.
NOTE 42413:  Unit hydrograph volume for subbasin "SR_18" is 1.0000 in.
NOTE 42413:  Unit hydrograph volume for subbasin "SR_19" is 1.0000 in.
NOTE 42413:  Unit hydrograph volume for subbasin "SR_20" is 1.0000 in.
NOTE 42413:  Unit hydrograph volume for subbasin "SR_21" is 1.0000 in.
NOTE 42413:  Unit hydrograph volume for subbasin "SR_22" is 1.0000 in.
NOTE 42413:  Unit hydrograph volume for subbasin "UN_1" is 1.0000 in.
NOTE 42413:  Unit hydrograph volume for subbasin "UN_2" is 1.0000 in.
NOTE 42413:  Unit hydrograph volume for subbasin "UN_3" is 1.0000 in.
NOTE 42413:  Unit hydrograph volume for subbasin "UN_4" is 1.0000 in.
NOTE 42413:  Unit hydrograph volume for subbasin "UN_5" is 1.0000 in.
NOTE 42413:  Unit hydrograph volume for subbasin "SR_24" is 1.0000 in.
NOTE 42413:  Unit hydrograph volume for subbasin "SR_25" is 1.0000 in.
NOTE 42413:  Unit hydrograph volume for subbasin "SR_26" is 1.0000 in.
NOTE 42413:  Unit hydrograph volume for subbasin "SR_27" is 1.0000 in.
NOTE 45725:  Finished computing ordinate #3 in frequency analysis simulation "SRW_Post-Fire" at time 22Jun2022, 12:19:54.
NOTE 45724:  Began computing ordinate #4 in frequency analysis simulation "SRW_Post-Fire" at time 22Jun2022, 12:19:54.
NOTE 15407:  Computing analysis point "Outlet".
NOTE 41088:  Routing parameters based on index celerity 5.00 ft/s for reach "R_39": Delta t (sec) 60.0  Delta x (ft) 298.4125
NOTE 41088:  Routing parameters based on index celerity 5.00 ft/s for reach "R_36": Delta t (sec) 60.0  Delta x (ft) 266.1913
NOTE 41088:  Routing parameters based on index celerity 5.00 ft/s for reach "R_34": Delta t (sec) 60.0  Delta x (ft) 278.9067
NOTE 41088:  Routing parameters based on index celerity 5.00 ft/s for reach "R_33": Delta t (sec) 60.0  Delta x (ft) 294.0614
NOTE 41088:  Routing parameters based on index celerity 5.00 ft/s for reach "R_40": Delta t (sec) 60.0  Delta x (ft) 299.6900
NOTE 41088:  Routing parameters based on index celerity 5.00 ft/s for reach "R_24": Delta t (sec) 60.0  Delta x (ft) 295.6462
NOTE 41088:  Routing parameters based on index celerity 5.00 ft/s for reach "R_29": Delta t (sec) 60.0  Delta x (ft) 290.2707
NOTE 41088:  Routing parameters based on index celerity 5.00 ft/s for reach "R_27": Delta t (sec) 60.0  Delta x (ft) 298.8642
NOTE 41088:  Routing parameters based on index celerity 5.00 ft/s for reach "R_23": Delta t (sec) 60.0  Delta x (ft) 257.5850
NOTE 41088:  Routing parameters based on index celerity 5.00 ft/s for reach "R_22": Delta t (sec) 60.0  Delta x (ft) 261.8367
NOTE 41088:  Routing parameters based on index celerity 5.00 ft/s for reach "R_21": Delta t (sec) 60.0  Delta x (ft) 257.5933
NOTE 41088:  Routing parameters based on index celerity 5.00 ft/s for reach "R_20": Delta t (sec) 60.0  Delta x (ft) 298.1078
NOTE 41088:  Routing parameters based on index celerity 5.00 ft/s for reach "R_15": Delta t (sec) 60.0  Delta x (ft) 269.3725
NOTE 41088:  Routing parameters based on index celerity 5.00 ft/s for reach "R_41": Delta t (sec) 60.0  Delta x (ft) 299.0290
NOTE 41088:  Routing parameters based on index celerity 5.00 ft/s for reach "R_37": Delta t (sec) 60.0  Delta x (ft) 296.3967
NOTE 41088:  Routing parameters based on index celerity 5.00 ft/s for reach "R_32": Delta t (sec) 60.0  Delta x (ft) 290.3328
NOTE 41088:  Routing parameters based on index celerity 5.00 ft/s for reach "R_14": Delta t (sec) 60.0  Delta x (ft) 291.2975
NOTE 41088:  Routing parameters based on index celerity 5.00 ft/s for reach "R_13": Delta t (sec) 60.0  Delta x (ft) 299.4116
NOTE 41088:  Routing parameters based on index celerity 5.00 ft/s for reach "R_11": Delta t (sec) 60.0  Delta x (ft) 293.1286
NOTE 41088:  Routing parameters based on index celerity 5.00 ft/s for reach "R_10": Delta t (sec) 60.0  Delta x (ft) 259.5571
NOTE 41088:  Routing parameters based on index celerity 5.00 ft/s for reach "R_35": Delta t (sec) 60.0  Delta x (ft) 298.2462
NOTE 41088:  Routing parameters based on index celerity 5.00 ft/s for reach "R_25": Delta t (sec) 60.0  Delta x (ft) 298.6510
NOTE 41088:  Routing parameters based on index celerity 5.00 ft/s for reach "R_43": Delta t (sec) 60.0  Delta x (ft) 298.3728
NOTE 41088:  Routing parameters based on index celerity 5.00 ft/s for reach "R_19": Delta t (sec) 60.0  Delta x (ft) 297.9022
NOTE 41088:  Routing parameters based on index celerity 5.00 ft/s for reach "R_18": Delta t (sec) 60.0  Delta x (ft) 299.4903
NOTE 41088:  Routing parameters based on index celerity 5.00 ft/s for reach "R_17": Delta t (sec) 60.0  Delta x (ft) 296.5724
NOTE 41088:  Routing parameters based on index celerity 5.00 ft/s for reach "R_16": Delta t (sec) 60.0  Delta x (ft) 281.9094
NOTE 41088:  Routing parameters based on index celerity 5.00 ft/s for reach "R_9": Delta t (sec) 60.0  Delta x (ft) 295.8396
NOTE 41088:  Routing parameters based on index celerity 5.00 ft/s for reach "R_8": Delta t (sec) 60.0  Delta x (ft) 296.4571
NOTE 41088:  Routing parameters based on index celerity 5.00 ft/s for reach "R_7": Delta t (sec) 60.0  Delta x (ft) 298.8300
NOTE 41088:  Routing parameters based on index celerity 5.00 ft/s for reach "R_6": Delta t (sec) 60.0  Delta x (ft) 294.5290
NOTE 41088:  Routing parameters based on index celerity 5.00 ft/s for reach "R_5": Delta t (sec) 60.0  Delta x (ft) 299.6886
NOTE 41088:  Routing parameters based on index celerity 5.00 ft/s for reach "R_4": Delta t (sec) 60.0  Delta x (ft) 297.7419
NOTE 41088:  Routing parameters based on index celerity 5.00 ft/s for reach "R_42": Delta t (sec) 60.0  Delta x (ft) 296.0425
NOTE 41088:  Routing parameters based on index celerity 5.00 ft/s for reach "R_31": Delta t (sec) 60.0  Delta x (ft) 299.9320
NOTE 41088:  Routing parameters based on index celerity 5.00 ft/s for reach "R_2": Delta t (sec) 60.0  Delta x (ft) 295.5684
NOTE 41088:  Routing parameters based on index celerity 5.00 ft/s for reach "R_1": Delta t (sec) 60.0  Delta x (ft) 293.9955
NOTE 23406:  Hypothetical storm depth: 3.014 IN.
NOTE 23413:  Area upstream of computation point: 180.266 MI2.
NOTE 23407:  Hypothetical storm area: 180.266 MI2.
NOTE 23409:  Area-reduced hypothetical storm depth: 2.536 in.
NOTE 42413:  Unit hydrograph volume for subbasin "MAC_1" is 1.0000 in.
NOTE 42413:  Unit hydrograph volume for subbasin "MAC_2" is 1.0000 in.
NOTE 42413:  Unit hydrograph volume for subbasin "MAC_3" is 1.0000 in.
NOTE 42413:  Unit hydrograph volume for subbasin "MAC_4" is 1.0000 in.
NOTE 42413:  Unit hydrograph volume for subbasin "MAC_5" is 1.0000 in.
NOTE 42413:  Unit hydrograph volume for subbasin "SPC_1" is 1.0000 in.
NOTE 42413:  Unit hydrograph volume for subbasin "SPC_2" is 1.0000 in.
NOTE 42413:  Unit hydrograph volume for subbasin "MAC_6" is 1.0000 in.
NOTE 42413:  Unit hydrograph volume for subbasin "SPC_3" is 1.0000 in.
NOTE 42413:  Unit hydrograph volume for subbasin "DAC_1" is 1.0000 in.
NOTE 42413:  Unit hydrograph volume for subbasin "DAC_2" is 1.0000 in.
NOTE 42413:  Unit hydrograph volume for subbasin "DAC_3" is 1.0000 in.
NOTE 42413:  Unit hydrograph volume for subbasin "DAC_4" is 1.0000 in.
NOTE 42413:  Unit hydrograph volume for subbasin "DAC_5" is 1.0000 in.
NOTE 42413:  Unit hydrograph volume for subbasin "MC_1" is 1.0000 in.
NOTE 42413:  Unit hydrograph volume for subbasin "DAC_6" is 1.0000 in.
NOTE 42413:  Unit hydrograph volume for subbasin "MC_2" is 1.0000 in.
NOTE 42413:  Unit hydrograph volume for subbasin "MC_3" is 1.0000 in.
NOTE 42413:  Unit hydrograph volume for subbasin "MC_4" is 1.0000 in.
NOTE 42413:  Unit hydrograph volume for subbasin "MC_5" is 1.0000 in.
NOTE 42413:  Unit hydrograph volume for subbasin "RSJ_1" is 1.0000 in.
NOTE 42413:  Unit hydrograph volume for subbasin "RSJ_2" is 1.0000 in.
NOTE 42413:  Unit hydrograph volume for subbasin "RSJ_3" is 1.0000 in.
NOTE 42413:  Unit hydrograph volume for subbasin "RSJ_4" is 1.0000 in.
NOTE 42413:  Unit hydrograph volume for subbasin "RSJ_5" is 1.0000 in.
NOTE 42413:  Unit hydrograph volume for subbasin "RSJ_6" is 1.0000 in.
NOTE 42413:  Unit hydrograph volume for subbasin "RSJ_7" is 1.0000 in.
NOTE 42413:  Unit hydrograph volume for subbasin "MC_6" is 1.0000 in.
NOTE 42413:  Unit hydrograph volume for subbasin "RSJ_8" is 1.0000 in.
NOTE 42413:  Unit hydrograph volume for subbasin "MC_7" is 1.0000 in.
NOTE 42413:  Unit hydrograph volume for subbasin "MC_8" is 1.0000 in.
NOTE 42413:  Unit hydrograph volume for subbasin "MC_9" is 1.0000 in.
NOTE 42413:  Unit hydrograph volume for subbasin "MC_10" is 1.0000 in.
NOTE 42413:  Unit hydrograph volume for subbasin "MC_11" is 1.0000 in.
NOTE 42413:  Unit hydrograph volume for subbasin "SR_1" is 1.0000 in.
NOTE 42413:  Unit hydrograph volume for subbasin "SR_2" is 1.0000 in.
NOTE 42413:  Unit hydrograph volume for subbasin "SR_3" is 1.0000 in.
NOTE 42413:  Unit hydrograph volume for subbasin "SR_4" is 1.0000 in.
NOTE 42413:  Unit hydrograph volume for subbasin "DC_1" is 1.0000 in.
NOTE 42413:  Unit hydrograph volume for subbasin "DC_2" is 1.0000 in.
NOTE 42413:  Unit hydrograph volume for subbasin "SR_5" is 1.0000 in.
NOTE 42413:  Unit hydrograph volume for subbasin "DC_3" is 1.0000 in.
NOTE 42413:  Unit hydrograph volume for subbasin "SR_7" is 1.0000 in.
NOTE 42413:  Unit hydrograph volume for subbasin "SR_8" is 1.0000 in.
NOTE 42413:  Unit hydrograph volume for subbasin "SR_9" is 1.0000 in.
NOTE 42413:  Unit hydrograph volume for subbasin "SR_10" is 1.0000 in.
NOTE 42413:  Unit hydrograph volume for subbasin "SR_11" is 1.0000 in.
NOTE 42413:  Unit hydrograph volume for subbasin "SR_12" is 1.0000 in.
NOTE 42413:  Unit hydrograph volume for subbasin "MC_12" is 1.0000 in.
NOTE 42413:  Unit hydrograph volume for subbasin "SR_13" is 1.0000 in.
NOTE 42413:  Unit hydrograph volume for subbasin "SR_14" is 1.0000 in.
NOTE 42413:  Unit hydrograph volume for subbasin "SR_15" is 1.0000 in.
NOTE 42413:  Unit hydrograph volume for subbasin "SR_16" is 1.0000 in.
NOTE 42413:  Unit hydrograph volume for subbasin "SR_17" is 1.0000 in.
NOTE 42413:  Unit hydrograph volume for subbasin "SR_18" is 1.0000 in.
NOTE 42413:  Unit hydrograph volume for subbasin "SR_19" is 1.0000 in.
NOTE 42413:  Unit hydrograph volume for subbasin "SR_20" is 1.0000 in.
NOTE 42413:  Unit hydrograph volume for subbasin "SR_21" is 1.0000 in.
NOTE 42413:  Unit hydrograph volume for subbasin "SR_22" is 1.0000 in.
NOTE 42413:  Unit hydrograph volume for subbasin "UN_1" is 1.0000 in.
NOTE 42413:  Unit hydrograph volume for subbasin "UN_2" is 1.0000 in.
NOTE 42413:  Unit hydrograph volume for subbasin "UN_3" is 1.0000 in.
NOTE 42413:  Unit hydrograph volume for subbasin "UN_4" is 1.0000 in.
NOTE 42413:  Unit hydrograph volume for subbasin "UN_5" is 1.0000 in.
NOTE 42413:  Unit hydrograph volume for subbasin "SR_24" is 1.0000 in.
NOTE 42413:  Unit hydrograph volume for subbasin "SR_25" is 1.0000 in.
NOTE 42413:  Unit hydrograph volume for subbasin "SR_26" is 1.0000 in.
NOTE 42413:  Unit hydrograph volume for subbasin "SR_27" is 1.0000 in.
NOTE 45725:  Finished computing ordinate #4 in frequency analysis simulation "SRW_Post-Fire" at time 22Jun2022, 12:20:17.
NOTE 45724:  Began computing ordinate #5 in frequency analysis simulation "SRW_Post-Fire" at time 22Jun2022, 12:20:18.
NOTE 15407:  Computing analysis point "Outlet".
NOTE 41088:  Routing parameters based on index celerity 5.00 ft/s for reach "R_39": Delta t (sec) 60.0  Delta x (ft) 298.4125
NOTE 41088:  Routing parameters based on index celerity 5.00 ft/s for reach "R_36": Delta t (sec) 60.0  Delta x (ft) 266.1913
NOTE 41088:  Routing parameters based on index celerity 5.00 ft/s for reach "R_34": Delta t (sec) 60.0  Delta x (ft) 278.9067
NOTE 41088:  Routing parameters based on index celerity 5.00 ft/s for reach "R_33": Delta t (sec) 60.0  Delta x (ft) 294.0614
NOTE 41088:  Routing parameters based on index celerity 5.00 ft/s for reach "R_40": Delta t (sec) 60.0  Delta x (ft) 299.6900
NOTE 41088:  Routing parameters based on index celerity 5.00 ft/s for reach "R_24": Delta t (sec) 60.0  Delta x (ft) 295.6462
NOTE 41088:  Routing parameters based on index celerity 5.00 ft/s for reach "R_29": Delta t (sec) 60.0  Delta x (ft) 290.2707
NOTE 41088:  Routing parameters based on index celerity 5.00 ft/s for reach "R_27": Delta t (sec) 60.0  Delta x (ft) 298.8642
NOTE 41088:  Routing parameters based on index celerity 5.00 ft/s for reach "R_23": Delta t (sec) 60.0  Delta x (ft) 257.5850
NOTE 41088:  Routing parameters based on index celerity 5.00 ft/s for reach "R_22": Delta t (sec) 60.0  Delta x (ft) 261.8367
NOTE 41088:  Routing parameters based on index celerity 5.00 ft/s for reach "R_21": Delta t (sec) 60.0  Delta x (ft) 257.5933
NOTE 41088:  Routing parameters based on index celerity 5.00 ft/s for reach "R_20": Delta t (sec) 60.0  Delta x (ft) 298.1078
NOTE 41088:  Routing parameters based on index celerity 5.00 ft/s for reach "R_15": Delta t (sec) 60.0  Delta x (ft) 269.3725
NOTE 41088:  Routing parameters based on index celerity 5.00 ft/s for reach "R_41": Delta t (sec) 60.0  Delta x (ft) 299.0290
NOTE 41088:  Routing parameters based on index celerity 5.00 ft/s for reach "R_37": Delta t (sec) 60.0  Delta x (ft) 296.3967
NOTE 41088:  Routing parameters based on index celerity 5.00 ft/s for reach "R_32": Delta t (sec) 60.0  Delta x (ft) 290.3328
NOTE 41088:  Routing parameters based on index celerity 5.00 ft/s for reach "R_14": Delta t (sec) 60.0  Delta x (ft) 291.2975
NOTE 41088:  Routing parameters based on index celerity 5.00 ft/s for reach "R_13": Delta t (sec) 60.0  Delta x (ft) 299.4116
NOTE 41088:  Routing parameters based on index celerity 5.00 ft/s for reach "R_11": Delta t (sec) 60.0  Delta x (ft) 293.1286
NOTE 41088:  Routing parameters based on index celerity 5.00 ft/s for reach "R_10": Delta t (sec) 60.0  Delta x (ft) 259.5571
NOTE 41088:  Routing parameters based on index celerity 5.00 ft/s for reach "R_35": Delta t (sec) 60.0  Delta x (ft) 298.2462
NOTE 41088:  Routing parameters based on index celerity 5.00 ft/s for reach "R_25": Delta t (sec) 60.0  Delta x (ft) 298.6510
NOTE 41088:  Routing parameters based on index celerity 5.00 ft/s for reach "R_43": Delta t (sec) 60.0  Delta x (ft) 298.3728
NOTE 41088:  Routing parameters based on index celerity 5.00 ft/s for reach "R_19": Delta t (sec) 60.0  Delta x (ft) 297.9022
NOTE 41088:  Routing parameters based on index celerity 5.00 ft/s for reach "R_18": Delta t (sec) 60.0  Delta x (ft) 299.4903
NOTE 41088:  Routing parameters based on index celerity 5.00 ft/s for reach "R_17": Delta t (sec) 60.0  Delta x (ft) 296.5724
NOTE 41088:  Routing parameters based on index celerity 5.00 ft/s for reach "R_16": Delta t (sec) 60.0  Delta x (ft) 281.9094
NOTE 41088:  Routing parameters based on index celerity 5.00 ft/s for reach "R_9": Delta t (sec) 60.0  Delta x (ft) 295.8396
NOTE 41088:  Routing parameters based on index celerity 5.00 ft/s for reach "R_8": Delta t (sec) 60.0  Delta x (ft) 296.4571
NOTE 41088:  Routing parameters based on index celerity 5.00 ft/s for reach "R_7": Delta t (sec) 60.0  Delta x (ft) 298.8300
NOTE 41088:  Routing parameters based on index celerity 5.00 ft/s for reach "R_6": Delta t (sec) 60.0  Delta x (ft) 294.5290
NOTE 41088:  Routing parameters based on index celerity 5.00 ft/s for reach "R_5": Delta t (sec) 60.0  Delta x (ft) 299.6886
NOTE 41088:  Routing parameters based on index celerity 5.00 ft/s for reach "R_4": Delta t (sec) 60.0  Delta x (ft) 297.7419
NOTE 41088:  Routing parameters based on index celerity 5.00 ft/s for reach "R_42": Delta t (sec) 60.0  Delta x (ft) 296.0425
NOTE 41088:  Routing parameters based on index celerity 5.00 ft/s for reach "R_31": Delta t (sec) 60.0  Delta x (ft) 299.9320
NOTE 41088:  Routing parameters based on index celerity 5.00 ft/s for reach "R_2": Delta t (sec) 60.0  Delta x (ft) 295.5684
NOTE 41088:  Routing parameters based on index celerity 5.00 ft/s for reach "R_1": Delta t (sec) 60.0  Delta x (ft) 293.9955
NOTE 23406:  Hypothetical storm depth: 3.44 IN.
NOTE 23413:  Area upstream of computation point: 180.266 MI2.
NOTE 23407:  Hypothetical storm area: 180.266 MI2.
NOTE 23409:  Area-reduced hypothetical storm depth: 2.894 in.
NOTE 42413:  Unit hydrograph volume for subbasin "MAC_1" is 1.0000 in.
NOTE 42413:  Unit hydrograph volume for subbasin "MAC_2" is 1.0000 in.
NOTE 42413:  Unit hydrograph volume for subbasin "MAC_3" is 1.0000 in.
NOTE 42413:  Unit hydrograph volume for subbasin "MAC_4" is 1.0000 in.
NOTE 42413:  Unit hydrograph volume for subbasin "MAC_5" is 1.0000 in.
NOTE 42413:  Unit hydrograph volume for subbasin "SPC_1" is 1.0000 in.
NOTE 42413:  Unit hydrograph volume for subbasin "SPC_2" is 1.0000 in.
NOTE 42413:  Unit hydrograph volume for subbasin "MAC_6" is 1.0000 in.
NOTE 42413:  Unit hydrograph volume for subbasin "SPC_3" is 1.0000 in.
NOTE 42413:  Unit hydrograph volume for subbasin "DAC_1" is 1.0000 in.
NOTE 42413:  Unit hydrograph volume for subbasin "DAC_2" is 1.0000 in.
NOTE 42413:  Unit hydrograph volume for subbasin "DAC_3" is 1.0000 in.
NOTE 42413:  Unit hydrograph volume for subbasin "DAC_4" is 1.0000 in.
NOTE 42413:  Unit hydrograph volume for subbasin "DAC_5" is 1.0000 in.
NOTE 42413:  Unit hydrograph volume for subbasin "MC_1" is 1.0000 in.
NOTE 42413:  Unit hydrograph volume for subbasin "DAC_6" is 1.0000 in.
NOTE 42413:  Unit hydrograph volume for subbasin "MC_2" is 1.0000 in.
NOTE 42413:  Unit hydrograph volume for subbasin "MC_3" is 1.0000 in.
NOTE 42413:  Unit hydrograph volume for subbasin "MC_4" is 1.0000 in.
NOTE 42413:  Unit hydrograph volume for subbasin "MC_5" is 1.0000 in.
NOTE 42413:  Unit hydrograph volume for subbasin "RSJ_1" is 1.0000 in.
NOTE 42413:  Unit hydrograph volume for subbasin "RSJ_2" is 1.0000 in.
NOTE 42413:  Unit hydrograph volume for subbasin "RSJ_3" is 1.0000 in.
NOTE 42413:  Unit hydrograph volume for subbasin "RSJ_4" is 1.0000 in.
NOTE 42413:  Unit hydrograph volume for subbasin "RSJ_5" is 1.0000 in.
NOTE 42413:  Unit hydrograph volume for subbasin "RSJ_6" is 1.0000 in.
NOTE 42413:  Unit hydrograph volume for subbasin "RSJ_7" is 1.0000 in.
NOTE 42413:  Unit hydrograph volume for subbasin "MC_6" is 1.0000 in.
NOTE 42413:  Unit hydrograph volume for subbasin "RSJ_8" is 1.0000 in.
NOTE 42413:  Unit hydrograph volume for subbasin "MC_7" is 1.0000 in.
NOTE 42413:  Unit hydrograph volume for subbasin "MC_8" is 1.0000 in.
NOTE 42413:  Unit hydrograph volume for subbasin "MC_9" is 1.0000 in.
NOTE 42413:  Unit hydrograph volume for subbasin "MC_10" is 1.0000 in.
NOTE 42413:  Unit hydrograph volume for subbasin "MC_11" is 1.0000 in.
NOTE 42413:  Unit hydrograph volume for subbasin "SR_1" is 1.0000 in.
NOTE 42413:  Unit hydrograph volume for subbasin "SR_2" is 1.0000 in.
NOTE 42413:  Unit hydrograph volume for subbasin "SR_3" is 1.0000 in.
NOTE 42413:  Unit hydrograph volume for subbasin "SR_4" is 1.0000 in.
NOTE 42413:  Unit hydrograph volume for subbasin "DC_1" is 1.0000 in.
NOTE 42413:  Unit hydrograph volume for subbasin "DC_2" is 1.0000 in.
NOTE 42413:  Unit hydrograph volume for subbasin "SR_5" is 1.0000 in.
NOTE 42413:  Unit hydrograph volume for subbasin "DC_3" is 1.0000 in.
NOTE 42413:  Unit hydrograph volume for subbasin "SR_7" is 1.0000 in.
NOTE 42413:  Unit hydrograph volume for subbasin "SR_8" is 1.0000 in.
NOTE 42413:  Unit hydrograph volume for subbasin "SR_9" is 1.0000 in.
NOTE 42413:  Unit hydrograph volume for subbasin "SR_10" is 1.0000 in.
NOTE 42413:  Unit hydrograph volume for subbasin "SR_11" is 1.0000 in.
NOTE 42413:  Unit hydrograph volume for subbasin "SR_12" is 1.0000 in.
NOTE 42413:  Unit hydrograph volume for subbasin "MC_12" is 1.0000 in.
NOTE 42413:  Unit hydrograph volume for subbasin "SR_13" is 1.0000 in.
NOTE 42413:  Unit hydrograph volume for subbasin "SR_14" is 1.0000 in.
NOTE 42413:  Unit hydrograph volume for subbasin "SR_15" is 1.0000 in.
NOTE 42413:  Unit hydrograph volume for subbasin "SR_16" is 1.0000 in.
NOTE 42413:  Unit hydrograph volume for subbasin "SR_17" is 1.0000 in.
NOTE 42413:  Unit hydrograph volume for subbasin "SR_18" is 1.0000 in.
NOTE 42413:  Unit hydrograph volume for subbasin "SR_19" is 1.0000 in.
NOTE 42413:  Unit hydrograph volume for subbasin "SR_20" is 1.0000 in.
NOTE 42413:  Unit hydrograph volume for subbasin "SR_21" is 1.0000 in.
NOTE 42413:  Unit hydrograph volume for subbasin "SR_22" is 1.0000 in.
NOTE 42413:  Unit hydrograph volume for subbasin "UN_1" is 1.0000 in.
NOTE 42413:  Unit hydrograph volume for subbasin "UN_2" is 1.0000 in.
NOTE 42413:  Unit hydrograph volume for subbasin "UN_3" is 1.0000 in.
NOTE 42413:  Unit hydrograph volume for subbasin "UN_4" is 1.0000 in.
NOTE 42413:  Unit hydrograph volume for subbasin "UN_5" is 1.0000 in.
NOTE 42413:  Unit hydrograph volume for subbasin "SR_24" is 1.0000 in.
NOTE 42413:  Unit hydrograph volume for subbasin "SR_25" is 1.0000 in.
NOTE 42413:  Unit hydrograph volume for subbasin "SR_26" is 1.0000 in.
NOTE 42413:  Unit hydrograph volume for subbasin "SR_27" is 1.0000 in.
NOTE 45725:  Finished computing ordinate #5 in frequency analysis simulation "SRW_Post-Fire" at time 22Jun2022, 12:20:41.
NOTE 45724:  Began computing ordinate #6 in frequency analysis simulation "SRW_Post-Fire" at time 22Jun2022, 12:20:41.
NOTE 15407:  Computing analysis point "Outlet".
NOTE 41088:  Routing parameters based on index celerity 5.00 ft/s for reach "R_39": Delta t (sec) 60.0  Delta x (ft) 298.4125
NOTE 41088:  Routing parameters based on index celerity 5.00 ft/s for reach "R_36": Delta t (sec) 60.0  Delta x (ft) 266.1913
NOTE 41088:  Routing parameters based on index celerity 5.00 ft/s for reach "R_34": Delta t (sec) 60.0  Delta x (ft) 278.9067
NOTE 41088:  Routing parameters based on index celerity 5.00 ft/s for reach "R_33": Delta t (sec) 60.0  Delta x (ft) 294.0614
NOTE 41088:  Routing parameters based on index celerity 5.00 ft/s for reach "R_40": Delta t (sec) 60.0  Delta x (ft) 299.6900
NOTE 41088:  Routing parameters based on index celerity 5.00 ft/s for reach "R_24": Delta t (sec) 60.0  Delta x (ft) 295.6462
NOTE 41088:  Routing parameters based on index celerity 5.00 ft/s for reach "R_29": Delta t (sec) 60.0  Delta x (ft) 290.2707
NOTE 41088:  Routing parameters based on index celerity 5.00 ft/s for reach "R_27": Delta t (sec) 60.0  Delta x (ft) 298.8642
NOTE 41088:  Routing parameters based on index celerity 5.00 ft/s for reach "R_23": Delta t (sec) 60.0  Delta x (ft) 257.5850
NOTE 41088:  Routing parameters based on index celerity 5.00 ft/s for reach "R_22": Delta t (sec) 60.0  Delta x (ft) 261.8367
NOTE 41088:  Routing parameters based on index celerity 5.00 ft/s for reach "R_21": Delta t (sec) 60.0  Delta x (ft) 257.5933
NOTE 41088:  Routing parameters based on index celerity 5.00 ft/s for reach "R_20": Delta t (sec) 60.0  Delta x (ft) 298.1078
NOTE 41088:  Routing parameters based on index celerity 5.00 ft/s for reach "R_15": Delta t (sec) 60.0  Delta x (ft) 269.3725
NOTE 41088:  Routing parameters based on index celerity 5.00 ft/s for reach "R_41": Delta t (sec) 60.0  Delta x (ft) 299.0290
NOTE 41088:  Routing parameters based on index celerity 5.00 ft/s for reach "R_37": Delta t (sec) 60.0  Delta x (ft) 296.3967
NOTE 41088:  Routing parameters based on index celerity 5.00 ft/s for reach "R_32": Delta t (sec) 60.0  Delta x (ft) 290.3328
NOTE 41088:  Routing parameters based on index celerity 5.00 ft/s for reach "R_14": Delta t (sec) 60.0  Delta x (ft) 291.2975
NOTE 41088:  Routing parameters based on index celerity 5.00 ft/s for reach "R_13": Delta t (sec) 60.0  Delta x (ft) 299.4116
NOTE 41088:  Routing parameters based on index celerity 5.00 ft/s for reach "R_11": Delta t (sec) 60.0  Delta x (ft) 293.1286
NOTE 41088:  Routing parameters based on index celerity 5.00 ft/s for reach "R_10": Delta t (sec) 60.0  Delta x (ft) 259.5571
NOTE 41088:  Routing parameters based on index celerity 5.00 ft/s for reach "R_35": Delta t (sec) 60.0  Delta x (ft) 298.2462
NOTE 41088:  Routing parameters based on index celerity 5.00 ft/s for reach "R_25": Delta t (sec) 60.0  Delta x (ft) 298.6510
NOTE 41088:  Routing parameters based on index celerity 5.00 ft/s for reach "R_43": Delta t (sec) 60.0  Delta x (ft) 298.3728
NOTE 41088:  Routing parameters based on index celerity 5.00 ft/s for reach "R_19": Delta t (sec) 60.0  Delta x (ft) 297.9022
NOTE 41088:  Routing parameters based on index celerity 5.00 ft/s for reach "R_18": Delta t (sec) 60.0  Delta x (ft) 299.4903
NOTE 41088:  Routing parameters based on index celerity 5.00 ft/s for reach "R_17": Delta t (sec) 60.0  Delta x (ft) 296.5724
NOTE 41088:  Routing parameters based on index celerity 5.00 ft/s for reach "R_16": Delta t (sec) 60.0  Delta x (ft) 281.9094
NOTE 41088:  Routing parameters based on index celerity 5.00 ft/s for reach "R_9": Delta t (sec) 60.0  Delta x (ft) 295.8396
NOTE 41088:  Routing parameters based on index celerity 5.00 ft/s for reach "R_8": Delta t (sec) 60.0  Delta x (ft) 296.4571
NOTE 41088:  Routing parameters based on index celerity 5.00 ft/s for reach "R_7": Delta t (sec) 60.0  Delta x (ft) 298.8300
NOTE 41088:  Routing parameters based on index celerity 5.00 ft/s for reach "R_6": Delta t (sec) 60.0  Delta x (ft) 294.5290
NOTE 41088:  Routing parameters based on index celerity 5.00 ft/s for reach "R_5": Delta t (sec) 60.0  Delta x (ft) 299.6886
NOTE 41088:  Routing parameters based on index celerity 5.00 ft/s for reach "R_4": Delta t (sec) 60.0  Delta x (ft) 297.7419
NOTE 41088:  Routing parameters based on index celerity 5.00 ft/s for reach "R_42": Delta t (sec) 60.0  Delta x (ft) 296.0425
NOTE 41088:  Routing parameters based on index celerity 5.00 ft/s for reach "R_31": Delta t (sec) 60.0  Delta x (ft) 299.9320
NOTE 41088:  Routing parameters based on index celerity 5.00 ft/s for reach "R_2": Delta t (sec) 60.0  Delta x (ft) 295.5684
NOTE 41088:  Routing parameters based on index celerity 5.00 ft/s for reach "R_1": Delta t (sec) 60.0  Delta x (ft) 293.9955
NOTE 23406:  Hypothetical storm depth: 3.898 IN.
NOTE 23413:  Area upstream of computation point: 180.266 MI2.
NOTE 23407:  Hypothetical storm area: 180.266 MI2.
NOTE 23409:  Area-reduced hypothetical storm depth: 3.279 in.
NOTE 42413:  Unit hydrograph volume for subbasin "MAC_1" is 1.0000 in.
NOTE 42413:  Unit hydrograph volume for subbasin "MAC_2" is 1.0000 in.
NOTE 42413:  Unit hydrograph volume for subbasin "MAC_3" is 1.0000 in.
NOTE 42413:  Unit hydrograph volume for subbasin "MAC_4" is 1.0000 in.
NOTE 42413:  Unit hydrograph volume for subbasin "MAC_5" is 1.0000 in.
NOTE 42413:  Unit hydrograph volume for subbasin "SPC_1" is 1.0000 in.
NOTE 42413:  Unit hydrograph volume for subbasin "SPC_2" is 1.0000 in.
NOTE 42413:  Unit hydrograph volume for subbasin "MAC_6" is 1.0000 in.
NOTE 42413:  Unit hydrograph volume for subbasin "SPC_3" is 1.0000 in.
NOTE 42413:  Unit hydrograph volume for subbasin "DAC_1" is 1.0000 in.
NOTE 42413:  Unit hydrograph volume for subbasin "DAC_2" is 1.0000 in.
NOTE 42413:  Unit hydrograph volume for subbasin "DAC_3" is 1.0000 in.
NOTE 42413:  Unit hydrograph volume for subbasin "DAC_4" is 1.0000 in.
NOTE 42413:  Unit hydrograph volume for subbasin "DAC_5" is 1.0000 in.
NOTE 42413:  Unit hydrograph volume for subbasin "MC_1" is 1.0000 in.
NOTE 42413:  Unit hydrograph volume for subbasin "DAC_6" is 1.0000 in.
NOTE 42413:  Unit hydrograph volume for subbasin "MC_2" is 1.0000 in.
NOTE 42413:  Unit hydrograph volume for subbasin "MC_3" is 1.0000 in.
NOTE 42413:  Unit hydrograph volume for subbasin "MC_4" is 1.0000 in.
NOTE 42413:  Unit hydrograph volume for subbasin "MC_5" is 1.0000 in.
NOTE 42413:  Unit hydrograph volume for subbasin "RSJ_1" is 1.0000 in.
NOTE 42413:  Unit hydrograph volume for subbasin "RSJ_2" is 1.0000 in.
NOTE 42413:  Unit hydrograph volume for subbasin "RSJ_3" is 1.0000 in.
NOTE 42413:  Unit hydrograph volume for subbasin "RSJ_4" is 1.0000 in.
NOTE 42413:  Unit hydrograph volume for subbasin "RSJ_5" is 1.0000 in.
NOTE 42413:  Unit hydrograph volume for subbasin "RSJ_6" is 1.0000 in.
NOTE 42413:  Unit hydrograph volume for subbasin "RSJ_7" is 1.0000 in.
NOTE 42413:  Unit hydrograph volume for subbasin "MC_6" is 1.0000 in.
NOTE 42413:  Unit hydrograph volume for subbasin "RSJ_8" is 1.0000 in.
NOTE 42413:  Unit hydrograph volume for subbasin "MC_7" is 1.0000 in.
NOTE 42413:  Unit hydrograph volume for subbasin "MC_8" is 1.0000 in.
NOTE 42413:  Unit hydrograph volume for subbasin "MC_9" is 1.0000 in.
NOTE 42413:  Unit hydrograph volume for subbasin "MC_10" is 1.0000 in.
NOTE 42413:  Unit hydrograph volume for subbasin "MC_11" is 1.0000 in.
NOTE 42413:  Unit hydrograph volume for subbasin "SR_1" is 1.0000 in.
NOTE 42413:  Unit hydrograph volume for subbasin "SR_2" is 1.0000 in.
NOTE 42413:  Unit hydrograph volume for subbasin "SR_3" is 1.0000 in.
NOTE 42413:  Unit hydrograph volume for subbasin "SR_4" is 1.0000 in.
NOTE 42413:  Unit hydrograph volume for subbasin "DC_1" is 1.0000 in.
NOTE 42413:  Unit hydrograph volume for subbasin "DC_2" is 1.0000 in.
NOTE 42413:  Unit hydrograph volume for subbasin "SR_5" is 1.0000 in.
NOTE 42413:  Unit hydrograph volume for subbasin "DC_3" is 1.0000 in.
NOTE 42413:  Unit hydrograph volume for subbasin "SR_7" is 1.0000 in.
NOTE 42413:  Unit hydrograph volume for subbasin "SR_8" is 1.0000 in.
NOTE 42413:  Unit hydrograph volume for subbasin "SR_9" is 1.0000 in.
NOTE 42413:  Unit hydrograph volume for subbasin "SR_10" is 1.0000 in.
NOTE 42413:  Unit hydrograph volume for subbasin "SR_11" is 1.0000 in.
NOTE 42413:  Unit hydrograph volume for subbasin "SR_12" is 1.0000 in.
NOTE 42413:  Unit hydrograph volume for subbasin "MC_12" is 1.0000 in.
NOTE 42413:  Unit hydrograph volume for subbasin "SR_13" is 1.0000 in.
NOTE 42413:  Unit hydrograph volume for subbasin "SR_14" is 1.0000 in.
NOTE 42413:  Unit hydrograph volume for subbasin "SR_15" is 1.0000 in.
NOTE 42413:  Unit hydrograph volume for subbasin "SR_16" is 1.0000 in.
NOTE 42413:  Unit hydrograph volume for subbasin "SR_17" is 1.0000 in.
NOTE 42413:  Unit hydrograph volume for subbasin "SR_18" is 1.0000 in.
NOTE 42413:  Unit hydrograph volume for subbasin "SR_19" is 1.0000 in.
NOTE 42413:  Unit hydrograph volume for subbasin "SR_20" is 1.0000 in.
NOTE 42413:  Unit hydrograph volume for subbasin "SR_21" is 1.0000 in.
NOTE 42413:  Unit hydrograph volume for subbasin "SR_22" is 1.0000 in.
NOTE 42413:  Unit hydrograph volume for subbasin "UN_1" is 1.0000 in.
NOTE 42413:  Unit hydrograph volume for subbasin "UN_2" is 1.0000 in.
NOTE 42413:  Unit hydrograph volume for subbasin "UN_3" is 1.0000 in.
NOTE 42413:  Unit hydrograph volume for subbasin "UN_4" is 1.0000 in.
NOTE 42413:  Unit hydrograph volume for subbasin "UN_5" is 1.0000 in.
NOTE 42413:  Unit hydrograph volume for subbasin "SR_24" is 1.0000 in.
NOTE 42413:  Unit hydrograph volume for subbasin "SR_25" is 1.0000 in.
NOTE 42413:  Unit hydrograph volume for subbasin "SR_26" is 1.0000 in.
NOTE 42413:  Unit hydrograph volume for subbasin "SR_27" is 1.0000 in.
NOTE 45725:  Finished computing ordinate #6 in frequency analysis simulation "SRW_Post-Fire" at time 22Jun2022, 12:21:09.
NOTE 45702:  Finished computing frequency analysis "SRW_Post-Fire" at time 22Jun2022, 12:21:10.
NOTE 15312:  The total runtime for this simulation is 02:25.
