NOTE 15407:  Computing analysis point "Mora_R_N_Golondrinas_NM".
NOTE 20364:  Found no parameter problems in meteorologic model "0.500_PFE_UMR".
ERROR 46551:  Los Angeles Debris Flow Method EQ 2-5 is valid for areas of 3.0 to 200.0 square miles.
      Subbasin "LC_1" area is 2.65 square miles.
ERROR 46551:  Los Angeles Debris Flow Method EQ 2-5 is valid for areas of 3.0 to 200.0 square miles.
      Subbasin "LC_2" area is 2.04 square miles.
ERROR 46551:  Los Angeles Debris Flow Method EQ 2-5 is valid for areas of 3.0 to 200.0 square miles.
      Subbasin "LC_4" area is 2.42 square miles.
ERROR 46551:  Los Angeles Debris Flow Method EQ 2-5 is valid for areas of 3.0 to 200.0 square miles.
      Subbasin "LC_5" area is 2.88 square miles.
ERROR 46551:  Los Angeles Debris Flow Method EQ 2-5 is valid for areas of 3.0 to 200.0 square miles.
      Subbasin "LC_6" area is 1.1 square miles.
ERROR 46551:  Los Angeles Debris Flow Method EQ 2-5 is valid for areas of 3.0 to 200.0 square miles.
      Subbasin "LC_7" area is 2.46 square miles.
ERROR 46551:  Los Angeles Debris Flow Method EQ 2-5 is valid for areas of 3.0 to 200.0 square miles.
      Subbasin "MR_2" area is 2.82 square miles.
ERROR 46551:  Los Angeles Debris Flow Method EQ 2-5 is valid for areas of 3.0 to 200.0 square miles.
      Subbasin "MR_4" area is 2.51 square miles.
ERROR 46551:  Los Angeles Debris Flow Method EQ 2-5 is valid for areas of 3.0 to 200.0 square miles.
      Subbasin "MR_5" area is 1.8 square miles.
ERROR 46551:  Los Angeles Debris Flow Method EQ 2-5 is valid for areas of 3.0 to 200.0 square miles.
      Subbasin "MR_6" area is 1.24 square miles.
ERROR 46551:  Los Angeles Debris Flow Method EQ 2-5 is valid for areas of 3.0 to 200.0 square miles.
      Subbasin "MR_7" area is 1.83 square miles.
ERROR 46551:  Los Angeles Debris Flow Method EQ 2-5 is valid for areas of 3.0 to 200.0 square miles.
      Subbasin "MR_8" area is 0.69 square miles.
ERROR 46551:  Los Angeles Debris Flow Method EQ 2-5 is valid for areas of 3.0 to 200.0 square miles.
      Subbasin "MR_10" area is 2.06 square miles.
ERROR 46551:  Los Angeles Debris Flow Method EQ 2-5 is valid for areas of 3.0 to 200.0 square miles.
      Subbasin "MR_11" area is 1.3 square miles.
ERROR 46551:  Los Angeles Debris Flow Method EQ 2-5 is valid for areas of 3.0 to 200.0 square miles.
      Subbasin "MR_12" area is 2.45 square miles.
ERROR 46551:  Los Angeles Debris Flow Method EQ 2-5 is valid for areas of 3.0 to 200.0 square miles.
      Subbasin "MR_13" area is 1.17 square miles.
ERROR 46551:  Los Angeles Debris Flow Method EQ 2-5 is valid for areas of 3.0 to 200.0 square miles.
      Subbasin "MR_14" area is 2.1 square miles.
ERROR 46551:  Los Angeles Debris Flow Method EQ 2-5 is valid for areas of 3.0 to 200.0 square miles.
      Subbasin "MR_16" area is 0.83 square miles.
ERROR 46551:  Los Angeles Debris Flow Method EQ 2-5 is valid for areas of 3.0 to 200.0 square miles.
      Subbasin "MR_18" area is 0.44 square miles.
ERROR 46551:  Los Angeles Debris Flow Method EQ 2-5 is valid for areas of 3.0 to 200.0 square miles.
      Subbasin "AC_2" area is 1.03 square miles.
ERROR 46551:  Los Angeles Debris Flow Method EQ 2-5 is valid for areas of 3.0 to 200.0 square miles.
      Subbasin "MR_20" area is 1.09 square miles.
ERROR 46551:  Los Angeles Debris Flow Method EQ 2-5 is valid for areas of 3.0 to 200.0 square miles.
      Subbasin "AC_3" area is 0.72 square miles.
ERROR 46551:  Los Angeles Debris Flow Method EQ 2-5 is valid for areas of 3.0 to 200.0 square miles.
      Subbasin "MR_22" area is 1.29 square miles.
ERROR 46551:  Los Angeles Debris Flow Method EQ 2-5 is valid for areas of 3.0 to 200.0 square miles.
      Subbasin "SD_1" area is 1.22 square miles.
ERROR 46551:  Los Angeles Debris Flow Method EQ 2-5 is valid for areas of 3.0 to 200.0 square miles.
      Subbasin "SD_2" area is 1.05 square miles.
ERROR 46551:  Los Angeles Debris Flow Method EQ 2-5 is valid for areas of 3.0 to 200.0 square miles.
      Subbasin "MR_23" area is 2.74 square miles.
ERROR 46551:  Los Angeles Debris Flow Method EQ 2-5 is valid for areas of 3.0 to 200.0 square miles.
      Subbasin "CM_1" area is 2.8 square miles.
ERROR 46551:  Los Angeles Debris Flow Method EQ 2-5 is valid for areas of 3.0 to 200.0 square miles.
      Subbasin "CM_2" area is 2.34 square miles.
ERROR 46551:  Los Angeles Debris Flow Method EQ 2-5 is valid for areas of 3.0 to 200.0 square miles.
      Subbasin "MR_24" area is 2.24 square miles.
ERROR 46551:  Los Angeles Debris Flow Method EQ 2-5 is valid for areas of 3.0 to 200.0 square miles.
      Subbasin "CM_3" area is 1.23 square miles.
ERROR 46551:  Los Angeles Debris Flow Method EQ 2-5 is valid for areas of 3.0 to 200.0 square miles.
      Subbasin "CC_2" area is 2.67 square miles.
ERROR 46551:  Los Angeles Debris Flow Method EQ 2-5 is valid for areas of 3.0 to 200.0 square miles.
      Subbasin "CC_3" area is 2.15 square miles.
ERROR 46551:  Los Angeles Debris Flow Method EQ 2-5 is valid for areas of 3.0 to 200.0 square miles.
      Subbasin "MR_26" area is 1.57 square miles.
ERROR 46551:  Los Angeles Debris Flow Method EQ 2-5 is valid for areas of 3.0 to 200.0 square miles.
      Subbasin "MR_27" area is 0.68 square miles.
ERROR 46551:  Los Angeles Debris Flow Method EQ 2-5 is valid for areas of 3.0 to 200.0 square miles.
      Subbasin "RLC_4" area is 0.47 square miles.
ERROR 46551:  Los Angeles Debris Flow Method EQ 2-5 is valid for areas of 3.0 to 200.0 square miles.
      Subbasin "UA_2" area is 2.49 square miles.
ERROR 46551:  Los Angeles Debris Flow Method EQ 2-5 is valid for areas of 3.0 to 200.0 square miles.
      Subbasin "UA_3" area is 1.57 square miles.
ERROR 46551:  Los Angeles Debris Flow Method EQ 2-5 is valid for areas of 3.0 to 200.0 square miles.
      Subbasin "UA_4" area is 1.2 square miles.
ERROR 46551:  Los Angeles Debris Flow Method EQ 2-5 is valid for areas of 3.0 to 200.0 square miles.
      Subbasin "UA_5" area is 1.08 square miles.
ERROR 46551:  Los Angeles Debris Flow Method EQ 2-5 is valid for areas of 3.0 to 200.0 square miles.
      Subbasin "UA_6" area is 2.03 square miles.
ERROR 46551:  Los Angeles Debris Flow Method EQ 2-5 is valid for areas of 3.0 to 200.0 square miles.
      Subbasin "MR_31" area is 1.75 square miles.
ERROR 46551:  Los Angeles Debris Flow Method EQ 2-5 is valid for areas of 3.0 to 200.0 square miles.
      Subbasin "MR_29" area is 0.96 square miles.
ERROR 46551:  Los Angeles Debris Flow Method EQ 2-5 is valid for areas of 3.0 to 200.0 square miles.
      Subbasin "MR_34" area is 2.65 square miles.
ERROR 46551:  Los Angeles Debris Flow Method EQ 2-5 is valid for areas of 3.0 to 200.0 square miles.
      Subbasin "MR_35" area is 0.17 square miles.
ERROR 46551:  Los Angeles Debris Flow Method EQ 2-5 is valid for areas of 3.0 to 200.0 square miles.
      Subbasin "MR_38" area is 1.24 square miles.
ERROR 46551:  Los Angeles Debris Flow Method EQ 2-5 is valid for areas of 3.0 to 200.0 square miles.
      Subbasin "RM_4" area is 2.44 square miles.
ERROR 46551:  Los Angeles Debris Flow Method EQ 2-5 is valid for areas of 3.0 to 200.0 square miles.
      Subbasin "SC_1" area is 2.64 square miles.
ERROR 46551:  Los Angeles Debris Flow Method EQ 2-5 is valid for areas of 3.0 to 200.0 square miles.
      Subbasin "SC_2" area is 1.2 square miles.
ERROR 46551:  Los Angeles Debris Flow Method EQ 2-5 is valid for areas of 3.0 to 200.0 square miles.
      Subbasin "SC_3" area is 1.86 square miles.
ERROR 46551:  Los Angeles Debris Flow Method EQ 2-5 is valid for areas of 3.0 to 200.0 square miles.
      Subbasin "SC_4" area is 1.82 square miles.
ERROR 46551:  Los Angeles Debris Flow Method EQ 2-5 is valid for areas of 3.0 to 200.0 square miles.
      Subbasin "SC_5" area is 1.63 square miles.
ERROR 46551:  Los Angeles Debris Flow Method EQ 2-5 is valid for areas of 3.0 to 200.0 square miles.
      Subbasin "SC_6" area is 1.88 square miles.
ERROR 46551:  Los Angeles Debris Flow Method EQ 2-5 is valid for areas of 3.0 to 200.0 square miles.
      Subbasin "RC_1" area is 2.06 square miles.
ERROR 46551:  Los Angeles Debris Flow Method EQ 2-5 is valid for areas of 3.0 to 200.0 square miles.
      Subbasin "RC_2" area is 2.31 square miles.
ERROR 46551:  Los Angeles Debris Flow Method EQ 2-5 is valid for areas of 3.0 to 200.0 square miles.
      Subbasin "RC_3" area is 1.02 square miles.
ERROR 46551:  Los Angeles Debris Flow Method EQ 2-5 is valid for areas of 3.0 to 200.0 square miles.
      Subbasin "RC_4" area is 1.22 square miles.
WARNING 41074:  Length for reach "R_28" is very short and may cause numeric instabilities.
ERROR 46551:  Los Angeles Debris Flow Method EQ 2-5 is valid for areas of 3.0 to 200.0 square miles.
      Subbasin "RC_5" area is 1.07 square miles.
ERROR 46551:  Los Angeles Debris Flow Method EQ 2-5 is valid for areas of 3.0 to 200.0 square miles.
      Subbasin "UB_2" area is 2.03 square miles.
ERROR 46551:  Los Angeles Debris Flow Method EQ 2-5 is valid for areas of 3.0 to 200.0 square miles.
      Subbasin "UB_3" area is 2.22 square miles.
ERROR 46551:  Los Angeles Debris Flow Method EQ 2-5 is valid for areas of 3.0 to 200.0 square miles.
      Subbasin "UB_4" area is 1.06 square miles.
ERROR 46551:  Los Angeles Debris Flow Method EQ 2-5 is valid for areas of 3.0 to 200.0 square miles.
      Subbasin "RC_6" area is 1.26 square miles.
ERROR 46551:  Los Angeles Debris Flow Method EQ 2-5 is valid for areas of 3.0 to 200.0 square miles.
      Subbasin "RC_7" area is 0.49 square miles.
ERROR 46551:  Los Angeles Debris Flow Method EQ 2-5 is valid for areas of 3.0 to 200.0 square miles.
      Subbasin "UB_5" area is 0.4 square miles.
ERROR 46551:  Los Angeles Debris Flow Method EQ 2-5 is valid for areas of 3.0 to 200.0 square miles.
      Subbasin "RC_10" area is 1.44 square miles.
ERROR 46551:  Los Angeles Debris Flow Method EQ 2-5 is valid for areas of 3.0 to 200.0 square miles.
      Subbasin "MR_39" area is 2.94 square miles.
ERROR 46551:  Los Angeles Debris Flow Method EQ 2-5 is valid for areas of 3.0 to 200.0 square miles.
      Subbasin "UC_2" area is 1.04 square miles.
ERROR 46551:  Los Angeles Debris Flow Method EQ 2-5 is valid for areas of 3.0 to 200.0 square miles.
      Subbasin "UC_3" area is 2.22 square miles.
ERROR 46551:  Los Angeles Debris Flow Method EQ 2-5 is valid for areas of 3.0 to 200.0 square miles.
      Subbasin "MR_41" area is 2.14 square miles.
NOTE 40049:  Found no parameter problems in basin model "UMR_Post-Fire_0.500_LA2-5".
NOTE 41088:  Routing parameters based on index celerity 5.00 ft/s for reach "R_65": Delta t (sec) 60.0  Delta x (ft) 293.4647
NOTE 41088:  Routing parameters based on index celerity 5.00 ft/s for reach "R_68": Delta t (sec) 60.0  Delta x (ft) 299.8526
NOTE 41088:  Routing parameters based on index celerity 5.00 ft/s for reach "R_53": Delta t (sec) 60.0  Delta x (ft) 290.6043
NOTE 41088:  Routing parameters based on index celerity 5.00 ft/s for reach "R_50": Delta t (sec) 60.0  Delta x (ft) 290.8225
NOTE 41088:  Routing parameters based on index celerity 5.00 ft/s for reach "R_44": Delta t (sec) 60.0  Delta x (ft) 281.9730
NOTE 41088:  Routing parameters based on index celerity 5.00 ft/s for reach "R_40": Delta t (sec) 60.0  Delta x (ft) 293.6735
NOTE 41088:  Routing parameters based on index celerity 5.00 ft/s for reach "R_51": Delta t (sec) 60.0  Delta x (ft) 298.1917
NOTE 41088:  Routing parameters based on index celerity 5.00 ft/s for reach "R_33": Delta t (sec) 60.0  Delta x (ft) 292.5612
NOTE 41088:  Routing parameters based on index celerity 5.00 ft/s for reach "R_31": Delta t (sec) 60.0  Delta x (ft) 294.6711
NOTE 41088:  Routing parameters based on index celerity 5.00 ft/s for reach "R_29": Delta t (sec) 60.0  Delta x (ft) 291.3552
NOTE 41088:  Routing parameters based on index celerity 5.00 ft/s for reach "R_24": Delta t (sec) 60.0  Delta x (ft) 289.5596
NOTE 41088:  Routing parameters based on index celerity 5.00 ft/s for reach "R_23": Delta t (sec) 60.0  Delta x (ft) 225.2450
NOTE 41088:  Routing parameters based on index celerity 5.00 ft/s for reach "R_22": Delta t (sec) 60.0  Delta x (ft) 290.8325
NOTE 41088:  Routing parameters based on index celerity 5.00 ft/s for reach "R_21": Delta t (sec) 60.0  Delta x (ft) 298.1288
NOTE 41088:  Routing parameters based on index celerity 5.00 ft/s for reach "R_20": Delta t (sec) 60.0  Delta x (ft) 290.4967
NOTE 41088:  Routing parameters based on index celerity 5.00 ft/s for reach "R_19": Delta t (sec) 60.0  Delta x (ft) 292.9631
NOTE 41088:  Routing parameters based on index celerity 5.00 ft/s for reach "R_59": Delta t (sec) 60.0  Delta x (ft) 299.6665
NOTE 41088:  Routing parameters based on index celerity 5.00 ft/s for reach "R_15": Delta t (sec) 60.0  Delta x (ft) 299.0662
NOTE 41088:  Routing parameters based on index celerity 5.00 ft/s for reach "R_14": Delta t (sec) 60.0  Delta x (ft) 296.9657
NOTE 41088:  Routing parameters based on index celerity 5.00 ft/s for reach "R_67": Delta t (sec) 60.0  Delta x (ft) 297.2573
NOTE 41088:  Routing parameters based on index celerity 5.00 ft/s for reach "R_13": Delta t (sec) 60.0  Delta x (ft) 277.4060
NOTE 41088:  Routing parameters based on index celerity 5.00 ft/s for reach "R_12": Delta t (sec) 60.0  Delta x (ft) 296.2481
NOTE 41088:  Routing parameters based on index celerity 5.00 ft/s for reach "R_61": Delta t (sec) 60.0  Delta x (ft) 293.7555
NOTE 41088:  Routing parameters based on index celerity 5.00 ft/s for reach "R_11": Delta t (sec) 60.0  Delta x (ft) 294.2860
NOTE 41088:  Routing parameters based on index celerity 5.00 ft/s for reach "R_45": Delta t (sec) 60.0  Delta x (ft) 297.1371
NOTE 41088:  Routing parameters based on index celerity 5.00 ft/s for reach "R_35": Delta t (sec) 60.0  Delta x (ft) 283.8446
NOTE 41088:  Routing parameters based on index celerity 5.00 ft/s for reach "R_10": Delta t (sec) 60.0  Delta x (ft) 271.8925
NOTE 41088:  Routing parameters based on index celerity 5.00 ft/s for reach "R_9": Delta t (sec) 60.0  Delta x (ft) 297.0343
NOTE 41088:  Routing parameters based on index celerity 5.00 ft/s for reach "R_47": Delta t (sec) 60.0  Delta x (ft) 298.4667
NOTE 41088:  Routing parameters based on index celerity 5.00 ft/s for reach "R_39": Delta t (sec) 60.0  Delta x (ft) 299.8278
NOTE 41088:  Routing parameters based on index celerity 5.00 ft/s for reach "R_8": Delta t (sec) 60.0  Delta x (ft) 298.3445
NOTE 41088:  Routing parameters based on index celerity 5.00 ft/s for reach "R_58": Delta t (sec) 60.0  Delta x (ft) 295.6021
NOTE 41088:  Routing parameters based on index celerity 5.00 ft/s for reach "R_63": Delta t (sec) 60.0  Delta x (ft) 294.6843
NOTE 41088:  Routing parameters based on index celerity 5.00 ft/s for reach "R_46": Delta t (sec) 60.0  Delta x (ft) 270.6644
NOTE 41088:  Routing parameters based on index celerity 5.00 ft/s for reach "R_43": Delta t (sec) 60.0  Delta x (ft) 284.0775
NOTE 41088:  Routing parameters based on index celerity 5.00 ft/s for reach "R_41": Delta t (sec) 60.0  Delta x (ft) 242.4850
NOTE 41088:  Routing parameters based on index celerity 5.00 ft/s for reach "R_7": Delta t (sec) 60.0  Delta x (ft) 228.9800
NOTE 41088:  Routing parameters based on index celerity 5.00 ft/s for reach "R_6": Delta t (sec) 60.0  Delta x (ft) 299.1190
NOTE 41088:  Routing parameters based on index celerity 5.00 ft/s for reach "R_5": Delta t (sec) 60.0  Delta x (ft) 245.0880
NOTE 41088:  Routing parameters based on index celerity 5.00 ft/s for reach "R_69": Delta t (sec) 60.0  Delta x (ft) 291.1750
NOTE 41088:  Routing parameters based on index celerity 5.00 ft/s for reach "R_70": Delta t (sec) 60.0  Delta x (ft) 296.6102
NOTE 41088:  Routing parameters based on index celerity 5.00 ft/s for reach "R_4": Delta t (sec) 60.0  Delta x (ft) 296.2675
NOTE 41088:  Routing parameters based on index celerity 5.00 ft/s for reach "R_3": Delta t (sec) 60.0  Delta x (ft) 296.3491
NOTE 41088:  Routing parameters based on index celerity 5.00 ft/s for reach "R_54": Delta t (sec) 60.0  Delta x (ft) 297.0761
NOTE 41088:  Routing parameters based on index celerity 5.00 ft/s for reach "R_37": Delta t (sec) 60.0  Delta x (ft) 267.3925
NOTE 41088:  Routing parameters based on index celerity 5.00 ft/s for reach "R_56": Delta t (sec) 60.0  Delta x (ft) 293.1076
NOTE 41088:  Routing parameters based on index celerity 5.00 ft/s for reach "R_49": Delta t (sec) 60.0  Delta x (ft) 298.8091
NOTE 41088:  Routing parameters based on index celerity 5.00 ft/s for reach "R_62": Delta t (sec) 60.0  Delta x (ft) 299.1264
NOTE 41088:  Routing parameters based on index celerity 5.00 ft/s for reach "R_38": Delta t (sec) 60.0  Delta x (ft) 299.8975
NOTE 41088:  Routing parameters based on index celerity 5.00 ft/s for reach "R_36": Delta t (sec) 60.0  Delta x (ft) 296.6300
NOTE 41088:  Routing parameters based on index celerity 5.00 ft/s for reach "R_34": Delta t (sec) 60.0  Delta x (ft) 297.3748
NOTE 41088:  Routing parameters based on index celerity 5.00 ft/s for reach "R_32": Delta t (sec) 60.0  Delta x (ft) 285.1545
NOTE 41088:  Routing parameters based on index celerity 5.00 ft/s for reach "R_30": Delta t (sec) 60.0  Delta x (ft) 291.0414
NOTE 41088:  Routing parameters based on index celerity 5.00 ft/s for reach "R_28": Delta t (sec) 60.0  Delta x (ft) 212.3600
NOTE 41088:  Routing parameters based on index celerity 5.00 ft/s for reach "R_27": Delta t (sec) 60.0  Delta x (ft) 289.3846
NOTE 41088:  Routing parameters based on index celerity 5.00 ft/s for reach "R_55": Delta t (sec) 60.0  Delta x (ft) 299.5800
NOTE 41088:  Routing parameters based on index celerity 5.00 ft/s for reach "R_48": Delta t (sec) 60.0  Delta x (ft) 284.4669
NOTE 41088:  Routing parameters based on index celerity 5.00 ft/s for reach "R_25": Delta t (sec) 60.0  Delta x (ft) 298.6696
NOTE 41088:  Routing parameters based on index celerity 5.00 ft/s for reach "R_18": Delta t (sec) 60.0  Delta x (ft) 275.3890
NOTE 41088:  Routing parameters based on index celerity 5.00 ft/s for reach "R_17": Delta t (sec) 60.0  Delta x (ft) 297.7468
NOTE 41088:  Routing parameters based on index celerity 5.00 ft/s for reach "R_2": Delta t (sec) 60.0  Delta x (ft) 296.6098
NOTE 41088:  Routing parameters based on index celerity 5.00 ft/s for reach "R_57": Delta t (sec) 60.0  Delta x (ft) 294.6900
NOTE 41088:  Routing parameters based on index celerity 5.00 ft/s for reach "R_1": Delta t (sec) 60.0  Delta x (ft) 295.6876
NOTE 15405:  Storm area is 266.27 sq.mi. for analysis point "Mora_R_N_Golondrinas_NM".
NOTE 23406:  Hypothetical storm depth: 1.583 in.
NOTE 23413:  Area upstream of computation point: 266.27 mi².
NOTE 23407:  Hypothetical storm area: 266.27 mi².
NOTE 23409:  Area-reduced hypothetical storm depth: 1.319 in.
NOTE 42413:  Unit hydrograph volume for subbasin "LC_1" is 1.0000 in.
NOTE 42413:  Unit hydrograph volume for subbasin "LC_2" is 1.0000 in.
NOTE 42413:  Unit hydrograph volume for subbasin "LC_3" is 1.0000 in.
NOTE 42413:  Unit hydrograph volume for subbasin "LC_4" is 1.0000 in.
WARNING 15903:  Aborted simulation "UMR_Post-Fire_LA2-5-#1" at time 14Jun2022, 14:20:30.
