NOTE 45723:  Began computing frequency analysis "UMR_Pre-Fire" at time 22Jun2022, 10:36:45.
NOTE 45724:  Began computing ordinate #1 in frequency analysis simulation "UMR_Pre-Fire" at time 22Jun2022, 10:36:46.
NOTE 15407:  Computing analysis point "Mora_R_N_Golondrinas_NM".
NOTE 41088:  Routing parameters based on index celerity 5.00 ft/s for reach "R_65": Delta t (sec) 60.0  Delta x (ft) 293.4647
NOTE 41088:  Routing parameters based on index celerity 5.00 ft/s for reach "R_68": Delta t (sec) 60.0  Delta x (ft) 299.8526
NOTE 41088:  Routing parameters based on index celerity 5.00 ft/s for reach "R_53": Delta t (sec) 60.0  Delta x (ft) 290.6043
NOTE 41088:  Routing parameters based on index celerity 5.00 ft/s for reach "R_50": Delta t (sec) 60.0  Delta x (ft) 290.8225
NOTE 41088:  Routing parameters based on index celerity 5.00 ft/s for reach "R_44": Delta t (sec) 60.0  Delta x (ft) 281.9730
NOTE 41088:  Routing parameters based on index celerity 5.00 ft/s for reach "R_40": Delta t (sec) 60.0  Delta x (ft) 293.6735
NOTE 41088:  Routing parameters based on index celerity 5.00 ft/s for reach "R_51": Delta t (sec) 60.0  Delta x (ft) 298.1917
NOTE 41088:  Routing parameters based on index celerity 5.00 ft/s for reach "R_33": Delta t (sec) 60.0  Delta x (ft) 292.5612
NOTE 41088:  Routing parameters based on index celerity 5.00 ft/s for reach "R_31": Delta t (sec) 60.0  Delta x (ft) 294.6711
NOTE 41088:  Routing parameters based on index celerity 5.00 ft/s for reach "R_29": Delta t (sec) 60.0  Delta x (ft) 291.3552
NOTE 41088:  Routing parameters based on index celerity 5.00 ft/s for reach "R_24": Delta t (sec) 60.0  Delta x (ft) 289.5596
NOTE 41088:  Routing parameters based on index celerity 5.00 ft/s for reach "R_23": Delta t (sec) 60.0  Delta x (ft) 225.2450
NOTE 41088:  Routing parameters based on index celerity 5.00 ft/s for reach "R_22": Delta t (sec) 60.0  Delta x (ft) 290.8325
NOTE 41088:  Routing parameters based on index celerity 5.00 ft/s for reach "R_21": Delta t (sec) 60.0  Delta x (ft) 298.1288
NOTE 41088:  Routing parameters based on index celerity 5.00 ft/s for reach "R_20": Delta t (sec) 60.0  Delta x (ft) 290.4967
NOTE 41088:  Routing parameters based on index celerity 5.00 ft/s for reach "R_19": Delta t (sec) 60.0  Delta x (ft) 292.9631
NOTE 41088:  Routing parameters based on index celerity 5.00 ft/s for reach "R_59": Delta t (sec) 60.0  Delta x (ft) 299.6665
NOTE 41088:  Routing parameters based on index celerity 5.00 ft/s for reach "R_15": Delta t (sec) 60.0  Delta x (ft) 299.0662
NOTE 41088:  Routing parameters based on index celerity 5.00 ft/s for reach "R_14": Delta t (sec) 60.0  Delta x (ft) 296.9657
NOTE 41088:  Routing parameters based on index celerity 5.00 ft/s for reach "R_67": Delta t (sec) 60.0  Delta x (ft) 297.2573
NOTE 41088:  Routing parameters based on index celerity 5.00 ft/s for reach "R_13": Delta t (sec) 60.0  Delta x (ft) 277.4060
NOTE 41088:  Routing parameters based on index celerity 5.00 ft/s for reach "R_12": Delta t (sec) 60.0  Delta x (ft) 296.2481
NOTE 41088:  Routing parameters based on index celerity 5.00 ft/s for reach "R_61": Delta t (sec) 60.0  Delta x (ft) 293.7555
NOTE 41088:  Routing parameters based on index celerity 5.00 ft/s for reach "R_11": Delta t (sec) 60.0  Delta x (ft) 294.2860
NOTE 41088:  Routing parameters based on index celerity 5.00 ft/s for reach "R_45": Delta t (sec) 60.0  Delta x (ft) 297.1371
NOTE 41088:  Routing parameters based on index celerity 5.00 ft/s for reach "R_35": Delta t (sec) 60.0  Delta x (ft) 283.8446
NOTE 41088:  Routing parameters based on index celerity 5.00 ft/s for reach "R_10": Delta t (sec) 60.0  Delta x (ft) 271.8925
NOTE 41088:  Routing parameters based on index celerity 5.00 ft/s for reach "R_9": Delta t (sec) 60.0  Delta x (ft) 297.0343
NOTE 41088:  Routing parameters based on index celerity 5.00 ft/s for reach "R_47": Delta t (sec) 60.0  Delta x (ft) 298.4667
NOTE 41088:  Routing parameters based on index celerity 5.00 ft/s for reach "R_39": Delta t (sec) 60.0  Delta x (ft) 299.8278
NOTE 41088:  Routing parameters based on index celerity 5.00 ft/s for reach "R_8": Delta t (sec) 60.0  Delta x (ft) 298.3445
NOTE 41088:  Routing parameters based on index celerity 5.00 ft/s for reach "R_58": Delta t (sec) 60.0  Delta x (ft) 295.6021
NOTE 41088:  Routing parameters based on index celerity 5.00 ft/s for reach "R_63": Delta t (sec) 60.0  Delta x (ft) 294.6843
NOTE 41088:  Routing parameters based on index celerity 5.00 ft/s for reach "R_46": Delta t (sec) 60.0  Delta x (ft) 270.6644
NOTE 41088:  Routing parameters based on index celerity 5.00 ft/s for reach "R_43": Delta t (sec) 60.0  Delta x (ft) 284.0775
NOTE 41088:  Routing parameters based on index celerity 5.00 ft/s for reach "R_41": Delta t (sec) 60.0  Delta x (ft) 242.4850
NOTE 41088:  Routing parameters based on index celerity 5.00 ft/s for reach "R_7": Delta t (sec) 60.0  Delta x (ft) 228.9800
NOTE 41088:  Routing parameters based on index celerity 5.00 ft/s for reach "R_6": Delta t (sec) 60.0  Delta x (ft) 299.1190
NOTE 41088:  Routing parameters based on index celerity 5.00 ft/s for reach "R_5": Delta t (sec) 60.0  Delta x (ft) 245.0880
NOTE 41088:  Routing parameters based on index celerity 5.00 ft/s for reach "R_69": Delta t (sec) 60.0  Delta x (ft) 291.1750
NOTE 41088:  Routing parameters based on index celerity 5.00 ft/s for reach "R_70": Delta t (sec) 60.0  Delta x (ft) 296.6102
NOTE 41088:  Routing parameters based on index celerity 5.00 ft/s for reach "R_4": Delta t (sec) 60.0  Delta x (ft) 296.2675
NOTE 41088:  Routing parameters based on index celerity 5.00 ft/s for reach "R_3": Delta t (sec) 60.0  Delta x (ft) 296.3491
NOTE 41088:  Routing parameters based on index celerity 5.00 ft/s for reach "R_54": Delta t (sec) 60.0  Delta x (ft) 297.0761
NOTE 41088:  Routing parameters based on index celerity 5.00 ft/s for reach "R_37": Delta t (sec) 60.0  Delta x (ft) 267.3925
NOTE 41088:  Routing parameters based on index celerity 5.00 ft/s for reach "R_56": Delta t (sec) 60.0  Delta x (ft) 293.1076
NOTE 41088:  Routing parameters based on index celerity 5.00 ft/s for reach "R_49": Delta t (sec) 60.0  Delta x (ft) 298.8091
NOTE 41088:  Routing parameters based on index celerity 5.00 ft/s for reach "R_62": Delta t (sec) 60.0  Delta x (ft) 299.1264
NOTE 41088:  Routing parameters based on index celerity 5.00 ft/s for reach "R_38": Delta t (sec) 60.0  Delta x (ft) 299.8975
NOTE 41088:  Routing parameters based on index celerity 5.00 ft/s for reach "R_36": Delta t (sec) 60.0  Delta x (ft) 296.6300
NOTE 41088:  Routing parameters based on index celerity 5.00 ft/s for reach "R_34": Delta t (sec) 60.0  Delta x (ft) 297.3748
NOTE 41088:  Routing parameters based on index celerity 5.00 ft/s for reach "R_32": Delta t (sec) 60.0  Delta x (ft) 285.1545
NOTE 41088:  Routing parameters based on index celerity 5.00 ft/s for reach "R_30": Delta t (sec) 60.0  Delta x (ft) 291.0414
NOTE 41088:  Routing parameters based on index celerity 5.00 ft/s for reach "R_28": Delta t (sec) 60.0  Delta x (ft) 212.3600
NOTE 41088:  Routing parameters based on index celerity 5.00 ft/s for reach "R_27": Delta t (sec) 60.0  Delta x (ft) 289.3846
NOTE 41088:  Routing parameters based on index celerity 5.00 ft/s for reach "R_55": Delta t (sec) 60.0  Delta x (ft) 299.5800
NOTE 41088:  Routing parameters based on index celerity 5.00 ft/s for reach "R_48": Delta t (sec) 60.0  Delta x (ft) 284.4669
NOTE 41088:  Routing parameters based on index celerity 5.00 ft/s for reach "R_25": Delta t (sec) 60.0  Delta x (ft) 298.6696
NOTE 41088:  Routing parameters based on index celerity 5.00 ft/s for reach "R_18": Delta t (sec) 60.0  Delta x (ft) 275.3890
NOTE 41088:  Routing parameters based on index celerity 5.00 ft/s for reach "R_17": Delta t (sec) 60.0  Delta x (ft) 297.7468
NOTE 41088:  Routing parameters based on index celerity 5.00 ft/s for reach "R_2": Delta t (sec) 60.0  Delta x (ft) 296.6098
NOTE 41088:  Routing parameters based on index celerity 5.00 ft/s for reach "R_57": Delta t (sec) 60.0  Delta x (ft) 294.6900
NOTE 41088:  Routing parameters based on index celerity 5.00 ft/s for reach "R_1": Delta t (sec) 60.0  Delta x (ft) 295.6876
NOTE 23406:  Hypothetical storm depth: 1.423 IN.
NOTE 23413:  Area upstream of computation point: 266.27 MI2.
NOTE 23407:  Hypothetical storm area: 266.27 MI2.
NOTE 23409:  Area-reduced hypothetical storm depth: 1.185 in.
NOTE 42413:  Unit hydrograph volume for subbasin "LC_1" is 1.0000 in.
NOTE 42413:  Unit hydrograph volume for subbasin "LC_2" is 1.0000 in.
NOTE 42413:  Unit hydrograph volume for subbasin "LC_3" is 1.0000 in.
NOTE 42413:  Unit hydrograph volume for subbasin "LC_4" is 1.0000 in.
NOTE 42413:  Unit hydrograph volume for subbasin "LC_5" is 1.0000 in.
NOTE 42413:  Unit hydrograph volume for subbasin "LC_6" is 1.0000 in.
NOTE 42413:  Unit hydrograph volume for subbasin "LC_7" is 1.0000 in.
NOTE 42413:  Unit hydrograph volume for subbasin "MR_1" is 1.0000 in.
NOTE 42413:  Unit hydrograph volume for subbasin "MR_2" is 1.0000 in.
NOTE 42413:  Unit hydrograph volume for subbasin "MR_3" is 1.0000 in.
NOTE 42413:  Unit hydrograph volume for subbasin "MR_4" is 1.0000 in.
NOTE 42413:  Unit hydrograph volume for subbasin "MR_5" is 1.0000 in.
NOTE 42413:  Unit hydrograph volume for subbasin "MR_6" is 1.0000 in.
NOTE 42413:  Unit hydrograph volume for subbasin "MR_7" is 1.0000 in.
NOTE 42413:  Unit hydrograph volume for subbasin "MR_8" is 1.0000 in.
NOTE 42413:  Unit hydrograph volume for subbasin "MR_9" is 1.0000 in.
NOTE 42413:  Unit hydrograph volume for subbasin "MR_10" is 1.0000 in.
NOTE 42413:  Unit hydrograph volume for subbasin "MR_11" is 1.0000 in.
NOTE 42413:  Unit hydrograph volume for subbasin "MR_12" is 1.0000 in.
NOTE 42413:  Unit hydrograph volume for subbasin "MR_13" is 1.0000 in.
NOTE 42413:  Unit hydrograph volume for subbasin "MR_14" is 1.0000 in.
NOTE 42413:  Unit hydrograph volume for subbasin "MR_15" is 1.0000 in.
NOTE 42413:  Unit hydrograph volume for subbasin "MR_16" is 1.0000 in.
NOTE 42413:  Unit hydrograph volume for subbasin "MR_17" is 1.0000 in.
NOTE 42413:  Unit hydrograph volume for subbasin "MR_18" is 1.0000 in.
NOTE 42413:  Unit hydrograph volume for subbasin "AC_1" is 1.0000 in.
NOTE 42413:  Unit hydrograph volume for subbasin "AC_2" is 1.0000 in.
NOTE 42413:  Unit hydrograph volume for subbasin "MR_19" is 1.0000 in.
NOTE 42413:  Unit hydrograph volume for subbasin "MR_20" is 1.0000 in.
NOTE 42413:  Unit hydrograph volume for subbasin "AC_3" is 1.0000 in.
NOTE 42413:  Unit hydrograph volume for subbasin "MR_21" is 1.0000 in.
NOTE 42413:  Unit hydrograph volume for subbasin "MR_22" is 1.0000 in.
NOTE 42413:  Unit hydrograph volume for subbasin "SD_1" is 1.0000 in.
NOTE 42413:  Unit hydrograph volume for subbasin "SD_2" is 1.0000 in.
NOTE 42413:  Unit hydrograph volume for subbasin "SD_3" is 1.0000 in.
NOTE 42413:  Unit hydrograph volume for subbasin "MR_23" is 1.0000 in.
NOTE 42413:  Unit hydrograph volume for subbasin "CM_1" is 1.0000 in.
NOTE 42413:  Unit hydrograph volume for subbasin "CM_2" is 1.0000 in.
NOTE 42413:  Unit hydrograph volume for subbasin "MR_24" is 1.0000 in.
NOTE 42413:  Unit hydrograph volume for subbasin "CM_3" is 1.0000 in.
NOTE 42413:  Unit hydrograph volume for subbasin "CC_1" is 1.0000 in.
NOTE 42413:  Unit hydrograph volume for subbasin "CC_2" is 1.0000 in.
NOTE 42413:  Unit hydrograph volume for subbasin "MR_25" is 1.0000 in.
NOTE 42413:  Unit hydrograph volume for subbasin "CC_3" is 1.0000 in.
NOTE 42413:  Unit hydrograph volume for subbasin "MR_26" is 1.0000 in.
NOTE 42413:  Unit hydrograph volume for subbasin "MR_27" is 1.0000 in.
NOTE 42413:  Unit hydrograph volume for subbasin "RLC_1" is 1.0000 in.
NOTE 42413:  Unit hydrograph volume for subbasin "RLC_2" is 1.0000 in.
NOTE 42413:  Unit hydrograph volume for subbasin "RLC_3" is 1.0000 in.
NOTE 42413:  Unit hydrograph volume for subbasin "RLC_4" is 1.0000 in.
NOTE 42413:  Unit hydrograph volume for subbasin "RLC_5" is 1.0000 in.
NOTE 42413:  Unit hydrograph volume for subbasin "MR_28" is 1.0000 in.
NOTE 42413:  Unit hydrograph volume for subbasin "UA_1" is 1.0000 in.
NOTE 42413:  Unit hydrograph volume for subbasin "UA_2" is 1.0000 in.
NOTE 42413:  Unit hydrograph volume for subbasin "UA_4" is 1.0000 in.
NOTE 42413:  Unit hydrograph volume for subbasin "UA_5" is 1.0000 in.
NOTE 42413:  Unit hydrograph volume for subbasin "UA_3" is 1.0000 in.
NOTE 42413:  Unit hydrograph volume for subbasin "UA_6" is 1.0000 in.
NOTE 42413:  Unit hydrograph volume for subbasin "UA_7" is 1.0000 in.
NOTE 42413:  Unit hydrograph volume for subbasin "MR_30" is 1.0000 in.
NOTE 42413:  Unit hydrograph volume for subbasin "MR_31" is 1.0000 in.
NOTE 42413:  Unit hydrograph volume for subbasin "MR_29" is 1.0000 in.
NOTE 42413:  Unit hydrograph volume for subbasin "MR_32" is 1.0000 in.
NOTE 42413:  Unit hydrograph volume for subbasin "MR_33" is 1.0000 in.
NOTE 42413:  Unit hydrograph volume for subbasin "MR_34" is 1.0000 in.
NOTE 42413:  Unit hydrograph volume for subbasin "MR_35" is 1.0000 in.
NOTE 42413:  Unit hydrograph volume for subbasin "MR_36" is 1.0000 in.
NOTE 42413:  Unit hydrograph volume for subbasin "MR_37" is 1.0000 in.
NOTE 42413:  Unit hydrograph volume for subbasin "MR_38" is 1.0000 in.
NOTE 42413:  Unit hydrograph volume for subbasin "RM_1" is 1.0000 in.
NOTE 42413:  Unit hydrograph volume for subbasin "RM_2" is 1.0000 in.
NOTE 42413:  Unit hydrograph volume for subbasin "RM_3" is 1.0000 in.
NOTE 42413:  Unit hydrograph volume for subbasin "RM_4" is 1.0000 in.
NOTE 42413:  Unit hydrograph volume for subbasin "SC_1" is 1.0000 in.
NOTE 42413:  Unit hydrograph volume for subbasin "SC_2" is 1.0000 in.
NOTE 42413:  Unit hydrograph volume for subbasin "SC_3" is 1.0000 in.
NOTE 42413:  Unit hydrograph volume for subbasin "SC_4" is 1.0000 in.
NOTE 42413:  Unit hydrograph volume for subbasin "SC_5" is 1.0000 in.
NOTE 42413:  Unit hydrograph volume for subbasin "SC_6" is 1.0000 in.
NOTE 42413:  Unit hydrograph volume for subbasin "SC_7" is 1.0000 in.
NOTE 42413:  Unit hydrograph volume for subbasin "RC_1" is 1.0000 in.
NOTE 42413:  Unit hydrograph volume for subbasin "RC_2" is 1.0000 in.
NOTE 42413:  Unit hydrograph volume for subbasin "RC_3" is 1.0000 in.
NOTE 42413:  Unit hydrograph volume for subbasin "RC_4" is 1.0000 in.
NOTE 42413:  Unit hydrograph volume for subbasin "RC_5" is 1.0000 in.
NOTE 42413:  Unit hydrograph volume for subbasin "UB_1" is 1.0000 in.
NOTE 42413:  Unit hydrograph volume for subbasin "UB_2" is 1.0000 in.
NOTE 42413:  Unit hydrograph volume for subbasin "UB_3" is 1.0000 in.
NOTE 42413:  Unit hydrograph volume for subbasin "UB_4" is 1.0000 in.
NOTE 42413:  Unit hydrograph volume for subbasin "RC_6" is 1.0000 in.
NOTE 42413:  Unit hydrograph volume for subbasin "RC_7" is 1.0000 in.
NOTE 42413:  Unit hydrograph volume for subbasin "UB_5" is 1.0000 in.
NOTE 42413:  Unit hydrograph volume for subbasin "RC_8" is 1.0000 in.
NOTE 42413:  Unit hydrograph volume for subbasin "RC_9" is 1.0000 in.
NOTE 42413:  Unit hydrograph volume for subbasin "RC_10" is 1.0000 in.
NOTE 42413:  Unit hydrograph volume for subbasin "RC_11" is 1.0000 in.
NOTE 42413:  Unit hydrograph volume for subbasin "MR_39" is 1.0000 in.
NOTE 42413:  Unit hydrograph volume for subbasin "UC_1" is 1.0000 in.
NOTE 42413:  Unit hydrograph volume for subbasin "UC_2" is 1.0000 in.
NOTE 42413:  Unit hydrograph volume for subbasin "MR_40" is 1.0000 in.
NOTE 42413:  Unit hydrograph volume for subbasin "UC_3" is 1.0000 in.
NOTE 42413:  Unit hydrograph volume for subbasin "MR_41" is 1.0000 in.
NOTE 45725:  Finished computing ordinate #1 in frequency analysis simulation "UMR_Pre-Fire" at time 22Jun2022, 10:37:04.
NOTE 45724:  Began computing ordinate #2 in frequency analysis simulation "UMR_Pre-Fire" at time 22Jun2022, 10:37:05.
NOTE 15407:  Computing analysis point "Mora_R_N_Golondrinas_NM".
NOTE 41088:  Routing parameters based on index celerity 5.00 ft/s for reach "R_65": Delta t (sec) 60.0  Delta x (ft) 293.4647
NOTE 41088:  Routing parameters based on index celerity 5.00 ft/s for reach "R_68": Delta t (sec) 60.0  Delta x (ft) 299.8526
NOTE 41088:  Routing parameters based on index celerity 5.00 ft/s for reach "R_53": Delta t (sec) 60.0  Delta x (ft) 290.6043
NOTE 41088:  Routing parameters based on index celerity 5.00 ft/s for reach "R_50": Delta t (sec) 60.0  Delta x (ft) 290.8225
NOTE 41088:  Routing parameters based on index celerity 5.00 ft/s for reach "R_44": Delta t (sec) 60.0  Delta x (ft) 281.9730
NOTE 41088:  Routing parameters based on index celerity 5.00 ft/s for reach "R_40": Delta t (sec) 60.0  Delta x (ft) 293.6735
NOTE 41088:  Routing parameters based on index celerity 5.00 ft/s for reach "R_51": Delta t (sec) 60.0  Delta x (ft) 298.1917
NOTE 41088:  Routing parameters based on index celerity 5.00 ft/s for reach "R_33": Delta t (sec) 60.0  Delta x (ft) 292.5612
NOTE 41088:  Routing parameters based on index celerity 5.00 ft/s for reach "R_31": Delta t (sec) 60.0  Delta x (ft) 294.6711
NOTE 41088:  Routing parameters based on index celerity 5.00 ft/s for reach "R_29": Delta t (sec) 60.0  Delta x (ft) 291.3552
NOTE 41088:  Routing parameters based on index celerity 5.00 ft/s for reach "R_24": Delta t (sec) 60.0  Delta x (ft) 289.5596
NOTE 41088:  Routing parameters based on index celerity 5.00 ft/s for reach "R_23": Delta t (sec) 60.0  Delta x (ft) 225.2450
NOTE 41088:  Routing parameters based on index celerity 5.00 ft/s for reach "R_22": Delta t (sec) 60.0  Delta x (ft) 290.8325
NOTE 41088:  Routing parameters based on index celerity 5.00 ft/s for reach "R_21": Delta t (sec) 60.0  Delta x (ft) 298.1288
NOTE 41088:  Routing parameters based on index celerity 5.00 ft/s for reach "R_20": Delta t (sec) 60.0  Delta x (ft) 290.4967
NOTE 41088:  Routing parameters based on index celerity 5.00 ft/s for reach "R_19": Delta t (sec) 60.0  Delta x (ft) 292.9631
NOTE 41088:  Routing parameters based on index celerity 5.00 ft/s for reach "R_59": Delta t (sec) 60.0  Delta x (ft) 299.6665
NOTE 41088:  Routing parameters based on index celerity 5.00 ft/s for reach "R_15": Delta t (sec) 60.0  Delta x (ft) 299.0662
NOTE 41088:  Routing parameters based on index celerity 5.00 ft/s for reach "R_14": Delta t (sec) 60.0  Delta x (ft) 296.9657
NOTE 41088:  Routing parameters based on index celerity 5.00 ft/s for reach "R_67": Delta t (sec) 60.0  Delta x (ft) 297.2573
NOTE 41088:  Routing parameters based on index celerity 5.00 ft/s for reach "R_13": Delta t (sec) 60.0  Delta x (ft) 277.4060
NOTE 41088:  Routing parameters based on index celerity 5.00 ft/s for reach "R_12": Delta t (sec) 60.0  Delta x (ft) 296.2481
NOTE 41088:  Routing parameters based on index celerity 5.00 ft/s for reach "R_61": Delta t (sec) 60.0  Delta x (ft) 293.7555
NOTE 41088:  Routing parameters based on index celerity 5.00 ft/s for reach "R_11": Delta t (sec) 60.0  Delta x (ft) 294.2860
NOTE 41088:  Routing parameters based on index celerity 5.00 ft/s for reach "R_45": Delta t (sec) 60.0  Delta x (ft) 297.1371
NOTE 41088:  Routing parameters based on index celerity 5.00 ft/s for reach "R_35": Delta t (sec) 60.0  Delta x (ft) 283.8446
NOTE 41088:  Routing parameters based on index celerity 5.00 ft/s for reach "R_10": Delta t (sec) 60.0  Delta x (ft) 271.8925
NOTE 41088:  Routing parameters based on index celerity 5.00 ft/s for reach "R_9": Delta t (sec) 60.0  Delta x (ft) 297.0343
NOTE 41088:  Routing parameters based on index celerity 5.00 ft/s for reach "R_47": Delta t (sec) 60.0  Delta x (ft) 298.4667
NOTE 41088:  Routing parameters based on index celerity 5.00 ft/s for reach "R_39": Delta t (sec) 60.0  Delta x (ft) 299.8278
NOTE 41088:  Routing parameters based on index celerity 5.00 ft/s for reach "R_8": Delta t (sec) 60.0  Delta x (ft) 298.3445
NOTE 41088:  Routing parameters based on index celerity 5.00 ft/s for reach "R_58": Delta t (sec) 60.0  Delta x (ft) 295.6021
NOTE 41088:  Routing parameters based on index celerity 5.00 ft/s for reach "R_63": Delta t (sec) 60.0  Delta x (ft) 294.6843
NOTE 41088:  Routing parameters based on index celerity 5.00 ft/s for reach "R_46": Delta t (sec) 60.0  Delta x (ft) 270.6644
NOTE 41088:  Routing parameters based on index celerity 5.00 ft/s for reach "R_43": Delta t (sec) 60.0  Delta x (ft) 284.0775
NOTE 41088:  Routing parameters based on index celerity 5.00 ft/s for reach "R_41": Delta t (sec) 60.0  Delta x (ft) 242.4850
NOTE 41088:  Routing parameters based on index celerity 5.00 ft/s for reach "R_7": Delta t (sec) 60.0  Delta x (ft) 228.9800
NOTE 41088:  Routing parameters based on index celerity 5.00 ft/s for reach "R_6": Delta t (sec) 60.0  Delta x (ft) 299.1190
NOTE 41088:  Routing parameters based on index celerity 5.00 ft/s for reach "R_5": Delta t (sec) 60.0  Delta x (ft) 245.0880
NOTE 41088:  Routing parameters based on index celerity 5.00 ft/s for reach "R_69": Delta t (sec) 60.0  Delta x (ft) 291.1750
NOTE 41088:  Routing parameters based on index celerity 5.00 ft/s for reach "R_70": Delta t (sec) 60.0  Delta x (ft) 296.6102
NOTE 41088:  Routing parameters based on index celerity 5.00 ft/s for reach "R_4": Delta t (sec) 60.0  Delta x (ft) 296.2675
NOTE 41088:  Routing parameters based on index celerity 5.00 ft/s for reach "R_3": Delta t (sec) 60.0  Delta x (ft) 296.3491
NOTE 41088:  Routing parameters based on index celerity 5.00 ft/s for reach "R_54": Delta t (sec) 60.0  Delta x (ft) 297.0761
NOTE 41088:  Routing parameters based on index celerity 5.00 ft/s for reach "R_37": Delta t (sec) 60.0  Delta x (ft) 267.3925
NOTE 41088:  Routing parameters based on index celerity 5.00 ft/s for reach "R_56": Delta t (sec) 60.0  Delta x (ft) 293.1076
NOTE 41088:  Routing parameters based on index celerity 5.00 ft/s for reach "R_49": Delta t (sec) 60.0  Delta x (ft) 298.8091
NOTE 41088:  Routing parameters based on index celerity 5.00 ft/s for reach "R_62": Delta t (sec) 60.0  Delta x (ft) 299.1264
NOTE 41088:  Routing parameters based on index celerity 5.00 ft/s for reach "R_38": Delta t (sec) 60.0  Delta x (ft) 299.8975
NOTE 41088:  Routing parameters based on index celerity 5.00 ft/s for reach "R_36": Delta t (sec) 60.0  Delta x (ft) 296.6300
NOTE 41088:  Routing parameters based on index celerity 5.00 ft/s for reach "R_34": Delta t (sec) 60.0  Delta x (ft) 297.3748
NOTE 41088:  Routing parameters based on index celerity 5.00 ft/s for reach "R_32": Delta t (sec) 60.0  Delta x (ft) 285.1545
NOTE 41088:  Routing parameters based on index celerity 5.00 ft/s for reach "R_30": Delta t (sec) 60.0  Delta x (ft) 291.0414
NOTE 41088:  Routing parameters based on index celerity 5.00 ft/s for reach "R_28": Delta t (sec) 60.0  Delta x (ft) 212.3600
NOTE 41088:  Routing parameters based on index celerity 5.00 ft/s for reach "R_27": Delta t (sec) 60.0  Delta x (ft) 289.3846
NOTE 41088:  Routing parameters based on index celerity 5.00 ft/s for reach "R_55": Delta t (sec) 60.0  Delta x (ft) 299.5800
NOTE 41088:  Routing parameters based on index celerity 5.00 ft/s for reach "R_48": Delta t (sec) 60.0  Delta x (ft) 284.4669
NOTE 41088:  Routing parameters based on index celerity 5.00 ft/s for reach "R_25": Delta t (sec) 60.0  Delta x (ft) 298.6696
NOTE 41088:  Routing parameters based on index celerity 5.00 ft/s for reach "R_18": Delta t (sec) 60.0  Delta x (ft) 275.3890
NOTE 41088:  Routing parameters based on index celerity 5.00 ft/s for reach "R_17": Delta t (sec) 60.0  Delta x (ft) 297.7468
NOTE 41088:  Routing parameters based on index celerity 5.00 ft/s for reach "R_2": Delta t (sec) 60.0  Delta x (ft) 296.6098
NOTE 41088:  Routing parameters based on index celerity 5.00 ft/s for reach "R_57": Delta t (sec) 60.0  Delta x (ft) 294.6900
NOTE 41088:  Routing parameters based on index celerity 5.00 ft/s for reach "R_1": Delta t (sec) 60.0  Delta x (ft) 295.6876
NOTE 23406:  Hypothetical storm depth: 1.964 IN.
NOTE 23413:  Area upstream of computation point: 266.27 MI2.
NOTE 23407:  Hypothetical storm area: 266.27 MI2.
NOTE 23409:  Area-reduced hypothetical storm depth: 1.637 in.
NOTE 42413:  Unit hydrograph volume for subbasin "LC_1" is 1.0000 in.
NOTE 42413:  Unit hydrograph volume for subbasin "LC_2" is 1.0000 in.
NOTE 42413:  Unit hydrograph volume for subbasin "LC_3" is 1.0000 in.
NOTE 42413:  Unit hydrograph volume for subbasin "LC_4" is 1.0000 in.
NOTE 42413:  Unit hydrograph volume for subbasin "LC_5" is 1.0000 in.
NOTE 42413:  Unit hydrograph volume for subbasin "LC_6" is 1.0000 in.
NOTE 42413:  Unit hydrograph volume for subbasin "LC_7" is 1.0000 in.
NOTE 42413:  Unit hydrograph volume for subbasin "MR_1" is 1.0000 in.
NOTE 42413:  Unit hydrograph volume for subbasin "MR_2" is 1.0000 in.
NOTE 42413:  Unit hydrograph volume for subbasin "MR_3" is 1.0000 in.
NOTE 42413:  Unit hydrograph volume for subbasin "MR_4" is 1.0000 in.
NOTE 42413:  Unit hydrograph volume for subbasin "MR_5" is 1.0000 in.
NOTE 42413:  Unit hydrograph volume for subbasin "MR_6" is 1.0000 in.
NOTE 42413:  Unit hydrograph volume for subbasin "MR_7" is 1.0000 in.
NOTE 42413:  Unit hydrograph volume for subbasin "MR_8" is 1.0000 in.
NOTE 42413:  Unit hydrograph volume for subbasin "MR_9" is 1.0000 in.
NOTE 42413:  Unit hydrograph volume for subbasin "MR_10" is 1.0000 in.
NOTE 42413:  Unit hydrograph volume for subbasin "MR_11" is 1.0000 in.
NOTE 42413:  Unit hydrograph volume for subbasin "MR_12" is 1.0000 in.
NOTE 42413:  Unit hydrograph volume for subbasin "MR_13" is 1.0000 in.
NOTE 42413:  Unit hydrograph volume for subbasin "MR_14" is 1.0000 in.
NOTE 42413:  Unit hydrograph volume for subbasin "MR_15" is 1.0000 in.
NOTE 42413:  Unit hydrograph volume for subbasin "MR_16" is 1.0000 in.
NOTE 42413:  Unit hydrograph volume for subbasin "MR_17" is 1.0000 in.
NOTE 42413:  Unit hydrograph volume for subbasin "MR_18" is 1.0000 in.
NOTE 42413:  Unit hydrograph volume for subbasin "AC_1" is 1.0000 in.
NOTE 42413:  Unit hydrograph volume for subbasin "AC_2" is 1.0000 in.
NOTE 42413:  Unit hydrograph volume for subbasin "MR_19" is 1.0000 in.
NOTE 42413:  Unit hydrograph volume for subbasin "MR_20" is 1.0000 in.
NOTE 42413:  Unit hydrograph volume for subbasin "AC_3" is 1.0000 in.
NOTE 42413:  Unit hydrograph volume for subbasin "MR_21" is 1.0000 in.
NOTE 42413:  Unit hydrograph volume for subbasin "MR_22" is 1.0000 in.
NOTE 42413:  Unit hydrograph volume for subbasin "SD_1" is 1.0000 in.
NOTE 42413:  Unit hydrograph volume for subbasin "SD_2" is 1.0000 in.
NOTE 42413:  Unit hydrograph volume for subbasin "SD_3" is 1.0000 in.
NOTE 42413:  Unit hydrograph volume for subbasin "MR_23" is 1.0000 in.
NOTE 42413:  Unit hydrograph volume for subbasin "CM_1" is 1.0000 in.
NOTE 42413:  Unit hydrograph volume for subbasin "CM_2" is 1.0000 in.
NOTE 42413:  Unit hydrograph volume for subbasin "MR_24" is 1.0000 in.
NOTE 42413:  Unit hydrograph volume for subbasin "CM_3" is 1.0000 in.
NOTE 42413:  Unit hydrograph volume for subbasin "CC_1" is 1.0000 in.
NOTE 42413:  Unit hydrograph volume for subbasin "CC_2" is 1.0000 in.
NOTE 42413:  Unit hydrograph volume for subbasin "MR_25" is 1.0000 in.
NOTE 42413:  Unit hydrograph volume for subbasin "CC_3" is 1.0000 in.
NOTE 42413:  Unit hydrograph volume for subbasin "MR_26" is 1.0000 in.
NOTE 42413:  Unit hydrograph volume for subbasin "MR_27" is 1.0000 in.
NOTE 42413:  Unit hydrograph volume for subbasin "RLC_1" is 1.0000 in.
NOTE 42413:  Unit hydrograph volume for subbasin "RLC_2" is 1.0000 in.
NOTE 42413:  Unit hydrograph volume for subbasin "RLC_3" is 1.0000 in.
NOTE 42413:  Unit hydrograph volume for subbasin "RLC_4" is 1.0000 in.
NOTE 42413:  Unit hydrograph volume for subbasin "RLC_5" is 1.0000 in.
NOTE 42413:  Unit hydrograph volume for subbasin "MR_28" is 1.0000 in.
NOTE 42413:  Unit hydrograph volume for subbasin "UA_1" is 1.0000 in.
NOTE 42413:  Unit hydrograph volume for subbasin "UA_2" is 1.0000 in.
NOTE 42413:  Unit hydrograph volume for subbasin "UA_4" is 1.0000 in.
NOTE 42413:  Unit hydrograph volume for subbasin "UA_5" is 1.0000 in.
NOTE 42413:  Unit hydrograph volume for subbasin "UA_3" is 1.0000 in.
NOTE 42413:  Unit hydrograph volume for subbasin "UA_6" is 1.0000 in.
NOTE 42413:  Unit hydrograph volume for subbasin "UA_7" is 1.0000 in.
NOTE 42413:  Unit hydrograph volume for subbasin "MR_30" is 1.0000 in.
NOTE 42413:  Unit hydrograph volume for subbasin "MR_31" is 1.0000 in.
NOTE 42413:  Unit hydrograph volume for subbasin "MR_29" is 1.0000 in.
NOTE 42413:  Unit hydrograph volume for subbasin "MR_32" is 1.0000 in.
NOTE 42413:  Unit hydrograph volume for subbasin "MR_33" is 1.0000 in.
NOTE 42413:  Unit hydrograph volume for subbasin "MR_34" is 1.0000 in.
NOTE 42413:  Unit hydrograph volume for subbasin "MR_35" is 1.0000 in.
NOTE 42413:  Unit hydrograph volume for subbasin "MR_36" is 1.0000 in.
NOTE 42413:  Unit hydrograph volume for subbasin "MR_37" is 1.0000 in.
NOTE 42413:  Unit hydrograph volume for subbasin "MR_38" is 1.0000 in.
NOTE 42413:  Unit hydrograph volume for subbasin "RM_1" is 1.0000 in.
NOTE 42413:  Unit hydrograph volume for subbasin "RM_2" is 1.0000 in.
NOTE 42413:  Unit hydrograph volume for subbasin "RM_3" is 1.0000 in.
NOTE 42413:  Unit hydrograph volume for subbasin "RM_4" is 1.0000 in.
NOTE 42413:  Unit hydrograph volume for subbasin "SC_1" is 1.0000 in.
NOTE 42413:  Unit hydrograph volume for subbasin "SC_2" is 1.0000 in.
NOTE 42413:  Unit hydrograph volume for subbasin "SC_3" is 1.0000 in.
NOTE 42413:  Unit hydrograph volume for subbasin "SC_4" is 1.0000 in.
NOTE 42413:  Unit hydrograph volume for subbasin "SC_5" is 1.0000 in.
NOTE 42413:  Unit hydrograph volume for subbasin "SC_6" is 1.0000 in.
NOTE 42413:  Unit hydrograph volume for subbasin "SC_7" is 1.0000 in.
NOTE 42413:  Unit hydrograph volume for subbasin "RC_1" is 1.0000 in.
NOTE 42413:  Unit hydrograph volume for subbasin "RC_2" is 1.0000 in.
NOTE 42413:  Unit hydrograph volume for subbasin "RC_3" is 1.0000 in.
NOTE 42413:  Unit hydrograph volume for subbasin "RC_4" is 1.0000 in.
NOTE 42413:  Unit hydrograph volume for subbasin "RC_5" is 1.0000 in.
NOTE 42413:  Unit hydrograph volume for subbasin "UB_1" is 1.0000 in.
NOTE 42413:  Unit hydrograph volume for subbasin "UB_2" is 1.0000 in.
NOTE 42413:  Unit hydrograph volume for subbasin "UB_3" is 1.0000 in.
NOTE 42413:  Unit hydrograph volume for subbasin "UB_4" is 1.0000 in.
NOTE 42413:  Unit hydrograph volume for subbasin "RC_6" is 1.0000 in.
NOTE 42413:  Unit hydrograph volume for subbasin "RC_7" is 1.0000 in.
NOTE 42413:  Unit hydrograph volume for subbasin "UB_5" is 1.0000 in.
NOTE 42413:  Unit hydrograph volume for subbasin "RC_8" is 1.0000 in.
NOTE 42413:  Unit hydrograph volume for subbasin "RC_9" is 1.0000 in.
NOTE 42413:  Unit hydrograph volume for subbasin "RC_10" is 1.0000 in.
NOTE 42413:  Unit hydrograph volume for subbasin "RC_11" is 1.0000 in.
NOTE 42413:  Unit hydrograph volume for subbasin "MR_39" is 1.0000 in.
NOTE 42413:  Unit hydrograph volume for subbasin "UC_1" is 1.0000 in.
NOTE 42413:  Unit hydrograph volume for subbasin "UC_2" is 1.0000 in.
NOTE 42413:  Unit hydrograph volume for subbasin "MR_40" is 1.0000 in.
NOTE 42413:  Unit hydrograph volume for subbasin "UC_3" is 1.0000 in.
NOTE 42413:  Unit hydrograph volume for subbasin "MR_41" is 1.0000 in.
NOTE 45725:  Finished computing ordinate #2 in frequency analysis simulation "UMR_Pre-Fire" at time 22Jun2022, 10:37:23.
NOTE 45724:  Began computing ordinate #3 in frequency analysis simulation "UMR_Pre-Fire" at time 22Jun2022, 10:37:24.
NOTE 15407:  Computing analysis point "Mora_R_N_Golondrinas_NM".
NOTE 41088:  Routing parameters based on index celerity 5.00 ft/s for reach "R_65": Delta t (sec) 60.0  Delta x (ft) 293.4647
NOTE 41088:  Routing parameters based on index celerity 5.00 ft/s for reach "R_68": Delta t (sec) 60.0  Delta x (ft) 299.8526
NOTE 41088:  Routing parameters based on index celerity 5.00 ft/s for reach "R_53": Delta t (sec) 60.0  Delta x (ft) 290.6043
NOTE 41088:  Routing parameters based on index celerity 5.00 ft/s for reach "R_50": Delta t (sec) 60.0  Delta x (ft) 290.8225
NOTE 41088:  Routing parameters based on index celerity 5.00 ft/s for reach "R_44": Delta t (sec) 60.0  Delta x (ft) 281.9730
NOTE 41088:  Routing parameters based on index celerity 5.00 ft/s for reach "R_40": Delta t (sec) 60.0  Delta x (ft) 293.6735
NOTE 41088:  Routing parameters based on index celerity 5.00 ft/s for reach "R_51": Delta t (sec) 60.0  Delta x (ft) 298.1917
NOTE 41088:  Routing parameters based on index celerity 5.00 ft/s for reach "R_33": Delta t (sec) 60.0  Delta x (ft) 292.5612
NOTE 41088:  Routing parameters based on index celerity 5.00 ft/s for reach "R_31": Delta t (sec) 60.0  Delta x (ft) 294.6711
NOTE 41088:  Routing parameters based on index celerity 5.00 ft/s for reach "R_29": Delta t (sec) 60.0  Delta x (ft) 291.3552
NOTE 41088:  Routing parameters based on index celerity 5.00 ft/s for reach "R_24": Delta t (sec) 60.0  Delta x (ft) 289.5596
NOTE 41088:  Routing parameters based on index celerity 5.00 ft/s for reach "R_23": Delta t (sec) 60.0  Delta x (ft) 225.2450
NOTE 41088:  Routing parameters based on index celerity 5.00 ft/s for reach "R_22": Delta t (sec) 60.0  Delta x (ft) 290.8325
NOTE 41088:  Routing parameters based on index celerity 5.00 ft/s for reach "R_21": Delta t (sec) 60.0  Delta x (ft) 298.1288
NOTE 41088:  Routing parameters based on index celerity 5.00 ft/s for reach "R_20": Delta t (sec) 60.0  Delta x (ft) 290.4967
NOTE 41088:  Routing parameters based on index celerity 5.00 ft/s for reach "R_19": Delta t (sec) 60.0  Delta x (ft) 292.9631
NOTE 41088:  Routing parameters based on index celerity 5.00 ft/s for reach "R_59": Delta t (sec) 60.0  Delta x (ft) 299.6665
NOTE 41088:  Routing parameters based on index celerity 5.00 ft/s for reach "R_15": Delta t (sec) 60.0  Delta x (ft) 299.0662
NOTE 41088:  Routing parameters based on index celerity 5.00 ft/s for reach "R_14": Delta t (sec) 60.0  Delta x (ft) 296.9657
NOTE 41088:  Routing parameters based on index celerity 5.00 ft/s for reach "R_67": Delta t (sec) 60.0  Delta x (ft) 297.2573
NOTE 41088:  Routing parameters based on index celerity 5.00 ft/s for reach "R_13": Delta t (sec) 60.0  Delta x (ft) 277.4060
NOTE 41088:  Routing parameters based on index celerity 5.00 ft/s for reach "R_12": Delta t (sec) 60.0  Delta x (ft) 296.2481
NOTE 41088:  Routing parameters based on index celerity 5.00 ft/s for reach "R_61": Delta t (sec) 60.0  Delta x (ft) 293.7555
NOTE 41088:  Routing parameters based on index celerity 5.00 ft/s for reach "R_11": Delta t (sec) 60.0  Delta x (ft) 294.2860
NOTE 41088:  Routing parameters based on index celerity 5.00 ft/s for reach "R_45": Delta t (sec) 60.0  Delta x (ft) 297.1371
NOTE 41088:  Routing parameters based on index celerity 5.00 ft/s for reach "R_35": Delta t (sec) 60.0  Delta x (ft) 283.8446
NOTE 41088:  Routing parameters based on index celerity 5.00 ft/s for reach "R_10": Delta t (sec) 60.0  Delta x (ft) 271.8925
NOTE 41088:  Routing parameters based on index celerity 5.00 ft/s for reach "R_9": Delta t (sec) 60.0  Delta x (ft) 297.0343
NOTE 41088:  Routing parameters based on index celerity 5.00 ft/s for reach "R_47": Delta t (sec) 60.0  Delta x (ft) 298.4667
NOTE 41088:  Routing parameters based on index celerity 5.00 ft/s for reach "R_39": Delta t (sec) 60.0  Delta x (ft) 299.8278
NOTE 41088:  Routing parameters based on index celerity 5.00 ft/s for reach "R_8": Delta t (sec) 60.0  Delta x (ft) 298.3445
NOTE 41088:  Routing parameters based on index celerity 5.00 ft/s for reach "R_58": Delta t (sec) 60.0  Delta x (ft) 295.6021
NOTE 41088:  Routing parameters based on index celerity 5.00 ft/s for reach "R_63": Delta t (sec) 60.0  Delta x (ft) 294.6843
NOTE 41088:  Routing parameters based on index celerity 5.00 ft/s for reach "R_46": Delta t (sec) 60.0  Delta x (ft) 270.6644
NOTE 41088:  Routing parameters based on index celerity 5.00 ft/s for reach "R_43": Delta t (sec) 60.0  Delta x (ft) 284.0775
NOTE 41088:  Routing parameters based on index celerity 5.00 ft/s for reach "R_41": Delta t (sec) 60.0  Delta x (ft) 242.4850
NOTE 41088:  Routing parameters based on index celerity 5.00 ft/s for reach "R_7": Delta t (sec) 60.0  Delta x (ft) 228.9800
NOTE 41088:  Routing parameters based on index celerity 5.00 ft/s for reach "R_6": Delta t (sec) 60.0  Delta x (ft) 299.1190
NOTE 41088:  Routing parameters based on index celerity 5.00 ft/s for reach "R_5": Delta t (sec) 60.0  Delta x (ft) 245.0880
NOTE 41088:  Routing parameters based on index celerity 5.00 ft/s for reach "R_69": Delta t (sec) 60.0  Delta x (ft) 291.1750
NOTE 41088:  Routing parameters based on index celerity 5.00 ft/s for reach "R_70": Delta t (sec) 60.0  Delta x (ft) 296.6102
NOTE 41088:  Routing parameters based on index celerity 5.00 ft/s for reach "R_4": Delta t (sec) 60.0  Delta x (ft) 296.2675
NOTE 41088:  Routing parameters based on index celerity 5.00 ft/s for reach "R_3": Delta t (sec) 60.0  Delta x (ft) 296.3491
NOTE 41088:  Routing parameters based on index celerity 5.00 ft/s for reach "R_54": Delta t (sec) 60.0  Delta x (ft) 297.0761
NOTE 41088:  Routing parameters based on index celerity 5.00 ft/s for reach "R_37": Delta t (sec) 60.0  Delta x (ft) 267.3925
NOTE 41088:  Routing parameters based on index celerity 5.00 ft/s for reach "R_56": Delta t (sec) 60.0  Delta x (ft) 293.1076
NOTE 41088:  Routing parameters based on index celerity 5.00 ft/s for reach "R_49": Delta t (sec) 60.0  Delta x (ft) 298.8091
NOTE 41088:  Routing parameters based on index celerity 5.00 ft/s for reach "R_62": Delta t (sec) 60.0  Delta x (ft) 299.1264
NOTE 41088:  Routing parameters based on index celerity 5.00 ft/s for reach "R_38": Delta t (sec) 60.0  Delta x (ft) 299.8975
NOTE 41088:  Routing parameters based on index celerity 5.00 ft/s for reach "R_36": Delta t (sec) 60.0  Delta x (ft) 296.6300
NOTE 41088:  Routing parameters based on index celerity 5.00 ft/s for reach "R_34": Delta t (sec) 60.0  Delta x (ft) 297.3748
NOTE 41088:  Routing parameters based on index celerity 5.00 ft/s for reach "R_32": Delta t (sec) 60.0  Delta x (ft) 285.1545
NOTE 41088:  Routing parameters based on index celerity 5.00 ft/s for reach "R_30": Delta t (sec) 60.0  Delta x (ft) 291.0414
NOTE 41088:  Routing parameters based on index celerity 5.00 ft/s for reach "R_28": Delta t (sec) 60.0  Delta x (ft) 212.3600
NOTE 41088:  Routing parameters based on index celerity 5.00 ft/s for reach "R_27": Delta t (sec) 60.0  Delta x (ft) 289.3846
NOTE 41088:  Routing parameters based on index celerity 5.00 ft/s for reach "R_55": Delta t (sec) 60.0  Delta x (ft) 299.5800
NOTE 41088:  Routing parameters based on index celerity 5.00 ft/s for reach "R_48": Delta t (sec) 60.0  Delta x (ft) 284.4669
NOTE 41088:  Routing parameters based on index celerity 5.00 ft/s for reach "R_25": Delta t (sec) 60.0  Delta x (ft) 298.6696
NOTE 41088:  Routing parameters based on index celerity 5.00 ft/s for reach "R_18": Delta t (sec) 60.0  Delta x (ft) 275.3890
NOTE 41088:  Routing parameters based on index celerity 5.00 ft/s for reach "R_17": Delta t (sec) 60.0  Delta x (ft) 297.7468
NOTE 41088:  Routing parameters based on index celerity 5.00 ft/s for reach "R_2": Delta t (sec) 60.0  Delta x (ft) 296.6098
NOTE 41088:  Routing parameters based on index celerity 5.00 ft/s for reach "R_57": Delta t (sec) 60.0  Delta x (ft) 294.6900
NOTE 41088:  Routing parameters based on index celerity 5.00 ft/s for reach "R_1": Delta t (sec) 60.0  Delta x (ft) 295.6876
NOTE 23406:  Hypothetical storm depth: 2.348 IN.
NOTE 23413:  Area upstream of computation point: 266.27 MI2.
NOTE 23407:  Hypothetical storm area: 266.27 MI2.
NOTE 23409:  Area-reduced hypothetical storm depth: 1.956 in.
NOTE 42413:  Unit hydrograph volume for subbasin "LC_1" is 1.0000 in.
NOTE 42413:  Unit hydrograph volume for subbasin "LC_2" is 1.0000 in.
NOTE 42413:  Unit hydrograph volume for subbasin "LC_3" is 1.0000 in.
NOTE 42413:  Unit hydrograph volume for subbasin "LC_4" is 1.0000 in.
NOTE 42413:  Unit hydrograph volume for subbasin "LC_5" is 1.0000 in.
NOTE 42413:  Unit hydrograph volume for subbasin "LC_6" is 1.0000 in.
NOTE 42413:  Unit hydrograph volume for subbasin "LC_7" is 1.0000 in.
NOTE 42413:  Unit hydrograph volume for subbasin "MR_1" is 1.0000 in.
NOTE 42413:  Unit hydrograph volume for subbasin "MR_2" is 1.0000 in.
NOTE 42413:  Unit hydrograph volume for subbasin "MR_3" is 1.0000 in.
NOTE 42413:  Unit hydrograph volume for subbasin "MR_4" is 1.0000 in.
NOTE 42413:  Unit hydrograph volume for subbasin "MR_5" is 1.0000 in.
NOTE 42413:  Unit hydrograph volume for subbasin "MR_6" is 1.0000 in.
NOTE 42413:  Unit hydrograph volume for subbasin "MR_7" is 1.0000 in.
NOTE 42413:  Unit hydrograph volume for subbasin "MR_8" is 1.0000 in.
NOTE 42413:  Unit hydrograph volume for subbasin "MR_9" is 1.0000 in.
NOTE 42413:  Unit hydrograph volume for subbasin "MR_10" is 1.0000 in.
NOTE 42413:  Unit hydrograph volume for subbasin "MR_11" is 1.0000 in.
NOTE 42413:  Unit hydrograph volume for subbasin "MR_12" is 1.0000 in.
NOTE 42413:  Unit hydrograph volume for subbasin "MR_13" is 1.0000 in.
NOTE 42413:  Unit hydrograph volume for subbasin "MR_14" is 1.0000 in.
NOTE 42413:  Unit hydrograph volume for subbasin "MR_15" is 1.0000 in.
NOTE 42413:  Unit hydrograph volume for subbasin "MR_16" is 1.0000 in.
NOTE 42413:  Unit hydrograph volume for subbasin "MR_17" is 1.0000 in.
NOTE 42413:  Unit hydrograph volume for subbasin "MR_18" is 1.0000 in.
NOTE 42413:  Unit hydrograph volume for subbasin "AC_1" is 1.0000 in.
NOTE 42413:  Unit hydrograph volume for subbasin "AC_2" is 1.0000 in.
NOTE 42413:  Unit hydrograph volume for subbasin "MR_19" is 1.0000 in.
NOTE 42413:  Unit hydrograph volume for subbasin "MR_20" is 1.0000 in.
NOTE 42413:  Unit hydrograph volume for subbasin "AC_3" is 1.0000 in.
NOTE 42413:  Unit hydrograph volume for subbasin "MR_21" is 1.0000 in.
NOTE 42413:  Unit hydrograph volume for subbasin "MR_22" is 1.0000 in.
NOTE 42413:  Unit hydrograph volume for subbasin "SD_1" is 1.0000 in.
NOTE 42413:  Unit hydrograph volume for subbasin "SD_2" is 1.0000 in.
NOTE 42413:  Unit hydrograph volume for subbasin "SD_3" is 1.0000 in.
NOTE 42413:  Unit hydrograph volume for subbasin "MR_23" is 1.0000 in.
NOTE 42413:  Unit hydrograph volume for subbasin "CM_1" is 1.0000 in.
NOTE 42413:  Unit hydrograph volume for subbasin "CM_2" is 1.0000 in.
NOTE 42413:  Unit hydrograph volume for subbasin "MR_24" is 1.0000 in.
NOTE 42413:  Unit hydrograph volume for subbasin "CM_3" is 1.0000 in.
NOTE 42413:  Unit hydrograph volume for subbasin "CC_1" is 1.0000 in.
NOTE 42413:  Unit hydrograph volume for subbasin "CC_2" is 1.0000 in.
NOTE 42413:  Unit hydrograph volume for subbasin "MR_25" is 1.0000 in.
NOTE 42413:  Unit hydrograph volume for subbasin "CC_3" is 1.0000 in.
NOTE 42413:  Unit hydrograph volume for subbasin "MR_26" is 1.0000 in.
NOTE 42413:  Unit hydrograph volume for subbasin "MR_27" is 1.0000 in.
NOTE 42413:  Unit hydrograph volume for subbasin "RLC_1" is 1.0000 in.
NOTE 42413:  Unit hydrograph volume for subbasin "RLC_2" is 1.0000 in.
NOTE 42413:  Unit hydrograph volume for subbasin "RLC_3" is 1.0000 in.
NOTE 42413:  Unit hydrograph volume for subbasin "RLC_4" is 1.0000 in.
NOTE 42413:  Unit hydrograph volume for subbasin "RLC_5" is 1.0000 in.
NOTE 42413:  Unit hydrograph volume for subbasin "MR_28" is 1.0000 in.
NOTE 42413:  Unit hydrograph volume for subbasin "UA_1" is 1.0000 in.
NOTE 42413:  Unit hydrograph volume for subbasin "UA_2" is 1.0000 in.
NOTE 42413:  Unit hydrograph volume for subbasin "UA_4" is 1.0000 in.
NOTE 42413:  Unit hydrograph volume for subbasin "UA_5" is 1.0000 in.
NOTE 42413:  Unit hydrograph volume for subbasin "UA_3" is 1.0000 in.
NOTE 42413:  Unit hydrograph volume for subbasin "UA_6" is 1.0000 in.
NOTE 42413:  Unit hydrograph volume for subbasin "UA_7" is 1.0000 in.
NOTE 42413:  Unit hydrograph volume for subbasin "MR_30" is 1.0000 in.
NOTE 42413:  Unit hydrograph volume for subbasin "MR_31" is 1.0000 in.
NOTE 42413:  Unit hydrograph volume for subbasin "MR_29" is 1.0000 in.
NOTE 42413:  Unit hydrograph volume for subbasin "MR_32" is 1.0000 in.
NOTE 42413:  Unit hydrograph volume for subbasin "MR_33" is 1.0000 in.
NOTE 42413:  Unit hydrograph volume for subbasin "MR_34" is 1.0000 in.
NOTE 42413:  Unit hydrograph volume for subbasin "MR_35" is 1.0000 in.
NOTE 42413:  Unit hydrograph volume for subbasin "MR_36" is 1.0000 in.
NOTE 42413:  Unit hydrograph volume for subbasin "MR_37" is 1.0000 in.
NOTE 42413:  Unit hydrograph volume for subbasin "MR_38" is 1.0000 in.
NOTE 42413:  Unit hydrograph volume for subbasin "RM_1" is 1.0000 in.
NOTE 42413:  Unit hydrograph volume for subbasin "RM_2" is 1.0000 in.
NOTE 42413:  Unit hydrograph volume for subbasin "RM_3" is 1.0000 in.
NOTE 42413:  Unit hydrograph volume for subbasin "RM_4" is 1.0000 in.
NOTE 42413:  Unit hydrograph volume for subbasin "SC_1" is 1.0000 in.
NOTE 42413:  Unit hydrograph volume for subbasin "SC_2" is 1.0000 in.
NOTE 42413:  Unit hydrograph volume for subbasin "SC_3" is 1.0000 in.
NOTE 42413:  Unit hydrograph volume for subbasin "SC_4" is 1.0000 in.
NOTE 42413:  Unit hydrograph volume for subbasin "SC_5" is 1.0000 in.
NOTE 42413:  Unit hydrograph volume for subbasin "SC_6" is 1.0000 in.
NOTE 42413:  Unit hydrograph volume for subbasin "SC_7" is 1.0000 in.
NOTE 42413:  Unit hydrograph volume for subbasin "RC_1" is 1.0000 in.
NOTE 42413:  Unit hydrograph volume for subbasin "RC_2" is 1.0000 in.
NOTE 42413:  Unit hydrograph volume for subbasin "RC_3" is 1.0000 in.
NOTE 42413:  Unit hydrograph volume for subbasin "RC_4" is 1.0000 in.
NOTE 42413:  Unit hydrograph volume for subbasin "RC_5" is 1.0000 in.
NOTE 42413:  Unit hydrograph volume for subbasin "UB_1" is 1.0000 in.
NOTE 42413:  Unit hydrograph volume for subbasin "UB_2" is 1.0000 in.
NOTE 42413:  Unit hydrograph volume for subbasin "UB_3" is 1.0000 in.
NOTE 42413:  Unit hydrograph volume for subbasin "UB_4" is 1.0000 in.
NOTE 42413:  Unit hydrograph volume for subbasin "RC_6" is 1.0000 in.
NOTE 42413:  Unit hydrograph volume for subbasin "RC_7" is 1.0000 in.
NOTE 42413:  Unit hydrograph volume for subbasin "UB_5" is 1.0000 in.
NOTE 42413:  Unit hydrograph volume for subbasin "RC_8" is 1.0000 in.
NOTE 42413:  Unit hydrograph volume for subbasin "RC_9" is 1.0000 in.
NOTE 42413:  Unit hydrograph volume for subbasin "RC_10" is 1.0000 in.
NOTE 42413:  Unit hydrograph volume for subbasin "RC_11" is 1.0000 in.
NOTE 42413:  Unit hydrograph volume for subbasin "MR_39" is 1.0000 in.
NOTE 42413:  Unit hydrograph volume for subbasin "UC_1" is 1.0000 in.
NOTE 42413:  Unit hydrograph volume for subbasin "UC_2" is 1.0000 in.
NOTE 42413:  Unit hydrograph volume for subbasin "MR_40" is 1.0000 in.
NOTE 42413:  Unit hydrograph volume for subbasin "UC_3" is 1.0000 in.
NOTE 42413:  Unit hydrograph volume for subbasin "MR_41" is 1.0000 in.
NOTE 45725:  Finished computing ordinate #3 in frequency analysis simulation "UMR_Pre-Fire" at time 22Jun2022, 10:37:43.
NOTE 45724:  Began computing ordinate #4 in frequency analysis simulation "UMR_Pre-Fire" at time 22Jun2022, 10:37:43.
NOTE 15407:  Computing analysis point "Mora_R_N_Golondrinas_NM".
NOTE 41088:  Routing parameters based on index celerity 5.00 ft/s for reach "R_65": Delta t (sec) 60.0  Delta x (ft) 293.4647
NOTE 41088:  Routing parameters based on index celerity 5.00 ft/s for reach "R_68": Delta t (sec) 60.0  Delta x (ft) 299.8526
NOTE 41088:  Routing parameters based on index celerity 5.00 ft/s for reach "R_53": Delta t (sec) 60.0  Delta x (ft) 290.6043
NOTE 41088:  Routing parameters based on index celerity 5.00 ft/s for reach "R_50": Delta t (sec) 60.0  Delta x (ft) 290.8225
NOTE 41088:  Routing parameters based on index celerity 5.00 ft/s for reach "R_44": Delta t (sec) 60.0  Delta x (ft) 281.9730
NOTE 41088:  Routing parameters based on index celerity 5.00 ft/s for reach "R_40": Delta t (sec) 60.0  Delta x (ft) 293.6735
NOTE 41088:  Routing parameters based on index celerity 5.00 ft/s for reach "R_51": Delta t (sec) 60.0  Delta x (ft) 298.1917
NOTE 41088:  Routing parameters based on index celerity 5.00 ft/s for reach "R_33": Delta t (sec) 60.0  Delta x (ft) 292.5612
NOTE 41088:  Routing parameters based on index celerity 5.00 ft/s for reach "R_31": Delta t (sec) 60.0  Delta x (ft) 294.6711
NOTE 41088:  Routing parameters based on index celerity 5.00 ft/s for reach "R_29": Delta t (sec) 60.0  Delta x (ft) 291.3552
NOTE 41088:  Routing parameters based on index celerity 5.00 ft/s for reach "R_24": Delta t (sec) 60.0  Delta x (ft) 289.5596
NOTE 41088:  Routing parameters based on index celerity 5.00 ft/s for reach "R_23": Delta t (sec) 60.0  Delta x (ft) 225.2450
NOTE 41088:  Routing parameters based on index celerity 5.00 ft/s for reach "R_22": Delta t (sec) 60.0  Delta x (ft) 290.8325
NOTE 41088:  Routing parameters based on index celerity 5.00 ft/s for reach "R_21": Delta t (sec) 60.0  Delta x (ft) 298.1288
NOTE 41088:  Routing parameters based on index celerity 5.00 ft/s for reach "R_20": Delta t (sec) 60.0  Delta x (ft) 290.4967
NOTE 41088:  Routing parameters based on index celerity 5.00 ft/s for reach "R_19": Delta t (sec) 60.0  Delta x (ft) 292.9631
NOTE 41088:  Routing parameters based on index celerity 5.00 ft/s for reach "R_59": Delta t (sec) 60.0  Delta x (ft) 299.6665
NOTE 41088:  Routing parameters based on index celerity 5.00 ft/s for reach "R_15": Delta t (sec) 60.0  Delta x (ft) 299.0662
NOTE 41088:  Routing parameters based on index celerity 5.00 ft/s for reach "R_14": Delta t (sec) 60.0  Delta x (ft) 296.9657
NOTE 41088:  Routing parameters based on index celerity 5.00 ft/s for reach "R_67": Delta t (sec) 60.0  Delta x (ft) 297.2573
NOTE 41088:  Routing parameters based on index celerity 5.00 ft/s for reach "R_13": Delta t (sec) 60.0  Delta x (ft) 277.4060
NOTE 41088:  Routing parameters based on index celerity 5.00 ft/s for reach "R_12": Delta t (sec) 60.0  Delta x (ft) 296.2481
NOTE 41088:  Routing parameters based on index celerity 5.00 ft/s for reach "R_61": Delta t (sec) 60.0  Delta x (ft) 293.7555
NOTE 41088:  Routing parameters based on index celerity 5.00 ft/s for reach "R_11": Delta t (sec) 60.0  Delta x (ft) 294.2860
NOTE 41088:  Routing parameters based on index celerity 5.00 ft/s for reach "R_45": Delta t (sec) 60.0  Delta x (ft) 297.1371
NOTE 41088:  Routing parameters based on index celerity 5.00 ft/s for reach "R_35": Delta t (sec) 60.0  Delta x (ft) 283.8446
NOTE 41088:  Routing parameters based on index celerity 5.00 ft/s for reach "R_10": Delta t (sec) 60.0  Delta x (ft) 271.8925
NOTE 41088:  Routing parameters based on index celerity 5.00 ft/s for reach "R_9": Delta t (sec) 60.0  Delta x (ft) 297.0343
NOTE 41088:  Routing parameters based on index celerity 5.00 ft/s for reach "R_47": Delta t (sec) 60.0  Delta x (ft) 298.4667
NOTE 41088:  Routing parameters based on index celerity 5.00 ft/s for reach "R_39": Delta t (sec) 60.0  Delta x (ft) 299.8278
NOTE 41088:  Routing parameters based on index celerity 5.00 ft/s for reach "R_8": Delta t (sec) 60.0  Delta x (ft) 298.3445
NOTE 41088:  Routing parameters based on index celerity 5.00 ft/s for reach "R_58": Delta t (sec) 60.0  Delta x (ft) 295.6021
NOTE 41088:  Routing parameters based on index celerity 5.00 ft/s for reach "R_63": Delta t (sec) 60.0  Delta x (ft) 294.6843
NOTE 41088:  Routing parameters based on index celerity 5.00 ft/s for reach "R_46": Delta t (sec) 60.0  Delta x (ft) 270.6644
NOTE 41088:  Routing parameters based on index celerity 5.00 ft/s for reach "R_43": Delta t (sec) 60.0  Delta x (ft) 284.0775
NOTE 41088:  Routing parameters based on index celerity 5.00 ft/s for reach "R_41": Delta t (sec) 60.0  Delta x (ft) 242.4850
NOTE 41088:  Routing parameters based on index celerity 5.00 ft/s for reach "R_7": Delta t (sec) 60.0  Delta x (ft) 228.9800
NOTE 41088:  Routing parameters based on index celerity 5.00 ft/s for reach "R_6": Delta t (sec) 60.0  Delta x (ft) 299.1190
NOTE 41088:  Routing parameters based on index celerity 5.00 ft/s for reach "R_5": Delta t (sec) 60.0  Delta x (ft) 245.0880
NOTE 41088:  Routing parameters based on index celerity 5.00 ft/s for reach "R_69": Delta t (sec) 60.0  Delta x (ft) 291.1750
NOTE 41088:  Routing parameters based on index celerity 5.00 ft/s for reach "R_70": Delta t (sec) 60.0  Delta x (ft) 296.6102
NOTE 41088:  Routing parameters based on index celerity 5.00 ft/s for reach "R_4": Delta t (sec) 60.0  Delta x (ft) 296.2675
NOTE 41088:  Routing parameters based on index celerity 5.00 ft/s for reach "R_3": Delta t (sec) 60.0  Delta x (ft) 296.3491
NOTE 41088:  Routing parameters based on index celerity 5.00 ft/s for reach "R_54": Delta t (sec) 60.0  Delta x (ft) 297.0761
NOTE 41088:  Routing parameters based on index celerity 5.00 ft/s for reach "R_37": Delta t (sec) 60.0  Delta x (ft) 267.3925
NOTE 41088:  Routing parameters based on index celerity 5.00 ft/s for reach "R_56": Delta t (sec) 60.0  Delta x (ft) 293.1076
NOTE 41088:  Routing parameters based on index celerity 5.00 ft/s for reach "R_49": Delta t (sec) 60.0  Delta x (ft) 298.8091
NOTE 41088:  Routing parameters based on index celerity 5.00 ft/s for reach "R_62": Delta t (sec) 60.0  Delta x (ft) 299.1264
NOTE 41088:  Routing parameters based on index celerity 5.00 ft/s for reach "R_38": Delta t (sec) 60.0  Delta x (ft) 299.8975
NOTE 41088:  Routing parameters based on index celerity 5.00 ft/s for reach "R_36": Delta t (sec) 60.0  Delta x (ft) 296.6300
NOTE 41088:  Routing parameters based on index celerity 5.00 ft/s for reach "R_34": Delta t (sec) 60.0  Delta x (ft) 297.3748
NOTE 41088:  Routing parameters based on index celerity 5.00 ft/s for reach "R_32": Delta t (sec) 60.0  Delta x (ft) 285.1545
NOTE 41088:  Routing parameters based on index celerity 5.00 ft/s for reach "R_30": Delta t (sec) 60.0  Delta x (ft) 291.0414
NOTE 41088:  Routing parameters based on index celerity 5.00 ft/s for reach "R_28": Delta t (sec) 60.0  Delta x (ft) 212.3600
NOTE 41088:  Routing parameters based on index celerity 5.00 ft/s for reach "R_27": Delta t (sec) 60.0  Delta x (ft) 289.3846
NOTE 41088:  Routing parameters based on index celerity 5.00 ft/s for reach "R_55": Delta t (sec) 60.0  Delta x (ft) 299.5800
NOTE 41088:  Routing parameters based on index celerity 5.00 ft/s for reach "R_48": Delta t (sec) 60.0  Delta x (ft) 284.4669
NOTE 41088:  Routing parameters based on index celerity 5.00 ft/s for reach "R_25": Delta t (sec) 60.0  Delta x (ft) 298.6696
NOTE 41088:  Routing parameters based on index celerity 5.00 ft/s for reach "R_18": Delta t (sec) 60.0  Delta x (ft) 275.3890
NOTE 41088:  Routing parameters based on index celerity 5.00 ft/s for reach "R_17": Delta t (sec) 60.0  Delta x (ft) 297.7468
NOTE 41088:  Routing parameters based on index celerity 5.00 ft/s for reach "R_2": Delta t (sec) 60.0  Delta x (ft) 296.6098
NOTE 41088:  Routing parameters based on index celerity 5.00 ft/s for reach "R_57": Delta t (sec) 60.0  Delta x (ft) 294.6900
NOTE 41088:  Routing parameters based on index celerity 5.00 ft/s for reach "R_1": Delta t (sec) 60.0  Delta x (ft) 295.6876
NOTE 23406:  Hypothetical storm depth: 2.872 IN.
NOTE 23413:  Area upstream of computation point: 266.27 MI2.
NOTE 23407:  Hypothetical storm area: 266.27 MI2.
NOTE 23409:  Area-reduced hypothetical storm depth: 2.393 in.
NOTE 42413:  Unit hydrograph volume for subbasin "LC_1" is 1.0000 in.
NOTE 42413:  Unit hydrograph volume for subbasin "LC_2" is 1.0000 in.
NOTE 42413:  Unit hydrograph volume for subbasin "LC_3" is 1.0000 in.
NOTE 42413:  Unit hydrograph volume for subbasin "LC_4" is 1.0000 in.
NOTE 42413:  Unit hydrograph volume for subbasin "LC_5" is 1.0000 in.
NOTE 42413:  Unit hydrograph volume for subbasin "LC_6" is 1.0000 in.
NOTE 42413:  Unit hydrograph volume for subbasin "LC_7" is 1.0000 in.
NOTE 42413:  Unit hydrograph volume for subbasin "MR_1" is 1.0000 in.
NOTE 42413:  Unit hydrograph volume for subbasin "MR_2" is 1.0000 in.
NOTE 42413:  Unit hydrograph volume for subbasin "MR_3" is 1.0000 in.
NOTE 42413:  Unit hydrograph volume for subbasin "MR_4" is 1.0000 in.
NOTE 42413:  Unit hydrograph volume for subbasin "MR_5" is 1.0000 in.
NOTE 42413:  Unit hydrograph volume for subbasin "MR_6" is 1.0000 in.
NOTE 42413:  Unit hydrograph volume for subbasin "MR_7" is 1.0000 in.
NOTE 42413:  Unit hydrograph volume for subbasin "MR_8" is 1.0000 in.
NOTE 42413:  Unit hydrograph volume for subbasin "MR_9" is 1.0000 in.
NOTE 42413:  Unit hydrograph volume for subbasin "MR_10" is 1.0000 in.
NOTE 42413:  Unit hydrograph volume for subbasin "MR_11" is 1.0000 in.
NOTE 42413:  Unit hydrograph volume for subbasin "MR_12" is 1.0000 in.
NOTE 42413:  Unit hydrograph volume for subbasin "MR_13" is 1.0000 in.
NOTE 42413:  Unit hydrograph volume for subbasin "MR_14" is 1.0000 in.
NOTE 42413:  Unit hydrograph volume for subbasin "MR_15" is 1.0000 in.
NOTE 42413:  Unit hydrograph volume for subbasin "MR_16" is 1.0000 in.
NOTE 42413:  Unit hydrograph volume for subbasin "MR_17" is 1.0000 in.
NOTE 42413:  Unit hydrograph volume for subbasin "MR_18" is 1.0000 in.
NOTE 42413:  Unit hydrograph volume for subbasin "AC_1" is 1.0000 in.
NOTE 42413:  Unit hydrograph volume for subbasin "AC_2" is 1.0000 in.
NOTE 42413:  Unit hydrograph volume for subbasin "MR_19" is 1.0000 in.
NOTE 42413:  Unit hydrograph volume for subbasin "MR_20" is 1.0000 in.
NOTE 42413:  Unit hydrograph volume for subbasin "AC_3" is 1.0000 in.
NOTE 42413:  Unit hydrograph volume for subbasin "MR_21" is 1.0000 in.
NOTE 42413:  Unit hydrograph volume for subbasin "MR_22" is 1.0000 in.
NOTE 42413:  Unit hydrograph volume for subbasin "SD_1" is 1.0000 in.
NOTE 42413:  Unit hydrograph volume for subbasin "SD_2" is 1.0000 in.
NOTE 42413:  Unit hydrograph volume for subbasin "SD_3" is 1.0000 in.
NOTE 42413:  Unit hydrograph volume for subbasin "MR_23" is 1.0000 in.
NOTE 42413:  Unit hydrograph volume for subbasin "CM_1" is 1.0000 in.
NOTE 42413:  Unit hydrograph volume for subbasin "CM_2" is 1.0000 in.
NOTE 42413:  Unit hydrograph volume for subbasin "MR_24" is 1.0000 in.
NOTE 42413:  Unit hydrograph volume for subbasin "CM_3" is 1.0000 in.
NOTE 42413:  Unit hydrograph volume for subbasin "CC_1" is 1.0000 in.
NOTE 42413:  Unit hydrograph volume for subbasin "CC_2" is 1.0000 in.
NOTE 42413:  Unit hydrograph volume for subbasin "MR_25" is 1.0000 in.
NOTE 42413:  Unit hydrograph volume for subbasin "CC_3" is 1.0000 in.
NOTE 42413:  Unit hydrograph volume for subbasin "MR_26" is 1.0000 in.
NOTE 42413:  Unit hydrograph volume for subbasin "MR_27" is 1.0000 in.
NOTE 42413:  Unit hydrograph volume for subbasin "RLC_1" is 1.0000 in.
NOTE 42413:  Unit hydrograph volume for subbasin "RLC_2" is 1.0000 in.
NOTE 42413:  Unit hydrograph volume for subbasin "RLC_3" is 1.0000 in.
NOTE 42413:  Unit hydrograph volume for subbasin "RLC_4" is 1.0000 in.
NOTE 42413:  Unit hydrograph volume for subbasin "RLC_5" is 1.0000 in.
NOTE 42413:  Unit hydrograph volume for subbasin "MR_28" is 1.0000 in.
NOTE 42413:  Unit hydrograph volume for subbasin "UA_1" is 1.0000 in.
NOTE 42413:  Unit hydrograph volume for subbasin "UA_2" is 1.0000 in.
NOTE 42413:  Unit hydrograph volume for subbasin "UA_4" is 1.0000 in.
NOTE 42413:  Unit hydrograph volume for subbasin "UA_5" is 1.0000 in.
NOTE 42413:  Unit hydrograph volume for subbasin "UA_3" is 1.0000 in.
NOTE 42413:  Unit hydrograph volume for subbasin "UA_6" is 1.0000 in.
NOTE 42413:  Unit hydrograph volume for subbasin "UA_7" is 1.0000 in.
NOTE 42413:  Unit hydrograph volume for subbasin "MR_30" is 1.0000 in.
NOTE 42413:  Unit hydrograph volume for subbasin "MR_31" is 1.0000 in.
NOTE 42413:  Unit hydrograph volume for subbasin "MR_29" is 1.0000 in.
NOTE 42413:  Unit hydrograph volume for subbasin "MR_32" is 1.0000 in.
NOTE 42413:  Unit hydrograph volume for subbasin "MR_33" is 1.0000 in.
NOTE 42413:  Unit hydrograph volume for subbasin "MR_34" is 1.0000 in.
NOTE 42413:  Unit hydrograph volume for subbasin "MR_35" is 1.0000 in.
NOTE 42413:  Unit hydrograph volume for subbasin "MR_36" is 1.0000 in.
NOTE 42413:  Unit hydrograph volume for subbasin "MR_37" is 1.0000 in.
NOTE 42413:  Unit hydrograph volume for subbasin "MR_38" is 1.0000 in.
NOTE 42413:  Unit hydrograph volume for subbasin "RM_1" is 1.0000 in.
NOTE 42413:  Unit hydrograph volume for subbasin "RM_2" is 1.0000 in.
NOTE 42413:  Unit hydrograph volume for subbasin "RM_3" is 1.0000 in.
NOTE 42413:  Unit hydrograph volume for subbasin "RM_4" is 1.0000 in.
NOTE 42413:  Unit hydrograph volume for subbasin "SC_1" is 1.0000 in.
NOTE 42413:  Unit hydrograph volume for subbasin "SC_2" is 1.0000 in.
NOTE 42413:  Unit hydrograph volume for subbasin "SC_3" is 1.0000 in.
NOTE 42413:  Unit hydrograph volume for subbasin "SC_4" is 1.0000 in.
NOTE 42413:  Unit hydrograph volume for subbasin "SC_5" is 1.0000 in.
NOTE 42413:  Unit hydrograph volume for subbasin "SC_6" is 1.0000 in.
NOTE 42413:  Unit hydrograph volume for subbasin "SC_7" is 1.0000 in.
NOTE 42413:  Unit hydrograph volume for subbasin "RC_1" is 1.0000 in.
NOTE 42413:  Unit hydrograph volume for subbasin "RC_2" is 1.0000 in.
NOTE 42413:  Unit hydrograph volume for subbasin "RC_3" is 1.0000 in.
NOTE 42413:  Unit hydrograph volume for subbasin "RC_4" is 1.0000 in.
NOTE 42413:  Unit hydrograph volume for subbasin "RC_5" is 1.0000 in.
NOTE 42413:  Unit hydrograph volume for subbasin "UB_1" is 1.0000 in.
NOTE 42413:  Unit hydrograph volume for subbasin "UB_2" is 1.0000 in.
NOTE 42413:  Unit hydrograph volume for subbasin "UB_3" is 1.0000 in.
NOTE 42413:  Unit hydrograph volume for subbasin "UB_4" is 1.0000 in.
NOTE 42413:  Unit hydrograph volume for subbasin "RC_6" is 1.0000 in.
NOTE 42413:  Unit hydrograph volume for subbasin "RC_7" is 1.0000 in.
NOTE 42413:  Unit hydrograph volume for subbasin "UB_5" is 1.0000 in.
NOTE 42413:  Unit hydrograph volume for subbasin "RC_8" is 1.0000 in.
NOTE 42413:  Unit hydrograph volume for subbasin "RC_9" is 1.0000 in.
NOTE 42413:  Unit hydrograph volume for subbasin "RC_10" is 1.0000 in.
NOTE 42413:  Unit hydrograph volume for subbasin "RC_11" is 1.0000 in.
NOTE 42413:  Unit hydrograph volume for subbasin "MR_39" is 1.0000 in.
NOTE 42413:  Unit hydrograph volume for subbasin "UC_1" is 1.0000 in.
NOTE 42413:  Unit hydrograph volume for subbasin "UC_2" is 1.0000 in.
NOTE 42413:  Unit hydrograph volume for subbasin "MR_40" is 1.0000 in.
NOTE 42413:  Unit hydrograph volume for subbasin "UC_3" is 1.0000 in.
NOTE 42413:  Unit hydrograph volume for subbasin "MR_41" is 1.0000 in.
NOTE 45725:  Finished computing ordinate #4 in frequency analysis simulation "UMR_Pre-Fire" at time 22Jun2022, 10:38:03.
NOTE 45724:  Began computing ordinate #5 in frequency analysis simulation "UMR_Pre-Fire" at time 22Jun2022, 10:38:04.
NOTE 15407:  Computing analysis point "Mora_R_N_Golondrinas_NM".
NOTE 41088:  Routing parameters based on index celerity 5.00 ft/s for reach "R_65": Delta t (sec) 60.0  Delta x (ft) 293.4647
NOTE 41088:  Routing parameters based on index celerity 5.00 ft/s for reach "R_68": Delta t (sec) 60.0  Delta x (ft) 299.8526
NOTE 41088:  Routing parameters based on index celerity 5.00 ft/s for reach "R_53": Delta t (sec) 60.0  Delta x (ft) 290.6043
NOTE 41088:  Routing parameters based on index celerity 5.00 ft/s for reach "R_50": Delta t (sec) 60.0  Delta x (ft) 290.8225
NOTE 41088:  Routing parameters based on index celerity 5.00 ft/s for reach "R_44": Delta t (sec) 60.0  Delta x (ft) 281.9730
NOTE 41088:  Routing parameters based on index celerity 5.00 ft/s for reach "R_40": Delta t (sec) 60.0  Delta x (ft) 293.6735
NOTE 41088:  Routing parameters based on index celerity 5.00 ft/s for reach "R_51": Delta t (sec) 60.0  Delta x (ft) 298.1917
NOTE 41088:  Routing parameters based on index celerity 5.00 ft/s for reach "R_33": Delta t (sec) 60.0  Delta x (ft) 292.5612
NOTE 41088:  Routing parameters based on index celerity 5.00 ft/s for reach "R_31": Delta t (sec) 60.0  Delta x (ft) 294.6711
NOTE 41088:  Routing parameters based on index celerity 5.00 ft/s for reach "R_29": Delta t (sec) 60.0  Delta x (ft) 291.3552
NOTE 41088:  Routing parameters based on index celerity 5.00 ft/s for reach "R_24": Delta t (sec) 60.0  Delta x (ft) 289.5596
NOTE 41088:  Routing parameters based on index celerity 5.00 ft/s for reach "R_23": Delta t (sec) 60.0  Delta x (ft) 225.2450
NOTE 41088:  Routing parameters based on index celerity 5.00 ft/s for reach "R_22": Delta t (sec) 60.0  Delta x (ft) 290.8325
NOTE 41088:  Routing parameters based on index celerity 5.00 ft/s for reach "R_21": Delta t (sec) 60.0  Delta x (ft) 298.1288
NOTE 41088:  Routing parameters based on index celerity 5.00 ft/s for reach "R_20": Delta t (sec) 60.0  Delta x (ft) 290.4967
NOTE 41088:  Routing parameters based on index celerity 5.00 ft/s for reach "R_19": Delta t (sec) 60.0  Delta x (ft) 292.9631
NOTE 41088:  Routing parameters based on index celerity 5.00 ft/s for reach "R_59": Delta t (sec) 60.0  Delta x (ft) 299.6665
NOTE 41088:  Routing parameters based on index celerity 5.00 ft/s for reach "R_15": Delta t (sec) 60.0  Delta x (ft) 299.0662
NOTE 41088:  Routing parameters based on index celerity 5.00 ft/s for reach "R_14": Delta t (sec) 60.0  Delta x (ft) 296.9657
NOTE 41088:  Routing parameters based on index celerity 5.00 ft/s for reach "R_67": Delta t (sec) 60.0  Delta x (ft) 297.2573
NOTE 41088:  Routing parameters based on index celerity 5.00 ft/s for reach "R_13": Delta t (sec) 60.0  Delta x (ft) 277.4060
NOTE 41088:  Routing parameters based on index celerity 5.00 ft/s for reach "R_12": Delta t (sec) 60.0  Delta x (ft) 296.2481
NOTE 41088:  Routing parameters based on index celerity 5.00 ft/s for reach "R_61": Delta t (sec) 60.0  Delta x (ft) 293.7555
NOTE 41088:  Routing parameters based on index celerity 5.00 ft/s for reach "R_11": Delta t (sec) 60.0  Delta x (ft) 294.2860
NOTE 41088:  Routing parameters based on index celerity 5.00 ft/s for reach "R_45": Delta t (sec) 60.0  Delta x (ft) 297.1371
NOTE 41088:  Routing parameters based on index celerity 5.00 ft/s for reach "R_35": Delta t (sec) 60.0  Delta x (ft) 283.8446
NOTE 41088:  Routing parameters based on index celerity 5.00 ft/s for reach "R_10": Delta t (sec) 60.0  Delta x (ft) 271.8925
NOTE 41088:  Routing parameters based on index celerity 5.00 ft/s for reach "R_9": Delta t (sec) 60.0  Delta x (ft) 297.0343
NOTE 41088:  Routing parameters based on index celerity 5.00 ft/s for reach "R_47": Delta t (sec) 60.0  Delta x (ft) 298.4667
NOTE 41088:  Routing parameters based on index celerity 5.00 ft/s for reach "R_39": Delta t (sec) 60.0  Delta x (ft) 299.8278
NOTE 41088:  Routing parameters based on index celerity 5.00 ft/s for reach "R_8": Delta t (sec) 60.0  Delta x (ft) 298.3445
NOTE 41088:  Routing parameters based on index celerity 5.00 ft/s for reach "R_58": Delta t (sec) 60.0  Delta x (ft) 295.6021
NOTE 41088:  Routing parameters based on index celerity 5.00 ft/s for reach "R_63": Delta t (sec) 60.0  Delta x (ft) 294.6843
NOTE 41088:  Routing parameters based on index celerity 5.00 ft/s for reach "R_46": Delta t (sec) 60.0  Delta x (ft) 270.6644
NOTE 41088:  Routing parameters based on index celerity 5.00 ft/s for reach "R_43": Delta t (sec) 60.0  Delta x (ft) 284.0775
NOTE 41088:  Routing parameters based on index celerity 5.00 ft/s for reach "R_41": Delta t (sec) 60.0  Delta x (ft) 242.4850
NOTE 41088:  Routing parameters based on index celerity 5.00 ft/s for reach "R_7": Delta t (sec) 60.0  Delta x (ft) 228.9800
NOTE 41088:  Routing parameters based on index celerity 5.00 ft/s for reach "R_6": Delta t (sec) 60.0  Delta x (ft) 299.1190
NOTE 41088:  Routing parameters based on index celerity 5.00 ft/s for reach "R_5": Delta t (sec) 60.0  Delta x (ft) 245.0880
NOTE 41088:  Routing parameters based on index celerity 5.00 ft/s for reach "R_69": Delta t (sec) 60.0  Delta x (ft) 291.1750
NOTE 41088:  Routing parameters based on index celerity 5.00 ft/s for reach "R_70": Delta t (sec) 60.0  Delta x (ft) 296.6102
NOTE 41088:  Routing parameters based on index celerity 5.00 ft/s for reach "R_4": Delta t (sec) 60.0  Delta x (ft) 296.2675
NOTE 41088:  Routing parameters based on index celerity 5.00 ft/s for reach "R_3": Delta t (sec) 60.0  Delta x (ft) 296.3491
NOTE 41088:  Routing parameters based on index celerity 5.00 ft/s for reach "R_54": Delta t (sec) 60.0  Delta x (ft) 297.0761
NOTE 41088:  Routing parameters based on index celerity 5.00 ft/s for reach "R_37": Delta t (sec) 60.0  Delta x (ft) 267.3925
NOTE 41088:  Routing parameters based on index celerity 5.00 ft/s for reach "R_56": Delta t (sec) 60.0  Delta x (ft) 293.1076
NOTE 41088:  Routing parameters based on index celerity 5.00 ft/s for reach "R_49": Delta t (sec) 60.0  Delta x (ft) 298.8091
NOTE 41088:  Routing parameters based on index celerity 5.00 ft/s for reach "R_62": Delta t (sec) 60.0  Delta x (ft) 299.1264
NOTE 41088:  Routing parameters based on index celerity 5.00 ft/s for reach "R_38": Delta t (sec) 60.0  Delta x (ft) 299.8975
NOTE 41088:  Routing parameters based on index celerity 5.00 ft/s for reach "R_36": Delta t (sec) 60.0  Delta x (ft) 296.6300
NOTE 41088:  Routing parameters based on index celerity 5.00 ft/s for reach "R_34": Delta t (sec) 60.0  Delta x (ft) 297.3748
NOTE 41088:  Routing parameters based on index celerity 5.00 ft/s for reach "R_32": Delta t (sec) 60.0  Delta x (ft) 285.1545
NOTE 41088:  Routing parameters based on index celerity 5.00 ft/s for reach "R_30": Delta t (sec) 60.0  Delta x (ft) 291.0414
NOTE 41088:  Routing parameters based on index celerity 5.00 ft/s for reach "R_28": Delta t (sec) 60.0  Delta x (ft) 212.3600
NOTE 41088:  Routing parameters based on index celerity 5.00 ft/s for reach "R_27": Delta t (sec) 60.0  Delta x (ft) 289.3846
NOTE 41088:  Routing parameters based on index celerity 5.00 ft/s for reach "R_55": Delta t (sec) 60.0  Delta x (ft) 299.5800
NOTE 41088:  Routing parameters based on index celerity 5.00 ft/s for reach "R_48": Delta t (sec) 60.0  Delta x (ft) 284.4669
NOTE 41088:  Routing parameters based on index celerity 5.00 ft/s for reach "R_25": Delta t (sec) 60.0  Delta x (ft) 298.6696
NOTE 41088:  Routing parameters based on index celerity 5.00 ft/s for reach "R_18": Delta t (sec) 60.0  Delta x (ft) 275.3890
NOTE 41088:  Routing parameters based on index celerity 5.00 ft/s for reach "R_17": Delta t (sec) 60.0  Delta x (ft) 297.7468
NOTE 41088:  Routing parameters based on index celerity 5.00 ft/s for reach "R_2": Delta t (sec) 60.0  Delta x (ft) 296.6098
NOTE 41088:  Routing parameters based on index celerity 5.00 ft/s for reach "R_57": Delta t (sec) 60.0  Delta x (ft) 294.6900
NOTE 41088:  Routing parameters based on index celerity 5.00 ft/s for reach "R_1": Delta t (sec) 60.0  Delta x (ft) 295.6876
NOTE 23406:  Hypothetical storm depth: 3.287 IN.
NOTE 23413:  Area upstream of computation point: 266.27 MI2.
NOTE 23407:  Hypothetical storm area: 266.27 MI2.
NOTE 23409:  Area-reduced hypothetical storm depth: 2.739 in.
NOTE 42413:  Unit hydrograph volume for subbasin "LC_1" is 1.0000 in.
NOTE 42413:  Unit hydrograph volume for subbasin "LC_2" is 1.0000 in.
NOTE 42413:  Unit hydrograph volume for subbasin "LC_3" is 1.0000 in.
NOTE 42413:  Unit hydrograph volume for subbasin "LC_4" is 1.0000 in.
NOTE 42413:  Unit hydrograph volume for subbasin "LC_5" is 1.0000 in.
NOTE 42413:  Unit hydrograph volume for subbasin "LC_6" is 1.0000 in.
NOTE 42413:  Unit hydrograph volume for subbasin "LC_7" is 1.0000 in.
NOTE 42413:  Unit hydrograph volume for subbasin "MR_1" is 1.0000 in.
NOTE 42413:  Unit hydrograph volume for subbasin "MR_2" is 1.0000 in.
NOTE 42413:  Unit hydrograph volume for subbasin "MR_3" is 1.0000 in.
NOTE 42413:  Unit hydrograph volume for subbasin "MR_4" is 1.0000 in.
NOTE 42413:  Unit hydrograph volume for subbasin "MR_5" is 1.0000 in.
NOTE 42413:  Unit hydrograph volume for subbasin "MR_6" is 1.0000 in.
NOTE 42413:  Unit hydrograph volume for subbasin "MR_7" is 1.0000 in.
NOTE 42413:  Unit hydrograph volume for subbasin "MR_8" is 1.0000 in.
NOTE 42413:  Unit hydrograph volume for subbasin "MR_9" is 1.0000 in.
NOTE 42413:  Unit hydrograph volume for subbasin "MR_10" is 1.0000 in.
NOTE 42413:  Unit hydrograph volume for subbasin "MR_11" is 1.0000 in.
NOTE 42413:  Unit hydrograph volume for subbasin "MR_12" is 1.0000 in.
NOTE 42413:  Unit hydrograph volume for subbasin "MR_13" is 1.0000 in.
NOTE 42413:  Unit hydrograph volume for subbasin "MR_14" is 1.0000 in.
NOTE 42413:  Unit hydrograph volume for subbasin "MR_15" is 1.0000 in.
NOTE 42413:  Unit hydrograph volume for subbasin "MR_16" is 1.0000 in.
NOTE 42413:  Unit hydrograph volume for subbasin "MR_17" is 1.0000 in.
NOTE 42413:  Unit hydrograph volume for subbasin "MR_18" is 1.0000 in.
NOTE 42413:  Unit hydrograph volume for subbasin "AC_1" is 1.0000 in.
NOTE 42413:  Unit hydrograph volume for subbasin "AC_2" is 1.0000 in.
NOTE 42413:  Unit hydrograph volume for subbasin "MR_19" is 1.0000 in.
NOTE 42413:  Unit hydrograph volume for subbasin "MR_20" is 1.0000 in.
NOTE 42413:  Unit hydrograph volume for subbasin "AC_3" is 1.0000 in.
NOTE 42413:  Unit hydrograph volume for subbasin "MR_21" is 1.0000 in.
NOTE 42413:  Unit hydrograph volume for subbasin "MR_22" is 1.0000 in.
NOTE 42413:  Unit hydrograph volume for subbasin "SD_1" is 1.0000 in.
NOTE 42413:  Unit hydrograph volume for subbasin "SD_2" is 1.0000 in.
NOTE 42413:  Unit hydrograph volume for subbasin "SD_3" is 1.0000 in.
NOTE 42413:  Unit hydrograph volume for subbasin "MR_23" is 1.0000 in.
NOTE 42413:  Unit hydrograph volume for subbasin "CM_1" is 1.0000 in.
NOTE 42413:  Unit hydrograph volume for subbasin "CM_2" is 1.0000 in.
NOTE 42413:  Unit hydrograph volume for subbasin "MR_24" is 1.0000 in.
NOTE 42413:  Unit hydrograph volume for subbasin "CM_3" is 1.0000 in.
NOTE 42413:  Unit hydrograph volume for subbasin "CC_1" is 1.0000 in.
NOTE 42413:  Unit hydrograph volume for subbasin "CC_2" is 1.0000 in.
NOTE 42413:  Unit hydrograph volume for subbasin "MR_25" is 1.0000 in.
NOTE 42413:  Unit hydrograph volume for subbasin "CC_3" is 1.0000 in.
NOTE 42413:  Unit hydrograph volume for subbasin "MR_26" is 1.0000 in.
NOTE 42413:  Unit hydrograph volume for subbasin "MR_27" is 1.0000 in.
NOTE 42413:  Unit hydrograph volume for subbasin "RLC_1" is 1.0000 in.
NOTE 42413:  Unit hydrograph volume for subbasin "RLC_2" is 1.0000 in.
NOTE 42413:  Unit hydrograph volume for subbasin "RLC_3" is 1.0000 in.
NOTE 42413:  Unit hydrograph volume for subbasin "RLC_4" is 1.0000 in.
NOTE 42413:  Unit hydrograph volume for subbasin "RLC_5" is 1.0000 in.
NOTE 42413:  Unit hydrograph volume for subbasin "MR_28" is 1.0000 in.
NOTE 42413:  Unit hydrograph volume for subbasin "UA_1" is 1.0000 in.
NOTE 42413:  Unit hydrograph volume for subbasin "UA_2" is 1.0000 in.
NOTE 42413:  Unit hydrograph volume for subbasin "UA_4" is 1.0000 in.
NOTE 42413:  Unit hydrograph volume for subbasin "UA_5" is 1.0000 in.
NOTE 42413:  Unit hydrograph volume for subbasin "UA_3" is 1.0000 in.
NOTE 42413:  Unit hydrograph volume for subbasin "UA_6" is 1.0000 in.
NOTE 42413:  Unit hydrograph volume for subbasin "UA_7" is 1.0000 in.
NOTE 42413:  Unit hydrograph volume for subbasin "MR_30" is 1.0000 in.
NOTE 42413:  Unit hydrograph volume for subbasin "MR_31" is 1.0000 in.
NOTE 42413:  Unit hydrograph volume for subbasin "MR_29" is 1.0000 in.
NOTE 42413:  Unit hydrograph volume for subbasin "MR_32" is 1.0000 in.
NOTE 42413:  Unit hydrograph volume for subbasin "MR_33" is 1.0000 in.
NOTE 42413:  Unit hydrograph volume for subbasin "MR_34" is 1.0000 in.
NOTE 42413:  Unit hydrograph volume for subbasin "MR_35" is 1.0000 in.
NOTE 42413:  Unit hydrograph volume for subbasin "MR_36" is 1.0000 in.
NOTE 42413:  Unit hydrograph volume for subbasin "MR_37" is 1.0000 in.
NOTE 42413:  Unit hydrograph volume for subbasin "MR_38" is 1.0000 in.
NOTE 42413:  Unit hydrograph volume for subbasin "RM_1" is 1.0000 in.
NOTE 42413:  Unit hydrograph volume for subbasin "RM_2" is 1.0000 in.
NOTE 42413:  Unit hydrograph volume for subbasin "RM_3" is 1.0000 in.
NOTE 42413:  Unit hydrograph volume for subbasin "RM_4" is 1.0000 in.
NOTE 42413:  Unit hydrograph volume for subbasin "SC_1" is 1.0000 in.
NOTE 42413:  Unit hydrograph volume for subbasin "SC_2" is 1.0000 in.
NOTE 42413:  Unit hydrograph volume for subbasin "SC_3" is 1.0000 in.
NOTE 42413:  Unit hydrograph volume for subbasin "SC_4" is 1.0000 in.
NOTE 42413:  Unit hydrograph volume for subbasin "SC_5" is 1.0000 in.
NOTE 42413:  Unit hydrograph volume for subbasin "SC_6" is 1.0000 in.
NOTE 42413:  Unit hydrograph volume for subbasin "SC_7" is 1.0000 in.
NOTE 42413:  Unit hydrograph volume for subbasin "RC_1" is 1.0000 in.
NOTE 42413:  Unit hydrograph volume for subbasin "RC_2" is 1.0000 in.
NOTE 42413:  Unit hydrograph volume for subbasin "RC_3" is 1.0000 in.
NOTE 42413:  Unit hydrograph volume for subbasin "RC_4" is 1.0000 in.
NOTE 42413:  Unit hydrograph volume for subbasin "RC_5" is 1.0000 in.
NOTE 42413:  Unit hydrograph volume for subbasin "UB_1" is 1.0000 in.
NOTE 42413:  Unit hydrograph volume for subbasin "UB_2" is 1.0000 in.
NOTE 42413:  Unit hydrograph volume for subbasin "UB_3" is 1.0000 in.
NOTE 42413:  Unit hydrograph volume for subbasin "UB_4" is 1.0000 in.
NOTE 42413:  Unit hydrograph volume for subbasin "RC_6" is 1.0000 in.
NOTE 42413:  Unit hydrograph volume for subbasin "RC_7" is 1.0000 in.
NOTE 42413:  Unit hydrograph volume for subbasin "UB_5" is 1.0000 in.
NOTE 42413:  Unit hydrograph volume for subbasin "RC_8" is 1.0000 in.
NOTE 42413:  Unit hydrograph volume for subbasin "RC_9" is 1.0000 in.
NOTE 42413:  Unit hydrograph volume for subbasin "RC_10" is 1.0000 in.
NOTE 42413:  Unit hydrograph volume for subbasin "RC_11" is 1.0000 in.
NOTE 42413:  Unit hydrograph volume for subbasin "MR_39" is 1.0000 in.
NOTE 42413:  Unit hydrograph volume for subbasin "UC_1" is 1.0000 in.
NOTE 42413:  Unit hydrograph volume for subbasin "UC_2" is 1.0000 in.
NOTE 42413:  Unit hydrograph volume for subbasin "MR_40" is 1.0000 in.
NOTE 42413:  Unit hydrograph volume for subbasin "UC_3" is 1.0000 in.
NOTE 42413:  Unit hydrograph volume for subbasin "MR_41" is 1.0000 in.
NOTE 45725:  Finished computing ordinate #5 in frequency analysis simulation "UMR_Pre-Fire" at time 22Jun2022, 10:38:23.
NOTE 45724:  Began computing ordinate #6 in frequency analysis simulation "UMR_Pre-Fire" at time 22Jun2022, 10:38:24.
NOTE 15407:  Computing analysis point "Mora_R_N_Golondrinas_NM".
NOTE 41088:  Routing parameters based on index celerity 5.00 ft/s for reach "R_65": Delta t (sec) 60.0  Delta x (ft) 293.4647
NOTE 41088:  Routing parameters based on index celerity 5.00 ft/s for reach "R_68": Delta t (sec) 60.0  Delta x (ft) 299.8526
NOTE 41088:  Routing parameters based on index celerity 5.00 ft/s for reach "R_53": Delta t (sec) 60.0  Delta x (ft) 290.6043
NOTE 41088:  Routing parameters based on index celerity 5.00 ft/s for reach "R_50": Delta t (sec) 60.0  Delta x (ft) 290.8225
NOTE 41088:  Routing parameters based on index celerity 5.00 ft/s for reach "R_44": Delta t (sec) 60.0  Delta x (ft) 281.9730
NOTE 41088:  Routing parameters based on index celerity 5.00 ft/s for reach "R_40": Delta t (sec) 60.0  Delta x (ft) 293.6735
NOTE 41088:  Routing parameters based on index celerity 5.00 ft/s for reach "R_51": Delta t (sec) 60.0  Delta x (ft) 298.1917
NOTE 41088:  Routing parameters based on index celerity 5.00 ft/s for reach "R_33": Delta t (sec) 60.0  Delta x (ft) 292.5612
NOTE 41088:  Routing parameters based on index celerity 5.00 ft/s for reach "R_31": Delta t (sec) 60.0  Delta x (ft) 294.6711
NOTE 41088:  Routing parameters based on index celerity 5.00 ft/s for reach "R_29": Delta t (sec) 60.0  Delta x (ft) 291.3552
NOTE 41088:  Routing parameters based on index celerity 5.00 ft/s for reach "R_24": Delta t (sec) 60.0  Delta x (ft) 289.5596
NOTE 41088:  Routing parameters based on index celerity 5.00 ft/s for reach "R_23": Delta t (sec) 60.0  Delta x (ft) 225.2450
NOTE 41088:  Routing parameters based on index celerity 5.00 ft/s for reach "R_22": Delta t (sec) 60.0  Delta x (ft) 290.8325
NOTE 41088:  Routing parameters based on index celerity 5.00 ft/s for reach "R_21": Delta t (sec) 60.0  Delta x (ft) 298.1288
NOTE 41088:  Routing parameters based on index celerity 5.00 ft/s for reach "R_20": Delta t (sec) 60.0  Delta x (ft) 290.4967
NOTE 41088:  Routing parameters based on index celerity 5.00 ft/s for reach "R_19": Delta t (sec) 60.0  Delta x (ft) 292.9631
NOTE 41088:  Routing parameters based on index celerity 5.00 ft/s for reach "R_59": Delta t (sec) 60.0  Delta x (ft) 299.6665
NOTE 41088:  Routing parameters based on index celerity 5.00 ft/s for reach "R_15": Delta t (sec) 60.0  Delta x (ft) 299.0662
NOTE 41088:  Routing parameters based on index celerity 5.00 ft/s for reach "R_14": Delta t (sec) 60.0  Delta x (ft) 296.9657
NOTE 41088:  Routing parameters based on index celerity 5.00 ft/s for reach "R_67": Delta t (sec) 60.0  Delta x (ft) 297.2573
NOTE 41088:  Routing parameters based on index celerity 5.00 ft/s for reach "R_13": Delta t (sec) 60.0  Delta x (ft) 277.4060
NOTE 41088:  Routing parameters based on index celerity 5.00 ft/s for reach "R_12": Delta t (sec) 60.0  Delta x (ft) 296.2481
NOTE 41088:  Routing parameters based on index celerity 5.00 ft/s for reach "R_61": Delta t (sec) 60.0  Delta x (ft) 293.7555
NOTE 41088:  Routing parameters based on index celerity 5.00 ft/s for reach "R_11": Delta t (sec) 60.0  Delta x (ft) 294.2860
NOTE 41088:  Routing parameters based on index celerity 5.00 ft/s for reach "R_45": Delta t (sec) 60.0  Delta x (ft) 297.1371
NOTE 41088:  Routing parameters based on index celerity 5.00 ft/s for reach "R_35": Delta t (sec) 60.0  Delta x (ft) 283.8446
NOTE 41088:  Routing parameters based on index celerity 5.00 ft/s for reach "R_10": Delta t (sec) 60.0  Delta x (ft) 271.8925
NOTE 41088:  Routing parameters based on index celerity 5.00 ft/s for reach "R_9": Delta t (sec) 60.0  Delta x (ft) 297.0343
NOTE 41088:  Routing parameters based on index celerity 5.00 ft/s for reach "R_47": Delta t (sec) 60.0  Delta x (ft) 298.4667
NOTE 41088:  Routing parameters based on index celerity 5.00 ft/s for reach "R_39": Delta t (sec) 60.0  Delta x (ft) 299.8278
NOTE 41088:  Routing parameters based on index celerity 5.00 ft/s for reach "R_8": Delta t (sec) 60.0  Delta x (ft) 298.3445
NOTE 41088:  Routing parameters based on index celerity 5.00 ft/s for reach "R_58": Delta t (sec) 60.0  Delta x (ft) 295.6021
NOTE 41088:  Routing parameters based on index celerity 5.00 ft/s for reach "R_63": Delta t (sec) 60.0  Delta x (ft) 294.6843
NOTE 41088:  Routing parameters based on index celerity 5.00 ft/s for reach "R_46": Delta t (sec) 60.0  Delta x (ft) 270.6644
NOTE 41088:  Routing parameters based on index celerity 5.00 ft/s for reach "R_43": Delta t (sec) 60.0  Delta x (ft) 284.0775
NOTE 41088:  Routing parameters based on index celerity 5.00 ft/s for reach "R_41": Delta t (sec) 60.0  Delta x (ft) 242.4850
NOTE 41088:  Routing parameters based on index celerity 5.00 ft/s for reach "R_7": Delta t (sec) 60.0  Delta x (ft) 228.9800
NOTE 41088:  Routing parameters based on index celerity 5.00 ft/s for reach "R_6": Delta t (sec) 60.0  Delta x (ft) 299.1190
NOTE 41088:  Routing parameters based on index celerity 5.00 ft/s for reach "R_5": Delta t (sec) 60.0  Delta x (ft) 245.0880
NOTE 41088:  Routing parameters based on index celerity 5.00 ft/s for reach "R_69": Delta t (sec) 60.0  Delta x (ft) 291.1750
NOTE 41088:  Routing parameters based on index celerity 5.00 ft/s for reach "R_70": Delta t (sec) 60.0  Delta x (ft) 296.6102
NOTE 41088:  Routing parameters based on index celerity 5.00 ft/s for reach "R_4": Delta t (sec) 60.0  Delta x (ft) 296.2675
NOTE 41088:  Routing parameters based on index celerity 5.00 ft/s for reach "R_3": Delta t (sec) 60.0  Delta x (ft) 296.3491
NOTE 41088:  Routing parameters based on index celerity 5.00 ft/s for reach "R_54": Delta t (sec) 60.0  Delta x (ft) 297.0761
NOTE 41088:  Routing parameters based on index celerity 5.00 ft/s for reach "R_37": Delta t (sec) 60.0  Delta x (ft) 267.3925
NOTE 41088:  Routing parameters based on index celerity 5.00 ft/s for reach "R_56": Delta t (sec) 60.0  Delta x (ft) 293.1076
NOTE 41088:  Routing parameters based on index celerity 5.00 ft/s for reach "R_49": Delta t (sec) 60.0  Delta x (ft) 298.8091
NOTE 41088:  Routing parameters based on index celerity 5.00 ft/s for reach "R_62": Delta t (sec) 60.0  Delta x (ft) 299.1264
NOTE 41088:  Routing parameters based on index celerity 5.00 ft/s for reach "R_38": Delta t (sec) 60.0  Delta x (ft) 299.8975
NOTE 41088:  Routing parameters based on index celerity 5.00 ft/s for reach "R_36": Delta t (sec) 60.0  Delta x (ft) 296.6300
NOTE 41088:  Routing parameters based on index celerity 5.00 ft/s for reach "R_34": Delta t (sec) 60.0  Delta x (ft) 297.3748
NOTE 41088:  Routing parameters based on index celerity 5.00 ft/s for reach "R_32": Delta t (sec) 60.0  Delta x (ft) 285.1545
NOTE 41088:  Routing parameters based on index celerity 5.00 ft/s for reach "R_30": Delta t (sec) 60.0  Delta x (ft) 291.0414
NOTE 41088:  Routing parameters based on index celerity 5.00 ft/s for reach "R_28": Delta t (sec) 60.0  Delta x (ft) 212.3600
NOTE 41088:  Routing parameters based on index celerity 5.00 ft/s for reach "R_27": Delta t (sec) 60.0  Delta x (ft) 289.3846
NOTE 41088:  Routing parameters based on index celerity 5.00 ft/s for reach "R_55": Delta t (sec) 60.0  Delta x (ft) 299.5800
NOTE 41088:  Routing parameters based on index celerity 5.00 ft/s for reach "R_48": Delta t (sec) 60.0  Delta x (ft) 284.4669
NOTE 41088:  Routing parameters based on index celerity 5.00 ft/s for reach "R_25": Delta t (sec) 60.0  Delta x (ft) 298.6696
NOTE 41088:  Routing parameters based on index celerity 5.00 ft/s for reach "R_18": Delta t (sec) 60.0  Delta x (ft) 275.3890
NOTE 41088:  Routing parameters based on index celerity 5.00 ft/s for reach "R_17": Delta t (sec) 60.0  Delta x (ft) 297.7468
NOTE 41088:  Routing parameters based on index celerity 5.00 ft/s for reach "R_2": Delta t (sec) 60.0  Delta x (ft) 296.6098
NOTE 41088:  Routing parameters based on index celerity 5.00 ft/s for reach "R_57": Delta t (sec) 60.0  Delta x (ft) 294.6900
NOTE 41088:  Routing parameters based on index celerity 5.00 ft/s for reach "R_1": Delta t (sec) 60.0  Delta x (ft) 295.6876
NOTE 23406:  Hypothetical storm depth: 3.739 IN.
NOTE 23413:  Area upstream of computation point: 266.27 MI2.
NOTE 23407:  Hypothetical storm area: 266.27 MI2.
NOTE 23409:  Area-reduced hypothetical storm depth: 3.115 in.
NOTE 42413:  Unit hydrograph volume for subbasin "LC_1" is 1.0000 in.
NOTE 42413:  Unit hydrograph volume for subbasin "LC_2" is 1.0000 in.
NOTE 42413:  Unit hydrograph volume for subbasin "LC_3" is 1.0000 in.
NOTE 42413:  Unit hydrograph volume for subbasin "LC_4" is 1.0000 in.
NOTE 42413:  Unit hydrograph volume for subbasin "LC_5" is 1.0000 in.
NOTE 42413:  Unit hydrograph volume for subbasin "LC_6" is 1.0000 in.
NOTE 42413:  Unit hydrograph volume for subbasin "LC_7" is 1.0000 in.
NOTE 42413:  Unit hydrograph volume for subbasin "MR_1" is 1.0000 in.
NOTE 42413:  Unit hydrograph volume for subbasin "MR_2" is 1.0000 in.
NOTE 42413:  Unit hydrograph volume for subbasin "MR_3" is 1.0000 in.
NOTE 42413:  Unit hydrograph volume for subbasin "MR_4" is 1.0000 in.
NOTE 42413:  Unit hydrograph volume for subbasin "MR_5" is 1.0000 in.
NOTE 42413:  Unit hydrograph volume for subbasin "MR_6" is 1.0000 in.
NOTE 42413:  Unit hydrograph volume for subbasin "MR_7" is 1.0000 in.
NOTE 42413:  Unit hydrograph volume for subbasin "MR_8" is 1.0000 in.
NOTE 42413:  Unit hydrograph volume for subbasin "MR_9" is 1.0000 in.
NOTE 42413:  Unit hydrograph volume for subbasin "MR_10" is 1.0000 in.
NOTE 42413:  Unit hydrograph volume for subbasin "MR_11" is 1.0000 in.
NOTE 42413:  Unit hydrograph volume for subbasin "MR_12" is 1.0000 in.
NOTE 42413:  Unit hydrograph volume for subbasin "MR_13" is 1.0000 in.
NOTE 42413:  Unit hydrograph volume for subbasin "MR_14" is 1.0000 in.
NOTE 42413:  Unit hydrograph volume for subbasin "MR_15" is 1.0000 in.
NOTE 42413:  Unit hydrograph volume for subbasin "MR_16" is 1.0000 in.
NOTE 42413:  Unit hydrograph volume for subbasin "MR_17" is 1.0000 in.
NOTE 42413:  Unit hydrograph volume for subbasin "MR_18" is 1.0000 in.
NOTE 42413:  Unit hydrograph volume for subbasin "AC_1" is 1.0000 in.
NOTE 42413:  Unit hydrograph volume for subbasin "AC_2" is 1.0000 in.
NOTE 42413:  Unit hydrograph volume for subbasin "MR_19" is 1.0000 in.
NOTE 42413:  Unit hydrograph volume for subbasin "MR_20" is 1.0000 in.
NOTE 42413:  Unit hydrograph volume for subbasin "AC_3" is 1.0000 in.
NOTE 42413:  Unit hydrograph volume for subbasin "MR_21" is 1.0000 in.
NOTE 42413:  Unit hydrograph volume for subbasin "MR_22" is 1.0000 in.
NOTE 42413:  Unit hydrograph volume for subbasin "SD_1" is 1.0000 in.
NOTE 42413:  Unit hydrograph volume for subbasin "SD_2" is 1.0000 in.
NOTE 42413:  Unit hydrograph volume for subbasin "SD_3" is 1.0000 in.
NOTE 42413:  Unit hydrograph volume for subbasin "MR_23" is 1.0000 in.
NOTE 42413:  Unit hydrograph volume for subbasin "CM_1" is 1.0000 in.
NOTE 42413:  Unit hydrograph volume for subbasin "CM_2" is 1.0000 in.
NOTE 42413:  Unit hydrograph volume for subbasin "MR_24" is 1.0000 in.
NOTE 42413:  Unit hydrograph volume for subbasin "CM_3" is 1.0000 in.
NOTE 42413:  Unit hydrograph volume for subbasin "CC_1" is 1.0000 in.
NOTE 42413:  Unit hydrograph volume for subbasin "CC_2" is 1.0000 in.
NOTE 42413:  Unit hydrograph volume for subbasin "MR_25" is 1.0000 in.
NOTE 42413:  Unit hydrograph volume for subbasin "CC_3" is 1.0000 in.
NOTE 42413:  Unit hydrograph volume for subbasin "MR_26" is 1.0000 in.
NOTE 42413:  Unit hydrograph volume for subbasin "MR_27" is 1.0000 in.
NOTE 42413:  Unit hydrograph volume for subbasin "RLC_1" is 1.0000 in.
NOTE 42413:  Unit hydrograph volume for subbasin "RLC_2" is 1.0000 in.
NOTE 42413:  Unit hydrograph volume for subbasin "RLC_3" is 1.0000 in.
NOTE 42413:  Unit hydrograph volume for subbasin "RLC_4" is 1.0000 in.
NOTE 42413:  Unit hydrograph volume for subbasin "RLC_5" is 1.0000 in.
NOTE 42413:  Unit hydrograph volume for subbasin "MR_28" is 1.0000 in.
NOTE 42413:  Unit hydrograph volume for subbasin "UA_1" is 1.0000 in.
NOTE 42413:  Unit hydrograph volume for subbasin "UA_2" is 1.0000 in.
NOTE 42413:  Unit hydrograph volume for subbasin "UA_4" is 1.0000 in.
NOTE 42413:  Unit hydrograph volume for subbasin "UA_5" is 1.0000 in.
NOTE 42413:  Unit hydrograph volume for subbasin "UA_3" is 1.0000 in.
NOTE 42413:  Unit hydrograph volume for subbasin "UA_6" is 1.0000 in.
NOTE 42413:  Unit hydrograph volume for subbasin "UA_7" is 1.0000 in.
NOTE 42413:  Unit hydrograph volume for subbasin "MR_30" is 1.0000 in.
NOTE 42413:  Unit hydrograph volume for subbasin "MR_31" is 1.0000 in.
NOTE 42413:  Unit hydrograph volume for subbasin "MR_29" is 1.0000 in.
NOTE 42413:  Unit hydrograph volume for subbasin "MR_32" is 1.0000 in.
NOTE 42413:  Unit hydrograph volume for subbasin "MR_33" is 1.0000 in.
NOTE 42413:  Unit hydrograph volume for subbasin "MR_34" is 1.0000 in.
NOTE 42413:  Unit hydrograph volume for subbasin "MR_35" is 1.0000 in.
NOTE 42413:  Unit hydrograph volume for subbasin "MR_36" is 1.0000 in.
NOTE 42413:  Unit hydrograph volume for subbasin "MR_37" is 1.0000 in.
NOTE 42413:  Unit hydrograph volume for subbasin "MR_38" is 1.0000 in.
NOTE 42413:  Unit hydrograph volume for subbasin "RM_1" is 1.0000 in.
NOTE 42413:  Unit hydrograph volume for subbasin "RM_2" is 1.0000 in.
NOTE 42413:  Unit hydrograph volume for subbasin "RM_3" is 1.0000 in.
NOTE 42413:  Unit hydrograph volume for subbasin "RM_4" is 1.0000 in.
NOTE 42413:  Unit hydrograph volume for subbasin "SC_1" is 1.0000 in.
NOTE 42413:  Unit hydrograph volume for subbasin "SC_2" is 1.0000 in.
NOTE 42413:  Unit hydrograph volume for subbasin "SC_3" is 1.0000 in.
NOTE 42413:  Unit hydrograph volume for subbasin "SC_4" is 1.0000 in.
NOTE 42413:  Unit hydrograph volume for subbasin "SC_5" is 1.0000 in.
NOTE 42413:  Unit hydrograph volume for subbasin "SC_6" is 1.0000 in.
NOTE 42413:  Unit hydrograph volume for subbasin "SC_7" is 1.0000 in.
NOTE 42413:  Unit hydrograph volume for subbasin "RC_1" is 1.0000 in.
NOTE 42413:  Unit hydrograph volume for subbasin "RC_2" is 1.0000 in.
NOTE 42413:  Unit hydrograph volume for subbasin "RC_3" is 1.0000 in.
NOTE 42413:  Unit hydrograph volume for subbasin "RC_4" is 1.0000 in.
NOTE 42413:  Unit hydrograph volume for subbasin "RC_5" is 1.0000 in.
NOTE 42413:  Unit hydrograph volume for subbasin "UB_1" is 1.0000 in.
NOTE 42413:  Unit hydrograph volume for subbasin "UB_2" is 1.0000 in.
NOTE 42413:  Unit hydrograph volume for subbasin "UB_3" is 1.0000 in.
NOTE 42413:  Unit hydrograph volume for subbasin "UB_4" is 1.0000 in.
NOTE 42413:  Unit hydrograph volume for subbasin "RC_6" is 1.0000 in.
NOTE 42413:  Unit hydrograph volume for subbasin "RC_7" is 1.0000 in.
NOTE 42413:  Unit hydrograph volume for subbasin "UB_5" is 1.0000 in.
NOTE 42413:  Unit hydrograph volume for subbasin "RC_8" is 1.0000 in.
NOTE 42413:  Unit hydrograph volume for subbasin "RC_9" is 1.0000 in.
NOTE 42413:  Unit hydrograph volume for subbasin "RC_10" is 1.0000 in.
NOTE 42413:  Unit hydrograph volume for subbasin "RC_11" is 1.0000 in.
NOTE 42413:  Unit hydrograph volume for subbasin "MR_39" is 1.0000 in.
NOTE 42413:  Unit hydrograph volume for subbasin "UC_1" is 1.0000 in.
NOTE 42413:  Unit hydrograph volume for subbasin "UC_2" is 1.0000 in.
NOTE 42413:  Unit hydrograph volume for subbasin "MR_40" is 1.0000 in.
NOTE 42413:  Unit hydrograph volume for subbasin "UC_3" is 1.0000 in.
NOTE 42413:  Unit hydrograph volume for subbasin "MR_41" is 1.0000 in.
NOTE 45725:  Finished computing ordinate #6 in frequency analysis simulation "UMR_Pre-Fire" at time 22Jun2022, 10:38:44.
NOTE 45702:  Finished computing frequency analysis "UMR_Pre-Fire" at time 22Jun2022, 10:38:44.
NOTE 15312:  The total runtime for this simulation is 01:59.
