NOTE 45723:  Began computing frequency analysis "UMR_Post-Fire_LA2-5" at time 14Jun2022, 14:20:25.
NOTE 45724:  Began computing ordinate #1 in frequency analysis simulation "UMR_Post-Fire_LA2-5" at time 14Jun2022, 14:20:27.
NOTE 15407:  Computing analysis point "Mora_R_N_Golondrinas_NM".
NOTE 41088:  Routing parameters based on index celerity 5.00 ft/s for reach "R_65": Delta t (sec) 60.0  Delta x (ft) 293.4647
NOTE 41088:  Routing parameters based on index celerity 5.00 ft/s for reach "R_68": Delta t (sec) 60.0  Delta x (ft) 299.8526
NOTE 41088:  Routing parameters based on index celerity 5.00 ft/s for reach "R_53": Delta t (sec) 60.0  Delta x (ft) 290.6043
NOTE 41088:  Routing parameters based on index celerity 5.00 ft/s for reach "R_50": Delta t (sec) 60.0  Delta x (ft) 290.8225
NOTE 41088:  Routing parameters based on index celerity 5.00 ft/s for reach "R_44": Delta t (sec) 60.0  Delta x (ft) 281.9730
NOTE 41088:  Routing parameters based on index celerity 5.00 ft/s for reach "R_40": Delta t (sec) 60.0  Delta x (ft) 293.6735
NOTE 41088:  Routing parameters based on index celerity 5.00 ft/s for reach "R_51": Delta t (sec) 60.0  Delta x (ft) 298.1917
NOTE 41088:  Routing parameters based on index celerity 5.00 ft/s for reach "R_33": Delta t (sec) 60.0  Delta x (ft) 292.5612
NOTE 41088:  Routing parameters based on index celerity 5.00 ft/s for reach "R_31": Delta t (sec) 60.0  Delta x (ft) 294.6711
NOTE 41088:  Routing parameters based on index celerity 5.00 ft/s for reach "R_29": Delta t (sec) 60.0  Delta x (ft) 291.3552
NOTE 41088:  Routing parameters based on index celerity 5.00 ft/s for reach "R_24": Delta t (sec) 60.0  Delta x (ft) 289.5596
NOTE 41088:  Routing parameters based on index celerity 5.00 ft/s for reach "R_23": Delta t (sec) 60.0  Delta x (ft) 225.2450
NOTE 41088:  Routing parameters based on index celerity 5.00 ft/s for reach "R_22": Delta t (sec) 60.0  Delta x (ft) 290.8325
NOTE 41088:  Routing parameters based on index celerity 5.00 ft/s for reach "R_21": Delta t (sec) 60.0  Delta x (ft) 298.1288
NOTE 41088:  Routing parameters based on index celerity 5.00 ft/s for reach "R_20": Delta t (sec) 60.0  Delta x (ft) 290.4967
NOTE 41088:  Routing parameters based on index celerity 5.00 ft/s for reach "R_19": Delta t (sec) 60.0  Delta x (ft) 292.9631
NOTE 41088:  Routing parameters based on index celerity 5.00 ft/s for reach "R_59": Delta t (sec) 60.0  Delta x (ft) 299.6665
NOTE 41088:  Routing parameters based on index celerity 5.00 ft/s for reach "R_15": Delta t (sec) 60.0  Delta x (ft) 299.0662
NOTE 41088:  Routing parameters based on index celerity 5.00 ft/s for reach "R_14": Delta t (sec) 60.0  Delta x (ft) 296.9657
NOTE 41088:  Routing parameters based on index celerity 5.00 ft/s for reach "R_67": Delta t (sec) 60.0  Delta x (ft) 297.2573
NOTE 41088:  Routing parameters based on index celerity 5.00 ft/s for reach "R_13": Delta t (sec) 60.0  Delta x (ft) 277.4060
NOTE 41088:  Routing parameters based on index celerity 5.00 ft/s for reach "R_12": Delta t (sec) 60.0  Delta x (ft) 296.2481
NOTE 41088:  Routing parameters based on index celerity 5.00 ft/s for reach "R_61": Delta t (sec) 60.0  Delta x (ft) 293.7555
NOTE 41088:  Routing parameters based on index celerity 5.00 ft/s for reach "R_11": Delta t (sec) 60.0  Delta x (ft) 294.2860
NOTE 41088:  Routing parameters based on index celerity 5.00 ft/s for reach "R_45": Delta t (sec) 60.0  Delta x (ft) 297.1371
NOTE 41088:  Routing parameters based on index celerity 5.00 ft/s for reach "R_35": Delta t (sec) 60.0  Delta x (ft) 283.8446
NOTE 41088:  Routing parameters based on index celerity 5.00 ft/s for reach "R_10": Delta t (sec) 60.0  Delta x (ft) 271.8925
NOTE 41088:  Routing parameters based on index celerity 5.00 ft/s for reach "R_9": Delta t (sec) 60.0  Delta x (ft) 297.0343
NOTE 41088:  Routing parameters based on index celerity 5.00 ft/s for reach "R_47": Delta t (sec) 60.0  Delta x (ft) 298.4667
NOTE 41088:  Routing parameters based on index celerity 5.00 ft/s for reach "R_39": Delta t (sec) 60.0  Delta x (ft) 299.8278
NOTE 41088:  Routing parameters based on index celerity 5.00 ft/s for reach "R_8": Delta t (sec) 60.0  Delta x (ft) 298.3445
NOTE 41088:  Routing parameters based on index celerity 5.00 ft/s for reach "R_58": Delta t (sec) 60.0  Delta x (ft) 295.6021
NOTE 41088:  Routing parameters based on index celerity 5.00 ft/s for reach "R_63": Delta t (sec) 60.0  Delta x (ft) 294.6843
NOTE 41088:  Routing parameters based on index celerity 5.00 ft/s for reach "R_46": Delta t (sec) 60.0  Delta x (ft) 270.6644
NOTE 41088:  Routing parameters based on index celerity 5.00 ft/s for reach "R_43": Delta t (sec) 60.0  Delta x (ft) 284.0775
NOTE 41088:  Routing parameters based on index celerity 5.00 ft/s for reach "R_41": Delta t (sec) 60.0  Delta x (ft) 242.4850
NOTE 41088:  Routing parameters based on index celerity 5.00 ft/s for reach "R_7": Delta t (sec) 60.0  Delta x (ft) 228.9800
NOTE 41088:  Routing parameters based on index celerity 5.00 ft/s for reach "R_6": Delta t (sec) 60.0  Delta x (ft) 299.1190
NOTE 41088:  Routing parameters based on index celerity 5.00 ft/s for reach "R_5": Delta t (sec) 60.0  Delta x (ft) 245.0880
NOTE 41088:  Routing parameters based on index celerity 5.00 ft/s for reach "R_69": Delta t (sec) 60.0  Delta x (ft) 291.1750
NOTE 41088:  Routing parameters based on index celerity 5.00 ft/s for reach "R_70": Delta t (sec) 60.0  Delta x (ft) 296.6102
NOTE 41088:  Routing parameters based on index celerity 5.00 ft/s for reach "R_4": Delta t (sec) 60.0  Delta x (ft) 296.2675
NOTE 41088:  Routing parameters based on index celerity 5.00 ft/s for reach "R_3": Delta t (sec) 60.0  Delta x (ft) 296.3491
NOTE 41088:  Routing parameters based on index celerity 5.00 ft/s for reach "R_54": Delta t (sec) 60.0  Delta x (ft) 297.0761
NOTE 41088:  Routing parameters based on index celerity 5.00 ft/s for reach "R_37": Delta t (sec) 60.0  Delta x (ft) 267.3925
NOTE 41088:  Routing parameters based on index celerity 5.00 ft/s for reach "R_56": Delta t (sec) 60.0  Delta x (ft) 293.1076
NOTE 41088:  Routing parameters based on index celerity 5.00 ft/s for reach "R_49": Delta t (sec) 60.0  Delta x (ft) 298.8091
NOTE 41088:  Routing parameters based on index celerity 5.00 ft/s for reach "R_62": Delta t (sec) 60.0  Delta x (ft) 299.1264
NOTE 41088:  Routing parameters based on index celerity 5.00 ft/s for reach "R_38": Delta t (sec) 60.0  Delta x (ft) 299.8975
NOTE 41088:  Routing parameters based on index celerity 5.00 ft/s for reach "R_36": Delta t (sec) 60.0  Delta x (ft) 296.6300
NOTE 41088:  Routing parameters based on index celerity 5.00 ft/s for reach "R_34": Delta t (sec) 60.0  Delta x (ft) 297.3748
NOTE 41088:  Routing parameters based on index celerity 5.00 ft/s for reach "R_32": Delta t (sec) 60.0  Delta x (ft) 285.1545
NOTE 41088:  Routing parameters based on index celerity 5.00 ft/s for reach "R_30": Delta t (sec) 60.0  Delta x (ft) 291.0414
NOTE 41088:  Routing parameters based on index celerity 5.00 ft/s for reach "R_28": Delta t (sec) 60.0  Delta x (ft) 212.3600
NOTE 41088:  Routing parameters based on index celerity 5.00 ft/s for reach "R_27": Delta t (sec) 60.0  Delta x (ft) 289.3846
NOTE 41088:  Routing parameters based on index celerity 5.00 ft/s for reach "R_55": Delta t (sec) 60.0  Delta x (ft) 299.5800
NOTE 41088:  Routing parameters based on index celerity 5.00 ft/s for reach "R_48": Delta t (sec) 60.0  Delta x (ft) 284.4669
NOTE 41088:  Routing parameters based on index celerity 5.00 ft/s for reach "R_25": Delta t (sec) 60.0  Delta x (ft) 298.6696
NOTE 41088:  Routing parameters based on index celerity 5.00 ft/s for reach "R_18": Delta t (sec) 60.0  Delta x (ft) 275.3890
NOTE 41088:  Routing parameters based on index celerity 5.00 ft/s for reach "R_17": Delta t (sec) 60.0  Delta x (ft) 297.7468
NOTE 41088:  Routing parameters based on index celerity 5.00 ft/s for reach "R_2": Delta t (sec) 60.0  Delta x (ft) 296.6098
NOTE 41088:  Routing parameters based on index celerity 5.00 ft/s for reach "R_57": Delta t (sec) 60.0  Delta x (ft) 294.6900
NOTE 41088:  Routing parameters based on index celerity 5.00 ft/s for reach "R_1": Delta t (sec) 60.0  Delta x (ft) 295.6876
NOTE 23406:  Hypothetical storm depth: 1.583 in.
NOTE 23413:  Area upstream of computation point: 266.27 mi².
NOTE 23407:  Hypothetical storm area: 266.27 mi².
NOTE 23409:  Area-reduced hypothetical storm depth: 1.319 in.
NOTE 42413:  Unit hydrograph volume for subbasin "LC_1" is 1.0000 in.
NOTE 42413:  Unit hydrograph volume for subbasin "LC_2" is 1.0000 in.
NOTE 42413:  Unit hydrograph volume for subbasin "LC_3" is 1.0000 in.
NOTE 42413:  Unit hydrograph volume for subbasin "LC_4" is 1.0000 in.
WARNING 45726:  Aborted simulation "#1". See log file "UMR_Post_Fire_LA2_5__1.log".
NOTE 45702:  Finished computing frequency analysis "UMR_Post-Fire_LA2-5" at time 14Jun2022, 14:20:31.
NOTE 15312:  The total runtime for this simulation is 00:06.
