NOTE 45723:  Began computing frequency analysis "UMR_Post-Fire_LA2-5_NR" at time 14Jun2022, 14:05:16.
NOTE 45724:  Began computing ordinate #1 in frequency analysis simulation "UMR_Post-Fire_LA2-5_NR" at time 14Jun2022, 14:05:16.
NOTE 15407:  Computing analysis point "Mora_R_N_Golondrinas_NM".
NOTE 23406:  Hypothetical storm depth: 1.497 in.
NOTE 23413:  Area upstream of computation point: 2.139 mi².
NOTE 23407:  Hypothetical storm area: 2.139 mi².
NOTE 23409:  Area-reduced hypothetical storm depth: 1.489 in.
NOTE 42413:  Unit hydrograph volume for subbasin "MR_41" is 1.0000 in.
NOTE 45725:  Finished computing ordinate #1 in frequency analysis simulation "UMR_Post-Fire_LA2-5_NR" at time 14Jun2022, 14:05:17.
NOTE 45724:  Began computing ordinate #2 in frequency analysis simulation "UMR_Post-Fire_LA2-5_NR" at time 14Jun2022, 14:05:17.
NOTE 15407:  Computing analysis point "Mora_R_N_Golondrinas_NM".
NOTE 23406:  Hypothetical storm depth: 1.922 in.
NOTE 23413:  Area upstream of computation point: 2.139 mi².
NOTE 23407:  Hypothetical storm area: 2.139 mi².
NOTE 23409:  Area-reduced hypothetical storm depth: 1.912 in.
NOTE 42413:  Unit hydrograph volume for subbasin "MR_41" is 1.0000 in.
NOTE 45725:  Finished computing ordinate #2 in frequency analysis simulation "UMR_Post-Fire_LA2-5_NR" at time 14Jun2022, 14:05:19.
NOTE 45724:  Began computing ordinate #3 in frequency analysis simulation "UMR_Post-Fire_LA2-5_NR" at time 14Jun2022, 14:05:19.
NOTE 15407:  Computing analysis point "Mora_R_N_Golondrinas_NM".
NOTE 23406:  Hypothetical storm depth: 2.263 in.
NOTE 23413:  Area upstream of computation point: 2.139 mi².
NOTE 23407:  Hypothetical storm area: 2.139 mi².
NOTE 23409:  Area-reduced hypothetical storm depth: 2.251 in.
NOTE 42413:  Unit hydrograph volume for subbasin "MR_41" is 1.0000 in.
NOTE 45725:  Finished computing ordinate #3 in frequency analysis simulation "UMR_Post-Fire_LA2-5_NR" at time 14Jun2022, 14:05:22.
NOTE 45724:  Began computing ordinate #4 in frequency analysis simulation "UMR_Post-Fire_LA2-5_NR" at time 14Jun2022, 14:05:22.
NOTE 15407:  Computing analysis point "Mora_R_N_Golondrinas_NM".
NOTE 23406:  Hypothetical storm depth: 2.752 in.
NOTE 23413:  Area upstream of computation point: 2.139 mi².
NOTE 23407:  Hypothetical storm area: 2.139 mi².
NOTE 23409:  Area-reduced hypothetical storm depth: 2.737 in.
NOTE 42413:  Unit hydrograph volume for subbasin "MR_41" is 1.0000 in.
NOTE 45725:  Finished computing ordinate #4 in frequency analysis simulation "UMR_Post-Fire_LA2-5_NR" at time 14Jun2022, 14:05:24.
NOTE 45724:  Began computing ordinate #5 in frequency analysis simulation "UMR_Post-Fire_LA2-5_NR" at time 14Jun2022, 14:05:24.
NOTE 15407:  Computing analysis point "Mora_R_N_Golondrinas_NM".
NOTE 23406:  Hypothetical storm depth: 3.143 in.
NOTE 23413:  Area upstream of computation point: 2.139 mi².
NOTE 23407:  Hypothetical storm area: 2.139 mi².
NOTE 23409:  Area-reduced hypothetical storm depth: 3.126 in.
NOTE 42413:  Unit hydrograph volume for subbasin "MR_41" is 1.0000 in.
NOTE 45725:  Finished computing ordinate #5 in frequency analysis simulation "UMR_Post-Fire_LA2-5_NR" at time 14Jun2022, 14:05:26.
NOTE 45724:  Began computing ordinate #6 in frequency analysis simulation "UMR_Post-Fire_LA2-5_NR" at time 14Jun2022, 14:05:26.
NOTE 15407:  Computing analysis point "Mora_R_N_Golondrinas_NM".
NOTE 23406:  Hypothetical storm depth: 3.557 in.
NOTE 23413:  Area upstream of computation point: 2.139 mi².
NOTE 23407:  Hypothetical storm area: 2.139 mi².
NOTE 23409:  Area-reduced hypothetical storm depth: 3.538 in.
NOTE 42413:  Unit hydrograph volume for subbasin "MR_41" is 1.0000 in.
NOTE 45725:  Finished computing ordinate #6 in frequency analysis simulation "UMR_Post-Fire_LA2-5_NR" at time 14Jun2022, 14:05:28.
NOTE 45702:  Finished computing frequency analysis "UMR_Post-Fire_LA2-5_NR" at time 14Jun2022, 14:05:28.
NOTE 15312:  The total runtime for this simulation is 00:12.
